#
# There is insufficient memory for the Java Runtime Environment to continue.
# Native memory allocation (malloc) failed to allocate 19685136 bytes. Error detail: Chunk::new
# Possible reasons:
#   The system is out of physical RAM or swap space
#   This process is running with CompressedOops enabled, and the Java Heap may be blocking the growth of the native heap
# Possible solutions:
#   Reduce memory load on the system
#   Increase physical memory or swap space
#   Check if swap backing store is full
#   Decrease Java heap size (-Xmx/-Xms)
#   Decrease number of Java threads
#   Decrease Java thread stack sizes (-Xss)
#   Set larger code cache with -XX:ReservedCodeCacheSize=
#   JVM is running with Unscaled Compressed Oops mode in which the Java heap is
#     placed in the first 4GB address space. The Java Heap base address is the
#     maximum limit for the native heap growth. Please use -XX:HeapBaseMinAddress
#     to set the Java Heap base and to place the Java Heap above 4GB virtual address.
# This output file may be truncated or incomplete.
#
#  Out of Memory Error (arena.cpp:162), pid=33764, tid=26636
#
# JRE version: OpenJDK Runtime Environment (24.0.2+12) (build 24.0.2+12-54)
# Java VM: OpenJDK 64-Bit Server VM (24.0.2+12-54, mixed mode, sharing, tiered, compressed oops, compressed class ptrs, g1 gc, windows-amd64)
# No core dump will be written. Minidumps are not enabled by default on client versions of Windows
#

---------------  S U M M A R Y ------------

Command Line: --add-opens=java.base/java.lang=ALL-UNNAMED --add-opens=java.base/java.lang.invoke=ALL-UNNAMED --add-opens=java.base/java.util=ALL-UNNAMED --add-opens=java.prefs/java.util.prefs=ALL-UNNAMED --add-exports=jdk.compiler/com.sun.tools.javac.api=ALL-UNNAMED --add-exports=jdk.compiler/com.sun.tools.javac.util=ALL-UNNAMED --add-opens=java.base/java.util=ALL-UNNAMED --add-opens=java.prefs/java.util.prefs=ALL-UNNAMED --add-opens=java.base/java.nio.charset=ALL-UNNAMED --add-opens=java.base/java.net=ALL-UNNAMED --add-opens=java.base/java.util.concurrent.atomic=ALL-UNNAMED --add-opens=java.xml/javax.xml.namespace=ALL-UNNAMED --enable-native-access=ALL-UNNAMED -XX:MaxMetaspaceSize=384m -XX:+HeapDumpOnOutOfMemoryError -Xms256m -Xmx512m -Dfile.encoding=UTF-8 -Duser.country=419 -Duser.language=es -Duser.variant -javaagent:C:\Users\cesarr\.gradle\wrapper\dists\gradle-8.14.3-bin\cv11ve7ro1n3o1j4so8xd9n66\gradle-8.14.3\lib\agents\gradle-instrumentation-agent-8.14.3.jar org.gradle.launcher.daemon.bootstrap.GradleDaemon 8.14.3

Host: AMD Ryzen 5 8645HS w/ Radeon 760M Graphics, 12 cores, 7G,  Windows 11 , 64 bit Build 26100 (10.0.26100.5074)
Time: Mon Dec  1 20:18:27 2025 Hora estándar central (México) elapsed time: 6.167705 seconds (0d 0h 0m 6s)

---------------  T H R E A D  ---------------

Current thread (0x000001a3f257dc00):  JavaThread "C2 CompilerThread0" daemon [_thread_in_native, id=26636, stack(0x00000031d9400000,0x00000031d9500000) (1024K)]


Current CompileTask:
C2:6167 5262       4       java.lang.invoke.MethodType::makeImpl (155 bytes)

Stack: [0x00000031d9400000,0x00000031d9500000]
Native frames: (J=compiled Java code, j=interpreted, Vv=VM code, C=native code)
V  [jvm.dll+0x730829]  (no source info available)
V  [jvm.dll+0x8d9da3]  (no source info available)
V  [jvm.dll+0x8dc28d]  (no source info available)
V  [jvm.dll+0x8dc903]  (no source info available)
V  [jvm.dll+0x2a9f56]  (no source info available)
V  [jvm.dll+0xced7f]  (no source info available)
V  [jvm.dll+0xcefdf]  (no source info available)
V  [jvm.dll+0x154c83]  (no source info available)
V  [jvm.dll+0x73604f]  (no source info available)
V  [jvm.dll+0x26f8dc]  (no source info available)
V  [jvm.dll+0x26e8ff]  (no source info available)
V  [jvm.dll+0x1e9c90]  (no source info available)
V  [jvm.dll+0x27e0cb]  (no source info available)
V  [jvm.dll+0x27c36a]  (no source info available)
V  [jvm.dll+0x42f396]  (no source info available)
V  [jvm.dll+0x87d9eb]  (no source info available)
V  [jvm.dll+0x72ef45]  (no source info available)
C  [ucrtbase.dll+0x37b0]  (no source info available)
C  [KERNEL32.DLL+0x2e8d7]  (no source info available)
C  [ntdll.dll+0x8d9c]  (no source info available)

Lock stack of current Java thread (top to bottom):


---------------  P R O C E S S  ---------------

Threads class SMR info:
_java_thread_list=0x000001a39c9a8ae0, length=53, elements={
0x000001a3d700a160, 0x000001a3f2560b70, 0x000001a3f25612b0, 0x000001a3f256f510,
0x000001a3f25721c0, 0x000001a3f2573860, 0x000001a3f2573fa0, 0x000001a3f257dc00,
0x000001a3f2583920, 0x000001a3951bf3a0, 0x000001a395204800, 0x000001a39af76220,
0x000001a39afc35e0, 0x000001a39afb7190, 0x000001a39af8ec90, 0x000001a39b108f50,
0x000001a39b1096a0, 0x000001a39b109df0, 0x000001a39b10a540, 0x000001a39b10ac90,
0x000001a39b10b3e0, 0x000001a39b1080b0, 0x000001a39b108800, 0x000001a39b391ae0,
0x000001a39b3930d0, 0x000001a39b393820, 0x000001a39b392980, 0x000001a39b391390,
0x000001a39b3904f0, 0x000001a39b390c40, 0x000001a3f2581ae0, 0x000001a39b394e10,
0x000001a39b395560, 0x000001a39b395cb0, 0x000001a39b3972a0, 0x000001a39b3946c0,
0x000001a39b393f70, 0x000001a39b3979f0, 0x000001a39c3d50e0, 0x000001a39c3d4240,
0x000001a39c3d5f80, 0x000001a39c3d66d0, 0x000001a39c3d4990, 0x000001a39c3d7570,
0x000001a39c3d5830, 0x000001a39c3d8b60, 0x000001a39c3d92b0, 0x000001a39c3d7cc0,
0x000001a39c3d6e20, 0x000001a39c3d9a00, 0x000001a39c3da150, 0x000001a39c3da8a0,
0x000001a39c3daff0
}

Java Threads: ( => current thread )
  0x000001a3d700a160 JavaThread "main"                              [_thread_blocked, id=4008, stack(0x00000031d8600000,0x00000031d8700000) (1024K)]
  0x000001a3f2560b70 JavaThread "Reference Handler"          daemon [_thread_blocked, id=31164, stack(0x00000031d8e00000,0x00000031d8f00000) (1024K)]
  0x000001a3f25612b0 JavaThread "Finalizer"                  daemon [_thread_blocked, id=30592, stack(0x00000031d8f00000,0x00000031d9000000) (1024K)]
  0x000001a3f256f510 JavaThread "Signal Dispatcher"          daemon [_thread_blocked, id=29292, stack(0x00000031d9000000,0x00000031d9100000) (1024K)]
  0x000001a3f25721c0 JavaThread "Attach Listener"            daemon [_thread_blocked, id=15732, stack(0x00000031d9100000,0x00000031d9200000) (1024K)]
  0x000001a3f2573860 JavaThread "Service Thread"             daemon [_thread_blocked, id=22476, stack(0x00000031d9200000,0x00000031d9300000) (1024K)]
  0x000001a3f2573fa0 JavaThread "Monitor Deflation Thread"   daemon [_thread_blocked, id=21784, stack(0x00000031d9300000,0x00000031d9400000) (1024K)]
=>0x000001a3f257dc00 JavaThread "C2 CompilerThread0"         daemon [_thread_in_native, id=26636, stack(0x00000031d9400000,0x00000031d9500000) (1024K)]
  0x000001a3f2583920 JavaThread "C1 CompilerThread0"         daemon [_thread_blocked, id=25276, stack(0x00000031d9500000,0x00000031d9600000) (1024K)]
  0x000001a3951bf3a0 JavaThread "Common-Cleaner"             daemon [_thread_blocked, id=1884, stack(0x00000031d9600000,0x00000031d9700000) (1024K)]
  0x000001a395204800 JavaThread "Notification Thread"        daemon [_thread_blocked, id=14560, stack(0x00000031d9700000,0x00000031d9800000) (1024K)]
  0x000001a39af76220 JavaThread "Daemon health stats"               [_thread_blocked, id=14352, stack(0x00000031d9d00000,0x00000031d9e00000) (1024K)]
  0x000001a39afc35e0 JavaThread "Incoming local TCP Connector on port 49673"        [_thread_in_native, id=28908, stack(0x00000031d9e00000,0x00000031d9f00000) (1024K)]
  0x000001a39afb7190 JavaThread "Daemon periodic checks"            [_thread_blocked, id=25024, stack(0x00000031d9f00000,0x00000031da000000) (1024K)]
  0x000001a39af8ec90 JavaThread "Daemon"                            [_thread_blocked, id=3872, stack(0x00000031da000000,0x00000031da100000) (1024K)]
  0x000001a39b108f50 JavaThread "Handler for socket connection from /127.0.0.1:49673 to /127.0.0.1:49674"        [_thread_in_native, id=20988, stack(0x00000031da100000,0x00000031da200000) (1024K)]
  0x000001a39b1096a0 JavaThread "Cancel handler"                    [_thread_blocked, id=33308, stack(0x00000031da200000,0x00000031da300000) (1024K)]
  0x000001a39b109df0 JavaThread "Daemon worker"                     [_thread_in_native, id=32512, stack(0x00000031da300000,0x00000031da400000) (1024K)]
  0x000001a39b10a540 JavaThread "Asynchronous log dispatcher for DefaultDaemonConnection: socket connection from /127.0.0.1:49673 to /127.0.0.1:49674"        [_thread_blocked, id=12832, stack(0x00000031da400000,0x00000031da500000) (1024K)]
  0x000001a39b10ac90 JavaThread "Stdin handler"                     [_thread_blocked, id=4156, stack(0x00000031da500000,0x00000031da600000) (1024K)]
  0x000001a39b10b3e0 JavaThread "Daemon client event forwarder"        [_thread_blocked, id=4340, stack(0x00000031da600000,0x00000031da700000) (1024K)]
  0x000001a39b1080b0 JavaThread "Cache worker for journal cache (C:\Users\cesarr\.gradle\caches\journal-1)"        [_thread_blocked, id=23408, stack(0x00000031da700000,0x00000031da800000) (1024K)]
  0x000001a39b108800 JavaThread "File lock request listener"        [_thread_in_native, id=14188, stack(0x00000031da800000,0x00000031da900000) (1024K)]
  0x000001a39b391ae0 JavaThread "Cache worker for file hash cache (C:\Users\cesarr\.gradle\caches\8.14.3\fileHashes)"        [_thread_blocked, id=29084, stack(0x00000031dad00000,0x00000031dae00000) (1024K)]
  0x000001a39b3930d0 JavaThread "Cache worker for file hash cache (C:\Users\cesarr\Downloads\BIODEXXX\API-Biodex\.gradle\8.14.3\fileHashes)"        [_thread_blocked, id=26948, stack(0x00000031db000000,0x00000031db100000) (1024K)]
  0x000001a39b393820 JavaThread "Cache worker for Build Output Cleanup Cache (C:\Users\cesarr\Downloads\BIODEXXX\API-Biodex\.gradle\buildOutputCleanup)"        [_thread_blocked, id=32544, stack(0x00000031db100000,0x00000031db200000) (1024K)]
  0x000001a39b392980 JavaThread "File watcher server"        daemon [_thread_in_native, id=33176, stack(0x00000031db200000,0x00000031db300000) (1024K)]
  0x000001a39b391390 JavaThread "File watcher consumer"      daemon [_thread_blocked, id=9184, stack(0x00000031db300000,0x00000031db400000) (1024K)]
  0x000001a39b3904f0 JavaThread "jar transforms"                    [_thread_blocked, id=5492, stack(0x00000031db400000,0x00000031db500000) (1024K)]
  0x000001a39b390c40 JavaThread "jar transforms Thread 2"           [_thread_blocked, id=18800, stack(0x00000031db500000,0x00000031db600000) (1024K)]
  0x000001a3f2581ae0 JavaThread "C2 CompilerThread1"         daemon [_thread_in_native, id=21336, stack(0x00000031db600000,0x00000031db700000) (1024K)]
  0x000001a39b394e10 JavaThread "Cache worker for checksums cache (C:\Users\cesarr\Downloads\BIODEXXX\API-Biodex\.gradle\8.14.3\checksums)"        [_thread_blocked, id=29656, stack(0x00000031db700000,0x00000031db800000) (1024K)]
  0x000001a39b395560 JavaThread "Cache worker for file content cache (C:\Users\cesarr\.gradle\caches\8.14.3\fileContent)"        [_thread_blocked, id=16980, stack(0x00000031db800000,0x00000031db900000) (1024K)]
  0x000001a39b395cb0 JavaThread "jar transforms Thread 3"           [_thread_blocked, id=1540, stack(0x00000031db900000,0x00000031dba00000) (1024K)]
  0x000001a39b3972a0 JavaThread "Cache worker for cache directory md-supplier (C:\Users\cesarr\.gradle\caches\8.14.3\md-supplier)"        [_thread_blocked, id=6384, stack(0x00000031dba00000,0x00000031dbb00000) (1024K)]
  0x000001a39b3946c0 JavaThread "Cache worker for cache directory md-rule (C:\Users\cesarr\.gradle\caches\8.14.3\md-rule)"        [_thread_blocked, id=22752, stack(0x00000031dbb00000,0x00000031dbc00000) (1024K)]
  0x000001a39b393f70 JavaThread "Unconstrained build operations"        [_thread_blocked, id=19968, stack(0x00000031dbc00000,0x00000031dbd00000) (1024K)]
  0x000001a39b3979f0 JavaThread "Unconstrained build operations Thread 2"        [_thread_blocked, id=7276, stack(0x00000031dbd00000,0x00000031dbe00000) (1024K)]
  0x000001a39c3d50e0 JavaThread "Unconstrained build operations Thread 3"        [_thread_blocked, id=27460, stack(0x00000031dbe00000,0x00000031dbf00000) (1024K)]
  0x000001a39c3d4240 JavaThread "Unconstrained build operations Thread 4"        [_thread_blocked, id=23016, stack(0x00000031dbf00000,0x00000031dc000000) (1024K)]
  0x000001a39c3d5f80 JavaThread "Unconstrained build operations Thread 5"        [_thread_blocked, id=33424, stack(0x00000031dc000000,0x00000031dc100000) (1024K)]
  0x000001a39c3d66d0 JavaThread "Unconstrained build operations Thread 6"        [_thread_blocked, id=26780, stack(0x00000031dc100000,0x00000031dc200000) (1024K)]
  0x000001a39c3d4990 JavaThread "Unconstrained build operations Thread 7"        [_thread_blocked, id=26068, stack(0x00000031dc200000,0x00000031dc300000) (1024K)]
  0x000001a39c3d7570 JavaThread "Unconstrained build operations Thread 8"        [_thread_blocked, id=27036, stack(0x00000031dc300000,0x00000031dc400000) (1024K)]
  0x000001a39c3d5830 JavaThread "jar transforms Thread 4"           [_thread_blocked, id=20040, stack(0x00000031dc400000,0x00000031dc500000) (1024K)]
  0x000001a39c3d8b60 JavaThread "jar transforms Thread 5"           [_thread_blocked, id=13848, stack(0x00000031dc500000,0x00000031dc600000) (1024K)]
  0x000001a39c3d92b0 JavaThread "Unconstrained build operations Thread 9"        [_thread_blocked, id=6732, stack(0x00000031dc600000,0x00000031dc700000) (1024K)]
  0x000001a39c3d7cc0 JavaThread "Unconstrained build operations Thread 10"        [_thread_blocked, id=11612, stack(0x00000031dc700000,0x00000031dc800000) (1024K)]
  0x000001a39c3d6e20 JavaThread "Unconstrained build operations Thread 11"        [_thread_blocked, id=20580, stack(0x00000031dc800000,0x00000031dc900000) (1024K)]
  0x000001a39c3d9a00 JavaThread "Unconstrained build operations Thread 12"        [_thread_blocked, id=15268, stack(0x00000031dc900000,0x00000031dca00000) (1024K)]
  0x000001a39c3da150 JavaThread "jar transforms Thread 6"           [_thread_blocked, id=21080, stack(0x00000031dca00000,0x00000031dcb00000) (1024K)]
  0x000001a39c3da8a0 JavaThread "jar transforms Thread 7"           [_thread_blocked, id=8872, stack(0x00000031dcb00000,0x00000031dcc00000) (1024K)]
  0x000001a39c3daff0 JavaThread "jar transforms Thread 8"           [_thread_blocked, id=23924, stack(0x00000031dcc00000,0x00000031dcd00000) (1024K)]
Total: 53

Other Threads:
  0x000001a3f2550ac0 VMThread "VM Thread"                           [id=17684, stack(0x00000031d8d00000,0x00000031d8e00000) (1024K)]
  0x000001a3f2547050 WatcherThread "VM Periodic Task Thread"        [id=32804, stack(0x00000031d8c00000,0x00000031d8d00000) (1024K)]
  0x000001a3d7036020 WorkerThread "GC Thread#0"                     [id=14580, stack(0x00000031d8700000,0x00000031d8800000) (1024K)]
  0x000001a39a64ed40 WorkerThread "GC Thread#1"                     [id=31872, stack(0x00000031d9800000,0x00000031d9900000) (1024K)]
  0x000001a39a64f500 WorkerThread "GC Thread#2"                     [id=10156, stack(0x00000031d9900000,0x00000031d9a00000) (1024K)]
  0x000001a39a5b3f00 WorkerThread "GC Thread#3"                     [id=15792, stack(0x00000031d9a00000,0x00000031d9b00000) (1024K)]
  0x000001a39a5b42b0 WorkerThread "GC Thread#4"                     [id=16448, stack(0x00000031d9b00000,0x00000031d9c00000) (1024K)]
  0x000001a39a5b4a70 WorkerThread "GC Thread#5"                     [id=5624, stack(0x00000031d9c00000,0x00000031d9d00000) (1024K)]
  0x000001a39b42c720 WorkerThread "GC Thread#6"                     [id=25764, stack(0x00000031da900000,0x00000031daa00000) (1024K)]
  0x000001a39b42cad0 WorkerThread "GC Thread#7"                     [id=30692, stack(0x00000031daa00000,0x00000031dab00000) (1024K)]
  0x000001a39b1f9b40 WorkerThread "GC Thread#8"                     [id=6884, stack(0x00000031dab00000,0x00000031dac00000) (1024K)]
  0x000001a39b1fa2a0 WorkerThread "GC Thread#9"                     [id=31496, stack(0x00000031dac00000,0x00000031dad00000) (1024K)]
  0x000001a3d703bf80 ConcurrentGCThread "G1 Main Marker"            [id=10868, stack(0x00000031d8800000,0x00000031d8900000) (1024K)]
  0x000001a3d703d890 WorkerThread "G1 Conc#0"                       [id=6780, stack(0x00000031d8900000,0x00000031d8a00000) (1024K)]
  0x000001a39b1f9ef0 WorkerThread "G1 Conc#1"                       [id=2568, stack(0x00000031dae00000,0x00000031daf00000) (1024K)]
  0x000001a39b1fadb0 WorkerThread "G1 Conc#2"                       [id=10772, stack(0x00000031daf00000,0x00000031db000000) (1024K)]
  0x000001a3f2496a80 ConcurrentGCThread "G1 Refine#0"               [id=5648, stack(0x00000031d8a00000,0x00000031d8b00000) (1024K)]
  0x000001a3f24972b0 ConcurrentGCThread "G1 Service"                [id=22080, stack(0x00000031d8b00000,0x00000031d8c00000) (1024K)]
Total: 18

Threads with active compile tasks:
C2 CompilerThread0  6243 5262       4       java.lang.invoke.MethodType::makeImpl (155 bytes)
C2 CompilerThread1  6243 5719       4       jdk.internal.reflect.ConstantPool::getUTF8At (10 bytes)
Total: 2

VM state: not at safepoint (normal execution)

VM Mutex/Monitor currently owned by a thread: None

Heap address: 0x00000000e0000000, size: 512 MB, Compressed Oops mode: 32-bit

CDS archive(s) mapped at: [0x000001a380000000-0x000001a380d40000-0x000001a380d40000), size 13893632, SharedBaseAddress: 0x000001a380000000, ArchiveRelocationMode: 1.
Compressed class space mapped at: 0x000001a381000000-0x000001a395000000, reserved size: 335544320
UseCompressedClassPointers 1, UseCompactObjectHeaders 0
Narrow klass pointer bits 32, Max shift 3
Narrow klass base: 0x000001a380000000, Narrow klass shift: 0
Encoding Range: [0x000001a380000000 - 0x000001a480000000), (4294967296 bytes)
Klass Range:    [0x000001a380000000 - 0x000001a395000000), (352321536 bytes)
Klass ID Range:  [8 - 352321529) (352321521)

GC Precious Log:
 CardTable entry size: 512
 Card Set container configuration: InlinePtr #cards 5 size 8 Array Of Cards #cards 10 size 36 Howl #buckets 4 coarsen threshold 1843 Howl Bitmap #cards 512 size 80 coarsen threshold 460 Card regions per heap region 1 cards per card region 2048
 CPUs: 12 total, 12 available
 Memory: 7439M
 Large Page Support: Disabled
 NUMA Support: Disabled
 Compressed Oops: Enabled (32-bit)
 Heap Region Size: 1M
 Heap Min Capacity: 256M
 Heap Initial Capacity: 256M
 Heap Max Capacity: 512M
 Pre-touch: Disabled
 Parallel Workers: 10
 Concurrent Workers: 3
 Concurrent Refinement Workers: 10
 Periodic GC: Disabled

Heap:
 garbage-first heap   total reserved 524288K, committed 262144K, used 139735K [0x00000000e0000000, 0x0000000100000000)
  region size 1024K, 113 young (115712K), 10 survivors (10240K)
 Metaspace       used 44896K, committed 46528K, reserved 393216K
  class space    used 5111K, committed 5888K, reserved 327680K

Heap Regions: E=young(eden), S=young(survivor), O=old, HS=humongous(starts), HC=humongous(continues), CS=collection set, F=free, TAMS=top-at-mark-start, PB=parsable bottom
|   0|0x00000000e0000000, 0x00000000e0100000, 0x00000000e0100000|100%|HS|  |TAMS 0x00000000e0000000| PB 0x00000000e0000000| Complete |  0
|   1|0x00000000e0100000, 0x00000000e0200000, 0x00000000e0200000|100%|HC|  |TAMS 0x00000000e0100000| PB 0x00000000e0100000| Complete |  0
|   2|0x00000000e0200000, 0x00000000e0300000, 0x00000000e0300000|100%|HC|  |TAMS 0x00000000e0200000| PB 0x00000000e0200000| Complete |  0
|   3|0x00000000e0300000, 0x00000000e0400000, 0x00000000e0400000|100%| O|  |TAMS 0x00000000e0300000| PB 0x00000000e0300000| Untracked |  0
|   4|0x00000000e0400000, 0x00000000e0500000, 0x00000000e0500000|100%|HS|  |TAMS 0x00000000e0400000| PB 0x00000000e0400000| Complete |  0
|   5|0x00000000e0500000, 0x00000000e0600000, 0x00000000e0600000|100%| O|  |TAMS 0x00000000e0500000| PB 0x00000000e0500000| Untracked |  0
|   6|0x00000000e0600000, 0x00000000e0700000, 0x00000000e0700000|100%| O|  |TAMS 0x00000000e0600000| PB 0x00000000e0600000| Untracked |  0
|   7|0x00000000e0700000, 0x00000000e0800000, 0x00000000e0800000|100%| O|  |TAMS 0x00000000e0700000| PB 0x00000000e0700000| Untracked |  0
|   8|0x00000000e0800000, 0x00000000e0900000, 0x00000000e0900000|100%| O|  |TAMS 0x00000000e0800000| PB 0x00000000e0800000| Untracked |  0
|   9|0x00000000e0900000, 0x00000000e0a00000, 0x00000000e0a00000|100%| O|  |TAMS 0x00000000e0900000| PB 0x00000000e0900000| Untracked |  0
|  10|0x00000000e0a00000, 0x00000000e0b00000, 0x00000000e0b00000|100%| O|  |TAMS 0x00000000e0a00000| PB 0x00000000e0a00000| Untracked |  0
|  11|0x00000000e0b00000, 0x00000000e0b972f8, 0x00000000e0c00000| 59%| O|Cm|TAMS 0x00000000e0b00000| PB 0x00000000e0b00000| Complete |  0
|  12|0x00000000e0c00000, 0x00000000e0d00000, 0x00000000e0d00000|100%| O|  |TAMS 0x00000000e0c00000| PB 0x00000000e0c00000| Untracked |  0
|  13|0x00000000e0d00000, 0x00000000e0e00000, 0x00000000e0e00000|100%| O|  |TAMS 0x00000000e0d00000| PB 0x00000000e0d00000| Untracked |  0
|  14|0x00000000e0e00000, 0x00000000e0e851d8, 0x00000000e0f00000| 51%| O|  |TAMS 0x00000000e0e00000| PB 0x00000000e0e00000| Untracked |  0
|  15|0x00000000e0f00000, 0x00000000e1000000, 0x00000000e1000000|100%|HS|  |TAMS 0x00000000e0f00000| PB 0x00000000e0f00000| Complete |  0
|  16|0x00000000e1000000, 0x00000000e1100000, 0x00000000e1100000|100%|HS|  |TAMS 0x00000000e1000000| PB 0x00000000e1000000| Complete |  0
|  17|0x00000000e1100000, 0x00000000e1200000, 0x00000000e1200000|100%| O|  |TAMS 0x00000000e1100000| PB 0x00000000e1100000| Untracked |  0
|  18|0x00000000e1200000, 0x00000000e1300000, 0x00000000e1300000|100%| O|  |TAMS 0x00000000e1200000| PB 0x00000000e1200000| Untracked |  0
|  19|0x00000000e1300000, 0x00000000e1400000, 0x00000000e1400000|100%| O|  |TAMS 0x00000000e1300000| PB 0x00000000e1300000| Untracked |  0
|  20|0x00000000e1400000, 0x00000000e1500000, 0x00000000e1500000|100%| O|  |TAMS 0x00000000e1400000| PB 0x00000000e1400000| Untracked |  0
|  21|0x00000000e1500000, 0x00000000e1600000, 0x00000000e1600000|100%| O|  |TAMS 0x00000000e1500000| PB 0x00000000e1500000| Untracked |  0
|  22|0x00000000e1600000, 0x00000000e1700000, 0x00000000e1700000|100%| O|  |TAMS 0x00000000e1600000| PB 0x00000000e1600000| Untracked |  0
|  23|0x00000000e1700000, 0x00000000e1800000, 0x00000000e1800000|100%| O|  |TAMS 0x00000000e1700000| PB 0x00000000e1700000| Untracked |  0
|  24|0x00000000e1800000, 0x00000000e1900000, 0x00000000e1900000|100%| O|  |TAMS 0x00000000e1800000| PB 0x00000000e1800000| Untracked |  0
|  25|0x00000000e1900000, 0x00000000e1a00000, 0x00000000e1a00000|100%| O|  |TAMS 0x00000000e1900000| PB 0x00000000e1900000| Untracked |  0
|  26|0x00000000e1a00000, 0x00000000e1a00000, 0x00000000e1b00000|  0%| F|  |TAMS 0x00000000e1a00000| PB 0x00000000e1a00000| Untracked |  0
|  27|0x00000000e1b00000, 0x00000000e1b00000, 0x00000000e1c00000|  0%| F|  |TAMS 0x00000000e1b00000| PB 0x00000000e1b00000| Untracked |  0
|  28|0x00000000e1c00000, 0x00000000e1c00000, 0x00000000e1d00000|  0%| F|  |TAMS 0x00000000e1c00000| PB 0x00000000e1c00000| Untracked |  0
|  29|0x00000000e1d00000, 0x00000000e1d00000, 0x00000000e1e00000|  0%| F|  |TAMS 0x00000000e1d00000| PB 0x00000000e1d00000| Untracked |  0
|  30|0x00000000e1e00000, 0x00000000e1e00000, 0x00000000e1f00000|  0%| F|  |TAMS 0x00000000e1e00000| PB 0x00000000e1e00000| Untracked |  0
|  31|0x00000000e1f00000, 0x00000000e1f00000, 0x00000000e2000000|  0%| F|  |TAMS 0x00000000e1f00000| PB 0x00000000e1f00000| Untracked |  0
|  32|0x00000000e2000000, 0x00000000e2000000, 0x00000000e2100000|  0%| F|  |TAMS 0x00000000e2000000| PB 0x00000000e2000000| Untracked |  0
|  33|0x00000000e2100000, 0x00000000e2100000, 0x00000000e2200000|  0%| F|  |TAMS 0x00000000e2100000| PB 0x00000000e2100000| Untracked |  0
|  34|0x00000000e2200000, 0x00000000e2200000, 0x00000000e2300000|  0%| F|  |TAMS 0x00000000e2200000| PB 0x00000000e2200000| Untracked |  0
|  35|0x00000000e2300000, 0x00000000e2300000, 0x00000000e2400000|  0%| F|  |TAMS 0x00000000e2300000| PB 0x00000000e2300000| Untracked |  0
|  36|0x00000000e2400000, 0x00000000e2400000, 0x00000000e2500000|  0%| F|  |TAMS 0x00000000e2400000| PB 0x00000000e2400000| Untracked |  0
|  37|0x00000000e2500000, 0x00000000e2500000, 0x00000000e2600000|  0%| F|  |TAMS 0x00000000e2500000| PB 0x00000000e2500000| Untracked |  0
|  38|0x00000000e2600000, 0x00000000e2600000, 0x00000000e2700000|  0%| F|  |TAMS 0x00000000e2600000| PB 0x00000000e2600000| Untracked |  0
|  39|0x00000000e2700000, 0x00000000e2700000, 0x00000000e2800000|  0%| F|  |TAMS 0x00000000e2700000| PB 0x00000000e2700000| Untracked |  0
|  40|0x00000000e2800000, 0x00000000e2800000, 0x00000000e2900000|  0%| F|  |TAMS 0x00000000e2800000| PB 0x00000000e2800000| Untracked |  0
|  41|0x00000000e2900000, 0x00000000e2900000, 0x00000000e2a00000|  0%| F|  |TAMS 0x00000000e2900000| PB 0x00000000e2900000| Untracked |  0
|  42|0x00000000e2a00000, 0x00000000e2a00000, 0x00000000e2b00000|  0%| F|  |TAMS 0x00000000e2a00000| PB 0x00000000e2a00000| Untracked |  0
|  43|0x00000000e2b00000, 0x00000000e2b00000, 0x00000000e2c00000|  0%| F|  |TAMS 0x00000000e2b00000| PB 0x00000000e2b00000| Untracked |  0
|  44|0x00000000e2c00000, 0x00000000e2c00000, 0x00000000e2d00000|  0%| F|  |TAMS 0x00000000e2c00000| PB 0x00000000e2c00000| Untracked |  0
|  45|0x00000000e2d00000, 0x00000000e2d00000, 0x00000000e2e00000|  0%| F|  |TAMS 0x00000000e2d00000| PB 0x00000000e2d00000| Untracked |  0
|  46|0x00000000e2e00000, 0x00000000e2e00000, 0x00000000e2f00000|  0%| F|  |TAMS 0x00000000e2e00000| PB 0x00000000e2e00000| Untracked |  0
|  47|0x00000000e2f00000, 0x00000000e2f00000, 0x00000000e3000000|  0%| F|  |TAMS 0x00000000e2f00000| PB 0x00000000e2f00000| Untracked |  0
|  48|0x00000000e3000000, 0x00000000e3000000, 0x00000000e3100000|  0%| F|  |TAMS 0x00000000e3000000| PB 0x00000000e3000000| Untracked |  0
|  49|0x00000000e3100000, 0x00000000e3100000, 0x00000000e3200000|  0%| F|  |TAMS 0x00000000e3100000| PB 0x00000000e3100000| Untracked |  0
|  50|0x00000000e3200000, 0x00000000e3200000, 0x00000000e3300000|  0%| F|  |TAMS 0x00000000e3200000| PB 0x00000000e3200000| Untracked |  0
|  51|0x00000000e3300000, 0x00000000e3300000, 0x00000000e3400000|  0%| F|  |TAMS 0x00000000e3300000| PB 0x00000000e3300000| Untracked |  0
|  52|0x00000000e3400000, 0x00000000e3400000, 0x00000000e3500000|  0%| F|  |TAMS 0x00000000e3400000| PB 0x00000000e3400000| Untracked |  0
|  53|0x00000000e3500000, 0x00000000e3500000, 0x00000000e3600000|  0%| F|  |TAMS 0x00000000e3500000| PB 0x00000000e3500000| Untracked |  0
|  54|0x00000000e3600000, 0x00000000e3600000, 0x00000000e3700000|  0%| F|  |TAMS 0x00000000e3600000| PB 0x00000000e3600000| Untracked |  0
|  55|0x00000000e3700000, 0x00000000e3700000, 0x00000000e3800000|  0%| F|  |TAMS 0x00000000e3700000| PB 0x00000000e3700000| Untracked |  0
|  56|0x00000000e3800000, 0x00000000e3800000, 0x00000000e3900000|  0%| F|  |TAMS 0x00000000e3800000| PB 0x00000000e3800000| Untracked |  0
|  57|0x00000000e3900000, 0x00000000e3900000, 0x00000000e3a00000|  0%| F|  |TAMS 0x00000000e3900000| PB 0x00000000e3900000| Untracked |  0
|  58|0x00000000e3a00000, 0x00000000e3a00000, 0x00000000e3b00000|  0%| F|  |TAMS 0x00000000e3a00000| PB 0x00000000e3a00000| Untracked |  0
|  59|0x00000000e3b00000, 0x00000000e3b00000, 0x00000000e3c00000|  0%| F|  |TAMS 0x00000000e3b00000| PB 0x00000000e3b00000| Untracked |  0
|  60|0x00000000e3c00000, 0x00000000e3c00000, 0x00000000e3d00000|  0%| F|  |TAMS 0x00000000e3c00000| PB 0x00000000e3c00000| Untracked |  0
|  61|0x00000000e3d00000, 0x00000000e3d00000, 0x00000000e3e00000|  0%| F|  |TAMS 0x00000000e3d00000| PB 0x00000000e3d00000| Untracked |  0
|  62|0x00000000e3e00000, 0x00000000e3e00000, 0x00000000e3f00000|  0%| F|  |TAMS 0x00000000e3e00000| PB 0x00000000e3e00000| Untracked |  0
|  63|0x00000000e3f00000, 0x00000000e3f00000, 0x00000000e4000000|  0%| F|  |TAMS 0x00000000e3f00000| PB 0x00000000e3f00000| Untracked |  0
|  64|0x00000000e4000000, 0x00000000e4000000, 0x00000000e4100000|  0%| F|  |TAMS 0x00000000e4000000| PB 0x00000000e4000000| Untracked |  0
|  65|0x00000000e4100000, 0x00000000e4100000, 0x00000000e4200000|  0%| F|  |TAMS 0x00000000e4100000| PB 0x00000000e4100000| Untracked |  0
|  66|0x00000000e4200000, 0x00000000e4200000, 0x00000000e4300000|  0%| F|  |TAMS 0x00000000e4200000| PB 0x00000000e4200000| Untracked |  0
|  67|0x00000000e4300000, 0x00000000e4300000, 0x00000000e4400000|  0%| F|  |TAMS 0x00000000e4300000| PB 0x00000000e4300000| Untracked |  0
|  68|0x00000000e4400000, 0x00000000e4400000, 0x00000000e4500000|  0%| F|  |TAMS 0x00000000e4400000| PB 0x00000000e4400000| Untracked |  0
|  69|0x00000000e4500000, 0x00000000e4500000, 0x00000000e4600000|  0%| F|  |TAMS 0x00000000e4500000| PB 0x00000000e4500000| Untracked |  0
|  70|0x00000000e4600000, 0x00000000e4600000, 0x00000000e4700000|  0%| F|  |TAMS 0x00000000e4600000| PB 0x00000000e4600000| Untracked |  0
|  71|0x00000000e4700000, 0x00000000e4700000, 0x00000000e4800000|  0%| F|  |TAMS 0x00000000e4700000| PB 0x00000000e4700000| Untracked |  0
|  72|0x00000000e4800000, 0x00000000e4800000, 0x00000000e4900000|  0%| F|  |TAMS 0x00000000e4800000| PB 0x00000000e4800000| Untracked |  0
|  73|0x00000000e4900000, 0x00000000e4900000, 0x00000000e4a00000|  0%| F|  |TAMS 0x00000000e4900000| PB 0x00000000e4900000| Untracked |  0
|  74|0x00000000e4a00000, 0x00000000e4a00000, 0x00000000e4b00000|  0%| F|  |TAMS 0x00000000e4a00000| PB 0x00000000e4a00000| Untracked |  0
|  75|0x00000000e4b00000, 0x00000000e4b00000, 0x00000000e4c00000|  0%| F|  |TAMS 0x00000000e4b00000| PB 0x00000000e4b00000| Untracked |  0
|  76|0x00000000e4c00000, 0x00000000e4c00000, 0x00000000e4d00000|  0%| F|  |TAMS 0x00000000e4c00000| PB 0x00000000e4c00000| Untracked |  0
|  77|0x00000000e4d00000, 0x00000000e4d00000, 0x00000000e4e00000|  0%| F|  |TAMS 0x00000000e4d00000| PB 0x00000000e4d00000| Untracked |  0
|  78|0x00000000e4e00000, 0x00000000e4e00000, 0x00000000e4f00000|  0%| F|  |TAMS 0x00000000e4e00000| PB 0x00000000e4e00000| Untracked |  0
|  79|0x00000000e4f00000, 0x00000000e4f00000, 0x00000000e5000000|  0%| F|  |TAMS 0x00000000e4f00000| PB 0x00000000e4f00000| Untracked |  0
|  80|0x00000000e5000000, 0x00000000e5000000, 0x00000000e5100000|  0%| F|  |TAMS 0x00000000e5000000| PB 0x00000000e5000000| Untracked |  0
|  81|0x00000000e5100000, 0x00000000e5100000, 0x00000000e5200000|  0%| F|  |TAMS 0x00000000e5100000| PB 0x00000000e5100000| Untracked |  0
|  82|0x00000000e5200000, 0x00000000e5200000, 0x00000000e5300000|  0%| F|  |TAMS 0x00000000e5200000| PB 0x00000000e5200000| Untracked |  0
|  83|0x00000000e5300000, 0x00000000e5300000, 0x00000000e5400000|  0%| F|  |TAMS 0x00000000e5300000| PB 0x00000000e5300000| Untracked |  0
|  84|0x00000000e5400000, 0x00000000e5400000, 0x00000000e5500000|  0%| F|  |TAMS 0x00000000e5400000| PB 0x00000000e5400000| Untracked |  0
|  85|0x00000000e5500000, 0x00000000e5500000, 0x00000000e5600000|  0%| F|  |TAMS 0x00000000e5500000| PB 0x00000000e5500000| Untracked |  0
|  86|0x00000000e5600000, 0x00000000e5600000, 0x00000000e5700000|  0%| F|  |TAMS 0x00000000e5600000| PB 0x00000000e5600000| Untracked |  0
|  87|0x00000000e5700000, 0x00000000e5700000, 0x00000000e5800000|  0%| F|  |TAMS 0x00000000e5700000| PB 0x00000000e5700000| Untracked |  0
|  88|0x00000000e5800000, 0x00000000e5800000, 0x00000000e5900000|  0%| F|  |TAMS 0x00000000e5800000| PB 0x00000000e5800000| Untracked |  0
|  89|0x00000000e5900000, 0x00000000e5900000, 0x00000000e5a00000|  0%| F|  |TAMS 0x00000000e5900000| PB 0x00000000e5900000| Untracked |  0
|  90|0x00000000e5a00000, 0x00000000e5a00000, 0x00000000e5b00000|  0%| F|  |TAMS 0x00000000e5a00000| PB 0x00000000e5a00000| Untracked |  0
|  91|0x00000000e5b00000, 0x00000000e5b00000, 0x00000000e5c00000|  0%| F|  |TAMS 0x00000000e5b00000| PB 0x00000000e5b00000| Untracked |  0
|  92|0x00000000e5c00000, 0x00000000e5c00000, 0x00000000e5d00000|  0%| F|  |TAMS 0x00000000e5c00000| PB 0x00000000e5c00000| Untracked |  0
|  93|0x00000000e5d00000, 0x00000000e5d00000, 0x00000000e5e00000|  0%| F|  |TAMS 0x00000000e5d00000| PB 0x00000000e5d00000| Untracked |  0
|  94|0x00000000e5e00000, 0x00000000e5e00000, 0x00000000e5f00000|  0%| F|  |TAMS 0x00000000e5e00000| PB 0x00000000e5e00000| Untracked |  0
|  95|0x00000000e5f00000, 0x00000000e5f00000, 0x00000000e6000000|  0%| F|  |TAMS 0x00000000e5f00000| PB 0x00000000e5f00000| Untracked |  0
|  96|0x00000000e6000000, 0x00000000e6000000, 0x00000000e6100000|  0%| F|  |TAMS 0x00000000e6000000| PB 0x00000000e6000000| Untracked |  0
|  97|0x00000000e6100000, 0x00000000e6100000, 0x00000000e6200000|  0%| F|  |TAMS 0x00000000e6100000| PB 0x00000000e6100000| Untracked |  0
|  98|0x00000000e6200000, 0x00000000e6200000, 0x00000000e6300000|  0%| F|  |TAMS 0x00000000e6200000| PB 0x00000000e6200000| Untracked |  0
|  99|0x00000000e6300000, 0x00000000e6300000, 0x00000000e6400000|  0%| F|  |TAMS 0x00000000e6300000| PB 0x00000000e6300000| Untracked |  0
| 100|0x00000000e6400000, 0x00000000e6400000, 0x00000000e6500000|  0%| F|  |TAMS 0x00000000e6400000| PB 0x00000000e6400000| Untracked |  0
| 101|0x00000000e6500000, 0x00000000e6500000, 0x00000000e6600000|  0%| F|  |TAMS 0x00000000e6500000| PB 0x00000000e6500000| Untracked |  0
| 102|0x00000000e6600000, 0x00000000e6600000, 0x00000000e6700000|  0%| F|  |TAMS 0x00000000e6600000| PB 0x00000000e6600000| Untracked |  0
| 103|0x00000000e6700000, 0x00000000e6700000, 0x00000000e6800000|  0%| F|  |TAMS 0x00000000e6700000| PB 0x00000000e6700000| Untracked |  0
| 104|0x00000000e6800000, 0x00000000e6800000, 0x00000000e6900000|  0%| F|  |TAMS 0x00000000e6800000| PB 0x00000000e6800000| Untracked |  0
| 105|0x00000000e6900000, 0x00000000e6900000, 0x00000000e6a00000|  0%| F|  |TAMS 0x00000000e6900000| PB 0x00000000e6900000| Untracked |  0
| 106|0x00000000e6a00000, 0x00000000e6a00000, 0x00000000e6b00000|  0%| F|  |TAMS 0x00000000e6a00000| PB 0x00000000e6a00000| Untracked |  0
| 107|0x00000000e6b00000, 0x00000000e6b00000, 0x00000000e6c00000|  0%| F|  |TAMS 0x00000000e6b00000| PB 0x00000000e6b00000| Untracked |  0
| 108|0x00000000e6c00000, 0x00000000e6c00000, 0x00000000e6d00000|  0%| F|  |TAMS 0x00000000e6c00000| PB 0x00000000e6c00000| Untracked |  0
| 109|0x00000000e6d00000, 0x00000000e6d00000, 0x00000000e6e00000|  0%| F|  |TAMS 0x00000000e6d00000| PB 0x00000000e6d00000| Untracked |  0
| 110|0x00000000e6e00000, 0x00000000e6e00000, 0x00000000e6f00000|  0%| F|  |TAMS 0x00000000e6e00000| PB 0x00000000e6e00000| Untracked |  0
| 111|0x00000000e6f00000, 0x00000000e6f00000, 0x00000000e7000000|  0%| F|  |TAMS 0x00000000e6f00000| PB 0x00000000e6f00000| Untracked |  0
| 112|0x00000000e7000000, 0x00000000e7000000, 0x00000000e7100000|  0%| F|  |TAMS 0x00000000e7000000| PB 0x00000000e7000000| Untracked |  0
| 113|0x00000000e7100000, 0x00000000e7100000, 0x00000000e7200000|  0%| F|  |TAMS 0x00000000e7100000| PB 0x00000000e7100000| Untracked |  0
| 114|0x00000000e7200000, 0x00000000e7200000, 0x00000000e7300000|  0%| F|  |TAMS 0x00000000e7200000| PB 0x00000000e7200000| Untracked |  0
| 115|0x00000000e7300000, 0x00000000e7300000, 0x00000000e7400000|  0%| F|  |TAMS 0x00000000e7300000| PB 0x00000000e7300000| Untracked |  0
| 116|0x00000000e7400000, 0x00000000e7400000, 0x00000000e7500000|  0%| F|  |TAMS 0x00000000e7400000| PB 0x00000000e7400000| Untracked |  0
| 117|0x00000000e7500000, 0x00000000e7500000, 0x00000000e7600000|  0%| F|  |TAMS 0x00000000e7500000| PB 0x00000000e7500000| Untracked |  0
| 118|0x00000000e7600000, 0x00000000e7600000, 0x00000000e7700000|  0%| F|  |TAMS 0x00000000e7600000| PB 0x00000000e7600000| Untracked |  0
| 119|0x00000000e7700000, 0x00000000e7700000, 0x00000000e7800000|  0%| F|  |TAMS 0x00000000e7700000| PB 0x00000000e7700000| Untracked |  0
| 120|0x00000000e7800000, 0x00000000e7800000, 0x00000000e7900000|  0%| F|  |TAMS 0x00000000e7800000| PB 0x00000000e7800000| Untracked |  0
| 121|0x00000000e7900000, 0x00000000e7900000, 0x00000000e7a00000|  0%| F|  |TAMS 0x00000000e7900000| PB 0x00000000e7900000| Untracked |  0
| 122|0x00000000e7a00000, 0x00000000e7a00000, 0x00000000e7b00000|  0%| F|  |TAMS 0x00000000e7a00000| PB 0x00000000e7a00000| Untracked |  0
| 123|0x00000000e7b00000, 0x00000000e7b00000, 0x00000000e7c00000|  0%| F|  |TAMS 0x00000000e7b00000| PB 0x00000000e7b00000| Untracked |  0
| 124|0x00000000e7c00000, 0x00000000e7c00000, 0x00000000e7d00000|  0%| F|  |TAMS 0x00000000e7c00000| PB 0x00000000e7c00000| Untracked |  0
| 125|0x00000000e7d00000, 0x00000000e7d00000, 0x00000000e7e00000|  0%| F|  |TAMS 0x00000000e7d00000| PB 0x00000000e7d00000| Untracked |  0
| 126|0x00000000e7e00000, 0x00000000e7e00000, 0x00000000e7f00000|  0%| F|  |TAMS 0x00000000e7e00000| PB 0x00000000e7e00000| Untracked |  0
| 127|0x00000000e7f00000, 0x00000000e7f00000, 0x00000000e8000000|  0%| F|  |TAMS 0x00000000e7f00000| PB 0x00000000e7f00000| Untracked |  0
| 128|0x00000000e8000000, 0x00000000e8000000, 0x00000000e8100000|  0%| F|  |TAMS 0x00000000e8000000| PB 0x00000000e8000000| Untracked |  0
| 129|0x00000000e8100000, 0x00000000e8100000, 0x00000000e8200000|  0%| F|  |TAMS 0x00000000e8100000| PB 0x00000000e8100000| Untracked |  0
| 130|0x00000000e8200000, 0x00000000e8200000, 0x00000000e8300000|  0%| F|  |TAMS 0x00000000e8200000| PB 0x00000000e8200000| Untracked |  0
| 131|0x00000000e8300000, 0x00000000e8300000, 0x00000000e8400000|  0%| F|  |TAMS 0x00000000e8300000| PB 0x00000000e8300000| Untracked |  0
| 132|0x00000000e8400000, 0x00000000e8400000, 0x00000000e8500000|  0%| F|  |TAMS 0x00000000e8400000| PB 0x00000000e8400000| Untracked |  0
| 133|0x00000000e8500000, 0x00000000e8500000, 0x00000000e8600000|  0%| F|  |TAMS 0x00000000e8500000| PB 0x00000000e8500000| Untracked |  0
| 134|0x00000000e8600000, 0x00000000e8600000, 0x00000000e8700000|  0%| F|  |TAMS 0x00000000e8600000| PB 0x00000000e8600000| Untracked |  0
| 135|0x00000000e8700000, 0x00000000e8700000, 0x00000000e8800000|  0%| F|  |TAMS 0x00000000e8700000| PB 0x00000000e8700000| Untracked |  0
| 136|0x00000000e8800000, 0x00000000e8800000, 0x00000000e8900000|  0%| F|  |TAMS 0x00000000e8800000| PB 0x00000000e8800000| Untracked |  0
| 137|0x00000000e8900000, 0x00000000e8900000, 0x00000000e8a00000|  0%| F|  |TAMS 0x00000000e8900000| PB 0x00000000e8900000| Untracked |  0
| 138|0x00000000e8a00000, 0x00000000e8a00000, 0x00000000e8b00000|  0%| F|  |TAMS 0x00000000e8a00000| PB 0x00000000e8a00000| Untracked |  0
| 139|0x00000000e8b00000, 0x00000000e8b00000, 0x00000000e8c00000|  0%| F|  |TAMS 0x00000000e8b00000| PB 0x00000000e8b00000| Untracked |  0
| 140|0x00000000e8c00000, 0x00000000e8c00000, 0x00000000e8d00000|  0%| F|  |TAMS 0x00000000e8c00000| PB 0x00000000e8c00000| Untracked |  0
| 141|0x00000000e8d00000, 0x00000000e8d00000, 0x00000000e8e00000|  0%| F|  |TAMS 0x00000000e8d00000| PB 0x00000000e8d00000| Untracked |  0
| 142|0x00000000e8e00000, 0x00000000e8e80000, 0x00000000e8f00000| 50%| E|  |TAMS 0x00000000e8e00000| PB 0x00000000e8e00000| Complete |  0
| 143|0x00000000e8f00000, 0x00000000e9000000, 0x00000000e9000000|100%| E|CS|TAMS 0x00000000e8f00000| PB 0x00000000e8f00000| Complete |  0
| 144|0x00000000e9000000, 0x00000000e9100000, 0x00000000e9100000|100%| E|  |TAMS 0x00000000e9000000| PB 0x00000000e9000000| Complete |  0
| 145|0x00000000e9100000, 0x00000000e9200000, 0x00000000e9200000|100%| E|CS|TAMS 0x00000000e9100000| PB 0x00000000e9100000| Complete |  0
| 146|0x00000000e9200000, 0x00000000e9300000, 0x00000000e9300000|100%| E|CS|TAMS 0x00000000e9200000| PB 0x00000000e9200000| Complete |  0
| 147|0x00000000e9300000, 0x00000000e9400000, 0x00000000e9400000|100%| E|CS|TAMS 0x00000000e9300000| PB 0x00000000e9300000| Complete |  0
| 148|0x00000000e9400000, 0x00000000e9500000, 0x00000000e9500000|100%| E|CS|TAMS 0x00000000e9400000| PB 0x00000000e9400000| Complete |  0
| 149|0x00000000e9500000, 0x00000000e9600000, 0x00000000e9600000|100%| E|CS|TAMS 0x00000000e9500000| PB 0x00000000e9500000| Complete |  0
| 150|0x00000000e9600000, 0x00000000e9700000, 0x00000000e9700000|100%| E|CS|TAMS 0x00000000e9600000| PB 0x00000000e9600000| Complete |  0
| 151|0x00000000e9700000, 0x00000000e9800000, 0x00000000e9800000|100%| E|CS|TAMS 0x00000000e9700000| PB 0x00000000e9700000| Complete |  0
| 152|0x00000000e9800000, 0x00000000e9900000, 0x00000000e9900000|100%| E|CS|TAMS 0x00000000e9800000| PB 0x00000000e9800000| Complete |  0
| 153|0x00000000e9900000, 0x00000000e9a00000, 0x00000000e9a00000|100%| E|CS|TAMS 0x00000000e9900000| PB 0x00000000e9900000| Complete |  0
| 154|0x00000000e9a00000, 0x00000000e9b00000, 0x00000000e9b00000|100%| E|CS|TAMS 0x00000000e9a00000| PB 0x00000000e9a00000| Complete |  0
| 155|0x00000000e9b00000, 0x00000000e9c00000, 0x00000000e9c00000|100%| E|CS|TAMS 0x00000000e9b00000| PB 0x00000000e9b00000| Complete |  0
| 156|0x00000000e9c00000, 0x00000000e9d00000, 0x00000000e9d00000|100%| E|CS|TAMS 0x00000000e9c00000| PB 0x00000000e9c00000| Complete |  0
| 157|0x00000000e9d00000, 0x00000000e9e00000, 0x00000000e9e00000|100%| E|CS|TAMS 0x00000000e9d00000| PB 0x00000000e9d00000| Complete |  0
| 158|0x00000000e9e00000, 0x00000000e9f00000, 0x00000000e9f00000|100%| E|CS|TAMS 0x00000000e9e00000| PB 0x00000000e9e00000| Complete |  0
| 159|0x00000000e9f00000, 0x00000000ea000000, 0x00000000ea000000|100%| E|CS|TAMS 0x00000000e9f00000| PB 0x00000000e9f00000| Complete |  0
| 160|0x00000000ea000000, 0x00000000ea100000, 0x00000000ea100000|100%| E|CS|TAMS 0x00000000ea000000| PB 0x00000000ea000000| Complete |  0
| 161|0x00000000ea100000, 0x00000000ea200000, 0x00000000ea200000|100%| E|CS|TAMS 0x00000000ea100000| PB 0x00000000ea100000| Complete |  0
| 162|0x00000000ea200000, 0x00000000ea300000, 0x00000000ea300000|100%| E|CS|TAMS 0x00000000ea200000| PB 0x00000000ea200000| Complete |  0
| 163|0x00000000ea300000, 0x00000000ea400000, 0x00000000ea400000|100%| E|CS|TAMS 0x00000000ea300000| PB 0x00000000ea300000| Complete |  0
| 164|0x00000000ea400000, 0x00000000ea500000, 0x00000000ea500000|100%| E|CS|TAMS 0x00000000ea400000| PB 0x00000000ea400000| Complete |  0
| 165|0x00000000ea500000, 0x00000000ea600000, 0x00000000ea600000|100%| E|CS|TAMS 0x00000000ea500000| PB 0x00000000ea500000| Complete |  0
| 166|0x00000000ea600000, 0x00000000ea700000, 0x00000000ea700000|100%| E|CS|TAMS 0x00000000ea600000| PB 0x00000000ea600000| Complete |  0
| 167|0x00000000ea700000, 0x00000000ea800000, 0x00000000ea800000|100%| E|CS|TAMS 0x00000000ea700000| PB 0x00000000ea700000| Complete |  0
| 168|0x00000000ea800000, 0x00000000ea900000, 0x00000000ea900000|100%| E|CS|TAMS 0x00000000ea800000| PB 0x00000000ea800000| Complete |  0
| 169|0x00000000ea900000, 0x00000000eaa00000, 0x00000000eaa00000|100%| E|CS|TAMS 0x00000000ea900000| PB 0x00000000ea900000| Complete |  0
| 170|0x00000000eaa00000, 0x00000000eab00000, 0x00000000eab00000|100%| E|CS|TAMS 0x00000000eaa00000| PB 0x00000000eaa00000| Complete |  0
| 171|0x00000000eab00000, 0x00000000eac00000, 0x00000000eac00000|100%| E|CS|TAMS 0x00000000eab00000| PB 0x00000000eab00000| Complete |  0
| 172|0x00000000eac00000, 0x00000000ead00000, 0x00000000ead00000|100%| E|CS|TAMS 0x00000000eac00000| PB 0x00000000eac00000| Complete |  0
| 173|0x00000000ead00000, 0x00000000eae00000, 0x00000000eae00000|100%| E|CS|TAMS 0x00000000ead00000| PB 0x00000000ead00000| Complete |  0
| 174|0x00000000eae00000, 0x00000000eaf00000, 0x00000000eaf00000|100%| E|CS|TAMS 0x00000000eae00000| PB 0x00000000eae00000| Complete |  0
| 175|0x00000000eaf00000, 0x00000000eb000000, 0x00000000eb000000|100%| E|CS|TAMS 0x00000000eaf00000| PB 0x00000000eaf00000| Complete |  0
| 176|0x00000000eb000000, 0x00000000eb100000, 0x00000000eb100000|100%| E|CS|TAMS 0x00000000eb000000| PB 0x00000000eb000000| Complete |  0
| 177|0x00000000eb100000, 0x00000000eb200000, 0x00000000eb200000|100%| E|CS|TAMS 0x00000000eb100000| PB 0x00000000eb100000| Complete |  0
| 178|0x00000000eb200000, 0x00000000eb300000, 0x00000000eb300000|100%| E|CS|TAMS 0x00000000eb200000| PB 0x00000000eb200000| Complete |  0
| 179|0x00000000eb300000, 0x00000000eb400000, 0x00000000eb400000|100%| E|CS|TAMS 0x00000000eb300000| PB 0x00000000eb300000| Complete |  0
| 180|0x00000000eb400000, 0x00000000eb500000, 0x00000000eb500000|100%| E|CS|TAMS 0x00000000eb400000| PB 0x00000000eb400000| Complete |  0
| 181|0x00000000eb500000, 0x00000000eb600000, 0x00000000eb600000|100%| E|CS|TAMS 0x00000000eb500000| PB 0x00000000eb500000| Complete |  0
| 182|0x00000000eb600000, 0x00000000eb700000, 0x00000000eb700000|100%| E|CS|TAMS 0x00000000eb600000| PB 0x00000000eb600000| Complete |  0
| 183|0x00000000eb700000, 0x00000000eb800000, 0x00000000eb800000|100%| E|CS|TAMS 0x00000000eb700000| PB 0x00000000eb700000| Complete |  0
| 184|0x00000000eb800000, 0x00000000eb900000, 0x00000000eb900000|100%| E|CS|TAMS 0x00000000eb800000| PB 0x00000000eb800000| Complete |  0
| 185|0x00000000eb900000, 0x00000000eba00000, 0x00000000eba00000|100%| E|CS|TAMS 0x00000000eb900000| PB 0x00000000eb900000| Complete |  0
| 186|0x00000000eba00000, 0x00000000ebb00000, 0x00000000ebb00000|100%| E|CS|TAMS 0x00000000eba00000| PB 0x00000000eba00000| Complete |  0
| 187|0x00000000ebb00000, 0x00000000ebc00000, 0x00000000ebc00000|100%| E|CS|TAMS 0x00000000ebb00000| PB 0x00000000ebb00000| Complete |  0
| 188|0x00000000ebc00000, 0x00000000ebd00000, 0x00000000ebd00000|100%| E|CS|TAMS 0x00000000ebc00000| PB 0x00000000ebc00000| Complete |  0
| 189|0x00000000ebd00000, 0x00000000ebe00000, 0x00000000ebe00000|100%| E|CS|TAMS 0x00000000ebd00000| PB 0x00000000ebd00000| Complete |  0
| 190|0x00000000ebe00000, 0x00000000ebf00000, 0x00000000ebf00000|100%| E|CS|TAMS 0x00000000ebe00000| PB 0x00000000ebe00000| Complete |  0
| 191|0x00000000ebf00000, 0x00000000ec000000, 0x00000000ec000000|100%| E|CS|TAMS 0x00000000ebf00000| PB 0x00000000ebf00000| Complete |  0
| 192|0x00000000ec000000, 0x00000000ec100000, 0x00000000ec100000|100%| E|CS|TAMS 0x00000000ec000000| PB 0x00000000ec000000| Complete |  0
| 193|0x00000000ec100000, 0x00000000ec200000, 0x00000000ec200000|100%| E|CS|TAMS 0x00000000ec100000| PB 0x00000000ec100000| Complete |  0
| 194|0x00000000ec200000, 0x00000000ec300000, 0x00000000ec300000|100%| E|CS|TAMS 0x00000000ec200000| PB 0x00000000ec200000| Complete |  0
| 195|0x00000000ec300000, 0x00000000ec400000, 0x00000000ec400000|100%| E|CS|TAMS 0x00000000ec300000| PB 0x00000000ec300000| Complete |  0
| 196|0x00000000ec400000, 0x00000000ec500000, 0x00000000ec500000|100%| E|CS|TAMS 0x00000000ec400000| PB 0x00000000ec400000| Complete |  0
| 197|0x00000000ec500000, 0x00000000ec600000, 0x00000000ec600000|100%| E|CS|TAMS 0x00000000ec500000| PB 0x00000000ec500000| Complete |  0
| 198|0x00000000ec600000, 0x00000000ec700000, 0x00000000ec700000|100%| E|CS|TAMS 0x00000000ec600000| PB 0x00000000ec600000| Complete |  0
| 199|0x00000000ec700000, 0x00000000ec800000, 0x00000000ec800000|100%| E|CS|TAMS 0x00000000ec700000| PB 0x00000000ec700000| Complete |  0
| 200|0x00000000ec800000, 0x00000000ec900000, 0x00000000ec900000|100%| E|CS|TAMS 0x00000000ec800000| PB 0x00000000ec800000| Complete |  0
| 201|0x00000000ec900000, 0x00000000eca00000, 0x00000000eca00000|100%| E|CS|TAMS 0x00000000ec900000| PB 0x00000000ec900000| Complete |  0
| 202|0x00000000eca00000, 0x00000000ecb00000, 0x00000000ecb00000|100%| E|CS|TAMS 0x00000000eca00000| PB 0x00000000eca00000| Complete |  0
| 203|0x00000000ecb00000, 0x00000000ecc00000, 0x00000000ecc00000|100%| E|CS|TAMS 0x00000000ecb00000| PB 0x00000000ecb00000| Complete |  0
| 204|0x00000000ecc00000, 0x00000000ecd00000, 0x00000000ecd00000|100%| E|CS|TAMS 0x00000000ecc00000| PB 0x00000000ecc00000| Complete |  0
| 205|0x00000000ecd00000, 0x00000000ece00000, 0x00000000ece00000|100%| E|CS|TAMS 0x00000000ecd00000| PB 0x00000000ecd00000| Complete |  0
| 206|0x00000000ece00000, 0x00000000ecf00000, 0x00000000ecf00000|100%| E|CS|TAMS 0x00000000ece00000| PB 0x00000000ece00000| Complete |  0
| 207|0x00000000ecf00000, 0x00000000ed000000, 0x00000000ed000000|100%| E|CS|TAMS 0x00000000ecf00000| PB 0x00000000ecf00000| Complete |  0
| 208|0x00000000ed000000, 0x00000000ed100000, 0x00000000ed100000|100%| E|CS|TAMS 0x00000000ed000000| PB 0x00000000ed000000| Complete |  0
| 209|0x00000000ed100000, 0x00000000ed200000, 0x00000000ed200000|100%| E|CS|TAMS 0x00000000ed100000| PB 0x00000000ed100000| Complete |  0
| 210|0x00000000ed200000, 0x00000000ed300000, 0x00000000ed300000|100%| E|CS|TAMS 0x00000000ed200000| PB 0x00000000ed200000| Complete |  0
| 211|0x00000000ed300000, 0x00000000ed400000, 0x00000000ed400000|100%| E|CS|TAMS 0x00000000ed300000| PB 0x00000000ed300000| Complete |  0
| 212|0x00000000ed400000, 0x00000000ed500000, 0x00000000ed500000|100%| E|CS|TAMS 0x00000000ed400000| PB 0x00000000ed400000| Complete |  0
| 213|0x00000000ed500000, 0x00000000ed600000, 0x00000000ed600000|100%| E|CS|TAMS 0x00000000ed500000| PB 0x00000000ed500000| Complete |  0
| 214|0x00000000ed600000, 0x00000000ed700000, 0x00000000ed700000|100%| E|CS|TAMS 0x00000000ed600000| PB 0x00000000ed600000| Complete |  0
| 215|0x00000000ed700000, 0x00000000ed800000, 0x00000000ed800000|100%| E|CS|TAMS 0x00000000ed700000| PB 0x00000000ed700000| Complete |  0
| 216|0x00000000ed800000, 0x00000000ed900000, 0x00000000ed900000|100%| E|CS|TAMS 0x00000000ed800000| PB 0x00000000ed800000| Complete |  0
| 217|0x00000000ed900000, 0x00000000eda00000, 0x00000000eda00000|100%| E|CS|TAMS 0x00000000ed900000| PB 0x00000000ed900000| Complete |  0
| 218|0x00000000eda00000, 0x00000000edb00000, 0x00000000edb00000|100%| E|CS|TAMS 0x00000000eda00000| PB 0x00000000eda00000| Complete |  0
| 219|0x00000000edb00000, 0x00000000edc00000, 0x00000000edc00000|100%| E|CS|TAMS 0x00000000edb00000| PB 0x00000000edb00000| Complete |  0
| 220|0x00000000edc00000, 0x00000000edd00000, 0x00000000edd00000|100%| E|CS|TAMS 0x00000000edc00000| PB 0x00000000edc00000| Complete |  0
| 221|0x00000000edd00000, 0x00000000ede00000, 0x00000000ede00000|100%| E|CS|TAMS 0x00000000edd00000| PB 0x00000000edd00000| Complete |  0
| 222|0x00000000ede00000, 0x00000000edf00000, 0x00000000edf00000|100%| E|CS|TAMS 0x00000000ede00000| PB 0x00000000ede00000| Complete |  0
| 223|0x00000000edf00000, 0x00000000ee000000, 0x00000000ee000000|100%| E|CS|TAMS 0x00000000edf00000| PB 0x00000000edf00000| Complete |  0
| 224|0x00000000ee000000, 0x00000000ee100000, 0x00000000ee100000|100%| E|CS|TAMS 0x00000000ee000000| PB 0x00000000ee000000| Complete |  0
| 225|0x00000000ee100000, 0x00000000ee200000, 0x00000000ee200000|100%| E|CS|TAMS 0x00000000ee100000| PB 0x00000000ee100000| Complete |  0
| 226|0x00000000ee200000, 0x00000000ee300000, 0x00000000ee300000|100%| E|CS|TAMS 0x00000000ee200000| PB 0x00000000ee200000| Complete |  0
| 227|0x00000000ee300000, 0x00000000ee400000, 0x00000000ee400000|100%| E|CS|TAMS 0x00000000ee300000| PB 0x00000000ee300000| Complete |  0
| 228|0x00000000ee400000, 0x00000000ee500000, 0x00000000ee500000|100%| E|CS|TAMS 0x00000000ee400000| PB 0x00000000ee400000| Complete |  0
| 229|0x00000000ee500000, 0x00000000ee600000, 0x00000000ee600000|100%| E|CS|TAMS 0x00000000ee500000| PB 0x00000000ee500000| Complete |  0
| 230|0x00000000ee600000, 0x00000000ee700000, 0x00000000ee700000|100%| E|CS|TAMS 0x00000000ee600000| PB 0x00000000ee600000| Complete |  0
| 231|0x00000000ee700000, 0x00000000ee7599f0, 0x00000000ee800000| 35%| S|CS|TAMS 0x00000000ee700000| PB 0x00000000ee700000| Complete |  0
| 232|0x00000000ee800000, 0x00000000ee900000, 0x00000000ee900000|100%| S|CS|TAMS 0x00000000ee800000| PB 0x00000000ee800000| Complete |  0
| 233|0x00000000ee900000, 0x00000000eea00000, 0x00000000eea00000|100%| S|CS|TAMS 0x00000000ee900000| PB 0x00000000ee900000| Complete |  0
| 234|0x00000000eea00000, 0x00000000eeb00000, 0x00000000eeb00000|100%| S|CS|TAMS 0x00000000eea00000| PB 0x00000000eea00000| Complete |  0
| 235|0x00000000eeb00000, 0x00000000eec00000, 0x00000000eec00000|100%| S|CS|TAMS 0x00000000eeb00000| PB 0x00000000eeb00000| Complete |  0
| 236|0x00000000eec00000, 0x00000000eed00000, 0x00000000eed00000|100%| S|CS|TAMS 0x00000000eec00000| PB 0x00000000eec00000| Complete |  0
| 237|0x00000000eed00000, 0x00000000eee00000, 0x00000000eee00000|100%| S|CS|TAMS 0x00000000eed00000| PB 0x00000000eed00000| Complete |  0
| 238|0x00000000eee00000, 0x00000000eef00000, 0x00000000eef00000|100%| S|CS|TAMS 0x00000000eee00000| PB 0x00000000eee00000| Complete |  0
| 239|0x00000000eef00000, 0x00000000ef000000, 0x00000000ef000000|100%| S|CS|TAMS 0x00000000eef00000| PB 0x00000000eef00000| Complete |  0
| 240|0x00000000ef000000, 0x00000000ef100000, 0x00000000ef100000|100%| E|CS|TAMS 0x00000000ef000000| PB 0x00000000ef000000| Complete |  0
| 241|0x00000000ef100000, 0x00000000ef200000, 0x00000000ef200000|100%| E|CS|TAMS 0x00000000ef100000| PB 0x00000000ef100000| Complete |  0
| 242|0x00000000ef200000, 0x00000000ef300000, 0x00000000ef300000|100%| E|CS|TAMS 0x00000000ef200000| PB 0x00000000ef200000| Complete |  0
| 243|0x00000000ef300000, 0x00000000ef400000, 0x00000000ef400000|100%| E|CS|TAMS 0x00000000ef300000| PB 0x00000000ef300000| Complete |  0
| 244|0x00000000ef400000, 0x00000000ef500000, 0x00000000ef500000|100%| E|CS|TAMS 0x00000000ef400000| PB 0x00000000ef400000| Complete |  0
| 245|0x00000000ef500000, 0x00000000ef600000, 0x00000000ef600000|100%| E|CS|TAMS 0x00000000ef500000| PB 0x00000000ef500000| Complete |  0
| 246|0x00000000ef600000, 0x00000000ef700000, 0x00000000ef700000|100%| E|CS|TAMS 0x00000000ef600000| PB 0x00000000ef600000| Complete |  0
| 247|0x00000000ef700000, 0x00000000ef800000, 0x00000000ef800000|100%| E|CS|TAMS 0x00000000ef700000| PB 0x00000000ef700000| Complete |  0
| 248|0x00000000ef800000, 0x00000000ef900000, 0x00000000ef900000|100%| E|CS|TAMS 0x00000000ef800000| PB 0x00000000ef800000| Complete |  0
| 249|0x00000000ef900000, 0x00000000efa00000, 0x00000000efa00000|100%| E|CS|TAMS 0x00000000ef900000| PB 0x00000000ef900000| Complete |  0
| 250|0x00000000efa00000, 0x00000000efb00000, 0x00000000efb00000|100%| S|CS|TAMS 0x00000000efa00000| PB 0x00000000efa00000| Complete |  0
| 251|0x00000000efb00000, 0x00000000efc00000, 0x00000000efc00000|100%| E|CS|TAMS 0x00000000efb00000| PB 0x00000000efb00000| Complete |  0
| 252|0x00000000efc00000, 0x00000000efd00000, 0x00000000efd00000|100%| E|CS|TAMS 0x00000000efc00000| PB 0x00000000efc00000| Complete |  0
| 255|0x00000000eff00000, 0x00000000f0000000, 0x00000000f0000000|100%| E|CS|TAMS 0x00000000eff00000| PB 0x00000000eff00000| Complete |  0
| 510|0x00000000ffe00000, 0x00000000fff00000, 0x00000000fff00000|100%| O|  |TAMS 0x00000000ffe00000| PB 0x00000000ffe00000| Untracked |  0
| 511|0x00000000fff00000, 0x0000000100000000, 0x0000000100000000|100%| E|CS|TAMS 0x00000000fff00000| PB 0x00000000fff00000| Complete |  0

Card table byte_map: [0x000001a3ef010000,0x000001a3ef110000] _byte_map_base: 0x000001a3ee910000

Marking Bits: (CMBitMap*) 0x000001a3d7036640
 Bits: [0x000001a3ef110000, 0x000001a3ef910000)

Polling page: 0x000001a3d4d50000

Metaspace:

Usage:
  Non-class:     38.90 MB used.
      Class:      5.00 MB used.
       Both:     43.90 MB used.

Virtual space:
  Non-class space:       64.00 MB reserved,      39.75 MB ( 62%) committed,  1 nodes.
      Class space:      320.00 MB reserved,       5.75 MB (  2%) committed,  1 nodes.
             Both:      384.00 MB reserved,      45.50 MB ( 12%) committed. 

Chunk freelists:
   Non-Class:  7.97 MB
       Class:  10.27 MB
        Both:  18.23 MB

MaxMetaspaceSize: 384.00 MB
CompressedClassSpaceSize: 320.00 MB
Initial GC threshold: 21.00 MB
Current GC threshold: 59.69 MB
CDS: on
 - commit_granule_bytes: 65536.
 - commit_granule_words: 8192.
 - virtual_space_node_default_size: 8388608.
 - enlarge_chunks_in_place: 1.
UseCompressedClassPointers 1, UseCompactObjectHeaders 0
Narrow klass pointer bits 32, Max shift 3
Narrow klass base: 0x000001a380000000, Narrow klass shift: 0
Encoding Range: [0x000001a380000000 - 0x000001a480000000), (4294967296 bytes)
Klass Range:    [0x000001a380000000 - 0x000001a395000000), (352321536 bytes)
Klass ID Range:  [8 - 352321529) (352321521)


Internal statistics:

num_allocs_failed_limit: 12.
num_arena_births: 2788.
num_arena_deaths: 0.
num_vsnodes_births: 2.
num_vsnodes_deaths: 0.
num_space_committed: 728.
num_space_uncommitted: 0.
num_chunks_returned_to_freelist: 12.
num_chunks_taken_from_freelist: 4911.
num_chunk_merges: 12.
num_chunk_splits: 3150.
num_chunks_enlarged: 1851.
num_inconsistent_stats: 0.

CodeHeap 'non-profiled nmethods': size=120064Kb used=2444Kb max_used=2444Kb free=117619Kb
 bounds [0x000001a3e7360000, 0x000001a3e75d0000, 0x000001a3ee8a0000]
CodeHeap 'profiled nmethods': size=120000Kb used=8471Kb max_used=8471Kb free=111528Kb
 bounds [0x000001a3df8a0000, 0x000001a3e00f0000, 0x000001a3e6dd0000]
CodeHeap 'non-nmethods': size=5696Kb used=2802Kb max_used=2845Kb free=2893Kb
 bounds [0x000001a3e6dd0000, 0x000001a3e70a0000, 0x000001a3e7360000]
CodeCache: size=245760Kb, used=13717Kb, max_used=13760Kb, free=232040Kb
 total_blobs=6076, nmethods=5197, adapters=783, full_count=0
Compilation: enabled, stopped_count=0, restarted_count=0

Compilation events (20 events):
Event: 6.071 Thread 0x000001a3f2583920 5693       3       org.gradle.internal.instantiation.generator.AbstractClassGenerator$ExtensibleTypePropertyHandler::claimPropertyImplementation (99 bytes)
Event: 6.071 Thread 0x000001a3f2583920 nmethod 5693 0x000001a3e00da588 code [0x000001a3e00da760, 0x000001a3e00db228]
Event: 6.071 Thread 0x000001a3f2583920 5694       3       org.gradle.internal.instantiation.generator.AbstractClassGenerator$DslMixInPropertyType::claimPropertyImplementation (21 bytes)
Event: 6.071 Thread 0x000001a3f2583920 nmethod 5694 0x000001a3e00db288 code [0x000001a3e00db3c0, 0x000001a3e00db610]
Event: 6.071 Thread 0x000001a3f2583920 5695       3       org.gradle.internal.instantiation.generator.AbstractClassGenerator$ServicesPropertyHandler::claimPropertyImplementation (40 bytes)
Event: 6.072 Thread 0x000001a3f2583920 nmethod 5695 0x000001a3e00db688 code [0x000001a3e00db840, 0x000001a3e00dc288]
Event: 6.072 Thread 0x000001a3f2583920 5696       3       org.gradle.internal.instantiation.generator.AbstractClassGenerator$NamePropertyHandler::claimPropertyImplementation (16 bytes)
Event: 6.072 Thread 0x000001a3f2583920 nmethod 5696 0x000001a3e00dc308 code [0x000001a3e00dc440, 0x000001a3e00dc6a0]
Event: 6.072 Thread 0x000001a3f2583920 5698       3       org.gradle.internal.instantiation.generator.AbstractClassGenerator::isIneligibleForConventionMapping (32 bytes)
Event: 6.072 Thread 0x000001a3f2583920 nmethod 5698 0x000001a3e00dc708 code [0x000001a3e00dc900, 0x000001a3e00dd820]
Event: 6.073 Thread 0x000001a3f2583920 5701       1       org.gradle.internal.instantiation.generator.AbstractClassGenerator$MethodMetadata::getGenericReturnType (5 bytes)
Event: 6.073 Thread 0x000001a3f2583920 nmethod 5701 0x000001a3e75bd008 code [0x000001a3e75bd100, 0x000001a3e75bd1c8]
Event: 6.073 Thread 0x000001a3f2583920 5691       1       org.gradle.internal.instantiation.generator.AbstractClassGenerator$PropertyMetadata::field (6 bytes)
Event: 6.073 Thread 0x000001a3f2583920 nmethod 5691 0x000001a3e75bd308 code [0x000001a3e75bd420, 0x000001a3e75bd530]
Event: 6.073 Thread 0x000001a3f2583920 5690       3       sun.reflect.generics.tree.MethodTypeSignature::<init> (26 bytes)
Event: 6.073 Thread 0x000001a3f2583920 nmethod 5690 0x000001a3e00dd888 code [0x000001a3e00dd9a0, 0x000001a3e00ddc70]
Event: 6.073 Thread 0x000001a3f2583920 5699       1       com.google.common.collect.LinkedHashMultimap$ValueSet::setSuccessorInValueSet (6 bytes)
Event: 6.073 Thread 0x000001a3f2583920 nmethod 5699 0x000001a3e75bd608 code [0x000001a3e75bd720, 0x000001a3e75bd830]
Event: 6.074 Thread 0x000001a3f2581ae0 nmethod 5700 0x000001a3e75bd908 code [0x000001a3e75bda20, 0x000001a3e75bdd10]
Event: 6.074 Thread 0x000001a3f2581ae0 5702       4       org.objectweb.asm.ByteVector::putInt (74 bytes)

GC Heap History (12 events):
Event: 0.791 GC heap before
{Heap before GC invocations=0 (full 0):
 garbage-first heap   total reserved 524288K, committed 264192K, used 51312K [0x00000000e0000000, 0x0000000100000000)
  region size 1024K, 47 young (48128K), 0 survivors (0K)
 Metaspace       used 4405K, committed 4672K, reserved 393216K
  class space    used 384K, committed 512K, reserved 327680K
}
Event: 0.795 GC heap after
{Heap after GC invocations=1 (full 0):
 garbage-first heap   total reserved 524288K, committed 264192K, used 11373K [0x00000000e0000000, 0x0000000100000000)
  region size 1024K, 6 young (6144K), 6 survivors (6144K)
 Metaspace       used 4405K, committed 4672K, reserved 393216K
  class space    used 384K, committed 512K, reserved 327680K
}
Event: 2.294 GC heap before
{Heap before GC invocations=1 (full 0):
 garbage-first heap   total reserved 524288K, committed 264192K, used 121965K [0x00000000e0000000, 0x0000000100000000)
  region size 1024K, 112 young (114688K), 6 survivors (6144K)
 Metaspace       used 14934K, committed 15360K, reserved 393216K
  class space    used 1550K, committed 1728K, reserved 327680K
}
Event: 2.300 GC heap after
{Heap after GC invocations=2 (full 0):
 garbage-first heap   total reserved 524288K, committed 264192K, used 21094K [0x00000000e0000000, 0x0000000100000000)
  region size 1024K, 14 young (14336K), 14 survivors (14336K)
 Metaspace       used 14934K, committed 15360K, reserved 393216K
  class space    used 1550K, committed 1728K, reserved 327680K
}
Event: 3.021 GC heap before
{Heap before GC invocations=2 (full 0):
 garbage-first heap   total reserved 524288K, committed 264192K, used 65126K [0x00000000e0000000, 0x0000000100000000)
  region size 1024K, 59 young (60416K), 14 survivors (14336K)
 Metaspace       used 20825K, committed 21504K, reserved 393216K
  class space    used 2259K, committed 2560K, reserved 327680K
}
Event: 3.028 GC heap after
{Heap after GC invocations=3 (full 0):
 garbage-first heap   total reserved 524288K, committed 264192K, used 24432K [0x00000000e0000000, 0x0000000100000000)
  region size 1024K, 12 young (12288K), 12 survivors (12288K)
 Metaspace       used 20825K, committed 21504K, reserved 393216K
  class space    used 2259K, committed 2560K, reserved 327680K
}
Event: 5.161 GC heap before
{Heap before GC invocations=4 (full 0):
 garbage-first heap   total reserved 524288K, committed 262144K, used 145264K [0x00000000e0000000, 0x0000000100000000)
  region size 1024K, 127 young (130048K), 12 survivors (12288K)
 Metaspace       used 34893K, committed 35968K, reserved 393216K
  class space    used 3769K, committed 4224K, reserved 327680K
}
Event: 5.171 GC heap after
{Heap after GC invocations=5 (full 0):
 garbage-first heap   total reserved 524288K, committed 262144K, used 34218K [0x00000000e0000000, 0x0000000100000000)
  region size 1024K, 13 young (13312K), 13 survivors (13312K)
 Metaspace       used 34893K, committed 35968K, reserved 393216K
  class space    used 3769K, committed 4224K, reserved 327680K
}
Event: 5.204 GC heap before
{Heap before GC invocations=5 (full 0):
 garbage-first heap   total reserved 524288K, committed 262144K, used 37290K [0x00000000e0000000, 0x0000000100000000)
  region size 1024K, 17 young (17408K), 13 survivors (13312K)
 Metaspace       used 35170K, committed 36288K, reserved 393216K
  class space    used 3815K, committed 4352K, reserved 327680K
}
Event: 5.208 GC heap after
{Heap after GC invocations=6 (full 0):
 garbage-first heap   total reserved 524288K, committed 262144K, used 34315K [0x00000000e0000000, 0x0000000100000000)
  region size 1024K, 10 young (10240K), 10 survivors (10240K)
 Metaspace       used 35170K, committed 36288K, reserved 393216K
  class space    used 3815K, committed 4352K, reserved 327680K
}
Event: 5.240 GC heap before
{Heap before GC invocations=6 (full 0):
 garbage-first heap   total reserved 524288K, committed 262144K, used 37387K [0x00000000e0000000, 0x0000000100000000)
  region size 1024K, 14 young (14336K), 10 survivors (10240K)
 Metaspace       used 35546K, committed 36608K, reserved 393216K
  class space    used 3859K, committed 4352K, reserved 327680K
}
Event: 5.242 GC heap after
{Heap after GC invocations=7 (full 0):
 garbage-first heap   total reserved 524288K, committed 262144K, used 34263K [0x00000000e0000000, 0x0000000100000000)
  region size 1024K, 10 young (10240K), 10 survivors (10240K)
 Metaspace       used 35546K, committed 36608K, reserved 393216K
  class space    used 3859K, committed 4352K, reserved 327680K
}

Dll operation events (15 events):
Event: 0.013 Loaded shared library C:\Users\cesarr\.jdks\openjdk-24.0.2\bin\java.dll
Event: 0.036 Loaded shared library C:\Users\cesarr\.jdks\openjdk-24.0.2\bin\jsvml.dll
Event: 0.068 Loaded shared library C:\Users\cesarr\.jdks\openjdk-24.0.2\bin\zip.dll
Event: 0.072 Loaded shared library C:\Users\cesarr\.jdks\openjdk-24.0.2\bin\instrument.dll
Event: 0.075 Loaded shared library C:\Users\cesarr\.jdks\openjdk-24.0.2\bin\net.dll
Event: 0.078 Loaded shared library C:\Users\cesarr\.jdks\openjdk-24.0.2\bin\nio.dll
Event: 0.080 Loaded shared library C:\Users\cesarr\.jdks\openjdk-24.0.2\bin\zip.dll
Event: 0.306 Loaded shared library C:\Users\cesarr\.jdks\openjdk-24.0.2\bin\jimage.dll
Event: 0.446 Loaded shared library C:\Users\cesarr\.jdks\openjdk-24.0.2\bin\verify.dll
Event: 0.524 Loaded shared library C:\Users\cesarr\.gradle\native\1def1411415f61bf3af743bc5b6707747c0891f09f0c88961ee8f79bc544acac\windows-amd64\native-platform.dll
Event: 0.534 Loaded shared library C:\Users\cesarr\.gradle\native\0.2.7\x86_64-windows-gnu\gradle-fileevents.dll
Event: 1.375 Loaded shared library C:\Users\cesarr\.jdks\openjdk-24.0.2\bin\management.dll
Event: 1.379 Loaded shared library C:\Users\cesarr\.jdks\openjdk-24.0.2\bin\management_ext.dll
Event: 1.510 Loaded shared library C:\Users\cesarr\.jdks\openjdk-24.0.2\bin\extnet.dll
Event: 1.814 Loaded shared library C:\Users\cesarr\.jdks\openjdk-24.0.2\bin\sunmscapi.dll

Deoptimization events (20 events):
Event: 5.975 Thread 0x000001a39b109df0 Uncommon trap: trap_request=0xffffff4d fr.pc=0x000001a3e74f8210 relative=0x0000000000006670
Event: 5.975 Thread 0x000001a39b109df0 Uncommon trap: reason=unstable_if action=reinterpret pc=0x000001a3e74f8210 method=java.util.zip.ZipFile.getInputStream(Ljava/util/zip/ZipEntry;)Ljava/io/InputStream; @ 118 c2
Event: 5.975 Thread 0x000001a39b109df0 DEOPT PACKING pc=0x000001a3e74f8210 sp=0x00000031da3f9ca0
Event: 5.975 Thread 0x000001a39b109df0 DEOPT UNPACKING pc=0x000001a3e6ef6d02 sp=0x00000031da3f99d8 mode 2
Event: 5.975 Thread 0x000001a39b109df0 Uncommon trap: trap_request=0xffffff76 fr.pc=0x000001a3e7407e5c relative=0x0000000000000e3c
Event: 5.975 Thread 0x000001a39b109df0 Uncommon trap: reason=predicate action=maybe_recompile pc=0x000001a3e7407e5c method=jdk.internal.loader.Resource.getBytes()[B @ 28 c2
Event: 5.975 Thread 0x000001a39b109df0 DEOPT PACKING pc=0x000001a3e7407e5c sp=0x00000031da3f9ba0
Event: 5.975 Thread 0x000001a39b109df0 DEOPT UNPACKING pc=0x000001a3e6ef6d02 sp=0x00000031da3f9b50 mode 2
Event: 5.975 Thread 0x000001a39b109df0 Uncommon trap: trap_request=0xffffff76 fr.pc=0x000001a3e7535c20 relative=0x0000000000000260
Event: 5.975 Thread 0x000001a39b109df0 Uncommon trap: reason=predicate action=maybe_recompile pc=0x000001a3e7535c20 method=sun.instrument.TransformerManager.transform(Ljava/lang/Module;Ljava/lang/ClassLoader;Ljava/lang/String;Ljava/lang/Class;Ljava/security/ProtectionDomain;[B)[B @ 21 c2
Event: 5.975 Thread 0x000001a39b109df0 DEOPT PACKING pc=0x000001a3e7535c20 sp=0x00000031da3f8820
Event: 5.975 Thread 0x000001a39b109df0 DEOPT UNPACKING pc=0x000001a3e6ef6d02 sp=0x00000031da3f86f0 mode 2
Event: 5.986 Thread 0x000001a39b109df0 Uncommon trap: trap_request=0xffffff76 fr.pc=0x000001a3e75356d4 relative=0x0000000000000234
Event: 5.986 Thread 0x000001a39b109df0 Uncommon trap: reason=predicate action=maybe_recompile pc=0x000001a3e75356d4 method=sun.instrument.TransformerManager.transform(Ljava/lang/Module;Ljava/lang/ClassLoader;Ljava/lang/String;Ljava/lang/Class;Ljava/security/ProtectionDomain;[B)[B @ 21 c2
Event: 5.986 Thread 0x000001a39b109df0 DEOPT PACKING pc=0x000001a3e75356d4 sp=0x00000031da3f7d20
Event: 5.986 Thread 0x000001a39b109df0 DEOPT UNPACKING pc=0x000001a3e6ef6d02 sp=0x00000031da3f7cc8 mode 2
Event: 6.069 Thread 0x000001a39b109df0 Uncommon trap: trap_request=0xffffff4d fr.pc=0x000001a3e7511d00 relative=0x0000000000000200
Event: 6.069 Thread 0x000001a39b109df0 Uncommon trap: reason=unstable_if action=reinterpret pc=0x000001a3e7511d00 method=java.util.HashMap.putVal(ILjava/lang/Object;Ljava/lang/Object;ZZ)Ljava/lang/Object; @ 162 c2
Event: 6.069 Thread 0x000001a39b109df0 DEOPT PACKING pc=0x000001a3e7511d00 sp=0x00000031da3fa260
Event: 6.069 Thread 0x000001a39b109df0 DEOPT UNPACKING pc=0x000001a3e6ef6d02 sp=0x00000031da3fa150 mode 2

Classes loaded (20 events):
Event: 5.817 Loading class java/io/DeleteOnExitHook
Event: 5.817 Loading class java/io/DeleteOnExitHook done
Event: 5.817 Loading class java/io/DeleteOnExitHook$1
Event: 5.817 Loading class java/io/DeleteOnExitHook$1 done
Event: 5.852 Loading class sun/reflect/ReflectionFactory
Event: 5.852 Loading class sun/reflect/ReflectionFactory done
Event: 5.944 Loading class java/util/stream/SortedOps
Event: 5.944 Loading class java/util/stream/SortedOps done
Event: 5.944 Loading class java/util/stream/SortedOps$OfRef
Event: 5.945 Loading class java/util/stream/SortedOps$OfRef done
Event: 5.945 Loading class java/util/stream/SortedOps$SizedRefSortingSink
Event: 5.946 Loading class java/util/stream/SortedOps$AbstractRefSortingSink
Event: 5.946 Loading class java/util/stream/SortedOps$AbstractRefSortingSink done
Event: 5.946 Loading class java/util/stream/SortedOps$SizedRefSortingSink done
Event: 5.981 Loading class java/lang/ThreadDeath
Event: 5.981 Loading class java/lang/ThreadDeath done
Event: 5.981 Loading class sun/misc/SharedSecrets
Event: 5.981 Loading class sun/misc/SharedSecrets done
Event: 6.024 Loading class java/util/AbstractList$ListItr
Event: 6.024 Loading class java/util/AbstractList$ListItr done

Classes unloaded (0 events):
No events

Classes redefined (0 events):
No events

Internal exceptions (20 events):
Event: 5.802 Thread 0x000001a39b109df0 Exception <a 'java/lang/NoSuchMethodError'{0x00000000eb2e22c0}: 'java.lang.Object java.lang.invoke.DirectMethodHandle$Holder.invokeSpecial(java.lang.Object, java.lang.Object, long, java.lang.Object, java.lang.Object)'> (0x00000000eb2e22c0) 
thrown [s\open\src\hotspot\share\interpreter\linkResolver.cpp, line 805]
Event: 5.810 Thread 0x000001a39b109df0 Exception <a 'java/lang/NoSuchMethodError'{0x00000000eb007938}: 'java.lang.Object java.lang.invoke.DirectMethodHandle$Holder.newInvokeSpecial(java.lang.Object, java.lang.Object, java.lang.Object, int, java.lang.Object)'> (0x00000000eb007938) 
thrown [s\open\src\hotspot\share\interpreter\linkResolver.cpp, line 805]
Event: 5.810 Thread 0x000001a39b109df0 Exception <a 'java/lang/NoSuchMethodError'{0x00000000eb010a28}: 'java.lang.Object java.lang.invoke.Invokers$Holder.linkToTargetMethod(java.lang.Object, java.lang.Object, int, java.lang.Object, java.lang.Object)'> (0x00000000eb010a28) 
thrown [s\open\src\hotspot\share\interpreter\linkResolver.cpp, line 805]
Event: 5.842 Thread 0x000001a39b109df0 Exception <a 'java/lang/NoSuchMethodError'{0x00000000ead09688}: 'int java.lang.invoke.DirectMethodHandle$Holder.invokeInterface(java.lang.Object, java.lang.Object, java.lang.Object, java.lang.Object, java.lang.Object)'> (0x00000000ead09688) 
thrown [s\open\src\hotspot\share\interpreter\linkResolver.cpp, line 805]
Event: 5.854 Thread 0x000001a39b109df0 Exception <a 'java/lang/NoSuchMethodError'{0x00000000eac2e348}: 'java.lang.Object java.lang.invoke.DirectMethodHandle$Holder.newInvokeSpecial(java.lang.Object, java.lang.Object, java.lang.Object, java.lang.Object, int, java.lang.Object)'> (0x00000000eac2e348) 
thrown [s\open\src\hotspot\share\interpreter\linkResolver.cpp, line 805]
Event: 5.855 Thread 0x000001a39b109df0 Exception <a 'java/lang/NoSuchMethodError'{0x00000000eac3f9a0}: 'java.lang.Object java.lang.invoke.Invokers$Holder.linkToTargetMethod(java.lang.Object, java.lang.Object, java.lang.Object, int, java.lang.Object, java.lang.Object)'> (0x00000000eac3f9a0) 
thrown [s\open\src\hotspot\share\interpreter\linkResolver.cpp, line 805]
Event: 5.903 Thread 0x000001a39b109df0 Exception <a 'java/lang/NoSuchMethodError'{0x00000000ea69c2e8}: 'java.lang.Object java.lang.invoke.DirectMethodHandle$Holder.invokeSpecialIFC(java.lang.Object, java.lang.Object, java.lang.Object)'> (0x00000000ea69c2e8) 
thrown [s\open\src\hotspot\share\interpreter\linkResolver.cpp, line 805]
Event: 5.970 Thread 0x000001a39b109df0 Exception <a 'java/lang/ClassNotFoundException'{0x00000000ea0f01d8}: ijJvmDebugger2_bk6dip13xdiggxvrfvj6wb62sBeanInfo> (0x00000000ea0f01d8) 
thrown [s\open\src\hotspot\share\classfile\systemDictionary.cpp, line 327]
Event: 5.970 Thread 0x000001a39b109df0 Exception <a 'java/lang/ClassNotFoundException'{0x00000000ea0f5a38}: ijJvmDebugger2_bk6dip13xdiggxvrfvj6wb62sCustomizer> (0x00000000ea0f5a38) 
thrown [s\open\src\hotspot\share\classfile\systemDictionary.cpp, line 327]
Event: 5.981 Thread 0x000001a39b109df0 Exception <a 'java/lang/ClassNotFoundException'{0x00000000e9e555c8}: sun/misc/SharedSecrets> (0x00000000e9e555c8) 
thrown [s\open\src\hotspot\share\classfile\systemDictionary.cpp, line 327]
Event: 5.982 Thread 0x000001a39b109df0 Exception <a 'java/lang/ClassNotFoundException'{0x00000000e9e588f8}: com/intellij/gradle/toolingExtension/impl/initScript/util/GradleLifecycleUtilBeanInfo> (0x00000000e9e588f8) 
thrown [s\open\src\hotspot\share\classfile\systemDictionary.cpp, line 327]
Event: 5.982 Thread 0x000001a39b109df0 Exception <a 'java/lang/ClassNotFoundException'{0x00000000e9e604d0}: com/intellij/gradle/toolingExtension/impl/initScript/util/GradleLifecycleUtilCustomizer> (0x00000000e9e604d0) 
thrown [s\open\src\hotspot\share\classfile\systemDictionary.cpp, line 327]
Event: 6.007 Thread 0x000001a39b109df0 Exception <a 'java/lang/ClassNotFoundException'{0x00000000e9d65540}: ijKotlinCoroutineJvmDebugInit2_6pekq2ou957nsgt1ht38t2b16BeanInfo> (0x00000000e9d65540) 
thrown [s\open\src\hotspot\share\classfile\systemDictionary.cpp, line 327]
Event: 6.007 Thread 0x000001a39b109df0 Exception <a 'java/lang/ClassNotFoundException'{0x00000000e9d6aeb8}: ijKotlinCoroutineJvmDebugInit2_6pekq2ou957nsgt1ht38t2b16Customizer> (0x00000000e9d6aeb8) 
thrown [s\open\src\hotspot\share\classfile\systemDictionary.cpp, line 327]
Event: 6.015 Thread 0x000001a39b109df0 Exception <a 'java/lang/ClassNotFoundException'{0x00000000e9c6a8c0}: ijKotlinCoroutineJvmDebugInit2_6pekq2ou957nsgt1ht38t2b16$_run_closure1BeanInfo> (0x00000000e9c6a8c0) 
thrown [s\open\src\hotspot\share\classfile\systemDictionary.cpp, line 327]
Event: 6.015 Thread 0x000001a39b109df0 Exception <a 'java/lang/ClassNotFoundException'{0x00000000e9c71010}: ijKotlinCoroutineJvmDebugInit2_6pekq2ou957nsgt1ht38t2b16$_run_closure1Customizer> (0x00000000e9c71010) 
thrown [s\open\src\hotspot\share\classfile\systemDictionary.cpp, line 327]
Event: 6.041 Thread 0x000001a39b109df0 Exception <a 'java/lang/ClassNotFoundException'{0x00000000e9bf99b0}: ijKotlinCoroutineJvmDebugInit2_6pekq2ou957nsgt1ht38t2b16BeanInfo> (0x00000000e9bf99b0) 
thrown [s\open\src\hotspot\share\classfile\systemDictionary.cpp, line 327]
Event: 6.041 Thread 0x000001a39b109df0 Exception <a 'java/lang/ClassNotFoundException'{0x00000000e99b0970}: ijKotlinCoroutineJvmDebugInit2_6pekq2ou957nsgt1ht38t2b16Customizer> (0x00000000e99b0970) 
thrown [s\open\src\hotspot\share\classfile\systemDictionary.cpp, line 327]
Event: 6.062 Thread 0x000001a39b109df0 Exception <a 'java/lang/ClassNotFoundException'{0x00000000e974abc8}: Build_API_Biodex1_9ql10k24sb866fqwh8vwv3c04BeanInfo> (0x00000000e974abc8) 
thrown [s\open\src\hotspot\share\classfile\systemDictionary.cpp, line 327]
Event: 6.062 Thread 0x000001a39b109df0 Exception <a 'java/lang/ClassNotFoundException'{0x00000000e97504a8}: Build_API_Biodex1_9ql10k24sb866fqwh8vwv3c04Customizer> (0x00000000e97504a8) 
thrown [s\open\src\hotspot\share\classfile\systemDictionary.cpp, line 327]

VM Operations (20 events):
Event: 5.204 Executing VM operation: CollectForMetadataAllocation (Metadata GC Threshold)
Event: 5.208 Executing VM operation: CollectForMetadataAllocation (Metadata GC Threshold) done
Event: 5.234 Executing VM operation: HandshakeAllThreads (Deoptimize)
Event: 5.234 Executing VM operation: HandshakeAllThreads (Deoptimize) done
Event: 5.239 Executing VM operation: CollectForMetadataAllocation (Metadata GC Threshold)
Event: 5.243 Executing VM operation: CollectForMetadataAllocation (Metadata GC Threshold) done
Event: 5.252 Executing VM operation: G1PauseRemark
Event: 5.254 Executing VM operation: G1PauseRemark done
Event: 5.257 Executing VM operation: G1PauseCleanup
Event: 5.257 Executing VM operation: G1PauseCleanup done
Event: 5.330 Executing VM operation: HandshakeAllThreads (Deoptimize)
Event: 5.330 Executing VM operation: HandshakeAllThreads (Deoptimize) done
Event: 5.568 Executing VM operation: HandshakeAllThreads (Deoptimize)
Event: 5.568 Executing VM operation: HandshakeAllThreads (Deoptimize) done
Event: 5.604 Executing VM operation: HandshakeAllThreads (Deoptimize)
Event: 5.604 Executing VM operation: HandshakeAllThreads (Deoptimize) done
Event: 5.785 Executing VM operation: HandshakeAllThreads (Deoptimize)
Event: 5.785 Executing VM operation: HandshakeAllThreads (Deoptimize) done
Event: 6.025 Executing VM operation: HandshakeAllThreads (Deoptimize)
Event: 6.025 Executing VM operation: HandshakeAllThreads (Deoptimize) done

Memory protections (0 events):
No events

Nmethod flushes (20 events):
Event: 5.254 Thread 0x000001a3f2550ac0 flushing  nmethod 0x000001a3df968a88
Event: 5.254 Thread 0x000001a3f2550ac0 flushing  nmethod 0x000001a3df969808
Event: 5.254 Thread 0x000001a3f2550ac0 flushing  nmethod 0x000001a3df9d2f08
Event: 5.254 Thread 0x000001a3f2550ac0 flushing  nmethod 0x000001a3df9d6108
Event: 5.254 Thread 0x000001a3f2550ac0 flushing  nmethod 0x000001a3df9d6d08
Event: 5.254 Thread 0x000001a3f2550ac0 flushing  nmethod 0x000001a3df9d9408
Event: 5.254 Thread 0x000001a3f2550ac0 flushing  nmethod 0x000001a3df9da108
Event: 5.254 Thread 0x000001a3f2550ac0 flushing  nmethod 0x000001a3df9da408
Event: 5.254 Thread 0x000001a3f2550ac0 flushing  nmethod 0x000001a3df9da708
Event: 5.254 Thread 0x000001a3f2550ac0 flushing  nmethod 0x000001a3dfa24a08
Event: 5.254 Thread 0x000001a3f2550ac0 flushing  nmethod 0x000001a3dfa26108
Event: 5.254 Thread 0x000001a3f2550ac0 flushing  nmethod 0x000001a3dfa2c988
Event: 5.254 Thread 0x000001a3f2550ac0 flushing  nmethod 0x000001a3dfaa1788
Event: 5.254 Thread 0x000001a3f2550ac0 flushing  nmethod 0x000001a3dfaa3688
Event: 5.254 Thread 0x000001a3f2550ac0 flushing  nmethod 0x000001a3dfaa3a88
Event: 5.254 Thread 0x000001a3f2550ac0 flushing  nmethod 0x000001a3dfb2e588
Event: 5.254 Thread 0x000001a3f2550ac0 flushing  nmethod 0x000001a3dfb5a108
Event: 5.254 Thread 0x000001a3f2550ac0 flushing  nmethod 0x000001a3dfbc6188
Event: 5.254 Thread 0x000001a3f2550ac0 flushing  nmethod 0x000001a3dfbc6f88
Event: 5.254 Thread 0x000001a3f2550ac0 flushing  nmethod 0x000001a3dfbc8008

Events (20 events):
Event: 5.116 Thread 0x000001a39b109df0 Thread added: 0x000001a39b395cb0
Event: 5.389 Thread 0x000001a39b109df0 Thread added: 0x000001a39b3972a0
Event: 5.443 Thread 0x000001a39b109df0 Thread added: 0x000001a39b3946c0
Event: 5.872 Thread 0x000001a39b109df0 Thread added: 0x000001a39b393f70
Event: 5.873 Thread 0x000001a39b109df0 Thread added: 0x000001a39b3979f0
Event: 5.875 Thread 0x000001a39b109df0 Thread added: 0x000001a39c3d50e0
Event: 5.875 Thread 0x000001a39b109df0 Thread added: 0x000001a39c3d4240
Event: 5.903 Thread 0x000001a39b109df0 Thread added: 0x000001a39c3d5f80
Event: 5.904 Thread 0x000001a39b109df0 Thread added: 0x000001a39c3d66d0
Event: 5.904 Thread 0x000001a39b109df0 Thread added: 0x000001a39c3d4990
Event: 5.905 Thread 0x000001a39b109df0 Thread added: 0x000001a39c3d7570
Event: 5.964 Thread 0x000001a39b109df0 Thread added: 0x000001a39c3d5830
Event: 6.001 Thread 0x000001a39b109df0 Thread added: 0x000001a39c3d8b60
Event: 6.021 Thread 0x000001a39b109df0 Thread added: 0x000001a39c3d92b0
Event: 6.021 Thread 0x000001a39b109df0 Thread added: 0x000001a39c3d7cc0
Event: 6.022 Thread 0x000001a39b109df0 Thread added: 0x000001a39c3d6e20
Event: 6.022 Thread 0x000001a39b109df0 Thread added: 0x000001a39c3d9a00
Event: 6.035 Thread 0x000001a39b109df0 Thread added: 0x000001a39c3da150
Event: 6.050 Thread 0x000001a39b109df0 Thread added: 0x000001a39c3da8a0
Event: 6.056 Thread 0x000001a39b109df0 Thread added: 0x000001a39c3daff0


Dynamic libraries:
0x00007ff7ebe90000 - 0x00007ff7ebe9e000 	C:\Users\cesarr\.jdks\openjdk-24.0.2\bin\java.exe
0x00007ffeb2f80000 - 0x00007ffeb31e9000 	C:\WINDOWS\SYSTEM32\ntdll.dll
0x00007ffeb1860000 - 0x00007ffeb1929000 	C:\WINDOWS\System32\KERNEL32.DLL
0x00007ffeb0770000 - 0x00007ffeb0b63000 	C:\WINDOWS\System32\KERNELBASE.dll
0x00007ffeb04a0000 - 0x00007ffeb05eb000 	C:\WINDOWS\System32\ucrtbase.dll
0x00007ffe71410000 - 0x00007ffe7142b000 	C:\Users\cesarr\.jdks\openjdk-24.0.2\bin\VCRUNTIME140.dll
0x00007ffe6cfa0000 - 0x00007ffe6cfb6000 	C:\Users\cesarr\.jdks\openjdk-24.0.2\bin\jli.dll
0x00007ffeb23b0000 - 0x00007ffeb2574000 	C:\WINDOWS\System32\USER32.dll
0x00007ffeaf370000 - 0x00007ffeaf603000 	C:\WINDOWS\WinSxS\amd64_microsoft.windows.common-controls_6595b64144ccf1df_6.0.26100.5074_none_3e0d6f78e32fd63f\COMCTL32.dll
0x00007ffeb0470000 - 0x00007ffeb0497000 	C:\WINDOWS\System32\win32u.dll
0x00007ffeb2e10000 - 0x00007ffeb2eb9000 	C:\WINDOWS\System32\msvcrt.dll
0x00007ffeb2dd0000 - 0x00007ffeb2dfb000 	C:\WINDOWS\System32\GDI32.dll
0x00007ffeb0c20000 - 0x00007ffeb0d4d000 	C:\WINDOWS\System32\gdi32full.dll
0x00007ffeb0b70000 - 0x00007ffeb0c13000 	C:\WINDOWS\System32\msvcp_win.dll
0x00007ffeb1090000 - 0x00007ffeb10bf000 	C:\WINDOWS\System32\IMM32.DLL
0x00007ffe85fd0000 - 0x00007ffe860c2000 	C:\Program Files\Windhawk\Engine\1.6.1\64\windhawk.dll
0x00007ffeb2680000 - 0x00007ffeb2734000 	C:\WINDOWS\System32\ADVAPI32.dll
0x00007ffeb0fe0000 - 0x00007ffeb1086000 	C:\WINDOWS\System32\sechost.dll
0x00007ffeb2cb0000 - 0x00007ffeb2dc8000 	C:\WINDOWS\System32\RPCRT4.dll
0x00007ffe6e7c0000 - 0x00007ffe6e7cc000 	C:\Users\cesarr\.jdks\openjdk-24.0.2\bin\vcruntime140_1.dll
0x00007ffe3fa60000 - 0x00007ffe3faee000 	C:\Users\cesarr\.jdks\openjdk-24.0.2\bin\msvcp140.dll
0x00007ffe11860000 - 0x00007ffe12601000 	C:\Users\cesarr\.jdks\openjdk-24.0.2\bin\server\jvm.dll
0x00007ffeb1a60000 - 0x00007ffeb1ad4000 	C:\WINDOWS\System32\WS2_32.dll
0x00007ffeaff70000 - 0x00007ffeaffce000 	C:\WINDOWS\SYSTEM32\POWRPROF.dll
0x00007ffea1bf0000 - 0x00007ffea1c25000 	C:\WINDOWS\SYSTEM32\WINMM.dll
0x00007ffea6370000 - 0x00007ffea637b000 	C:\WINDOWS\SYSTEM32\VERSION.dll
0x00007ffeaff50000 - 0x00007ffeaff64000 	C:\WINDOWS\SYSTEM32\UMPDC.dll
0x00007ffeae5c0000 - 0x00007ffeae5db000 	C:\WINDOWS\SYSTEM32\kernel.appcore.dll
0x00007ffe6dce0000 - 0x00007ffe6dcea000 	C:\Users\cesarr\.jdks\openjdk-24.0.2\bin\jimage.dll
0x00007ffeaf8e0000 - 0x00007ffeafb22000 	C:\WINDOWS\SYSTEM32\DBGHELP.DLL
0x00007ffeb1af0000 - 0x00007ffeb1e6b000 	C:\WINDOWS\System32\combase.dll
0x00007ffeb2bd0000 - 0x00007ffeb2ca7000 	C:\WINDOWS\System32\OLEAUT32.dll
0x00007ffeaf7d0000 - 0x00007ffeaf80d000 	C:\WINDOWS\SYSTEM32\dbgcore.DLL
0x00007ffeb03d0000 - 0x00007ffeb0469000 	C:\WINDOWS\System32\bcryptPrimitives.dll
0x00007ffe6cf50000 - 0x00007ffe6cf5f000 	C:\Users\cesarr\.jdks\openjdk-24.0.2\bin\instrument.dll
0x00007ffe6cb40000 - 0x00007ffe6cb5e000 	C:\Users\cesarr\.jdks\openjdk-24.0.2\bin\java.dll
0x00007ffeb2050000 - 0x00007ffeb21e8000 	C:\WINDOWS\System32\ole32.dll
0x00007ffeb1100000 - 0x00007ffeb184d000 	C:\WINDOWS\System32\SHELL32.dll
0x00007ffeb0260000 - 0x00007ffeb03cc000 	C:\WINDOWS\System32\wintypes.dll
0x00007ffead310000 - 0x00007ffeadb69000 	C:\WINDOWS\SYSTEM32\windows.storage.dll
0x00007ffeb2580000 - 0x00007ffeb2670000 	C:\WINDOWS\System32\SHCORE.dll
0x00007ffeb0d50000 - 0x00007ffeb0db2000 	C:\WINDOWS\System32\shlwapi.dll
0x00007ffeb0030000 - 0x00007ffeb0059000 	C:\WINDOWS\SYSTEM32\profapi.dll
0x00007ffe33ff0000 - 0x00007ffe340c7000 	C:\Users\cesarr\.jdks\openjdk-24.0.2\bin\jsvml.dll
0x00007ffe625d0000 - 0x00007ffe625e7000 	C:\Users\cesarr\.jdks\openjdk-24.0.2\bin\zip.dll
0x00007ffe6c9b0000 - 0x00007ffe6c9c0000 	C:\Users\cesarr\.jdks\openjdk-24.0.2\bin\net.dll
0x00007ffeaeb00000 - 0x00007ffeaeb6b000 	C:\WINDOWS\system32\mswsock.dll
0x00007ffe5d3c0000 - 0x00007ffe5d3d6000 	C:\Users\cesarr\.jdks\openjdk-24.0.2\bin\nio.dll
0x00007ffe625b0000 - 0x00007ffe625c0000 	C:\Users\cesarr\.jdks\openjdk-24.0.2\bin\verify.dll
0x00007ffe72e30000 - 0x00007ffe72e57000 	C:\Users\cesarr\.gradle\native\1def1411415f61bf3af743bc5b6707747c0891f09f0c88961ee8f79bc544acac\windows-amd64\native-platform.dll
0x00007ffe52830000 - 0x00007ffe528a8000 	C:\Users\cesarr\.gradle\native\0.2.7\x86_64-windows-gnu\gradle-fileevents.dll
0x00007ffe5d070000 - 0x00007ffe5d07a000 	C:\Users\cesarr\.jdks\openjdk-24.0.2\bin\management.dll
0x00007ffe5d060000 - 0x00007ffe5d06b000 	C:\Users\cesarr\.jdks\openjdk-24.0.2\bin\management_ext.dll
0x00007ffeb1850000 - 0x00007ffeb1858000 	C:\WINDOWS\System32\PSAPI.DLL
0x00007ffeae0b0000 - 0x00007ffeae0e4000 	C:\WINDOWS\SYSTEM32\IPHLPAPI.DLL
0x00007ffeb2e00000 - 0x00007ffeb2e0a000 	C:\WINDOWS\System32\NSI.dll
0x00007ffe5d050000 - 0x00007ffe5d059000 	C:\Users\cesarr\.jdks\openjdk-24.0.2\bin\extnet.dll
0x00007ffeafc50000 - 0x00007ffeafc6b000 	C:\WINDOWS\SYSTEM32\CRYPTSP.dll
0x00007ffeaeb70000 - 0x00007ffeaebab000 	C:\WINDOWS\system32\rsaenh.dll
0x00007ffeaebe0000 - 0x00007ffeaec0b000 	C:\WINDOWS\SYSTEM32\USERENV.dll
0x00007ffeb0000000 - 0x00007ffeb0026000 	C:\WINDOWS\SYSTEM32\bcrypt.dll
0x00007ffeaee10000 - 0x00007ffeaee1c000 	C:\WINDOWS\SYSTEM32\CRYPTBASE.dll
0x00007ffe5d040000 - 0x00007ffe5d04e000 	C:\Users\cesarr\.jdks\openjdk-24.0.2\bin\sunmscapi.dll
0x00007ffeaf1f0000 - 0x00007ffeaf220000 	C:\WINDOWS\SYSTEM32\ncrypt.dll
0x000001a39bfa0000 - 0x000001a39c117000 	C:\WINDOWS\System32\CRYPT32.dll
0x00007ffeaf0e0000 - 0x00007ffeaf11f000 	C:\WINDOWS\SYSTEM32\NTASN1.dll
0x00007ffe360d0000 - 0x00007ffe360d8000 	C:\WINDOWS\system32\wshunix.dll

JVMTI agents:
C:\Users\cesarr\.gradle\wrapper\dists\gradle-8.14.3-bin\cv11ve7ro1n3o1j4so8xd9n66\gradle-8.14.3\lib\agents\gradle-instrumentation-agent-8.14.3.jar path:C:\Users\cesarr\.jdks\openjdk-24.0.2\bin\instrument.dll, loaded, initialized, instrumentlib options:none

dbghelp: loaded successfully - version: 4.0.5 - missing functions: none
symbol engine: initialized successfully - sym options: 0x614 - pdb path: .;C:\Users\cesarr\.jdks\openjdk-24.0.2\bin;C:\WINDOWS\SYSTEM32;C:\WINDOWS\WinSxS\amd64_microsoft.windows.common-controls_6595b64144ccf1df_6.0.26100.5074_none_3e0d6f78e32fd63f;C:\Program Files\Windhawk\Engine\1.6.1\64;C:\Users\cesarr\.jdks\openjdk-24.0.2\bin\server;C:\Users\cesarr\.gradle\native\1def1411415f61bf3af743bc5b6707747c0891f09f0c88961ee8f79bc544acac\windows-amd64;C:\Users\cesarr\.gradle\native\0.2.7\x86_64-windows-gnu

VM Arguments:
jvm_args: --add-opens=java.base/java.lang=ALL-UNNAMED --add-opens=java.base/java.lang.invoke=ALL-UNNAMED --add-opens=java.base/java.util=ALL-UNNAMED --add-opens=java.prefs/java.util.prefs=ALL-UNNAMED --add-exports=jdk.compiler/com.sun.tools.javac.api=ALL-UNNAMED --add-exports=jdk.compiler/com.sun.tools.javac.util=ALL-UNNAMED --add-opens=java.base/java.util=ALL-UNNAMED --add-opens=java.prefs/java.util.prefs=ALL-UNNAMED --add-opens=java.base/java.nio.charset=ALL-UNNAMED --add-opens=java.base/java.net=ALL-UNNAMED --add-opens=java.base/java.util.concurrent.atomic=ALL-UNNAMED --add-opens=java.xml/javax.xml.namespace=ALL-UNNAMED --enable-native-access=ALL-UNNAMED -XX:MaxMetaspaceSize=384m -XX:+HeapDumpOnOutOfMemoryError -Xms256m -Xmx512m -Dfile.encoding=UTF-8 -Duser.country=419 -Duser.language=es -Duser.variant -javaagent:C:\Users\cesarr\.gradle\wrapper\dists\gradle-8.14.3-bin\cv11ve7ro1n3o1j4so8xd9n66\gradle-8.14.3\lib\agents\gradle-instrumentation-agent-8.14.3.jar 
java_command: org.gradle.launcher.daemon.bootstrap.GradleDaemon 8.14.3
java_class_path (initial): C:\Users\cesarr\.gradle\wrapper\dists\gradle-8.14.3-bin\cv11ve7ro1n3o1j4so8xd9n66\gradle-8.14.3\lib\gradle-daemon-main-8.14.3.jar
Launcher Type: SUN_STANDARD

[Global flags]
     intx CICompilerCount                          = 4                                         {product} {ergonomic}
   size_t CompressedClassSpaceSize                 = 335544320                                 {product} {ergonomic}
     uint ConcGCThreads                            = 3                                         {product} {ergonomic}
     uint G1ConcRefinementThreads                  = 10                                        {product} {ergonomic}
   size_t G1HeapRegionSize                         = 1048576                                   {product} {ergonomic}
     bool HeapDumpOnOutOfMemoryError               = true                                   {manageable} {command line}
   size_t InitialHeapSize                          = 268435456                                 {product} {command line}
   size_t MarkStackSize                            = 4194304                                   {product} {ergonomic}
   size_t MarkStackSizeMax                         = 536870912                                 {product} {ergonomic}
   size_t MaxHeapSize                              = 536870912                                 {product} {command line}
   size_t MaxMetaspaceSize                         = 402653184                                 {product} {command line}
   size_t MaxNewSize                               = 321912832                                 {product} {ergonomic}
   size_t MinHeapDeltaBytes                        = 1048576                                   {product} {ergonomic}
   size_t MinHeapSize                              = 268435456                                 {product} {command line}
    uintx NonNMethodCodeHeapSize                   = 5832704                                {pd product} {ergonomic}
    uintx NonProfiledCodeHeapSize                  = 122945536                              {pd product} {ergonomic}
    uintx ProfiledCodeHeapSize                     = 122880000                              {pd product} {ergonomic}
    uintx ReservedCodeCacheSize                    = 251658240                              {pd product} {ergonomic}
     bool SegmentedCodeCache                       = true                                      {product} {ergonomic}
   size_t SoftMaxHeapSize                          = 536870912                              {manageable} {ergonomic}
     bool UseCompressedOops                        = true                           {product lp64_product} {ergonomic}
     bool UseG1GC                                  = true                                      {product} {ergonomic}
     bool UseLargePagesIndividualAllocation        = false                                  {pd product} {ergonomic}

Logging:
Log output configuration:
 #0: stdout all=warning uptime,level,tags foldmultilines=false
 #1: stderr all=off uptime,level,tags foldmultilines=false

Environment Variables:
PATH=C:\Users\cesarr\AppData\Local\Programs\Python\Python313\Scripts\;C:\Users\cesarr\AppData\Local\Programs\Python\Python313\;C:\windows\system32;C:\windows;C:\windows\System32\Wbem;C:\windows\System32\WindowsPowerShell\v1.0\;C:\windows\System32\OpenSSH\;C:\Program Files (x86)\NVIDIA Corporation\PhysX\Common;C:\Program Files\NVIDIA Corporation\NVIDIA NvDLISR;C:\Users\Administrator\AppData\Local\Microsoft\WindowsApps;C:\Program Files\HP\OMEN-Broadcast\Common;C:\Program Files\PuTTY\;C:\WINDOWS\system32;C:\WINDOWS;C:\WINDOWS\System32\Wbem;C:\WINDOWS\System32\WindowsPowerShell\v1.0\;C:\WINDOWS\System32\OpenSSH\;C:\Program Files\Git\cmd;C:\Program Files\nodejs\;C:\ProgramData\chocolatey\bin;C:\Users\cesarr\AppData\Local\Programs\Eclipse Adoptium\jdk-21.0.7.6-hotspot\bin;C:\Users\cesarr\AppData\Local\Microsoft\WindowsApps;C:\Users\cesarr\AppData\Local\Programs\Microsoft VS Code\bin;C:\ruta\completa\hasta\bin;C:\Users\cesarr\Downloads\x86_64-8.1.0-release-posix-seh-rt_v6-rev0\mingw64\bin;C:\Users\cesarr\AppData\Roaming\npm
USERNAME=cesarr
OS=Windows_NT
PROCESSOR_IDENTIFIER=AMD64 Family 25 Model 117 Stepping 2, AuthenticAMD
TMP=C:\Users\cesarr\AppData\Local\Temp
TEMP=C:\Users\cesarr\AppData\Local\Temp




Periodic native trim disabled

---------------  S Y S T E M  ---------------

OS:
 Windows 11 , 64 bit Build 26100 (10.0.26100.5074)
OS uptime: 1 days 21:10 hours
Hyper-V role detected

CPU: total 12 (initial active 12) (12 cores per cpu, 2 threads per core) family 25 model 117 stepping 2 microcode 0xa70520a, cx8, cmov, fxsr, ht, mmx, 3dnowpref, sse, sse2, sse3, ssse3, sse4a, sse4.1, sse4.2, popcnt, lzcnt, tsc, tscinvbit, avx, avx2, aes, erms, clmul, bmi1, bmi2, adx, avx512f, avx512dq, avx512cd, avx512bw, avx512vl, sha, fma, vzeroupper, avx512_vpopcntdq, avx512_vpclmulqdq, avx512_vaes, avx512_vnni, clflush, clflushopt, avx512_vbmi2, avx512_vbmi, hv, rdtscp, rdpid, fsrm, gfni, avx512_bitalg, f16c, cet_ss, avx512_ifma
Processor Information for processor 0
  Max Mhz: 4301, Current Mhz: 3430, Mhz Limit: 4301
Processor Information for processor 1
  Max Mhz: 4301, Current Mhz: 3430, Mhz Limit: 4301
Processor Information for processor 2
  Max Mhz: 4301, Current Mhz: 4301, Mhz Limit: 4301
Processor Information for processor 3
  Max Mhz: 4301, Current Mhz: 3430, Mhz Limit: 4301
Processor Information for processor 4
  Max Mhz: 4301, Current Mhz: 4301, Mhz Limit: 4301
Processor Information for processor 5
  Max Mhz: 4301, Current Mhz: 3430, Mhz Limit: 4301
Processor Information for processor 6
  Max Mhz: 4301, Current Mhz: 3430, Mhz Limit: 4301
Processor Information for processor 7
  Max Mhz: 4301, Current Mhz: 3430, Mhz Limit: 4301
Processor Information for processor 8
  Max Mhz: 4301, Current Mhz: 3430, Mhz Limit: 4301
Processor Information for processor 9
  Max Mhz: 4301, Current Mhz: 4301, Mhz Limit: 4301
Processor Information for processor 10
  Max Mhz: 4301, Current Mhz: 3430, Mhz Limit: 4301
Processor Information for processor 11
  Max Mhz: 4301, Current Mhz: 3430, Mhz Limit: 4301

Memory: 4k page, system-wide physical 7439M (416M free)
TotalPageFile size 29967M (AvailPageFile size 19M)
current process WorkingSet (physical memory assigned to process): 329M, peak: 329M
current process commit charge ("private bytes"): 464M, peak: 481M

vm_info: OpenJDK 64-Bit Server VM (24.0.2+12-54) for windows-amd64 JRE (24.0.2+12-54), built on 2025-07-08T12:10:27Z with MS VC++ 17.6 (VS2022)

END.
