#
# There is insufficient memory for the Java Runtime Environment to continue.
# Native memory allocation (malloc) failed to allocate 942576 bytes. Error detail: Chunk::new
# Possible reasons:
#   The system is out of physical RAM or swap space
#   This process is running with CompressedOops enabled, and the Java Heap may be blocking the growth of the native heap
# Possible solutions:
#   Reduce memory load on the system
#   Increase physical memory or swap space
#   Check if swap backing store is full
#   Decrease Java heap size (-Xmx/-Xms)
#   Decrease number of Java threads
#   Decrease Java thread stack sizes (-Xss)
#   Set larger code cache with -XX:ReservedCodeCacheSize=
#   JVM is running with Unscaled Compressed Oops mode in which the Java heap is
#     placed in the first 4GB address space. The Java Heap base address is the
#     maximum limit for the native heap growth. Please use -XX:HeapBaseMinAddress
#     to set the Java Heap base and to place the Java Heap above 4GB virtual address.
# This output file may be truncated or incomplete.
#
#  Out of Memory Error (arena.cpp:162), pid=12568, tid=1912
#
# JRE version: OpenJDK Runtime Environment (24.0.2+12) (build 24.0.2+12-54)
# Java VM: OpenJDK 64-Bit Server VM (24.0.2+12-54, mixed mode, sharing, tiered, compressed oops, compressed class ptrs, parallel gc, windows-amd64)
# No core dump will be written. Minidumps are not enabled by default on client versions of Windows
#

---------------  S U M M A R Y ------------

Command Line: --add-opens=java.base/java.lang=ALL-UNNAMED --add-opens=java.base/java.lang.invoke=ALL-UNNAMED --add-opens=java.base/java.util=ALL-UNNAMED --add-opens=java.prefs/java.util.prefs=ALL-UNNAMED --add-exports=jdk.compiler/com.sun.tools.javac.api=ALL-UNNAMED --add-exports=jdk.compiler/com.sun.tools.javac.util=ALL-UNNAMED --add-opens=java.base/java.util=ALL-UNNAMED --add-opens=java.prefs/java.util.prefs=ALL-UNNAMED --add-opens=java.base/java.nio.charset=ALL-UNNAMED --add-opens=java.base/java.net=ALL-UNNAMED --add-opens=java.base/java.util.concurrent.atomic=ALL-UNNAMED --add-opens=java.xml/javax.xml.namespace=ALL-UNNAMED --enable-native-access=ALL-UNNAMED -XX:+UseParallelGC -Xms128m -Xmx512m -Dfile.encoding=UTF-8 -Duser.country=419 -Duser.language=es -Duser.variant -javaagent:C:\Users\cesarr\.gradle\wrapper\dists\gradle-8.14.3-bin\cv11ve7ro1n3o1j4so8xd9n66\gradle-8.14.3\lib\agents\gradle-instrumentation-agent-8.14.3.jar org.gradle.launcher.daemon.bootstrap.GradleDaemon 8.14.3

Host: AMD Ryzen 5 8645HS w/ Radeon 760M Graphics, 12 cores, 7G,  Windows 11 , 64 bit Build 26100 (10.0.26100.5074)
Time: Tue Dec  2 09:42:40 2025 Hora estándar central (México) elapsed time: 3506.730414 seconds (0d 0h 58m 26s)

---------------  T H R E A D  ---------------

Current thread (0x0000020d29cb5670):  JavaThread "C2 CompilerThread0" daemon [_thread_in_native, id=1912, stack(0x000000a959900000,0x000000a959a00000) (1024K)]


Current CompileTask:
C2:3506730 18968       4       org.gradle.api.internal.artifacts.ivyservice.resolveengine.graph.builder.DependencyGraphBuilder::resolveEdges (47 bytes)

Stack: [0x000000a959900000,0x000000a959a00000]
Native frames: (J=compiled Java code, j=interpreted, Vv=VM code, C=native code)
V  [jvm.dll+0x730829]  (no source info available)
V  [jvm.dll+0x8d9da3]  (no source info available)
V  [jvm.dll+0x8dc28d]  (no source info available)
V  [jvm.dll+0x8dc903]  (no source info available)
V  [jvm.dll+0x2a9f56]  (no source info available)
V  [jvm.dll+0xced7f]  (no source info available)
V  [jvm.dll+0xcefdf]  (no source info available)
V  [jvm.dll+0x320111]  (no source info available)
V  [jvm.dll+0x64bc18]  (no source info available)
V  [jvm.dll+0x2781f4]  (no source info available)
V  [jvm.dll+0x270dd3]  (no source info available)
V  [jvm.dll+0x26e802]  (no source info available)
V  [jvm.dll+0x1e9c90]  (no source info available)
V  [jvm.dll+0x27e0cb]  (no source info available)
V  [jvm.dll+0x27c36a]  (no source info available)
V  [jvm.dll+0x42f396]  (no source info available)
V  [jvm.dll+0x87d9eb]  (no source info available)
V  [jvm.dll+0x72ef45]  (no source info available)
C  [ucrtbase.dll+0x37b0]  (no source info available)
C  [KERNEL32.DLL+0x2e8d7]  (no source info available)
C  [ntdll.dll+0x8d9c]  (no source info available)

Lock stack of current Java thread (top to bottom):


---------------  P R O C E S S  ---------------

Threads class SMR info:
_java_thread_list=0x0000020d8e5925d0, length=82, elements={
0x0000020d277cd280, 0x0000020d29a16c60, 0x0000020d29a17990, 0x0000020d29c9f730,
0x0000020d29ca03c0, 0x0000020d29ca6570, 0x0000020d840424f0, 0x0000020d29cb5670,
0x0000020d29cb6650, 0x0000020d842844f0, 0x0000020d842a2380, 0x0000020d8a6a9490,
0x0000020d8a79b8a0, 0x0000020d8aaf2720, 0x0000020d8a782190, 0x0000020d8a7828e0,
0x0000020d8a783030, 0x0000020d8c5d4ff0, 0x0000020d8c5d3a00, 0x0000020d8c5d32b0,
0x0000020d8c5d4150, 0x0000020d8c5d48a0, 0x0000020d8ae94a60, 0x0000020d8ae93470,
0x0000020d8ae93bc0, 0x0000020d8ae91e80, 0x0000020d8ae925d0, 0x0000020d8ae96050,
0x0000020d8ae92d20, 0x0000020d8ae951b0, 0x0000020d8ae95900, 0x0000020d8ae967a0,
0x0000020d89446460, 0x0000020d8d9aad20, 0x0000020d8d9ae7a0, 0x0000020d8d9ab470,
0x0000020d8d9ac310, 0x0000020d8d9b04e0, 0x0000020d8a7812f0, 0x0000020d8b665e70,
0x0000020d8b663290, 0x0000020d8b662b40, 0x0000020d8b665720, 0x0000020d8b6665c0,
0x0000020d8b664130, 0x0000020d8b6639e0, 0x0000020d8b664880, 0x0000020d8b66b630,
0x0000020d8b6698f0, 0x0000020d8b66c4d0, 0x0000020d8b6691a0, 0x0000020d8b66a040,
0x0000020d8b66a790, 0x0000020d8b66e960, 0x0000020d8b66f0b0, 0x0000020d8b66bd80,
0x0000020d8b66e210, 0x0000020d8b66d370, 0x0000020d8b66f800, 0x0000020d8b66dac0,
0x0000020d8b66ff50, 0x0000020d8b66cc20, 0x0000020d8b6706a0, 0x0000020d8b670df0,
0x0000020d8b671540, 0x0000020d8b671c90, 0x0000020d8e85ada0, 0x0000020d8e85bc40,
0x0000020d8e85c390, 0x0000020d8e85cae0, 0x0000020d8e85a650, 0x0000020d8e85d230,
0x0000020d8e859f00, 0x0000020d8e85ef70, 0x0000020d8e85d980, 0x0000020d8e85f6c0,
0x0000020d8e85fe10, 0x0000020d8e860560, 0x0000020d8e860cb0, 0x0000020d8e85e820,
0x0000020d8c3bcbf0, 0x0000020d894429e0
}

Java Threads: ( => current thread )
  0x0000020d277cd280 JavaThread "main"                              [_thread_blocked, id=20224, stack(0x000000a958f00000,0x000000a959000000) (1024K)]
  0x0000020d29a16c60 JavaThread "Reference Handler"          daemon [_thread_blocked, id=22252, stack(0x000000a959300000,0x000000a959400000) (1024K)]
  0x0000020d29a17990 JavaThread "Finalizer"                  daemon [_thread_blocked, id=18368, stack(0x000000a959400000,0x000000a959500000) (1024K)]
  0x0000020d29c9f730 JavaThread "Signal Dispatcher"          daemon [_thread_blocked, id=8200, stack(0x000000a959500000,0x000000a959600000) (1024K)]
  0x0000020d29ca03c0 JavaThread "Attach Listener"            daemon [_thread_blocked, id=4248, stack(0x000000a959600000,0x000000a959700000) (1024K)]
  0x0000020d29ca6570 JavaThread "Service Thread"             daemon [_thread_blocked, id=20648, stack(0x000000a959700000,0x000000a959800000) (1024K)]
  0x0000020d840424f0 JavaThread "Monitor Deflation Thread"   daemon [_thread_blocked, id=21756, stack(0x000000a959800000,0x000000a959900000) (1024K)]
=>0x0000020d29cb5670 JavaThread "C2 CompilerThread0"         daemon [_thread_in_native, id=1912, stack(0x000000a959900000,0x000000a959a00000) (1024K)]
  0x0000020d29cb6650 JavaThread "C1 CompilerThread0"         daemon [_thread_blocked, id=27928, stack(0x000000a959a00000,0x000000a959b00000) (1024K)]
  0x0000020d842844f0 JavaThread "Common-Cleaner"             daemon [_thread_blocked, id=20208, stack(0x000000a959b00000,0x000000a959c00000) (1024K)]
  0x0000020d842a2380 JavaThread "Notification Thread"        daemon [_thread_blocked, id=23960, stack(0x000000a959c00000,0x000000a959d00000) (1024K)]
  0x0000020d8a6a9490 JavaThread "Daemon health stats"               [_thread_blocked, id=14544, stack(0x000000a959f00000,0x000000a95a000000) (1024K)]
  0x0000020d8a79b8a0 JavaThread "Incoming local TCP Connector on port 52614"        [_thread_in_native, id=19516, stack(0x000000a95a000000,0x000000a95a100000) (1024K)]
  0x0000020d8aaf2720 JavaThread "Daemon periodic checks"            [_thread_blocked, id=22412, stack(0x000000a95a100000,0x000000a95a200000) (1024K)]
  0x0000020d8a782190 JavaThread "Cache worker for journal cache (C:\Users\cesarr\.gradle\caches\journal-1)"        [_thread_blocked, id=21784, stack(0x000000a95b100000,0x000000a95b200000) (1024K)]
  0x0000020d8a7828e0 JavaThread "File lock request listener"        [_thread_in_native, id=4424, stack(0x000000a95b200000,0x000000a95b300000) (1024K)]
  0x0000020d8a783030 JavaThread "Cache worker for file hash cache (C:\Users\cesarr\.gradle\caches\8.14.3\fileHashes)"        [_thread_blocked, id=19372, stack(0x000000a959e00000,0x000000a959f00000) (1024K)]
  0x0000020d8c5d4ff0 JavaThread "File watcher server"        daemon [_thread_in_native, id=22624, stack(0x000000a95b600000,0x000000a95b700000) (1024K)]
  0x0000020d8c5d3a00 JavaThread "File watcher consumer"      daemon [_thread_blocked, id=14588, stack(0x000000a95b700000,0x000000a95b800000) (1024K)]
  0x0000020d8c5d32b0 JavaThread "jar transforms"                    [_thread_blocked, id=27596, stack(0x000000a95b800000,0x000000a95b900000) (1024K)]
  0x0000020d8c5d4150 JavaThread "jar transforms Thread 2"           [_thread_blocked, id=22636, stack(0x000000a95b900000,0x000000a95ba00000) (1024K)]
  0x0000020d8c5d48a0 JavaThread "jar transforms Thread 3"           [_thread_blocked, id=14264, stack(0x000000a95ba00000,0x000000a95bb00000) (1024K)]
  0x0000020d8ae94a60 JavaThread "jar transforms Thread 4"           [_thread_blocked, id=16732, stack(0x000000a95bb00000,0x000000a95bc00000) (1024K)]
  0x0000020d8ae93470 JavaThread "jar transforms Thread 5"           [_thread_blocked, id=28452, stack(0x000000a95bc00000,0x000000a95bd00000) (1024K)]
  0x0000020d8ae93bc0 JavaThread "jar transforms Thread 6"           [_thread_blocked, id=18400, stack(0x000000a95bd00000,0x000000a95be00000) (1024K)]
  0x0000020d8ae91e80 JavaThread "jar transforms Thread 7"           [_thread_blocked, id=13076, stack(0x000000a95be00000,0x000000a95bf00000) (1024K)]
  0x0000020d8ae925d0 JavaThread "jar transforms Thread 8"           [_thread_blocked, id=27060, stack(0x000000a95bf00000,0x000000a95c000000) (1024K)]
  0x0000020d8ae96050 JavaThread "jar transforms Thread 9"           [_thread_blocked, id=3872, stack(0x000000a95c000000,0x000000a95c100000) (1024K)]
  0x0000020d8ae92d20 JavaThread "jar transforms Thread 10"          [_thread_blocked, id=6512, stack(0x000000a95c100000,0x000000a95c200000) (1024K)]
  0x0000020d8ae951b0 JavaThread "jar transforms Thread 11"          [_thread_blocked, id=19924, stack(0x000000a95c200000,0x000000a95c300000) (1024K)]
  0x0000020d8ae95900 JavaThread "jar transforms Thread 12"          [_thread_blocked, id=22568, stack(0x000000a95c300000,0x000000a95c400000) (1024K)]
  0x0000020d8ae967a0 JavaThread "Cache worker for file content cache (C:\Users\cesarr\.gradle\caches\8.14.3\fileContent)"        [_thread_blocked, id=28420, stack(0x000000a95c500000,0x000000a95c600000) (1024K)]
  0x0000020d89446460 JavaThread "Memory manager"                    [_thread_blocked, id=29756, stack(0x000000a960300000,0x000000a960400000) (1024K)]
  0x0000020d8d9aad20 JavaThread "RMI Scheduler(0)"           daemon [_thread_blocked, id=15184, stack(0x000000a95ea00000,0x000000a95eb00000) (1024K)]
  0x0000020d8d9ae7a0 JavaThread "RMI RenewClean-[127.0.0.1:17496,org.jetbrains.kotlin.daemon.common.LoopbackNetworkInterface$ClientLoopbackSocketFactory@23160726]" daemon [_thread_blocked, id=14404, stack(0x000000a961d00000,0x000000a961e00000) (1024K)]
  0x0000020d8d9ab470 JavaThread "RMI GC Daemon"              daemon [_thread_blocked, id=1656, stack(0x000000a961e00000,0x000000a961f00000) (1024K)]
  0x0000020d8d9ac310 JavaThread "RMI TCP Accept-0"           daemon [_thread_in_native, id=27580, stack(0x000000a961f00000,0x000000a962000000) (1024K)]
  0x0000020d8d9b04e0 JavaThread "RMI Reaper"                        [_thread_blocked, id=14684, stack(0x000000a962000000,0x000000a962100000) (1024K)]
  0x0000020d8a7812f0 JavaThread "Daemon Thread 5"                   [_thread_blocked, id=31016, stack(0x000000a958b00000,0x000000a958c00000) (1024K)]
  0x0000020d8b665e70 JavaThread "Handler for socket connection from /127.0.0.1:52614 to /127.0.0.1:51479"        [_thread_in_native, id=30976, stack(0x000000a958d00000,0x000000a958e00000) (1024K)]
  0x0000020d8b663290 JavaThread "Cancel handler"                    [_thread_blocked, id=31120, stack(0x000000a95a200000,0x000000a95a300000) (1024K)]
  0x0000020d8b662b40 JavaThread "Daemon worker Thread 5"            [_thread_in_Java, id=30972, stack(0x000000a95a300000,0x000000a95a400000) (1024K)]
  0x0000020d8b665720 JavaThread "Asynchronous log dispatcher for DefaultDaemonConnection: socket connection from /127.0.0.1:52614 to /127.0.0.1:51479"        [_thread_blocked, id=31096, stack(0x000000a95a400000,0x000000a95a500000) (1024K)]
  0x0000020d8b6665c0 JavaThread "Stdin handler"                     [_thread_blocked, id=13768, stack(0x000000a95a500000,0x000000a95a600000) (1024K)]
  0x0000020d8b664130 JavaThread "Daemon client event forwarder"        [_thread_blocked, id=29060, stack(0x000000a95a600000,0x000000a95a700000) (1024K)]
  0x0000020d8b6639e0 JavaThread "Cache worker for file hash cache (C:\Users\cesarr\Downloads\biodex final\API-Biodex\.gradle\8.14.3\fileHashes)"        [_thread_blocked, id=30940, stack(0x000000a95af00000,0x000000a95b000000) (1024K)]
  0x0000020d8b664880 JavaThread "Cache worker for Build Output Cleanup Cache (C:\Users\cesarr\Downloads\biodex final\API-Biodex\.gradle\buildOutputCleanup)"        [_thread_blocked, id=30828, stack(0x000000a95b000000,0x000000a95b100000) (1024K)]
  0x0000020d8b66b630 JavaThread "Cache worker for checksums cache (C:\Users\cesarr\Downloads\biodex final\API-Biodex\.gradle\8.14.3\checksums)"        [_thread_blocked, id=31088, stack(0x000000a95b300000,0x000000a95b400000) (1024K)]
  0x0000020d8b6698f0 JavaThread "Cache worker for cache directory md-supplier (C:\Users\cesarr\.gradle\caches\8.14.3\md-supplier)"        [_thread_blocked, id=31112, stack(0x000000a95b400000,0x000000a95b500000) (1024K)]
  0x0000020d8b66c4d0 JavaThread "Cache worker for cache directory md-rule (C:\Users\cesarr\.gradle\caches\8.14.3\md-rule)"        [_thread_blocked, id=16516, stack(0x000000a95b500000,0x000000a95b600000) (1024K)]
  0x0000020d8b6691a0 JavaThread "Unconstrained build operations"        [_thread_blocked, id=25756, stack(0x000000a95c400000,0x000000a95c500000) (1024K)]
  0x0000020d8b66a040 JavaThread "Unconstrained build operations Thread 2"        [_thread_blocked, id=23944, stack(0x000000a95c600000,0x000000a95c700000) (1024K)]
  0x0000020d8b66a790 JavaThread "Unconstrained build operations Thread 3"        [_thread_blocked, id=30688, stack(0x000000a95c700000,0x000000a95c800000) (1024K)]
  0x0000020d8b66e960 JavaThread "Unconstrained build operations Thread 4"        [_thread_blocked, id=22400, stack(0x000000a95c800000,0x000000a95c900000) (1024K)]
  0x0000020d8b66f0b0 JavaThread "Unconstrained build operations Thread 5"        [_thread_blocked, id=31028, stack(0x000000a95c900000,0x000000a95ca00000) (1024K)]
  0x0000020d8b66bd80 JavaThread "Unconstrained build operations Thread 6"        [_thread_blocked, id=18016, stack(0x000000a95ca00000,0x000000a95cb00000) (1024K)]
  0x0000020d8b66e210 JavaThread "Unconstrained build operations Thread 7"        [_thread_blocked, id=24008, stack(0x000000a95cb00000,0x000000a95cc00000) (1024K)]
  0x0000020d8b66d370 JavaThread "Unconstrained build operations Thread 8"        [_thread_blocked, id=31420, stack(0x000000a95cc00000,0x000000a95cd00000) (1024K)]
  0x0000020d8b66f800 JavaThread "Unconstrained build operations Thread 9"        [_thread_blocked, id=20808, stack(0x000000a95cd00000,0x000000a95ce00000) (1024K)]
  0x0000020d8b66dac0 JavaThread "Unconstrained build operations Thread 10"        [_thread_blocked, id=22976, stack(0x000000a95ce00000,0x000000a95cf00000) (1024K)]
  0x0000020d8b66ff50 JavaThread "Unconstrained build operations Thread 11"        [_thread_blocked, id=18096, stack(0x000000a95cf00000,0x000000a95d000000) (1024K)]
  0x0000020d8b66cc20 JavaThread "Unconstrained build operations Thread 12"        [_thread_blocked, id=15284, stack(0x000000a95d000000,0x000000a95d100000) (1024K)]
  0x0000020d8b6706a0 JavaThread "Unconstrained build operations Thread 13"        [_thread_blocked, id=30024, stack(0x000000a95d100000,0x000000a95d200000) (1024K)]
  0x0000020d8b670df0 JavaThread "Unconstrained build operations Thread 14"        [_thread_blocked, id=31516, stack(0x000000a95d200000,0x000000a95d300000) (1024K)]
  0x0000020d8b671540 JavaThread "Unconstrained build operations Thread 15"        [_thread_blocked, id=30668, stack(0x000000a95d300000,0x000000a95d400000) (1024K)]
  0x0000020d8b671c90 JavaThread "Unconstrained build operations Thread 16"        [_thread_blocked, id=9240, stack(0x000000a95d400000,0x000000a95d500000) (1024K)]
  0x0000020d8e85ada0 JavaThread "Unconstrained build operations Thread 17"        [_thread_blocked, id=29812, stack(0x000000a95d500000,0x000000a95d600000) (1024K)]
  0x0000020d8e85bc40 JavaThread "Unconstrained build operations Thread 18"        [_thread_blocked, id=11440, stack(0x000000a95d600000,0x000000a95d700000) (1024K)]
  0x0000020d8e85c390 JavaThread "Unconstrained build operations Thread 19"        [_thread_blocked, id=28500, stack(0x000000a95d700000,0x000000a95d800000) (1024K)]
  0x0000020d8e85cae0 JavaThread "Unconstrained build operations Thread 20"        [_thread_blocked, id=21852, stack(0x000000a958c00000,0x000000a958d00000) (1024K)]
  0x0000020d8e85a650 JavaThread "Unconstrained build operations Thread 21"        [_thread_blocked, id=28132, stack(0x000000a95d800000,0x000000a95d900000) (1024K)]
  0x0000020d8e85d230 JavaThread "Unconstrained build operations Thread 22"        [_thread_blocked, id=31232, stack(0x000000a95d900000,0x000000a95da00000) (1024K)]
  0x0000020d8e859f00 JavaThread "Unconstrained build operations Thread 23"        [_thread_blocked, id=30804, stack(0x000000a95da00000,0x000000a95db00000) (1024K)]
  0x0000020d8e85ef70 JavaThread "Unconstrained build operations Thread 24"        [_thread_blocked, id=31544, stack(0x000000a95db00000,0x000000a95dc00000) (1024K)]
  0x0000020d8e85d980 JavaThread "Unconstrained build operations Thread 25"        [_thread_blocked, id=2600, stack(0x000000a95dc00000,0x000000a95dd00000) (1024K)]
  0x0000020d8e85f6c0 JavaThread "Unconstrained build operations Thread 26"        [_thread_blocked, id=31392, stack(0x000000a95dd00000,0x000000a95de00000) (1024K)]
  0x0000020d8e85fe10 JavaThread "Unconstrained build operations Thread 27"        [_thread_blocked, id=5856, stack(0x000000a95de00000,0x000000a95df00000) (1024K)]
  0x0000020d8e860560 JavaThread "Unconstrained build operations Thread 28"        [_thread_blocked, id=31092, stack(0x000000a95df00000,0x000000a95e000000) (1024K)]
  0x0000020d8e860cb0 JavaThread "Unconstrained build operations Thread 29"        [_thread_blocked, id=20612, stack(0x000000a95e000000,0x000000a95e100000) (1024K)]
  0x0000020d8e85e820 JavaThread "Unconstrained build operations Thread 30"        [_thread_blocked, id=31384, stack(0x000000a95e100000,0x000000a95e200000) (1024K)]
  0x0000020d8c3bcbf0 JavaThread "C2 CompilerThread1"         daemon [_thread_in_native, id=30548, stack(0x000000a95e200000,0x000000a95e300000) (1024K)]
  0x0000020d894429e0 JavaThread "build event listener"              [_thread_blocked, id=22580, stack(0x000000a95e300000,0x000000a95e400000) (1024K)]
Total: 82

Other Threads:
  0x0000020d29a052a0 VMThread "VM Thread"                           [id=24848, stack(0x000000a959200000,0x000000a959300000) (1024K)]
  0x0000020d298fc2c0 WatcherThread "VM Periodic Task Thread"        [id=26544, stack(0x000000a959100000,0x000000a959200000) (1024K)]
  0x0000020d29c22150 WorkerThread "GC Thread#0"                     [id=21800, stack(0x000000a959000000,0x000000a959100000) (1024K)]
  0x0000020d8980b9e0 WorkerThread "GC Thread#1"                     [id=23768, stack(0x000000a959d00000,0x000000a959e00000) (1024K)]
  0x0000020d8a801780 WorkerThread "GC Thread#2"                     [id=21632, stack(0x000000a95a700000,0x000000a95a800000) (1024K)]
  0x0000020d8a802340 WorkerThread "GC Thread#3"                     [id=14208, stack(0x000000a95a800000,0x000000a95a900000) (1024K)]
  0x0000020d8a8026f0 WorkerThread "GC Thread#4"                     [id=21672, stack(0x000000a95a900000,0x000000a95aa00000) (1024K)]
  0x0000020d8a802aa0 WorkerThread "GC Thread#5"                     [id=17332, stack(0x000000a95aa00000,0x000000a95ab00000) (1024K)]
  0x0000020d8a7861d0 WorkerThread "GC Thread#6"                     [id=23908, stack(0x000000a95ab00000,0x000000a95ac00000) (1024K)]
  0x0000020d8a786580 WorkerThread "GC Thread#7"                     [id=25568, stack(0x000000a95ac00000,0x000000a95ad00000) (1024K)]
  0x0000020d8a784bb0 WorkerThread "GC Thread#8"                     [id=2724, stack(0x000000a95ad00000,0x000000a95ae00000) (1024K)]
  0x0000020d8a785e20 WorkerThread "GC Thread#9"                     [id=16852, stack(0x000000a95ae00000,0x000000a95af00000) (1024K)]
Total: 12

Threads with active compile tasks:
C2 CompilerThread0  3506817 18968       4       org.gradle.api.internal.artifacts.ivyservice.resolveengine.graph.builder.DependencyGraphBuilder::resolveEdges (47 bytes)
C2 CompilerThread1  3506817 19004       4       org.gradle.api.internal.plugins.DefaultPluginRegistry$PluginIdLookupCacheKey::equals (63 bytes)
Total: 2

VM state: not at safepoint (normal execution)

VM Mutex/Monitor currently owned by a thread: None

Heap address: 0x00000000e0000000, size: 512 MB, Compressed Oops mode: 32-bit

CDS archive(s) mapped at: [0x0000020d42000000-0x0000020d42d40000-0x0000020d42d40000), size 13893632, SharedBaseAddress: 0x0000020d42000000, ArchiveRelocationMode: 1.
Compressed class space mapped at: 0x0000020d43000000-0x0000020d83000000, reserved size: 1073741824
UseCompressedClassPointers 1, UseCompactObjectHeaders 0
Narrow klass pointer bits 32, Max shift 3
Narrow klass base: 0x0000020d42000000, Narrow klass shift: 0
Encoding Range: [0x0000020d42000000 - 0x0000020e42000000), (4294967296 bytes)
Klass Range:    [0x0000020d42000000 - 0x0000020d83000000), (1090519040 bytes)
Klass ID Range:  [8 - 1090519033) (1090519025)

GC Precious Log:
 CardTable entry size: 512
 CPUs: 12 total, 12 available
 Memory: 7439M
 Large Page Support: Disabled
 NUMA Support: Disabled
 Compressed Oops: Enabled (32-bit)
 Alignments: Space 512K, Generation 512K, Heap 2M
 Heap Min Capacity: 128M
 Heap Initial Capacity: 128M
 Heap Max Capacity: 512M
 Pre-touch: Disabled
 Parallel Workers: 10

Heap:
 PSYoungGen      total 62976K, used 18427K [0x00000000f5580000, 0x00000000f9e80000, 0x0000000100000000)
  eden space 53248K, 32% used [0x00000000f5580000,0x00000000f6666e88,0x00000000f8980000)
  from space 9728K, 11% used [0x00000000f9500000,0x00000000f9618000,0x00000000f9e80000)
  to   space 10752K, 0% used [0x00000000f8980000,0x00000000f8980000,0x00000000f9400000)
 ParOldGen       total 164352K, used 163892K [0x00000000e0000000, 0x00000000ea080000, 0x00000000f5580000)
  object space 164352K, 99% used [0x00000000e0000000,0x00000000ea00d3d8,0x00000000ea080000)
 Metaspace       used 108188K, committed 110592K, reserved 1179648K
  class space    used 12496K, committed 13632K, reserved 1048576K

Card table byte_map: [0x0000020d29720000,0x0000020d29820000] _byte_map_base: 0x0000020d29020000

Marking Bits: (ParMarkBitMap*) 0x00007ffdc7ae98d0
 Begin Bits: [0x0000020d414a0000, 0x0000020d41ca0000)

Polling page: 0x0000020d27990000

Metaspace:

Usage:
  Non-class:     93.45 MB used.
      Class:     12.20 MB used.
       Both:    105.65 MB used.

Virtual space:
  Non-class space:      128.00 MB reserved,      94.69 MB ( 74%) committed,  2 nodes.
      Class space:        1.00 GB reserved,      13.31 MB (  1%) committed,  1 nodes.
             Both:        1.12 GB reserved,     108.00 MB (  9%) committed. 

Chunk freelists:
   Non-Class:  1.22 MB
       Class:  2.54 MB
        Both:  3.76 MB

MaxMetaspaceSize: unlimited
CompressedClassSpaceSize: 1.00 GB
Initial GC threshold: 21.00 MB
Current GC threshold: 162.19 MB
CDS: on
 - commit_granule_bytes: 65536.
 - commit_granule_words: 8192.
 - virtual_space_node_default_size: 8388608.
 - enlarge_chunks_in_place: 1.
UseCompressedClassPointers 1, UseCompactObjectHeaders 0
Narrow klass pointer bits 32, Max shift 3
Narrow klass base: 0x0000020d42000000, Narrow klass shift: 0
Encoding Range: [0x0000020d42000000 - 0x0000020e42000000), (4294967296 bytes)
Klass Range:    [0x0000020d42000000 - 0x0000020d83000000), (1090519040 bytes)
Klass ID Range:  [8 - 1090519033) (1090519025)


Internal statistics:

num_allocs_failed_limit: 12.
num_arena_births: 4106.
num_arena_deaths: 4.
num_vsnodes_births: 3.
num_vsnodes_deaths: 0.
num_space_committed: 1728.
num_space_uncommitted: 0.
num_chunks_returned_to_freelist: 22.
num_chunks_taken_from_freelist: 8783.
num_chunk_merges: 12.
num_chunk_splits: 5773.
num_chunks_enlarged: 3638.
num_inconsistent_stats: 0.

CodeHeap 'non-profiled nmethods': size=120064Kb used=8588Kb max_used=8588Kb free=111476Kb
 bounds [0x0000020d39f60000, 0x0000020d3a7d0000, 0x0000020d414a0000]
CodeHeap 'profiled nmethods': size=120000Kb used=27154Kb max_used=27154Kb free=92846Kb
 bounds [0x0000020d324a0000, 0x0000020d33f30000, 0x0000020d399d0000]
CodeHeap 'non-nmethods': size=5696Kb used=2587Kb max_used=2640Kb free=3108Kb
 bounds [0x0000020d399d0000, 0x0000020d39c80000, 0x0000020d39f60000]
CodeCache: size=245760Kb, used=38329Kb, max_used=38382Kb, free=207430Kb
 total_blobs=18588, nmethods=17512, adapters=982, full_count=0
Compilation: enabled, stopped_count=0, restarted_count=0

Compilation events (20 events):
Event: 3504.668 Thread 0x0000020d29cb6650 18980   !   3       java.util.concurrent.ConcurrentHashMap::replaceNode (437 bytes)
Event: 3504.673 Thread 0x0000020d29cb6650 nmethod 18980 0x0000020d33f10f08 code [0x0000020d33f111c0, 0x0000020d33f128c8]
Event: 3504.674 Thread 0x0000020d29cb6650 18982       1       org.gradle.api.internal.artifacts.ivyservice.resolveengine.artifact.ResolvedArtifactSetResolver::access$100 (5 bytes)
Event: 3504.675 Thread 0x0000020d29cb6650 nmethod 18982 0x0000020d3a7c1b08 code [0x0000020d3a7c1c00, 0x0000020d3a7c1ca8]
Event: 3504.686 Thread 0x0000020d29cb6650 18983       3       org.gradle.tooling.internal.provider.runner.PluginApplicationTracker$$Lambda/0x0000020d436bb800::get (12 bytes)
Event: 3504.689 Thread 0x0000020d29cb6650 nmethod 18983 0x0000020d33f12908 code [0x0000020d33f12a20, 0x0000020d33f12bc8]
Event: 3504.689 Thread 0x0000020d29cb6650 18984       3       org.gradle.tooling.internal.provider.runner.PluginApplicationTracker::lambda$started$1 (6 bytes)
Event: 3504.689 Thread 0x0000020d29cb6650 nmethod 18984 0x0000020d33f12c08 code [0x0000020d33f12d20, 0x0000020d33f12e50]
Event: 3504.689 Thread 0x0000020d29cb6650 18985       3       org.gradle.api.internal.plugins.DefaultPluginManager$OperationDetails::getPluginId (25 bytes)
Event: 3504.692 Thread 0x0000020d29cb6650 nmethod 18985 0x0000020d33f12f08 code [0x0000020d33f13040, 0x0000020d33f13300]
Event: 3504.697 Thread 0x0000020d29cb6650 18986       1       org.gradle.internal.snapshot.impl.NullValueSnapshot::isolate (2 bytes)
Event: 3504.697 Thread 0x0000020d29cb6650 nmethod 18986 0x0000020d3a7c1e08 code [0x0000020d3a7c1f20, 0x0000020d3a7c1ff0]
Event: 3504.701 Thread 0x0000020d29cb6650 18987       3       org.gradle.api.internal.project.DefaultProject::getPlugins (9 bytes)
Event: 3504.706 Thread 0x0000020d29cb6650 nmethod 18987 0x0000020d33f13388 code [0x0000020d33f134e0, 0x0000020d33f139e8]
Event: 3504.706 Thread 0x0000020d29cb6650 18988       3       org.gradle.api.internal.project.AbstractPluginAware::getPlugins (10 bytes)
Event: 3504.706 Thread 0x0000020d29cb6650 nmethod 18988 0x0000020d33f13b08 code [0x0000020d33f13c20, 0x0000020d33f13ec0]
Event: 3504.708 Thread 0x0000020d29cb6650 18989       3       org.gradle.api.internal.provider.Providers$NoValueProvider::calculateValue (5 bytes)
Event: 3504.711 Thread 0x0000020d29cb6650 nmethod 18989 0x0000020d33f13f08 code [0x0000020d33f14020, 0x0000020d33f14128]
Event: 3504.736 Thread 0x0000020d29cb6650 18990       3       java.util.ArrayList$SubList$1::next (85 bytes)
Event: 3506.727 Thread 0x0000020d29cb6650 nmethod 18990 0x0000020d33f14208 code [0x0000020d33f14380, 0x0000020d33f148d8]

GC Heap History (20 events):
Event: 30.669 GC heap before
{Heap before GC invocations=39 (full 4):
 PSYoungGen      total 75264K, used 32572K [0x00000000f5580000, 0x00000000fac00000, 0x0000000100000000)
  eden space 69120K, 38% used [0x00000000f5580000,0x00000000f6faf1c0,0x00000000f9900000)
  from space 6144K, 93% used [0x00000000f9b00000,0x00000000fa0a0080,0x00000000fa100000)
  to   space 9728K, 0% used [0x00000000fa280000,0x00000000fa280000,0x00000000fac00000)
 ParOldGen       total 139264K, used 139105K [0x00000000e0000000, 0x00000000e8800000, 0x00000000f5580000)
  object space 139264K, 99% used [0x00000000e0000000,0x00000000e87d84f0,0x00000000e8800000)
 Metaspace       used 97439K, committed 99648K, reserved 1179648K
  class space    used 11289K, committed 12352K, reserved 1048576K
}
Event: 30.842 GC heap after
{Heap after GC invocations=39 (full 4):
 PSYoungGen      total 75264K, used 2788K [0x00000000f5580000, 0x00000000fac00000, 0x0000000100000000)
  eden space 69120K, 0% used [0x00000000f5580000,0x00000000f5580000,0x00000000f9900000)
  from space 6144K, 45% used [0x00000000f9b00000,0x00000000f9db93c0,0x00000000fa100000)
  to   space 9728K, 0% used [0x00000000fa280000,0x00000000fa280000,0x00000000fac00000)
 ParOldGen       total 139264K, used 139201K [0x00000000e0000000, 0x00000000e8800000, 0x00000000f5580000)
  object space 139264K, 99% used [0x00000000e0000000,0x00000000e87f06c8,0x00000000e8800000)
 Metaspace       used 97439K, committed 99648K, reserved 1179648K
  class space    used 11289K, committed 12352K, reserved 1048576K
}
Event: 50.166 GC heap before
{Heap before GC invocations=40 (full 4):
 PSYoungGen      total 75264K, used 71908K [0x00000000f5580000, 0x00000000fac00000, 0x0000000100000000)
  eden space 69120K, 100% used [0x00000000f5580000,0x00000000f9900000,0x00000000f9900000)
  from space 6144K, 45% used [0x00000000f9b00000,0x00000000f9db93c0,0x00000000fa100000)
  to   space 9728K, 0% used [0x00000000fa280000,0x00000000fa280000,0x00000000fac00000)
 ParOldGen       total 139264K, used 139201K [0x00000000e0000000, 0x00000000e8800000, 0x00000000f5580000)
  object space 139264K, 99% used [0x00000000e0000000,0x00000000e87f06c8,0x00000000e8800000)
 Metaspace       used 100823K, committed 103168K, reserved 1179648K
  class space    used 11684K, committed 12800K, reserved 1048576K
}
Event: 50.205 GC heap after
{Heap after GC invocations=40 (full 4):
 PSYoungGen      total 76800K, used 8960K [0x00000000f5580000, 0x00000000fac00000, 0x0000000100000000)
  eden space 67072K, 0% used [0x00000000f5580000,0x00000000f5580000,0x00000000f9700000)
  from space 9728K, 92% used [0x00000000fa280000,0x00000000fab400c0,0x00000000fac00000)
  to   space 10752K, 0% used [0x00000000f9700000,0x00000000f9700000,0x00000000fa180000)
 ParOldGen       total 139264K, used 139209K [0x00000000e0000000, 0x00000000e8800000, 0x00000000f5580000)
  object space 139264K, 99% used [0x00000000e0000000,0x00000000e87f26c8,0x00000000e8800000)
 Metaspace       used 100823K, committed 103168K, reserved 1179648K
  class space    used 11684K, committed 12800K, reserved 1048576K
}
Event: 51.728 GC heap before
{Heap before GC invocations=41 (full 4):
 PSYoungGen      total 76800K, used 76016K [0x00000000f5580000, 0x00000000fac00000, 0x0000000100000000)
  eden space 67072K, 99% used [0x00000000f5580000,0x00000000f96fc200,0x00000000f9700000)
  from space 9728K, 92% used [0x00000000fa280000,0x00000000fab400c0,0x00000000fac00000)
  to   space 10752K, 0% used [0x00000000f9700000,0x00000000f9700000,0x00000000fa180000)
 ParOldGen       total 139264K, used 139209K [0x00000000e0000000, 0x00000000e8800000, 0x00000000f5580000)
  object space 139264K, 99% used [0x00000000e0000000,0x00000000e87f26c8,0x00000000e8800000)
 Metaspace       used 103488K, committed 105792K, reserved 1179648K
  class space    used 11964K, committed 13056K, reserved 1048576K
}
Event: 51.738 GC heap after
{Heap after GC invocations=41 (full 4):
 PSYoungGen      total 70144K, used 4737K [0x00000000f5580000, 0x00000000faa00000, 0x0000000100000000)
  eden space 65024K, 0% used [0x00000000f5580000,0x00000000f5580000,0x00000000f9500000)
  from space 5120K, 92% used [0x00000000f9700000,0x00000000f9ba0670,0x00000000f9c00000)
  to   space 10752K, 0% used [0x00000000f9f80000,0x00000000f9f80000,0x00000000faa00000)
 ParOldGen       total 147968K, used 147945K [0x00000000e0000000, 0x00000000e9080000, 0x00000000f5580000)
  object space 147968K, 99% used [0x00000000e0000000,0x00000000e907a670,0x00000000e9080000)
 Metaspace       used 103488K, committed 105792K, reserved 1179648K
  class space    used 11964K, committed 13056K, reserved 1048576K
}
Event: 54.561 GC heap before
{Heap before GC invocations=42 (full 4):
 PSYoungGen      total 70144K, used 69753K [0x00000000f5580000, 0x00000000faa00000, 0x0000000100000000)
  eden space 65024K, 99% used [0x00000000f5580000,0x00000000f94fe020,0x00000000f9500000)
  from space 5120K, 92% used [0x00000000f9700000,0x00000000f9ba0670,0x00000000f9c00000)
  to   space 10752K, 0% used [0x00000000f9f80000,0x00000000f9f80000,0x00000000faa00000)
 ParOldGen       total 147968K, used 147945K [0x00000000e0000000, 0x00000000e9080000, 0x00000000f5580000)
  object space 147968K, 99% used [0x00000000e0000000,0x00000000e907a670,0x00000000e9080000)
 Metaspace       used 106141K, committed 108480K, reserved 1179648K
  class space    used 12360K, committed 13440K, reserved 1048576K
}
Event: 54.568 GC heap after
{Heap after GC invocations=42 (full 4):
 PSYoungGen      total 71680K, used 7788K [0x00000000f5580000, 0x00000000fa800000, 0x0000000100000000)
  eden space 62976K, 0% used [0x00000000f5580000,0x00000000f5580000,0x00000000f9300000)
  from space 8704K, 89% used [0x00000000f9f80000,0x00000000fa71b010,0x00000000fa800000)
  to   space 10752K, 0% used [0x00000000f9300000,0x00000000f9300000,0x00000000f9d80000)
 ParOldGen       total 152576K, used 152424K [0x00000000e0000000, 0x00000000e9500000, 0x00000000f5580000)
  object space 152576K, 99% used [0x00000000e0000000,0x00000000e94da020,0x00000000e9500000)
 Metaspace       used 106141K, committed 108480K, reserved 1179648K
  class space    used 12360K, committed 13440K, reserved 1048576K
}
Event: 1907.706 GC heap before
{Heap before GC invocations=43 (full 4):
 PSYoungGen      total 71680K, used 70763K [0x00000000f5580000, 0x00000000fa800000, 0x0000000100000000)
  eden space 62976K, 99% used [0x00000000f5580000,0x00000000f92fff88,0x00000000f9300000)
  from space 8704K, 89% used [0x00000000f9f80000,0x00000000fa71b010,0x00000000fa800000)
  to   space 10752K, 0% used [0x00000000f9300000,0x00000000f9300000,0x00000000f9d80000)
 ParOldGen       total 152576K, used 152424K [0x00000000e0000000, 0x00000000e9500000, 0x00000000f5580000)
  object space 152576K, 99% used [0x00000000e0000000,0x00000000e94da020,0x00000000e9500000)
 Metaspace       used 107015K, committed 109440K, reserved 1179648K
  class space    used 12449K, committed 13568K, reserved 1048576K
}
Event: 1907.814 GC heap after
{Heap after GC invocations=43 (full 4):
 PSYoungGen      total 61440K, used 480K [0x00000000f5580000, 0x00000000fa700000, 0x0000000100000000)
  eden space 60928K, 0% used [0x00000000f5580000,0x00000000f5580000,0x00000000f9100000)
  from space 512K, 93% used [0x00000000f9300000,0x00000000f9378000,0x00000000f9380000)
  to   space 11264K, 0% used [0x00000000f9c00000,0x00000000f9c00000,0x00000000fa700000)
 ParOldGen       total 159744K, used 159652K [0x00000000e0000000, 0x00000000e9c00000, 0x00000000f5580000)
  object space 159744K, 99% used [0x00000000e0000000,0x00000000e9be9088,0x00000000e9c00000)
 Metaspace       used 107015K, committed 109440K, reserved 1179648K
  class space    used 12449K, committed 13568K, reserved 1048576K
}
Event: 2227.980 GC heap before
{Heap before GC invocations=44 (full 4):
 PSYoungGen      total 61440K, used 61408K [0x00000000f5580000, 0x00000000fa700000, 0x0000000100000000)
  eden space 60928K, 100% used [0x00000000f5580000,0x00000000f9100000,0x00000000f9100000)
  from space 512K, 93% used [0x00000000f9300000,0x00000000f9378000,0x00000000f9380000)
  to   space 11264K, 0% used [0x00000000f9c00000,0x00000000f9c00000,0x00000000fa700000)
 ParOldGen       total 159744K, used 159652K [0x00000000e0000000, 0x00000000e9c00000, 0x00000000f5580000)
  object space 159744K, 99% used [0x00000000e0000000,0x00000000e9be9088,0x00000000e9c00000)
 Metaspace       used 107246K, committed 109632K, reserved 1179648K
  class space    used 12454K, committed 13568K, reserved 1048576K
}
Event: 2228.026 GC heap after
{Heap after GC invocations=44 (full 4):
 PSYoungGen      total 68096K, used 5472K [0x00000000f5580000, 0x00000000fa480000, 0x0000000100000000)
  eden space 59392K, 0% used [0x00000000f5580000,0x00000000f5580000,0x00000000f8f80000)
  from space 8704K, 62% used [0x00000000f9c00000,0x00000000fa158010,0x00000000fa480000)
  to   space 10752K, 0% used [0x00000000f8f80000,0x00000000f8f80000,0x00000000f9a00000)
 ParOldGen       total 160256K, used 159983K [0x00000000e0000000, 0x00000000e9c80000, 0x00000000f5580000)
  object space 160256K, 99% used [0x00000000e0000000,0x00000000e9c3bc08,0x00000000e9c80000)
 Metaspace       used 107246K, committed 109632K, reserved 1179648K
  class space    used 12454K, committed 13568K, reserved 1048576K
}
Event: 2384.411 GC heap before
{Heap before GC invocations=45 (full 4):
 PSYoungGen      total 68096K, used 64864K [0x00000000f5580000, 0x00000000fa480000, 0x0000000100000000)
  eden space 59392K, 100% used [0x00000000f5580000,0x00000000f8f80000,0x00000000f8f80000)
  from space 8704K, 62% used [0x00000000f9c00000,0x00000000fa158010,0x00000000fa480000)
  to   space 10752K, 0% used [0x00000000f8f80000,0x00000000f8f80000,0x00000000f9a00000)
 ParOldGen       total 160256K, used 159983K [0x00000000e0000000, 0x00000000e9c80000, 0x00000000f5580000)
  object space 160256K, 99% used [0x00000000e0000000,0x00000000e9c3bc08,0x00000000e9c80000)
 Metaspace       used 107657K, committed 110080K, reserved 1179648K
  class space    used 12491K, committed 13632K, reserved 1048576K
}
Event: 2384.470 GC heap after
{Heap after GC invocations=45 (full 4):
 PSYoungGen      total 61952K, used 3872K [0x00000000f5580000, 0x00000000fa300000, 0x0000000100000000)
  eden space 57856K, 0% used [0x00000000f5580000,0x00000000f5580000,0x00000000f8e00000)
  from space 4096K, 94% used [0x00000000f8f80000,0x00000000f9348000,0x00000000f9380000)
  to   space 10752K, 0% used [0x00000000f9880000,0x00000000f9880000,0x00000000fa300000)
 ParOldGen       total 161280K, used 161028K [0x00000000e0000000, 0x00000000e9d80000, 0x00000000f5580000)
  object space 161280K, 99% used [0x00000000e0000000,0x00000000e9d41368,0x00000000e9d80000)
 Metaspace       used 107657K, committed 110080K, reserved 1179648K
  class space    used 12491K, committed 13632K, reserved 1048576K
}
Event: 2393.452 GC heap before
{Heap before GC invocations=46 (full 4):
 PSYoungGen      total 61952K, used 61728K [0x00000000f5580000, 0x00000000fa300000, 0x0000000100000000)
  eden space 57856K, 100% used [0x00000000f5580000,0x00000000f8e00000,0x00000000f8e00000)
  from space 4096K, 94% used [0x00000000f8f80000,0x00000000f9348000,0x00000000f9380000)
  to   space 10752K, 0% used [0x00000000f9880000,0x00000000f9880000,0x00000000fa300000)
 ParOldGen       total 161280K, used 161028K [0x00000000e0000000, 0x00000000e9d80000, 0x00000000f5580000)
  object space 161280K, 99% used [0x00000000e0000000,0x00000000e9d41368,0x00000000e9d80000)
 Metaspace       used 107770K, committed 110208K, reserved 1179648K
  class space    used 12493K, committed 13632K, reserved 1048576K
}
Event: 2393.455 GC heap after
{Heap after GC invocations=46 (full 4):
 PSYoungGen      total 65536K, used 800K [0x00000000f5580000, 0x00000000fa180000, 0x0000000100000000)
  eden space 56320K, 0% used [0x00000000f5580000,0x00000000f5580000,0x00000000f8c80000)
  from space 9216K, 8% used [0x00000000f9880000,0x00000000f9948000,0x00000000fa180000)
  to   space 10752K, 0% used [0x00000000f8c80000,0x00000000f8c80000,0x00000000f9700000)
 ParOldGen       total 162304K, used 162135K [0x00000000e0000000, 0x00000000e9e80000, 0x00000000f5580000)
  object space 162304K, 99% used [0x00000000e0000000,0x00000000e9e55c68,0x00000000e9e80000)
 Metaspace       used 107770K, committed 110208K, reserved 1179648K
  class space    used 12493K, committed 13632K, reserved 1048576K
}
Event: 2464.396 GC heap before
{Heap before GC invocations=47 (full 4):
 PSYoungGen      total 65536K, used 57120K [0x00000000f5580000, 0x00000000fa180000, 0x0000000100000000)
  eden space 56320K, 100% used [0x00000000f5580000,0x00000000f8c80000,0x00000000f8c80000)
  from space 9216K, 8% used [0x00000000f9880000,0x00000000f9948000,0x00000000fa180000)
  to   space 10752K, 0% used [0x00000000f8c80000,0x00000000f8c80000,0x00000000f9700000)
 ParOldGen       total 162304K, used 162135K [0x00000000e0000000, 0x00000000e9e80000, 0x00000000f5580000)
  object space 162304K, 99% used [0x00000000e0000000,0x00000000e9e55c68,0x00000000e9e80000)
 Metaspace       used 107943K, committed 110336K, reserved 1179648K
  class space    used 12494K, committed 13632K, reserved 1048576K
}
Event: 2464.498 GC heap after
{Heap after GC invocations=47 (full 4):
 PSYoungGen      total 60416K, used 5568K [0x00000000f5580000, 0x00000000f9f00000, 0x0000000100000000)
  eden space 54784K, 0% used [0x00000000f5580000,0x00000000f5580000,0x00000000f8b00000)
  from space 5632K, 98% used [0x00000000f8c80000,0x00000000f91f0030,0x00000000f9200000)
  to   space 10240K, 0% used [0x00000000f9500000,0x00000000f9500000,0x00000000f9f00000)
 ParOldGen       total 162816K, used 162711K [0x00000000e0000000, 0x00000000e9f00000, 0x00000000f5580000)
  object space 162816K, 99% used [0x00000000e0000000,0x00000000e9ee5c78,0x00000000e9f00000)
 Metaspace       used 107943K, committed 110336K, reserved 1179648K
  class space    used 12494K, committed 13632K, reserved 1048576K
}
Event: 3503.360 GC heap before
{Heap before GC invocations=48 (full 4):
 PSYoungGen      total 60416K, used 60352K [0x00000000f5580000, 0x00000000f9f00000, 0x0000000100000000)
  eden space 54784K, 100% used [0x00000000f5580000,0x00000000f8b00000,0x00000000f8b00000)
  from space 5632K, 98% used [0x00000000f8c80000,0x00000000f91f0030,0x00000000f9200000)
  to   space 10240K, 0% used [0x00000000f9500000,0x00000000f9500000,0x00000000f9f00000)
 ParOldGen       total 162816K, used 162711K [0x00000000e0000000, 0x00000000e9f00000, 0x00000000f5580000)
  object space 162816K, 99% used [0x00000000e0000000,0x00000000e9ee5c78,0x00000000e9f00000)
 Metaspace       used 108111K, committed 110528K, reserved 1179648K
  class space    used 12495K, committed 13632K, reserved 1048576K
}
Event: 3503.467 GC heap after
{Heap after GC invocations=48 (full 4):
 PSYoungGen      total 62976K, used 1120K [0x00000000f5580000, 0x00000000f9e80000, 0x0000000100000000)
  eden space 53248K, 0% used [0x00000000f5580000,0x00000000f5580000,0x00000000f8980000)
  from space 9728K, 11% used [0x00000000f9500000,0x00000000f9618000,0x00000000f9e80000)
  to   space 10752K, 0% used [0x00000000f8980000,0x00000000f8980000,0x00000000f9400000)
 ParOldGen       total 164352K, used 163892K [0x00000000e0000000, 0x00000000ea080000, 0x00000000f5580000)
  object space 164352K, 99% used [0x00000000e0000000,0x00000000ea00d3d8,0x00000000ea080000)
 Metaspace       used 108111K, committed 110528K, reserved 1179648K
  class space    used 12495K, committed 13632K, reserved 1048576K
}

Dll operation events (16 events):
Event: 0.022 Loaded shared library C:\Users\cesarr\.jdks\openjdk-24.0.2\bin\java.dll
Event: 0.057 Loaded shared library C:\Users\cesarr\.jdks\openjdk-24.0.2\bin\jsvml.dll
Event: 0.100 Loaded shared library C:\Users\cesarr\.jdks\openjdk-24.0.2\bin\zip.dll
Event: 0.105 Loaded shared library C:\Users\cesarr\.jdks\openjdk-24.0.2\bin\instrument.dll
Event: 0.112 Loaded shared library C:\Users\cesarr\.jdks\openjdk-24.0.2\bin\net.dll
Event: 0.119 Loaded shared library C:\Users\cesarr\.jdks\openjdk-24.0.2\bin\nio.dll
Event: 0.124 Loaded shared library C:\Users\cesarr\.jdks\openjdk-24.0.2\bin\zip.dll
Event: 0.480 Loaded shared library C:\Users\cesarr\.jdks\openjdk-24.0.2\bin\jimage.dll
Event: 0.701 Loaded shared library C:\Users\cesarr\.jdks\openjdk-24.0.2\bin\verify.dll
Event: 0.853 Loaded shared library C:\Users\cesarr\.gradle\native\1def1411415f61bf3af743bc5b6707747c0891f09f0c88961ee8f79bc544acac\windows-amd64\native-platform.dll
Event: 0.872 Loaded shared library C:\Users\cesarr\.gradle\native\0.2.7\x86_64-windows-gnu\gradle-fileevents.dll
Event: 2.665 Loaded shared library C:\Users\cesarr\.jdks\openjdk-24.0.2\bin\management.dll
Event: 2.670 Loaded shared library C:\Users\cesarr\.jdks\openjdk-24.0.2\bin\management_ext.dll
Event: 2.813 Loaded shared library C:\Users\cesarr\.jdks\openjdk-24.0.2\bin\extnet.dll
Event: 3.019 Loaded shared library C:\Users\cesarr\.jdks\openjdk-24.0.2\bin\sunmscapi.dll
Event: 54.509 Loaded shared library C:\Users\cesarr\.jdks\openjdk-24.0.2\bin\rmi.dll

Deoptimization events (20 events):
Event: 2476.960 Thread 0x0000020d8d9a9e80 Uncommon trap: trap_request=0xffffffc6 fr.pc=0x0000020d3a676f08 relative=0x00000000000004a8
Event: 2476.960 Thread 0x0000020d8d9a9e80 Uncommon trap: reason=bimorphic_or_optimized_type_check action=maybe_recompile pc=0x0000020d3a676f08 method=java.util.HashMap.removeNode(ILjava/lang/Object;Ljava/lang/Object;ZZ)Ljava/util/HashMap$Node; @ 143 c2
Event: 2476.960 Thread 0x0000020d8d9a9e80 DEOPT PACKING pc=0x0000020d3a676f08 sp=0x000000a95a2fd0d0
Event: 2476.960 Thread 0x0000020d8d9a9e80 DEOPT UNPACKING pc=0x0000020d39adf382 sp=0x000000a95a2fcfc8 mode 2
Event: 3501.757 Thread 0x0000020d8b662b40 Uncommon trap: trap_request=0xffffffbe fr.pc=0x0000020d3a7bc740 relative=0x0000000000000680
Event: 3501.758 Thread 0x0000020d8b662b40 Uncommon trap: reason=profile_predicate action=maybe_recompile pc=0x0000020d3a7bc740 method=org.gradle.internal.service.DefaultServiceRegistry.validateImplementationForServiceTypes(Ljava/util/List;Ljava/lang/reflect/Type;)V @ 18 c2
Event: 3501.758 Thread 0x0000020d8b662b40 DEOPT PACKING pc=0x0000020d3a7bc740 sp=0x000000a95a3fb9a0
Event: 3501.760 Thread 0x0000020d8b662b40 DEOPT UNPACKING pc=0x0000020d39adf382 sp=0x000000a95a3fb920 mode 2
Event: 3501.761 Thread 0x0000020d8b662b40 Uncommon trap: trap_request=0xffffffbe fr.pc=0x0000020d3a7bc740 relative=0x0000000000000680
Event: 3501.761 Thread 0x0000020d8b662b40 Uncommon trap: reason=profile_predicate action=maybe_recompile pc=0x0000020d3a7bc740 method=org.gradle.internal.service.DefaultServiceRegistry.validateImplementationForServiceTypes(Ljava/util/List;Ljava/lang/reflect/Type;)V @ 18 c2
Event: 3501.761 Thread 0x0000020d8b662b40 DEOPT PACKING pc=0x0000020d3a7bc740 sp=0x000000a95a3fb9a0
Event: 3501.762 Thread 0x0000020d8b662b40 DEOPT UNPACKING pc=0x0000020d39adf382 sp=0x000000a95a3fb920 mode 2
Event: 3504.666 Thread 0x0000020d8e85f6c0 Uncommon trap: trap_request=0xffffff4d fr.pc=0x0000020d3a21b048 relative=0x0000000000000608
Event: 3504.667 Thread 0x0000020d8e85f6c0 Uncommon trap: reason=unstable_if action=reinterpret pc=0x0000020d3a21b048 method=java.util.concurrent.ConcurrentHashMap.replaceNode(Ljava/lang/Object;Ljava/lang/Object;Ljava/lang/Object;)Ljava/lang/Object; @ 62 c2
Event: 3504.668 Thread 0x0000020d8e85f6c0 DEOPT PACKING pc=0x0000020d3a21b048 sp=0x000000a95ddfdfc0
Event: 3504.668 Thread 0x0000020d8e85f6c0 DEOPT UNPACKING pc=0x0000020d39adf382 sp=0x000000a95ddfdf48 mode 2
Event: 3504.786 Thread 0x0000020d8b662b40 Uncommon trap: trap_request=0xffffffbe fr.pc=0x0000020d3a79fb34 relative=0x0000000000000ad4
Event: 3506.727 Thread 0x0000020d8b662b40 Uncommon trap: reason=profile_predicate action=maybe_recompile pc=0x0000020d3a79fb34 method=java.io.ObjectStreamClass$FieldReflector.getPrimFieldValues(Ljava/lang/Object;[B)V @ 19 c2
Event: 3506.727 Thread 0x0000020d8b662b40 DEOPT PACKING pc=0x0000020d3a79fb34 sp=0x000000a95a3f8270
Event: 3506.727 Thread 0x0000020d8b662b40 DEOPT UNPACKING pc=0x0000020d39adf382 sp=0x000000a95a3f80f0 mode 2

Classes loaded (20 events):
Event: 84.543 Loading class java/util/stream/SliceOps
Event: 84.548 Loading class java/util/stream/SliceOps done
Event: 84.548 Loading class java/util/stream/SliceOps$1
Event: 84.549 Loading class java/util/stream/SliceOps$1 done
Event: 84.561 Loading class java/util/stream/SliceOps$1$1
Event: 84.562 Loading class java/util/stream/SliceOps$1$1 done
Event: 84.564 Loading class java/util/logging/LogRecord
Event: 84.568 Loading class java/util/logging/LogRecord done
Event: 2233.032 Loading class java/lang/Throwable$WrappedPrintWriter
Event: 2233.035 Loading class java/lang/Throwable$PrintStreamOrWriter
Event: 2233.035 Loading class java/lang/Throwable$PrintStreamOrWriter done
Event: 2233.035 Loading class java/lang/Throwable$WrappedPrintWriter done
Event: 2233.039 Loading class java/lang/StackTraceElement$HashedModules
Event: 2233.040 Loading class java/lang/StackTraceElement$HashedModules done
Event: 2233.539 Loading class java/util/Collections$EmptyListIterator
Event: 2233.540 Loading class java/util/Collections$EmptyListIterator done
Event: 2233.570 Loading class java/net/UrlDeserializedState
Event: 2233.570 Loading class java/net/UrlDeserializedState done
Event: 2384.477 Loading class sun/rmi/transport/DGCClient$EndpointEntry$CleanRequest
Event: 2384.486 Loading class sun/rmi/transport/DGCClient$EndpointEntry$CleanRequest done

Classes unloaded (12 events):
Event: 11.277 Thread 0x0000020d29a052a0 Unloading class 0x0000020d436b9548 '_BuildScript_$_run_closure1$_closure3'
Event: 11.277 Thread 0x0000020d29a052a0 Unloading class 0x0000020d436b9148 '_BuildScript_$_run_closure1$_closure2'
Event: 11.277 Thread 0x0000020d29a052a0 Unloading class 0x0000020d436b8d48 '_BuildScript_$_run_closure1'
Event: 11.277 Thread 0x0000020d29a052a0 Unloading class 0x0000020d436b8800 '_BuildScript_'
Event: 11.277 Thread 0x0000020d29a052a0 Unloading class 0x0000020d436b8400 'JetGradlePlugin$_apply_closure1$_closure2$_closure3'
Event: 11.277 Thread 0x0000020d29a052a0 Unloading class 0x0000020d436b8000 'JetGradlePlugin$_apply_closure1$_closure2'
Event: 11.277 Thread 0x0000020d29a052a0 Unloading class 0x0000020d436b1400 'JetGradlePlugin$_apply_closure1'
Event: 11.277 Thread 0x0000020d29a052a0 Unloading class 0x0000020d436b1ae0 'JetGradlePlugin'
Event: 11.277 Thread 0x0000020d29a052a0 Unloading class 0x0000020d436b1800 'RegistryProcessor'
Event: 11.277 Thread 0x0000020d29a052a0 Unloading class 0x0000020d43694948 '_BuildScript_$_run_closure1$_closure2'
Event: 11.277 Thread 0x0000020d29a052a0 Unloading class 0x0000020d43694548 '_BuildScript_$_run_closure1'
Event: 11.277 Thread 0x0000020d29a052a0 Unloading class 0x0000020d43694000 '_BuildScript_'

Classes redefined (0 events):
No events

Internal exceptions (20 events):
Event: 2384.696 Thread 0x0000020d8ae99380 Implicit null exception at 0x0000020d3a4b25ac to 0x0000020d3a4b2e4c
Event: 2384.701 Thread 0x0000020d8ae99380 Implicit null exception at 0x0000020d3a61456c to 0x0000020d3a614e08
Event: 2384.711 Thread 0x0000020d8ae99380 Implicit null exception at 0x0000020d3a33dfaa to 0x0000020d3a33e2e8
Event: 2385.719 Thread 0x0000020d8d9afd90 Exception <a 'java/lang/InterruptedException'{0x00000000f8506008}> (0x00000000f8506008) 
thrown [s\open\src\hotspot\share\runtime\objectMonitor.cpp, line 1871]
Event: 2393.089 Thread 0x0000020d8ae99380 Exception <a 'sun/nio/fs/WindowsException'{0x00000000f8945bc8}> (0x00000000f8945bc8) 
thrown [s\open\src\hotspot\share\prims\jni.cpp, line 518]
Event: 2461.653 Thread 0x0000020d8d9a9e80 Exception <a 'sun/nio/fs/WindowsException'{0x00000000f5c596e8}> (0x00000000f5c596e8) 
thrown [s\open\src\hotspot\share\prims\jni.cpp, line 518]
Event: 2461.659 Thread 0x0000020d8d9a9e80 Exception <a 'sun/nio/fs/WindowsException'{0x00000000f5c5ae78}> (0x00000000f5c5ae78) 
thrown [s\open\src\hotspot\share\prims\jni.cpp, line 518]
Event: 2461.661 Thread 0x0000020d8d9a9e80 Exception <a 'sun/nio/fs/WindowsException'{0x00000000f5c5c348}> (0x00000000f5c5c348) 
thrown [s\open\src\hotspot\share\prims\jni.cpp, line 518]
Event: 2461.662 Thread 0x0000020d8d9a9e80 Exception <a 'sun/nio/fs/WindowsException'{0x00000000f5c5d410}> (0x00000000f5c5d410) 
thrown [s\open\src\hotspot\share\prims\jni.cpp, line 518]
Event: 2463.249 Thread 0x0000020d8d9a9e80 Implicit null exception at 0x0000020d3a72ab5c to 0x0000020d3a72aca8
Event: 2465.664 Thread 0x0000020d8a783780 Exception <a 'java/lang/InterruptedException'{0x00000000f67f7dc8}> (0x00000000f67f7dc8) 
thrown [s\open\src\hotspot\share\runtime\objectMonitor.cpp, line 1871]
Event: 2476.258 Thread 0x0000020d8e85e820 Exception <a 'sun/nio/fs/WindowsException'{0x00000000f6b94330}> (0x00000000f6b94330) 
thrown [s\open\src\hotspot\share\prims\jni.cpp, line 518]
Event: 2476.262 Thread 0x0000020d8e85e820 Exception <a 'sun/nio/fs/WindowsException'{0x00000000f6b96380}> (0x00000000f6b96380) 
thrown [s\open\src\hotspot\share\prims\jni.cpp, line 518]
Event: 2476.262 Thread 0x0000020d8e85e820 Exception <a 'sun/nio/fs/WindowsException'{0x00000000f6b98110}> (0x00000000f6b98110) 
thrown [s\open\src\hotspot\share\prims\jni.cpp, line 518]
Event: 2476.262 Thread 0x0000020d8e85e820 Exception <a 'sun/nio/fs/WindowsException'{0x00000000f6b99b88}> (0x00000000f6b99b88) 
thrown [s\open\src\hotspot\share\prims\jni.cpp, line 518]
Event: 2476.657 Thread 0x0000020d8d9a9e80 Exception <a 'sun/nio/fs/WindowsException'{0x00000000f6d113c8}> (0x00000000f6d113c8) 
thrown [s\open\src\hotspot\share\prims\jni.cpp, line 518]
Event: 3503.537 Thread 0x0000020d8b662b40 Exception <a 'sun/nio/fs/WindowsException'{0x00000000f5600200}> (0x00000000f5600200) 
thrown [s\open\src\hotspot\share\prims\jni.cpp, line 518]
Event: 3503.548 Thread 0x0000020d8b662b40 Exception <a 'sun/nio/fs/WindowsException'{0x00000000f56016d0}> (0x00000000f56016d0) 
thrown [s\open\src\hotspot\share\prims\jni.cpp, line 518]
Event: 3503.549 Thread 0x0000020d8b662b40 Exception <a 'sun/nio/fs/WindowsException'{0x00000000f5602b90}> (0x00000000f5602b90) 
thrown [s\open\src\hotspot\share\prims\jni.cpp, line 518]
Event: 3503.550 Thread 0x0000020d8b662b40 Exception <a 'sun/nio/fs/WindowsException'{0x00000000f5603c48}> (0x00000000f5603c48) 
thrown [s\open\src\hotspot\share\prims\jni.cpp, line 518]

VM Operations (20 events):
Event: 3247.887 Executing VM operation: RendezvousGCThreads
Event: 3247.887 Executing VM operation: RendezvousGCThreads done
Event: 3308.055 Executing VM operation: HandshakeAllThreads (HandshakeForDeflation)
Event: 3308.058 Executing VM operation: HandshakeAllThreads (HandshakeForDeflation) done
Event: 3308.058 Executing VM operation: RendezvousGCThreads
Event: 3308.058 Executing VM operation: RendezvousGCThreads done
Event: 3368.141 Executing VM operation: HandshakeAllThreads (HandshakeForDeflation)
Event: 3368.144 Executing VM operation: HandshakeAllThreads (HandshakeForDeflation) done
Event: 3368.144 Executing VM operation: RendezvousGCThreads
Event: 3368.144 Executing VM operation: RendezvousGCThreads done
Event: 3428.256 Executing VM operation: HandshakeAllThreads (HandshakeForDeflation)
Event: 3428.260 Executing VM operation: HandshakeAllThreads (HandshakeForDeflation) done
Event: 3428.261 Executing VM operation: RendezvousGCThreads
Event: 3428.261 Executing VM operation: RendezvousGCThreads done
Event: 3488.344 Executing VM operation: HandshakeAllThreads (HandshakeForDeflation)
Event: 3488.349 Executing VM operation: HandshakeAllThreads (HandshakeForDeflation) done
Event: 3488.349 Executing VM operation: RendezvousGCThreads
Event: 3488.349 Executing VM operation: RendezvousGCThreads done
Event: 3503.357 Executing VM operation: ParallelCollectForAllocation (Allocation Failure)
Event: 3503.468 Executing VM operation: ParallelCollectForAllocation (Allocation Failure) done

Memory protections (0 events):
No events

Nmethod flushes (20 events):
Event: 30.749 Thread 0x0000020d29a052a0 flushing  nmethod 0x0000020d32df3988
Event: 30.749 Thread 0x0000020d29a052a0 flushing  nmethod 0x0000020d32df3c88
Event: 30.749 Thread 0x0000020d29a052a0 flushing  nmethod 0x0000020d32df3f88
Event: 30.749 Thread 0x0000020d29a052a0 flushing  nmethod 0x0000020d32df4688
Event: 30.749 Thread 0x0000020d29a052a0 flushing  nmethod 0x0000020d32df4c08
Event: 30.749 Thread 0x0000020d29a052a0 flushing  nmethod 0x0000020d32df6188
Event: 30.749 Thread 0x0000020d29a052a0 flushing  nmethod 0x0000020d32df8088
Event: 30.749 Thread 0x0000020d29a052a0 flushing  nmethod 0x0000020d32e4bc08
Event: 30.749 Thread 0x0000020d29a052a0 flushing  nmethod 0x0000020d32e82388
Event: 30.749 Thread 0x0000020d29a052a0 flushing  nmethod 0x0000020d32e9d608
Event: 30.749 Thread 0x0000020d29a052a0 flushing  nmethod 0x0000020d32ec9b88
Event: 30.749 Thread 0x0000020d29a052a0 flushing  nmethod 0x0000020d32ee8a88
Event: 30.749 Thread 0x0000020d29a052a0 flushing  nmethod 0x0000020d32f04208
Event: 30.749 Thread 0x0000020d29a052a0 flushing  nmethod 0x0000020d32f9fe88
Event: 30.749 Thread 0x0000020d29a052a0 flushing  nmethod 0x0000020d32ffcc88
Event: 30.749 Thread 0x0000020d29a052a0 flushing  nmethod 0x0000020d32ffd708
Event: 30.749 Thread 0x0000020d29a052a0 flushing  nmethod 0x0000020d32ffdb08
Event: 30.749 Thread 0x0000020d29a052a0 flushing  nmethod 0x0000020d32ffe408
Event: 30.749 Thread 0x0000020d29a052a0 flushing  nmethod 0x0000020d33002108
Event: 30.749 Thread 0x0000020d29a052a0 flushing  nmethod 0x0000020d33002508

Events (20 events):
Event: 3504.563 Thread 0x0000020d8b662b40 Thread added: 0x0000020d8b66cc20
Event: 3504.563 Thread 0x0000020d8b662b40 Thread added: 0x0000020d8b6706a0
Event: 3504.564 Thread 0x0000020d8b662b40 Thread added: 0x0000020d8b670df0
Event: 3504.564 Thread 0x0000020d8b662b40 Thread added: 0x0000020d8b671540
Event: 3504.565 Thread 0x0000020d8b662b40 Thread added: 0x0000020d8b671c90
Event: 3504.566 Thread 0x0000020d8b662b40 Thread added: 0x0000020d8e85ada0
Event: 3504.566 Thread 0x0000020d8b662b40 Thread added: 0x0000020d8e85bc40
Event: 3504.567 Thread 0x0000020d8b662b40 Thread added: 0x0000020d8e85c390
Event: 3504.582 Thread 0x0000020d8a781a40 Thread exited: 0x0000020d8a781a40
Event: 3504.661 Thread 0x0000020d8b662b40 Thread added: 0x0000020d8e85cae0
Event: 3504.661 Thread 0x0000020d8b662b40 Thread added: 0x0000020d8e85a650
Event: 3504.661 Thread 0x0000020d8b662b40 Thread added: 0x0000020d8e85d230
Event: 3504.662 Thread 0x0000020d8b662b40 Thread added: 0x0000020d8e859f00
Event: 3504.662 Thread 0x0000020d8b662b40 Thread added: 0x0000020d8e85ef70
Event: 3504.662 Thread 0x0000020d8b662b40 Thread added: 0x0000020d8e85d980
Event: 3504.663 Thread 0x0000020d8b662b40 Thread added: 0x0000020d8e85f6c0
Event: 3504.664 Thread 0x0000020d8b662b40 Thread added: 0x0000020d8e85fe10
Event: 3504.664 Thread 0x0000020d8b662b40 Thread added: 0x0000020d8e860560
Event: 3504.664 Thread 0x0000020d8b662b40 Thread added: 0x0000020d8e860cb0
Event: 3504.664 Thread 0x0000020d8b662b40 Thread added: 0x0000020d8e85e820


Dynamic libraries:
0x00007ff6ff670000 - 0x00007ff6ff67e000 	C:\Users\cesarr\.jdks\openjdk-24.0.2\bin\java.exe
0x00007ffe9d200000 - 0x00007ffe9d469000 	C:\WINDOWS\SYSTEM32\ntdll.dll
0x00007ffe9d0e0000 - 0x00007ffe9d1a9000 	C:\WINDOWS\System32\KERNEL32.DLL
0x00007ffe9a9f0000 - 0x00007ffe9ade3000 	C:\WINDOWS\System32\KERNELBASE.dll
0x00007ffe9a4f0000 - 0x00007ffe9a63b000 	C:\WINDOWS\System32\ucrtbase.dll
0x00007ffe955a0000 - 0x00007ffe955b6000 	C:\Users\cesarr\.jdks\openjdk-24.0.2\bin\jli.dll
0x00007ffe6ca20000 - 0x00007ffe6ca3b000 	C:\Users\cesarr\.jdks\openjdk-24.0.2\bin\VCRUNTIME140.dll
0x00007ffe9cf10000 - 0x00007ffe9d0d4000 	C:\WINDOWS\System32\USER32.dll
0x00007ffe80620000 - 0x00007ffe808b3000 	C:\WINDOWS\WinSxS\amd64_microsoft.windows.common-controls_6595b64144ccf1df_6.0.26100.5074_none_3e0d6f78e32fd63f\COMCTL32.dll
0x00007ffe9b050000 - 0x00007ffe9b0f9000 	C:\WINDOWS\System32\msvcrt.dll
0x00007ffe9a840000 - 0x00007ffe9a867000 	C:\WINDOWS\System32\win32u.dll
0x00007ffe9b1e0000 - 0x00007ffe9b20b000 	C:\WINDOWS\System32\GDI32.dll
0x00007ffe9adf0000 - 0x00007ffe9af1d000 	C:\WINDOWS\System32\gdi32full.dll
0x00007ffe9af20000 - 0x00007ffe9afc3000 	C:\WINDOWS\System32\msvcp_win.dll
0x00007ffe9c170000 - 0x00007ffe9c19f000 	C:\WINDOWS\System32\IMM32.DLL
0x00007ffe71ae0000 - 0x00007ffe71bd2000 	C:\Program Files\Windhawk\Engine\1.6.1\64\windhawk.dll
0x00007ffe9b2a0000 - 0x00007ffe9b354000 	C:\WINDOWS\System32\ADVAPI32.dll
0x00007ffe9c0c0000 - 0x00007ffe9c166000 	C:\WINDOWS\System32\sechost.dll
0x00007ffe9c220000 - 0x00007ffe9c338000 	C:\WINDOWS\System32\RPCRT4.dll
0x00007ffe7e760000 - 0x00007ffe7e76c000 	C:\Users\cesarr\.jdks\openjdk-24.0.2\bin\vcruntime140_1.dll
0x00007ffe441d0000 - 0x00007ffe4425e000 	C:\Users\cesarr\.jdks\openjdk-24.0.2\bin\msvcp140.dll
0x00007ffdc6e20000 - 0x00007ffdc7bc1000 	C:\Users\cesarr\.jdks\openjdk-24.0.2\bin\server\jvm.dll
0x00007ffe9c440000 - 0x00007ffe9c4b4000 	C:\WINDOWS\System32\WS2_32.dll
0x00007ffe9a1f0000 - 0x00007ffe9a24e000 	C:\WINDOWS\SYSTEM32\POWRPROF.dll
0x00007ffe90f50000 - 0x00007ffe90f5b000 	C:\WINDOWS\SYSTEM32\VERSION.dll
0x00007ffe8c6b0000 - 0x00007ffe8c6e5000 	C:\WINDOWS\SYSTEM32\WINMM.dll
0x00007ffe9a1d0000 - 0x00007ffe9a1e4000 	C:\WINDOWS\SYSTEM32\UMPDC.dll
0x00007ffe99170000 - 0x00007ffe9918b000 	C:\WINDOWS\SYSTEM32\kernel.appcore.dll
0x00007ffe7cae0000 - 0x00007ffe7caea000 	C:\Users\cesarr\.jdks\openjdk-24.0.2\bin\jimage.dll
0x00007ffe8b9d0000 - 0x00007ffe8bc12000 	C:\WINDOWS\SYSTEM32\DBGHELP.DLL
0x00007ffe9b360000 - 0x00007ffe9b6db000 	C:\WINDOWS\System32\combase.dll
0x00007ffe9b100000 - 0x00007ffe9b1d7000 	C:\WINDOWS\System32\OLEAUT32.dll
0x00007ffe758a0000 - 0x00007ffe758dd000 	C:\WINDOWS\SYSTEM32\dbgcore.DLL
0x00007ffe9a390000 - 0x00007ffe9a429000 	C:\WINDOWS\System32\bcryptPrimitives.dll
0x00007ffe7c9f0000 - 0x00007ffe7c9ff000 	C:\Users\cesarr\.jdks\openjdk-24.0.2\bin\instrument.dll
0x00007ffe66a60000 - 0x00007ffe66a7e000 	C:\Users\cesarr\.jdks\openjdk-24.0.2\bin\java.dll
0x00007ffe9b840000 - 0x00007ffe9b9d8000 	C:\WINDOWS\System32\ole32.dll
0x00007ffe9c4c0000 - 0x00007ffe9cc0d000 	C:\WINDOWS\System32\SHELL32.dll
0x00007ffe9a640000 - 0x00007ffe9a7ac000 	C:\WINDOWS\System32\wintypes.dll
0x00007ffe97ff0000 - 0x00007ffe98849000 	C:\WINDOWS\SYSTEM32\windows.storage.dll
0x00007ffe9c340000 - 0x00007ffe9c430000 	C:\WINDOWS\System32\SHCORE.dll
0x00007ffe9c1b0000 - 0x00007ffe9c212000 	C:\WINDOWS\System32\shlwapi.dll
0x00007ffe9a2b0000 - 0x00007ffe9a2d9000 	C:\WINDOWS\SYSTEM32\profapi.dll
0x00007ffe2ac40000 - 0x00007ffe2ad17000 	C:\Users\cesarr\.jdks\openjdk-24.0.2\bin\jsvml.dll
0x00007ffe66a40000 - 0x00007ffe66a57000 	C:\Users\cesarr\.jdks\openjdk-24.0.2\bin\zip.dll
0x00007ffe756f0000 - 0x00007ffe75700000 	C:\Users\cesarr\.jdks\openjdk-24.0.2\bin\net.dll
0x00007ffe996f0000 - 0x00007ffe9975b000 	C:\WINDOWS\system32\mswsock.dll
0x00007ffe62af0000 - 0x00007ffe62b06000 	C:\Users\cesarr\.jdks\openjdk-24.0.2\bin\nio.dll
0x00007ffe6ccd0000 - 0x00007ffe6cce0000 	C:\Users\cesarr\.jdks\openjdk-24.0.2\bin\verify.dll
0x00007ffe56af0000 - 0x00007ffe56b17000 	C:\Users\cesarr\.gradle\native\1def1411415f61bf3af743bc5b6707747c0891f09f0c88961ee8f79bc544acac\windows-amd64\native-platform.dll
0x00007ffe05d30000 - 0x00007ffe05da8000 	C:\Users\cesarr\.gradle\native\0.2.7\x86_64-windows-gnu\gradle-fileevents.dll
0x00007ffe6c9a0000 - 0x00007ffe6c9aa000 	C:\Users\cesarr\.jdks\openjdk-24.0.2\bin\management.dll
0x00007ffe6c8f0000 - 0x00007ffe6c8fb000 	C:\Users\cesarr\.jdks\openjdk-24.0.2\bin\management_ext.dll
0x00007ffe9aff0000 - 0x00007ffe9aff8000 	C:\WINDOWS\System32\PSAPI.DLL
0x00007ffe98c20000 - 0x00007ffe98c54000 	C:\WINDOWS\SYSTEM32\IPHLPAPI.DLL
0x00007ffe9ce80000 - 0x00007ffe9ce8a000 	C:\WINDOWS\System32\NSI.dll
0x00007ffe6c8b0000 - 0x00007ffe6c8b9000 	C:\Users\cesarr\.jdks\openjdk-24.0.2\bin\extnet.dll
0x00007ffe99990000 - 0x00007ffe999ab000 	C:\WINDOWS\SYSTEM32\CRYPTSP.dll
0x00007ffe990d0000 - 0x00007ffe9910b000 	C:\WINDOWS\system32\rsaenh.dll
0x00007ffe99790000 - 0x00007ffe997bb000 	C:\WINDOWS\SYSTEM32\USERENV.dll
0x00007ffe9a280000 - 0x00007ffe9a2a6000 	C:\WINDOWS\SYSTEM32\bcrypt.dll
0x00007ffe999b0000 - 0x00007ffe999bc000 	C:\WINDOWS\SYSTEM32\CRYPTBASE.dll
0x00007ffe65380000 - 0x00007ffe6538e000 	C:\Users\cesarr\.jdks\openjdk-24.0.2\bin\sunmscapi.dll
0x00007ffe99bb0000 - 0x00007ffe99be0000 	C:\WINDOWS\SYSTEM32\ncrypt.dll
0x0000020d8bae0000 - 0x0000020d8bc57000 	C:\WINDOWS\System32\CRYPT32.dll
0x00007ffe99b60000 - 0x00007ffe99b9f000 	C:\WINDOWS\SYSTEM32\NTASN1.dll
0x00007ffe6b180000 - 0x00007ffe6b188000 	C:\WINDOWS\system32\wshunix.dll
0x00007ffe98c60000 - 0x00007ffe98d86000 	C:\WINDOWS\SYSTEM32\DNSAPI.dll
0x00007ffe92290000 - 0x00007ffe9229b000 	C:\Windows\System32\rasadhlp.dll
0x00007ffe93e40000 - 0x00007ffe93ec6000 	C:\WINDOWS\System32\fwpuclnt.dll
0x00007ffe7cc00000 - 0x00007ffe7cc07000 	C:\Users\cesarr\.jdks\openjdk-24.0.2\bin\rmi.dll

JVMTI agents:
C:\Users\cesarr\.gradle\wrapper\dists\gradle-8.14.3-bin\cv11ve7ro1n3o1j4so8xd9n66\gradle-8.14.3\lib\agents\gradle-instrumentation-agent-8.14.3.jar path:C:\Users\cesarr\.jdks\openjdk-24.0.2\bin\instrument.dll, loaded, initialized, instrumentlib options:none

dbghelp: loaded successfully - version: 4.0.5 - missing functions: none
symbol engine: initialized successfully - sym options: 0x614 - pdb path: .;C:\Users\cesarr\.jdks\openjdk-24.0.2\bin;C:\WINDOWS\SYSTEM32;C:\WINDOWS\WinSxS\amd64_microsoft.windows.common-controls_6595b64144ccf1df_6.0.26100.5074_none_3e0d6f78e32fd63f;C:\Program Files\Windhawk\Engine\1.6.1\64;C:\Users\cesarr\.jdks\openjdk-24.0.2\bin\server;C:\Users\cesarr\.gradle\native\1def1411415f61bf3af743bc5b6707747c0891f09f0c88961ee8f79bc544acac\windows-amd64;C:\Users\cesarr\.gradle\native\0.2.7\x86_64-windows-gnu

VM Arguments:
jvm_args: --add-opens=java.base/java.lang=ALL-UNNAMED --add-opens=java.base/java.lang.invoke=ALL-UNNAMED --add-opens=java.base/java.util=ALL-UNNAMED --add-opens=java.prefs/java.util.prefs=ALL-UNNAMED --add-exports=jdk.compiler/com.sun.tools.javac.api=ALL-UNNAMED --add-exports=jdk.compiler/com.sun.tools.javac.util=ALL-UNNAMED --add-opens=java.base/java.util=ALL-UNNAMED --add-opens=java.prefs/java.util.prefs=ALL-UNNAMED --add-opens=java.base/java.nio.charset=ALL-UNNAMED --add-opens=java.base/java.net=ALL-UNNAMED --add-opens=java.base/java.util.concurrent.atomic=ALL-UNNAMED --add-opens=java.xml/javax.xml.namespace=ALL-UNNAMED --enable-native-access=ALL-UNNAMED -XX:+UseParallelGC -Xms128m -Xmx512m -Dfile.encoding=UTF-8 -Duser.country=419 -Duser.language=es -Duser.variant -javaagent:C:\Users\cesarr\.gradle\wrapper\dists\gradle-8.14.3-bin\cv11ve7ro1n3o1j4so8xd9n66\gradle-8.14.3\lib\agents\gradle-instrumentation-agent-8.14.3.jar 
java_command: org.gradle.launcher.daemon.bootstrap.GradleDaemon 8.14.3
java_class_path (initial): C:\Users\cesarr\.gradle\wrapper\dists\gradle-8.14.3-bin\cv11ve7ro1n3o1j4so8xd9n66\gradle-8.14.3\lib\gradle-daemon-main-8.14.3.jar
Launcher Type: SUN_STANDARD

[Global flags]
     intx CICompilerCount                          = 4                                         {product} {ergonomic}
   size_t InitialHeapSize                          = 134217728                                 {product} {command line}
   size_t MaxHeapSize                              = 536870912                                 {product} {command line}
   size_t MaxNewSize                               = 178782208                                 {product} {ergonomic}
   size_t MinHeapDeltaBytes                        = 524288                                    {product} {ergonomic}
   size_t MinHeapSize                              = 134217728                                 {product} {command line}
   size_t NewSize                                  = 44564480                                  {product} {ergonomic}
    uintx NonNMethodCodeHeapSize                   = 5832704                                {pd product} {ergonomic}
    uintx NonProfiledCodeHeapSize                  = 122945536                              {pd product} {ergonomic}
    uintx ProfiledCodeHeapSize                     = 122880000                              {pd product} {ergonomic}
    uintx ReservedCodeCacheSize                    = 251658240                              {pd product} {ergonomic}
     bool SegmentedCodeCache                       = true                                      {product} {ergonomic}
   size_t SoftMaxHeapSize                          = 536870912                              {manageable} {ergonomic}
     bool UseCompressedOops                        = true                           {product lp64_product} {ergonomic}
     bool UseLargePagesIndividualAllocation        = false                                  {pd product} {ergonomic}
     bool UseParallelGC                            = true                                      {product} {command line}

Logging:
Log output configuration:
 #0: stdout all=warning uptime,level,tags foldmultilines=false
 #1: stderr all=off uptime,level,tags foldmultilines=false

Environment Variables:
PATH=C:\Users\cesarr\AppData\Local\Programs\Python\Python313\Scripts\;C:\Users\cesarr\AppData\Local\Programs\Python\Python313\;C:\windows\system32;C:\windows;C:\windows\System32\Wbem;C:\windows\System32\WindowsPowerShell\v1.0\;C:\windows\System32\OpenSSH\;C:\Program Files (x86)\NVIDIA Corporation\PhysX\Common;C:\Program Files\NVIDIA Corporation\NVIDIA NvDLISR;C:\Users\Administrator\AppData\Local\Microsoft\WindowsApps;C:\Program Files\HP\OMEN-Broadcast\Common;C:\Program Files\PuTTY\;C:\WINDOWS\system32;C:\WINDOWS;C:\WINDOWS\System32\Wbem;C:\WINDOWS\System32\WindowsPowerShell\v1.0\;C:\WINDOWS\System32\OpenSSH\;C:\Program Files\Git\cmd;C:\Program Files\nodejs\;C:\ProgramData\chocolatey\bin;C:\Users\cesarr\AppData\Local\Programs\Eclipse Adoptium\jdk-21.0.7.6-hotspot\bin;C:\Users\cesarr\AppData\Local\Microsoft\WindowsApps;C:\Users\cesarr\AppData\Local\Programs\Microsoft VS Code\bin;C:\ruta\completa\hasta\bin;C:\Users\cesarr\Downloads\x86_64-8.1.0-release-posix-seh-rt_v6-rev0\mingw64\bin;C:\Users\cesarr\AppData\Roaming\npm
USERNAME=cesarr
OS=Windows_NT
PROCESSOR_IDENTIFIER=AMD64 Family 25 Model 117 Stepping 2, AuthenticAMD
TMP=C:\Users\cesarr\AppData\Local\Temp
TEMP=C:\Users\cesarr\AppData\Local\Temp




Periodic native trim disabled

---------------  S Y S T E M  ---------------

OS:
 Windows 11 , 64 bit Build 26100 (10.0.26100.5074)
OS uptime: 0 days 8:25 hours
Hyper-V role detected

CPU: total 12 (initial active 12) (12 cores per cpu, 2 threads per core) family 25 model 117 stepping 2 microcode 0xa70520a, cx8, cmov, fxsr, ht, mmx, 3dnowpref, sse, sse2, sse3, ssse3, sse4a, sse4.1, sse4.2, popcnt, lzcnt, tsc, tscinvbit, avx, avx2, aes, erms, clmul, bmi1, bmi2, adx, avx512f, avx512dq, avx512cd, avx512bw, avx512vl, sha, fma, vzeroupper, avx512_vpopcntdq, avx512_vpclmulqdq, avx512_vaes, avx512_vnni, clflush, clflushopt, avx512_vbmi2, avx512_vbmi, hv, rdtscp, rdpid, fsrm, gfni, avx512_bitalg, f16c, cet_ss, avx512_ifma
Processor Information for processor 0
  Max Mhz: 4301, Current Mhz: 3430, Mhz Limit: 4301
Processor Information for processor 1
  Max Mhz: 4301, Current Mhz: 4301, Mhz Limit: 4301
Processor Information for processor 2
  Max Mhz: 4301, Current Mhz: 3430, Mhz Limit: 4301
Processor Information for processor 3
  Max Mhz: 4301, Current Mhz: 3430, Mhz Limit: 4301
Processor Information for processor 4
  Max Mhz: 4301, Current Mhz: 4301, Mhz Limit: 4301
Processor Information for processor 5
  Max Mhz: 4301, Current Mhz: 4301, Mhz Limit: 4301
Processor Information for processor 6
  Max Mhz: 4301, Current Mhz: 3430, Mhz Limit: 4301
Processor Information for processor 7
  Max Mhz: 4301, Current Mhz: 3430, Mhz Limit: 4301
Processor Information for processor 8
  Max Mhz: 4301, Current Mhz: 4301, Mhz Limit: 4301
Processor Information for processor 9
  Max Mhz: 4301, Current Mhz: 3430, Mhz Limit: 4301
Processor Information for processor 10
  Max Mhz: 4301, Current Mhz: 3430, Mhz Limit: 4301
Processor Information for processor 11
  Max Mhz: 4301, Current Mhz: 3430, Mhz Limit: 4301

Memory: 4k page, system-wide physical 7439M (742M free)
TotalPageFile size 29967M (AvailPageFile size 2M)
current process WorkingSet (physical memory assigned to process): 181M, peak: 380M
current process commit charge ("private bytes"): 541M, peak: 556M

vm_info: OpenJDK 64-Bit Server VM (24.0.2+12-54) for windows-amd64 JRE (24.0.2+12-54), built on 2025-07-08T12:10:27Z with MS VC++ 17.6 (VS2022)

END.
