#
# There is insufficient memory for the Java Runtime Environment to continue.
# Native memory allocation (malloc) failed to allocate 2044240 bytes. Error detail: Chunk::new
# Possible reasons:
#   The system is out of physical RAM or swap space
#   This process is running with CompressedOops enabled, and the Java Heap may be blocking the growth of the native heap
# Possible solutions:
#   Reduce memory load on the system
#   Increase physical memory or swap space
#   Check if swap backing store is full
#   Decrease Java heap size (-Xmx/-Xms)
#   Decrease number of Java threads
#   Decrease Java thread stack sizes (-Xss)
#   Set larger code cache with -XX:ReservedCodeCacheSize=
#   JVM is running with Unscaled Compressed Oops mode in which the Java heap is
#     placed in the first 4GB address space. The Java Heap base address is the
#     maximum limit for the native heap growth. Please use -XX:HeapBaseMinAddress
#     to set the Java Heap base and to place the Java Heap above 4GB virtual address.
# This output file may be truncated or incomplete.
#
#  Out of Memory Error (arena.cpp:162), pid=5572, tid=26580
#
# JRE version: OpenJDK Runtime Environment (24.0.2+12) (build 24.0.2+12-54)
# Java VM: OpenJDK 64-Bit Server VM (24.0.2+12-54, mixed mode, sharing, tiered, compressed oops, compressed class ptrs, g1 gc, windows-amd64)
# No core dump will be written. Minidumps are not enabled by default on client versions of Windows
#

---------------  S U M M A R Y ------------

Command Line: -Dio.ktor.development=true -javaagent:C:\Program Files\JetBrains\IntelliJ IDEA 2025.1.1.1\lib\idea_rt.jar=52291 -Dfile.encoding=UTF-8 -Dsun.stdout.encoding=UTF-8 -Dsun.stderr.encoding=UTF-8 io.ktor.server.netty.EngineMain

Host: AMD Ryzen 5 8645HS w/ Radeon 760M Graphics, 12 cores, 7G,  Windows 11 , 64 bit Build 26100 (10.0.26100.5074)
Time: Tue Dec  2 09:41:11 2025 Hora estándar central (México) elapsed time: 937.378722 seconds (0d 0h 15m 37s)

---------------  T H R E A D  ---------------

Current thread (0x00000179d13a82f0):  JavaThread "C2 CompilerThread0" daemon [_thread_in_native, id=26580, stack(0x0000002f76300000,0x0000002f76400000) (1024K)]


Current CompileTask:
C2:937379 6002       4       java.net.Socket$SocketInputStream::read (69 bytes)

Stack: [0x0000002f76300000,0x0000002f76400000]
Native frames: (J=compiled Java code, j=interpreted, Vv=VM code, C=native code)
V  [jvm.dll+0x730829]  (no source info available)
V  [jvm.dll+0x8d9da3]  (no source info available)
V  [jvm.dll+0x8dc28d]  (no source info available)
V  [jvm.dll+0x8dc903]  (no source info available)
V  [jvm.dll+0x2a9f56]  (no source info available)
V  [jvm.dll+0xced7f]  (no source info available)
V  [jvm.dll+0xcefdf]  (no source info available)
V  [jvm.dll+0x154c83]  (no source info available)
V  [jvm.dll+0x73604f]  (no source info available)
V  [jvm.dll+0x26f8dc]  (no source info available)
V  [jvm.dll+0x26e8ff]  (no source info available)
V  [jvm.dll+0x1e9c90]  (no source info available)
V  [jvm.dll+0x27e0cb]  (no source info available)
V  [jvm.dll+0x27c36a]  (no source info available)
V  [jvm.dll+0x42f396]  (no source info available)
V  [jvm.dll+0x87d9eb]  (no source info available)
V  [jvm.dll+0x72ef45]  (no source info available)
C  [ucrtbase.dll+0x37b0]  (no source info available)
C  [KERNEL32.DLL+0x2e8d7]  (no source info available)
C  [ntdll.dll+0x8d9c]  (no source info available)

Lock stack of current Java thread (top to bottom):


---------------  P R O C E S S  ---------------

Threads class SMR info:
_java_thread_list=0x0000017a17e2ec60, length=41, elements={
0x00000179b4321fb0, 0x00000179d0d21a90, 0x00000179d0d231e0, 0x00000179d0d29750,
0x00000179d0d2a750, 0x00000179d0d2aea0, 0x00000179d0d2b5f0, 0x00000179d13a82f0,
0x00000179d13b06a0, 0x00000179d0d2d330, 0x00000179d0d2c490, 0x00000179d0d2cbe0,
0x00000179d0d2da80, 0x0000017a177f6560, 0x0000017a177f7b50, 0x0000017a177f56c0,
0x0000017a177f9140, 0x0000017a177f9890, 0x0000017a177f5e10, 0x0000017a177f9fe0,
0x0000017a177f6cb0, 0x0000017a177fa730, 0x0000017a177fbd20, 0x0000017a177f89f0,
0x0000017a177fae80, 0x0000017a177fc470, 0x0000017a177fb5d0, 0x00000179d15f6c30,
0x00000179d15f7380, 0x0000017a177f7400, 0x0000017a17d41b90, 0x0000017a17d3f700,
0x0000017a17d422e0, 0x0000017a17d40cf0, 0x0000017a17d41440, 0x0000017a17d3fe50,
0x0000017a17d405a0, 0x0000017a17d3efb0, 0x0000017a17d45610, 0x0000017a17d43180,
0x0000017a17d45d60
}

Java Threads: ( => current thread )
  0x00000179b4321fb0 JavaThread "main"                              [_thread_blocked, id=4400, stack(0x0000002f75500000,0x0000002f75600000) (1024K)]
  0x00000179d0d21a90 JavaThread "Reference Handler"          daemon [_thread_blocked, id=7672, stack(0x0000002f75d00000,0x0000002f75e00000) (1024K)]
  0x00000179d0d231e0 JavaThread "Finalizer"                  daemon [_thread_blocked, id=11932, stack(0x0000002f75e00000,0x0000002f75f00000) (1024K)]
  0x00000179d0d29750 JavaThread "Signal Dispatcher"          daemon [_thread_blocked, id=25728, stack(0x0000002f75f00000,0x0000002f76000000) (1024K)]
  0x00000179d0d2a750 JavaThread "Attach Listener"            daemon [_thread_blocked, id=24224, stack(0x0000002f76000000,0x0000002f76100000) (1024K)]
  0x00000179d0d2aea0 JavaThread "Service Thread"             daemon [_thread_blocked, id=3328, stack(0x0000002f76100000,0x0000002f76200000) (1024K)]
  0x00000179d0d2b5f0 JavaThread "Monitor Deflation Thread"   daemon [_thread_blocked, id=22864, stack(0x0000002f76200000,0x0000002f76300000) (1024K)]
=>0x00000179d13a82f0 JavaThread "C2 CompilerThread0"         daemon [_thread_in_native, id=26580, stack(0x0000002f76300000,0x0000002f76400000) (1024K)]
  0x00000179d13b06a0 JavaThread "C1 CompilerThread0"         daemon [_thread_blocked, id=1464, stack(0x0000002f76400000,0x0000002f76500000) (1024K)]
  0x00000179d0d2d330 JavaThread "Common-Cleaner"             daemon [_thread_blocked, id=29844, stack(0x0000002f76600000,0x0000002f76700000) (1024K)]
  0x00000179d0d2c490 JavaThread "Monitor Ctrl-Break"         daemon [_thread_in_native, id=30240, stack(0x0000002f76700000,0x0000002f76800000) (1024K)]
  0x00000179d0d2cbe0 JavaThread "Notification Thread"        daemon [_thread_blocked, id=27936, stack(0x0000002f76800000,0x0000002f76900000) (1024K)]
  0x00000179d0d2da80 JavaThread "RMI TCP Accept-0"           daemon [_thread_in_native, id=21684, stack(0x0000002f76900000,0x0000002f76a00000) (1024K)]
  0x0000017a177f6560 JavaThread "RMI Scheduler(0)"           daemon [_thread_blocked, id=30248, stack(0x0000002f76b00000,0x0000002f76c00000) (1024K)]
  0x0000017a177f7b50 JavaThread "JMX server connection timeout 31" daemon [_thread_blocked, id=20760, stack(0x0000002f76c00000,0x0000002f76d00000) (1024K)]
  0x0000017a177f56c0 JavaThread "PostgreSQL-JDBC-Cleaner"    daemon [_thread_blocked, id=29752, stack(0x0000002f77900000,0x0000002f77a00000) (1024K)]
  0x0000017a177f9140 JavaThread "HikariPool-1 housekeeper"   daemon [_thread_blocked, id=4832, stack(0x0000002f77a00000,0x0000002f77b00000) (1024K)]
  0x0000017a177f9890 JavaThread "eventLoopGroupProxy-1-1"    daemon [_thread_in_native, id=30172, stack(0x0000002f77c00000,0x0000002f77d00000) (1024K)]
  0x0000017a177f5e10 JavaThread "eventLoopGroupProxy-3-1"    daemon [_thread_in_native, id=30716, stack(0x0000002f77b00000,0x0000002f77c00000) (1024K)]
  0x0000017a177f9fe0 JavaThread "eventLoopGroupProxy-4-1"    daemon [_thread_in_native, id=13196, stack(0x0000002f77d00000,0x0000002f77e00000) (1024K)]
  0x0000017a177f6cb0 JavaThread "RMI TCP Connection(2)-192.168.1.69" daemon [_thread_in_native, id=22280, stack(0x0000002f76500000,0x0000002f76600000) (1024K)]
  0x0000017a177fa730 JavaThread "eventLoopGroupProxy-3-2"    daemon [_thread_in_native, id=10036, stack(0x0000002f77e00000,0x0000002f77f00000) (1024K)]
  0x0000017a177fbd20 JavaThread "eventLoopGroupProxy-4-2"    daemon [_thread_in_native, id=30420, stack(0x0000002f77f00000,0x0000002f78000000) (1024K)]
  0x0000017a177f89f0 JavaThread "eventLoopGroupProxy-3-3"    daemon [_thread_in_native, id=29764, stack(0x0000002f78200000,0x0000002f78300000) (1024K)]
  0x0000017a177fae80 JavaThread "eventLoopGroupProxy-4-3"    daemon [_thread_in_native, id=29644, stack(0x0000002f78300000,0x0000002f78400000) (1024K)]
  0x0000017a177fc470 JavaThread "eventLoopGroupProxy-3-4"    daemon [_thread_in_native, id=28812, stack(0x0000002f78400000,0x0000002f78500000) (1024K)]
  0x0000017a177fb5d0 JavaThread "eventLoopGroupProxy-4-4"    daemon [_thread_in_native, id=18356, stack(0x0000002f78500000,0x0000002f78600000) (1024K)]
  0x00000179d15f6c30 JavaThread "eventLoopGroupProxy-3-5"    daemon [_thread_in_native, id=7308, stack(0x0000002f75100000,0x0000002f75200000) (1024K)]
  0x00000179d15f7380 JavaThread "eventLoopGroupProxy-4-5"    daemon [_thread_in_native, id=16192, stack(0x0000002f75200000,0x0000002f75300000) (1024K)]
  0x0000017a177f7400 JavaThread "eventLoopGroupProxy-3-6"    daemon [_thread_in_native, id=30036, stack(0x0000002f75300000,0x0000002f75400000) (1024K)]
  0x0000017a17d41b90 JavaThread "eventLoopGroupProxy-4-6"    daemon [_thread_in_native, id=3148, stack(0x0000002f76a00000,0x0000002f76b00000) (1024K)]
  0x0000017a17d3f700 JavaThread "DefaultDispatcher-worker-1" daemon [_thread_blocked, id=7124, stack(0x0000002f77400000,0x0000002f77500000) (1024K)]
  0x0000017a17d422e0 JavaThread "DefaultDispatcher-worker-2" daemon [_thread_blocked, id=17336, stack(0x0000002f78000000,0x0000002f78100000) (1024K)]
  0x0000017a17d40cf0 JavaThread "DefaultDispatcher-worker-3" daemon [_thread_blocked, id=20136, stack(0x0000002f78100000,0x0000002f78200000) (1024K)]
  0x0000017a17d41440 JavaThread "eventLoopGroupProxy-3-7"    daemon [_thread_in_native, id=9488, stack(0x0000002f78600000,0x0000002f78700000) (1024K)]
  0x0000017a17d3fe50 JavaThread "eventLoopGroupProxy-4-7"    daemon [_thread_in_native, id=2364, stack(0x0000002f78700000,0x0000002f78800000) (1024K)]
  0x0000017a17d405a0 JavaThread "eventLoopGroupProxy-4-8"    daemon [_thread_in_native, id=30048, stack(0x0000002f78800000,0x0000002f78900000) (1024K)]
  0x0000017a17d3efb0 JavaThread "eventLoopGroupProxy-4-9"    daemon [_thread_in_native, id=30104, stack(0x0000002f78900000,0x0000002f78a00000) (1024K)]
  0x0000017a17d45610 JavaThread "eventLoopGroupProxy-4-10"   daemon [_thread_in_native, id=12460, stack(0x0000002f78a00000,0x0000002f78b00000) (1024K)]
  0x0000017a17d43180 JavaThread "eventLoopGroupProxy-4-11"   daemon [_thread_in_native, id=5856, stack(0x0000002f78b00000,0x0000002f78c00000) (1024K)]
  0x0000017a17d45d60 JavaThread "eventLoopGroupProxy-4-12"   daemon [_thread_in_native, id=24344, stack(0x0000002f78c00000,0x0000002f78d00000) (1024K)]
Total: 41

Other Threads:
  0x00000179d0d12d30 VMThread "VM Thread"                           [id=30688, stack(0x0000002f75c00000,0x0000002f75d00000) (1024K)]
  0x00000179d0d03200 WatcherThread "VM Periodic Task Thread"        [id=29364, stack(0x0000002f75b00000,0x0000002f75c00000) (1024K)]
  0x00000179b43760b0 WorkerThread "GC Thread#0"                     [id=30600, stack(0x0000002f75600000,0x0000002f75700000) (1024K)]
  0x0000017a178e8c90 WorkerThread "GC Thread#1"                     [id=1760, stack(0x0000002f76d00000,0x0000002f76e00000) (1024K)]
  0x0000017a179c02d0 WorkerThread "GC Thread#2"                     [id=4392, stack(0x0000002f76e00000,0x0000002f76f00000) (1024K)]
  0x0000017a179c0680 WorkerThread "GC Thread#3"                     [id=24204, stack(0x0000002f76f00000,0x0000002f77000000) (1024K)]
  0x0000017a179c0a30 WorkerThread "GC Thread#4"                     [id=14432, stack(0x0000002f77000000,0x0000002f77100000) (1024K)]
  0x0000017a179c0de0 WorkerThread "GC Thread#5"                     [id=17620, stack(0x0000002f77100000,0x0000002f77200000) (1024K)]
  0x0000017a179c15a0 WorkerThread "GC Thread#6"                     [id=15704, stack(0x0000002f77200000,0x0000002f77300000) (1024K)]
  0x0000017a179c24b0 WorkerThread "GC Thread#7"                     [id=30284, stack(0x0000002f77300000,0x0000002f77400000) (1024K)]
  0x0000017a179c19a0 WorkerThread "GC Thread#8"                     [id=30392, stack(0x0000002f77500000,0x0000002f77600000) (1024K)]
  0x0000017a179c1d50 WorkerThread "GC Thread#9"                     [id=3140, stack(0x0000002f77600000,0x0000002f77700000) (1024K)]
  0x00000179b43a2e40 ConcurrentGCThread "G1 Main Marker"            [id=428, stack(0x0000002f75700000,0x0000002f75800000) (1024K)]
  0x00000179b43a5370 WorkerThread "G1 Conc#0"                       [id=14072, stack(0x0000002f75800000,0x0000002f75900000) (1024K)]
  0x0000017a17df6790 WorkerThread "G1 Conc#1"                       [id=18976, stack(0x0000002f77700000,0x0000002f77800000) (1024K)]
  0x0000017a17df6b40 WorkerThread "G1 Conc#2"                       [id=13380, stack(0x0000002f77800000,0x0000002f77900000) (1024K)]
  0x00000179d0bd1680 ConcurrentGCThread "G1 Refine#0"               [id=24380, stack(0x0000002f75900000,0x0000002f75a00000) (1024K)]
  0x00000179d0bd20a0 ConcurrentGCThread "G1 Service"                [id=6044, stack(0x0000002f75a00000,0x0000002f75b00000) (1024K)]
Total: 18

Threads with active compile tasks:
C2 CompilerThread0  937478 6002       4       java.net.Socket$SocketInputStream::read (69 bytes)
Total: 1

VM state: not at safepoint (normal execution)

VM Mutex/Monitor currently owned by a thread: None

Heap address: 0x000000008bc00000, size: 1860 MB, Compressed Oops mode: 32-bit

CDS archive(s) mapped at: [0x00000179d2000000-0x00000179d2d40000-0x00000179d2d40000), size 13893632, SharedBaseAddress: 0x00000179d2000000, ArchiveRelocationMode: 1.
Compressed class space mapped at: 0x00000179d3000000-0x0000017a13000000, reserved size: 1073741824
UseCompressedClassPointers 1, UseCompactObjectHeaders 0
Narrow klass pointer bits 32, Max shift 3
Narrow klass base: 0x00000179d2000000, Narrow klass shift: 0
Encoding Range: [0x00000179d2000000 - 0x0000017ad2000000), (4294967296 bytes)
Klass Range:    [0x00000179d2000000 - 0x0000017a13000000), (1090519040 bytes)
Klass ID Range:  [8 - 1090519033) (1090519025)

GC Precious Log:
 CardTable entry size: 512
 Card Set container configuration: InlinePtr #cards 5 size 8 Array Of Cards #cards 10 size 36 Howl #buckets 4 coarsen threshold 1843 Howl Bitmap #cards 512 size 80 coarsen threshold 460 Card regions per heap region 1 cards per card region 2048
 CPUs: 12 total, 12 available
 Memory: 7439M
 Large Page Support: Disabled
 NUMA Support: Disabled
 Compressed Oops: Enabled (32-bit)
 Heap Region Size: 1M
 Heap Min Capacity: 8M
 Heap Initial Capacity: 118M
 Heap Max Capacity: 1860M
 Pre-touch: Disabled
 Parallel Workers: 10
 Concurrent Workers: 3
 Concurrent Refinement Workers: 10
 Periodic GC: Disabled

Heap:
 garbage-first heap   total reserved 1904640K, committed 46080K, used 38108K [0x000000008bc00000, 0x0000000100000000)
  region size 1024K, 16 young (16384K), 1 survivors (1024K)
 Metaspace       used 46224K, committed 46592K, reserved 1114112K
  class space    used 4324K, committed 4480K, reserved 1048576K

Heap Regions: E=young(eden), S=young(survivor), O=old, HS=humongous(starts), HC=humongous(continues), CS=collection set, F=free, TAMS=top-at-mark-start, PB=parsable bottom
|   0|0x000000008bc00000, 0x000000008bd00000, 0x000000008bd00000|100%| O|  |TAMS 0x000000008bc00000| PB 0x000000008bc00000| Untracked |  0
|   1|0x000000008bd00000, 0x000000008be00000, 0x000000008be00000|100%| O|  |TAMS 0x000000008bd00000| PB 0x000000008bd00000| Untracked |  0
|   2|0x000000008be00000, 0x000000008bf00000, 0x000000008bf00000|100%| O|  |TAMS 0x000000008be00000| PB 0x000000008be00000| Untracked |  0
|   3|0x000000008bf00000, 0x000000008c000000, 0x000000008c000000|100%| O|  |TAMS 0x000000008bf00000| PB 0x000000008bf00000| Untracked |  0
|   4|0x000000008c000000, 0x000000008c100000, 0x000000008c100000|100%| O|  |TAMS 0x000000008c000000| PB 0x000000008c000000| Untracked |  0
|   5|0x000000008c100000, 0x000000008c200000, 0x000000008c200000|100%| O|  |TAMS 0x000000008c100000| PB 0x000000008c100000| Untracked |  0
|   6|0x000000008c200000, 0x000000008c300000, 0x000000008c300000|100%|HS|  |TAMS 0x000000008c200000| PB 0x000000008c200000| Complete |  0
|   7|0x000000008c300000, 0x000000008c400000, 0x000000008c400000|100%| O|  |TAMS 0x000000008c300000| PB 0x000000008c300000| Untracked |  0
|   8|0x000000008c400000, 0x000000008c500000, 0x000000008c500000|100%| O|  |TAMS 0x000000008c400000| PB 0x000000008c400000| Untracked |  0
|   9|0x000000008c500000, 0x000000008c600000, 0x000000008c600000|100%| O|  |TAMS 0x000000008c500000| PB 0x000000008c500000| Untracked |  0
|  10|0x000000008c600000, 0x000000008c700000, 0x000000008c700000|100%| O|  |TAMS 0x000000008c600000| PB 0x000000008c600000| Untracked |  0
|  11|0x000000008c700000, 0x000000008c800000, 0x000000008c800000|100%| O|Cm|TAMS 0x000000008c700000| PB 0x000000008c700000| Complete |  0
|  12|0x000000008c800000, 0x000000008c900000, 0x000000008c900000|100%| O|  |TAMS 0x000000008c800000| PB 0x000000008c800000| Untracked |  0
|  13|0x000000008c900000, 0x000000008ca00000, 0x000000008ca00000|100%| O|  |TAMS 0x000000008c900000| PB 0x000000008c900000| Untracked |  0
|  14|0x000000008ca00000, 0x000000008cb00000, 0x000000008cb00000|100%| O|  |TAMS 0x000000008ca00000| PB 0x000000008ca00000| Untracked |  0
|  15|0x000000008cb00000, 0x000000008cc00000, 0x000000008cc00000|100%| O|  |TAMS 0x000000008cb00000| PB 0x000000008cb00000| Untracked |  0
|  16|0x000000008cc00000, 0x000000008cd00000, 0x000000008cd00000|100%| O|  |TAMS 0x000000008cc00000| PB 0x000000008cc00000| Untracked |  0
|  17|0x000000008cd00000, 0x000000008ce00000, 0x000000008ce00000|100%| O|  |TAMS 0x000000008cd00000| PB 0x000000008cd00000| Untracked |  0
|  18|0x000000008ce00000, 0x000000008cf00000, 0x000000008cf00000|100%| O|  |TAMS 0x000000008ce00000| PB 0x000000008ce00000| Untracked |  0
|  19|0x000000008cf00000, 0x000000008d000000, 0x000000008d000000|100%| O|  |TAMS 0x000000008cf00000| PB 0x000000008cf00000| Untracked |  0
|  20|0x000000008d000000, 0x000000008d0372a0, 0x000000008d100000| 21%| O|  |TAMS 0x000000008d000000| PB 0x000000008d000000| Untracked |  0
|  21|0x000000008d100000, 0x000000008d200000, 0x000000008d200000|100%|HS|  |TAMS 0x000000008d100000| PB 0x000000008d100000| Complete |  0
|  22|0x000000008d200000, 0x000000008d300000, 0x000000008d300000|100%|HS|  |TAMS 0x000000008d200000| PB 0x000000008d200000| Complete |  0
|  23|0x000000008d300000, 0x000000008d300000, 0x000000008d400000|  0%| F|  |TAMS 0x000000008d300000| PB 0x000000008d300000| Untracked |  0
|  24|0x000000008d400000, 0x000000008d400000, 0x000000008d500000|  0%| F|  |TAMS 0x000000008d400000| PB 0x000000008d400000| Untracked |  0
|  25|0x000000008d500000, 0x000000008d500000, 0x000000008d600000|  0%| F|  |TAMS 0x000000008d500000| PB 0x000000008d500000| Untracked |  0
|  26|0x000000008d600000, 0x000000008d600000, 0x000000008d700000|  0%| F|  |TAMS 0x000000008d600000| PB 0x000000008d600000| Untracked |  0
|  27|0x000000008d700000, 0x000000008d700000, 0x000000008d800000|  0%| F|  |TAMS 0x000000008d700000| PB 0x000000008d700000| Untracked |  0
|  28|0x000000008d800000, 0x000000008d900000, 0x000000008d900000|100%| S|CS|TAMS 0x000000008d800000| PB 0x000000008d800000| Complete |  0
|  29|0x000000008d900000, 0x000000008d97f788, 0x000000008da00000| 49%| E|  |TAMS 0x000000008d900000| PB 0x000000008d900000| Complete |  0
|  30|0x000000008da00000, 0x000000008db00000, 0x000000008db00000|100%| E|CS|TAMS 0x000000008da00000| PB 0x000000008da00000| Complete |  0
|  31|0x000000008db00000, 0x000000008dc00000, 0x000000008dc00000|100%| E|CS|TAMS 0x000000008db00000| PB 0x000000008db00000| Complete |  0
|  32|0x000000008dc00000, 0x000000008dd00000, 0x000000008dd00000|100%| E|  |TAMS 0x000000008dc00000| PB 0x000000008dc00000| Complete |  0
|  33|0x000000008dd00000, 0x000000008de00000, 0x000000008de00000|100%| E|CS|TAMS 0x000000008dd00000| PB 0x000000008dd00000| Complete |  0
|  34|0x000000008de00000, 0x000000008df00000, 0x000000008df00000|100%| E|CS|TAMS 0x000000008de00000| PB 0x000000008de00000| Complete |  0
|  35|0x000000008df00000, 0x000000008e000000, 0x000000008e000000|100%| E|CS|TAMS 0x000000008df00000| PB 0x000000008df00000| Complete |  0
|  36|0x000000008e000000, 0x000000008e100000, 0x000000008e100000|100%| E|CS|TAMS 0x000000008e000000| PB 0x000000008e000000| Complete |  0
|  37|0x000000008e100000, 0x000000008e200000, 0x000000008e200000|100%| E|CS|TAMS 0x000000008e100000| PB 0x000000008e100000| Complete |  0
|  38|0x000000008e200000, 0x000000008e300000, 0x000000008e300000|100%| E|CS|TAMS 0x000000008e200000| PB 0x000000008e200000| Complete |  0
|  89|0x0000000091500000, 0x0000000091600000, 0x0000000091600000|100%| E|CS|TAMS 0x0000000091500000| PB 0x0000000091500000| Complete |  0
|  90|0x0000000091600000, 0x0000000091700000, 0x0000000091700000|100%| E|CS|TAMS 0x0000000091600000| PB 0x0000000091600000| Complete |  0
|  91|0x0000000091700000, 0x0000000091800000, 0x0000000091800000|100%| E|CS|TAMS 0x0000000091700000| PB 0x0000000091700000| Complete |  0
| 117|0x0000000093100000, 0x0000000093200000, 0x0000000093200000|100%| E|CS|TAMS 0x0000000093100000| PB 0x0000000093100000| Complete |  0
|1858|0x00000000ffe00000, 0x00000000fff00000, 0x00000000fff00000|100%| O|  |TAMS 0x00000000ffe00000| PB 0x00000000ffe00000| Untracked |  0
|1859|0x00000000fff00000, 0x0000000100000000, 0x0000000100000000|100%| E|CS|TAMS 0x00000000fff00000| PB 0x00000000fff00000| Complete |  0

Card table byte_map: [0x00000179cc5c0000,0x00000179cc970000] _byte_map_base: 0x00000179cc162000

Marking Bits: (CMBitMap*) 0x00000179b43767c0
 Bits: [0x00000179cc970000, 0x00000179ce680000)

Polling page: 0x00000179b2110000

Metaspace:

Usage:
  Non-class:     40.92 MB used.
      Class:      4.22 MB used.
       Both:     45.14 MB used.

Virtual space:
  Non-class space:       64.00 MB reserved,      41.12 MB ( 64%) committed,  1 nodes.
      Class space:        1.00 GB reserved,       4.38 MB ( <1%) committed,  1 nodes.
             Both:        1.06 GB reserved,      45.50 MB (  4%) committed. 

Chunk freelists:
   Non-Class:  6.92 MB
       Class:  11.64 MB
        Both:  18.56 MB

MaxMetaspaceSize: unlimited
CompressedClassSpaceSize: 1.00 GB
Initial GC threshold: 21.00 MB
Current GC threshold: 75.25 MB
CDS: on
 - commit_granule_bytes: 65536.
 - commit_granule_words: 8192.
 - virtual_space_node_default_size: 8388608.
 - enlarge_chunks_in_place: 1.
UseCompressedClassPointers 1, UseCompactObjectHeaders 0
Narrow klass pointer bits 32, Max shift 3
Narrow klass base: 0x00000179d2000000, Narrow klass shift: 0
Encoding Range: [0x00000179d2000000 - 0x0000017ad2000000), (4294967296 bytes)
Klass Range:    [0x00000179d2000000 - 0x0000017a13000000), (1090519040 bytes)
Klass ID Range:  [8 - 1090519033) (1090519025)


Internal statistics:

num_allocs_failed_limit: 6.
num_arena_births: 346.
num_arena_deaths: 0.
num_vsnodes_births: 2.
num_vsnodes_deaths: 0.
num_space_committed: 728.
num_space_uncommitted: 0.
num_chunks_returned_to_freelist: 6.
num_chunks_taken_from_freelist: 1565.
num_chunk_merges: 6.
num_chunk_splits: 1180.
num_chunks_enlarged: 1005.
num_inconsistent_stats: 0.

CodeHeap 'non-profiled nmethods': size=120064Kb used=2245Kb max_used=2245Kb free=117818Kb
 bounds [0x00000179c4660000, 0x00000179c48d0000, 0x00000179cbba0000]
CodeHeap 'profiled nmethods': size=120000Kb used=8605Kb max_used=8605Kb free=111395Kb
 bounds [0x00000179bcba0000, 0x00000179bd410000, 0x00000179c40d0000]
CodeHeap 'non-nmethods': size=5696Kb used=1819Kb max_used=1915Kb free=3876Kb
 bounds [0x00000179c40d0000, 0x00000179c4340000, 0x00000179c4660000]
CodeCache: size=245760Kb, used=12669Kb, max_used=12765Kb, free=233089Kb
 total_blobs=6210, nmethods=5432, adapters=682, full_count=0
Compilation: enabled, stopped_count=0, restarted_count=0

Compilation events (20 events):
Event: 918.939 Thread 0x00000179d13b06a0 nmethod 5993 0x00000179bd403f88 code [0x00000179bd4040c0, 0x00000179bd404380]
Event: 918.939 Thread 0x00000179d13b06a0 5992       3       java.lang.invoke.Invokers$Holder::linkToTargetMethod (11 bytes)
Event: 918.941 Thread 0x00000179d13b06a0 nmethod 5992 0x00000179bd404408 code [0x00000179bd404540, 0x00000179bd404868]
Event: 918.941 Thread 0x00000179d13b06a0 5994   !   3       java.net.Socket::getImpl (115 bytes)
Event: 918.944 Thread 0x00000179d13b06a0 nmethod 5994 0x00000179bd404888 code [0x00000179bd404ae0, 0x00000179bd405da8]
Event: 918.944 Thread 0x00000179d13b06a0 5996       3       org.jetbrains.exposed.sql.AutoIncColumnType::readObject (16 bytes)
Event: 918.945 Thread 0x00000179d13b06a0 nmethod 5996 0x00000179bd405e88 code [0x00000179bd406020, 0x00000179bd406708]
Event: 918.945 Thread 0x00000179d13b06a0 5997       1       io.ktor.server.application.OnCallRespondContext::getContext (5 bytes)
Event: 918.945 Thread 0x00000179d13b06a0 nmethod 5997 0x00000179c4890a88 code [0x00000179c4890b80, 0x00000179c4890c48]
Event: 918.945 Thread 0x00000179d13b06a0 5998       1       io.ktor.http.HeaderValue::getQuality (5 bytes)
Event: 918.945 Thread 0x00000179d13b06a0 nmethod 5998 0x00000179c4890d88 code [0x00000179c4890e80, 0x00000179c4890f48]
Event: 918.945 Thread 0x00000179d13b06a0 5999       1       io.ktor.server.plugins.contentnegotiation.ContentTypeWithQuality::component1 (5 bytes)
Event: 918.945 Thread 0x00000179d13b06a0 nmethod 5999 0x00000179c4891088 code [0x00000179c4891180, 0x00000179c4891248]
Event: 918.945 Thread 0x00000179d13b06a0 5995       1       org.jetbrains.exposed.sql.Transaction::setCurrentStatement (6 bytes)
Event: 918.946 Thread 0x00000179d13b06a0 nmethod 5995 0x00000179c4891388 code [0x00000179c48914a0, 0x00000179c48915b0]
Event: 925.123 Thread 0x00000179d13b06a0 6000   !   3       sun.nio.ch.SocketChannelImpl::configureSocketNonBlockingIfVirtualThread (85 bytes)
Event: 925.124 Thread 0x00000179d13b06a0 nmethod 6000 0x00000179bd406788 code [0x00000179bd406900, 0x00000179bd4070c0]
Event: 925.124 Thread 0x00000179d13b06a0 6001       3       io.netty.channel.DefaultChannelPipeline$TailContext::handler (2 bytes)
Event: 925.125 Thread 0x00000179d13b06a0 nmethod 6001 0x00000179bd407108 code [0x00000179bd407220, 0x00000179bd407328]
Event: 936.342 Thread 0x00000179d13a82f0 6002       4       java.net.Socket$SocketInputStream::read (69 bytes)

GC Heap History (16 events):
Event: 2.309 GC heap before
{Heap before GC invocations=0 (full 0):
 garbage-first heap   total reserved 1904640K, committed 122880K, used 49264K [0x000000008bc00000, 0x0000000100000000)
  region size 1024K, 47 young (48128K), 0 survivors (0K)
 Metaspace       used 15504K, committed 15680K, reserved 1114112K
  class space    used 1470K, committed 1536K, reserved 1048576K
}
Event: 2.334 GC heap after
{Heap after GC invocations=1 (full 0):
 garbage-first heap   total reserved 1904640K, committed 122880K, used 7440K [0x000000008bc00000, 0x0000000100000000)
  region size 1024K, 6 young (6144K), 6 survivors (6144K)
 Metaspace       used 15504K, committed 15680K, reserved 1114112K
  class space    used 1470K, committed 1536K, reserved 1048576K
}
Event: 4.289 GC heap before
{Heap before GC invocations=1 (full 0):
 garbage-first heap   total reserved 1904640K, committed 122880K, used 33040K [0x000000008bc00000, 0x0000000100000000)
  region size 1024K, 32 young (32768K), 6 survivors (6144K)
 Metaspace       used 21296K, committed 21504K, reserved 1114112K
  class space    used 2072K, committed 2176K, reserved 1048576K
}
Event: 4.303 GC heap after
{Heap after GC invocations=2 (full 0):
 garbage-first heap   total reserved 1904640K, committed 122880K, used 10580K [0x000000008bc00000, 0x0000000100000000)
  region size 1024K, 3 young (3072K), 3 survivors (3072K)
 Metaspace       used 21296K, committed 21504K, reserved 1114112K
  class space    used 2072K, committed 2176K, reserved 1048576K
}
Event: 5.868 GC heap before
{Heap before GC invocations=3 (full 0):
 garbage-first heap   total reserved 1904640K, committed 40960K, used 39252K [0x000000008bc00000, 0x0000000100000000)
  region size 1024K, 31 young (31744K), 3 survivors (3072K)
 Metaspace       used 28748K, committed 29120K, reserved 1114112K
  class space    used 2672K, committed 2816K, reserved 1048576K
}
Event: 5.877 GC heap after
{Heap after GC invocations=4 (full 0):
 garbage-first heap   total reserved 1904640K, committed 46080K, used 12443K [0x000000008bc00000, 0x0000000100000000)
  region size 1024K, 5 young (5120K), 5 survivors (5120K)
 Metaspace       used 28748K, committed 29120K, reserved 1114112K
  class space    used 2672K, committed 2816K, reserved 1048576K
}
Event: 13.540 GC heap before
{Heap before GC invocations=4 (full 0):
 garbage-first heap   total reserved 1904640K, committed 46080K, used 31899K [0x000000008bc00000, 0x0000000100000000)
  region size 1024K, 24 young (24576K), 5 survivors (5120K)
 Metaspace       used 34824K, committed 35200K, reserved 1114112K
  class space    used 3237K, committed 3392K, reserved 1048576K
}
Event: 13.553 GC heap after
{Heap after GC invocations=5 (full 0):
 garbage-first heap   total reserved 1904640K, committed 46080K, used 15408K [0x000000008bc00000, 0x0000000100000000)
  region size 1024K, 3 young (3072K), 3 survivors (3072K)
 Metaspace       used 34824K, committed 35200K, reserved 1114112K
  class space    used 3237K, committed 3392K, reserved 1048576K
}
Event: 13.832 GC heap before
{Heap before GC invocations=5 (full 0):
 garbage-first heap   total reserved 1904640K, committed 46080K, used 18480K [0x000000008bc00000, 0x0000000100000000)
  region size 1024K, 7 young (7168K), 3 survivors (3072K)
 Metaspace       used 35690K, committed 35968K, reserved 1114112K
  class space    used 3331K, committed 3456K, reserved 1048576K
}
Event: 13.838 GC heap after
{Heap after GC invocations=6 (full 0):
 garbage-first heap   total reserved 1904640K, committed 46080K, used 15893K [0x000000008bc00000, 0x0000000100000000)
  region size 1024K, 1 young (1024K), 1 survivors (1024K)
 Metaspace       used 35690K, committed 35968K, reserved 1114112K
  class space    used 3331K, committed 3456K, reserved 1048576K
}
Event: 56.229 GC heap before
{Heap before GC invocations=7 (full 0):
 garbage-first heap   total reserved 1904640K, committed 46080K, used 35349K [0x000000008bc00000, 0x0000000100000000)
  region size 1024K, 20 young (20480K), 1 survivors (1024K)
 Metaspace       used 39957K, committed 40256K, reserved 1114112K
  class space    used 3718K, committed 3840K, reserved 1048576K
}
Event: 56.267 GC heap after
{Heap after GC invocations=8 (full 0):
 garbage-first heap   total reserved 1904640K, committed 46080K, used 18940K [0x000000008bc00000, 0x0000000100000000)
  region size 1024K, 3 young (3072K), 3 survivors (3072K)
 Metaspace       used 39957K, committed 40256K, reserved 1114112K
  class space    used 3718K, committed 3840K, reserved 1048576K
}
Event: 168.248 GC heap before
{Heap before GC invocations=8 (full 0):
 garbage-first heap   total reserved 1904640K, committed 46080K, used 34300K [0x000000008bc00000, 0x0000000100000000)
  region size 1024K, 19 young (19456K), 3 survivors (3072K)
 Metaspace       used 45141K, committed 45504K, reserved 1114112K
  class space    used 4256K, committed 4416K, reserved 1048576K
}
Event: 168.385 GC heap after
{Heap after GC invocations=9 (full 0):
 garbage-first heap   total reserved 1904640K, committed 46080K, used 20685K [0x000000008bc00000, 0x0000000100000000)
  region size 1024K, 2 young (2048K), 2 survivors (2048K)
 Metaspace       used 45141K, committed 45504K, reserved 1114112K
  class space    used 4256K, committed 4416K, reserved 1048576K
}
Event: 597.833 GC heap before
{Heap before GC invocations=9 (full 0):
 garbage-first heap   total reserved 1904640K, committed 46080K, used 35021K [0x000000008bc00000, 0x0000000100000000)
  region size 1024K, 17 young (17408K), 2 survivors (2048K)
 Metaspace       used 45832K, committed 46208K, reserved 1114112K
  class space    used 4311K, committed 4480K, reserved 1048576K
}
Event: 597.895 GC heap after
{Heap after GC invocations=10 (full 0):
 garbage-first heap   total reserved 1904640K, committed 46080K, used 21724K [0x000000008bc00000, 0x0000000100000000)
  region size 1024K, 1 young (1024K), 1 survivors (1024K)
 Metaspace       used 45832K, committed 46208K, reserved 1114112K
  class space    used 4311K, committed 4480K, reserved 1048576K
}

Dll operation events (13 events):
Event: 0.018 Loaded shared library C:\Users\cesarr\.jdks\openjdk-24.0.2\bin\java.dll
Event: 0.042 Loaded shared library C:\Users\cesarr\.jdks\openjdk-24.0.2\bin\jsvml.dll
Event: 0.188 Loaded shared library C:\Users\cesarr\.jdks\openjdk-24.0.2\bin\zip.dll
Event: 0.192 Loaded shared library C:\Users\cesarr\.jdks\openjdk-24.0.2\bin\instrument.dll
Event: 0.199 Loaded shared library C:\Users\cesarr\.jdks\openjdk-24.0.2\bin\net.dll
Event: 0.206 Loaded shared library C:\Users\cesarr\.jdks\openjdk-24.0.2\bin\nio.dll
Event: 0.211 Loaded shared library C:\Users\cesarr\.jdks\openjdk-24.0.2\bin\zip.dll
Event: 0.280 Loaded shared library C:\Users\cesarr\.jdks\openjdk-24.0.2\bin\jimage.dll
Event: 0.452 Loaded shared library C:\Users\cesarr\.jdks\openjdk-24.0.2\bin\extnet.dll
Event: 0.696 Loaded shared library C:\Users\cesarr\.jdks\openjdk-24.0.2\bin\management.dll
Event: 0.768 Loaded shared library C:\Users\cesarr\.jdks\openjdk-24.0.2\bin\management_ext.dll
Event: 6.413 Loaded shared library C:\Users\cesarr\.jdks\openjdk-24.0.2\bin\sunmscapi.dll
Event: 56.067 Loaded shared library C:\Users\cesarr\.jdks\openjdk-24.0.2\bin\verify.dll

Deoptimization events (20 events):
Event: 597.913 Thread 0x0000017a177f9fe0 Uncommon trap: trap_request=0xffffffde fr.pc=0x00000179c478214c relative=0x00000000000001ac
Event: 597.913 Thread 0x0000017a177f9fe0 Uncommon trap: reason=class_check action=maybe_recompile pc=0x00000179c478214c method=java.security.MessageDigest$Delegate.engineDigest()[B @ 4 c2
Event: 597.914 Thread 0x0000017a177f9fe0 DEOPT PACKING pc=0x00000179c478214c sp=0x0000002f77dfc440
Event: 597.914 Thread 0x0000017a177f9fe0 DEOPT UNPACKING pc=0x00000179c41f5502 sp=0x0000002f77dfc388 mode 2
Event: 598.269 Thread 0x0000017a177f9fe0 Uncommon trap: trap_request=0xffffffde fr.pc=0x00000179c472de60 relative=0x0000000000000060
Event: 598.269 Thread 0x0000017a177f9fe0 Uncommon trap: reason=class_check action=maybe_recompile pc=0x00000179c472de60 method=java.util.Collections$UnmodifiableCollection.size()I @ 4 c2
Event: 598.269 Thread 0x0000017a177f9fe0 DEOPT PACKING pc=0x00000179c472de60 sp=0x0000002f77dfbad0
Event: 598.269 Thread 0x0000017a177f9fe0 DEOPT UNPACKING pc=0x00000179c41f5502 sp=0x0000002f77dfba60 mode 2
Event: 598.280 Thread 0x0000017a177f9fe0 DEOPT PACKING pc=0x00000179bcbdf4f7 sp=0x0000002f77dfb190
Event: 598.280 Thread 0x0000017a177f9fe0 DEOPT UNPACKING pc=0x00000179c4126642 sp=0x0000002f77dfa610 mode 0
Event: 652.931 Thread 0x0000017a177fb5d0 Uncommon trap: trap_request=0xffffffde fr.pc=0x00000179c478214c relative=0x00000000000001ac
Event: 652.932 Thread 0x0000017a177fb5d0 Uncommon trap: reason=class_check action=maybe_recompile pc=0x00000179c478214c method=java.security.MessageDigest$Delegate.engineDigest()[B @ 4 c2
Event: 652.933 Thread 0x0000017a177fb5d0 DEOPT PACKING pc=0x00000179c478214c sp=0x0000002f785fc8a0
Event: 652.933 Thread 0x0000017a177fb5d0 DEOPT UNPACKING pc=0x00000179c41f5502 sp=0x0000002f785fc7e8 mode 2
Event: 653.968 Thread 0x0000017a177fb5d0 DEOPT PACKING pc=0x00000179bd2ca50a sp=0x0000002f785fb930
Event: 653.968 Thread 0x0000017a177fb5d0 DEOPT UNPACKING pc=0x00000179c4126642 sp=0x0000002f785fadc8 mode 0
Event: 877.769 Thread 0x0000017a17d45610 Uncommon trap: trap_request=0xffffff4d fr.pc=0x00000179c487c504 relative=0x0000000000000d64
Event: 877.770 Thread 0x0000017a17d45610 Uncommon trap: reason=unstable_if action=reinterpret pc=0x00000179c487c504 method=kotlinx.io.Segment.compact$kotlinx_io_core()Lkotlinx/io/Segment; @ 43 c2
Event: 877.771 Thread 0x0000017a17d45610 DEOPT PACKING pc=0x00000179c487c504 sp=0x0000002f78afbbc0
Event: 877.771 Thread 0x0000017a17d45610 DEOPT UNPACKING pc=0x00000179c41f5502 sp=0x0000002f78afbae0 mode 2

Classes loaded (20 events):
Event: 58.672 Loading class jdk/internal/event/TLSHandshakeEvent
Event: 58.672 Loading class jdk/internal/event/TLSHandshakeEvent done
Event: 58.672 Loading class javax/net/ssl/SSLEngineResult$HandshakeStatus
Event: 58.672 Loading class javax/net/ssl/SSLEngineResult$HandshakeStatus done
Event: 60.748 Loading class java/util/zip/CheckedInputStream
Event: 60.748 Loading class java/util/zip/CheckedInputStream done
Event: 60.749 Loading class java/io/SequenceInputStream
Event: 60.749 Loading class java/io/SequenceInputStream done
Event: 60.750 Loading class java/util/zip/GZIPInputStream$1
Event: 60.750 Loading class java/util/zip/GZIPInputStream$1 done
Event: 169.073 Loading class sun/security/util/MemoryCache$QueueCacheEntry
Event: 169.086 Loading class sun/security/util/MemoryCache$QueueCacheEntry done
Event: 405.757 Loading class java/lang/Thread$ThreadNumbering
Event: 405.761 Loading class java/lang/Thread$ThreadNumbering done
Event: 434.892 Loading class java/util/Base64
Event: 434.894 Loading class java/util/Base64 done
Event: 434.894 Loading class java/util/Base64$Encoder
Event: 434.895 Loading class java/util/Base64$Encoder done
Event: 598.399 Loading class java/util/concurrent/ConcurrentLinkedQueue$Itr
Event: 598.408 Loading class java/util/concurrent/ConcurrentLinkedQueue$Itr done

Classes unloaded (0 events):
No events

Classes redefined (0 events):
No events

Internal exceptions (20 events):
Event: 6.274 Thread 0x00000179b4321fb0 Exception <a 'sun/nio/fs/WindowsException'{0x000000009159e9e0}> (0x000000009159e9e0) 
thrown [s\open\src\hotspot\share\prims\jni.cpp, line 518]
Event: 6.303 Thread 0x00000179b4321fb0 Exception <a 'java/lang/UnsatisfiedLinkError'{0x00000000915bd1b0}: 'int io.netty.channel.kqueue.Native.sizeofKEvent()'> (0x00000000915bd1b0) 
thrown [s\open\src\hotspot\share\prims\nativeLookup.cpp, line 416]
Event: 6.304 Thread 0x00000179b4321fb0 Exception <a 'java/lang/ExceptionInInitializerError'{0x00000000915be2d0}> (0x00000000915be2d0) 
thrown [s\open\src\hotspot\share\oops\instanceKlass.cpp, line 1333]
Event: 6.491 Thread 0x00000179b4321fb0 Exception <a 'java/lang/UnsatisfiedLinkError'{0x000000008dd1bd40}: 'int io.netty.channel.epoll.Native.offsetofEpollData()'> (0x000000008dd1bd40) 
thrown [s\open\src\hotspot\share\prims\nativeLookup.cpp, line 416]
Event: 6.492 Thread 0x00000179b4321fb0 Exception <a 'java/lang/ExceptionInInitializerError'{0x000000008dd1d4c0}> (0x000000008dd1d4c0) 
thrown [s\open\src\hotspot\share\oops\instanceKlass.cpp, line 1333]
Event: 6.728 Thread 0x00000179b4321fb0 Exception <a 'java/lang/NoSuchMethodError'{0x000000008dbc4b80}: 'java.lang.Object java.lang.invoke.DirectMethodHandle$Holder.invokeStatic(java.lang.Object, long, java.lang.Object)'> (0x000000008dbc4b80) 
thrown [s\open\src\hotspot\share\interpreter\linkResolver.cpp, line 805]
Event: 6.729 Thread 0x00000179b4321fb0 Exception <a 'java/lang/NoSuchMethodError'{0x000000008dbccc98}: 'java.lang.Object java.lang.invoke.DirectMethodHandle$Holder.invokeStaticInit(java.lang.Object, long, java.lang.Object)'> (0x000000008dbccc98) 
thrown [s\open\src\hotspot\share\interpreter\linkResolver.cpp, line 805]
Event: 6.730 Thread 0x00000179b4321fb0 Exception <a 'java/lang/NoSuchMethodError'{0x000000008dbdc130}: 'java.lang.Object java.lang.invoke.DirectMethodHandle$Holder.newInvokeSpecial(java.lang.Object, long)'> (0x000000008dbdc130) 
thrown [s\open\src\hotspot\share\interpreter\linkResolver.cpp, line 805]
Event: 6.731 Thread 0x00000179b4321fb0 Exception <a 'java/lang/NoSuchMethodError'{0x000000008dbe49f8}: 'long java.lang.invoke.DirectMethodHandle$Holder.invokeInterface(java.lang.Object, java.lang.Object)'> (0x000000008dbe49f8) 
thrown [s\open\src\hotspot\share\interpreter\linkResolver.cpp, line 805]
Event: 13.413 Thread 0x0000017a177f5e10 Exception <a 'java/lang/NoSuchMethodError'{0x000000008d248f68}: 'java.lang.Object java.lang.invoke.DirectMethodHandle$Holder.newInvokeSpecial(java.lang.Object, java.lang.Object, java.lang.Object, java.lang.Object, java.lang.Object)'> (0x000000008d248f68) 
thrown [s\open\src\hotspot\share\interpreter\linkResolver.cpp, line 805]
Event: 13.684 Thread 0x0000017a177f9fe0 Exception <a 'java/lang/NoSuchMethodError'{0x00000000931aee20}: 'int java.lang.invoke.DirectMethodHandle$Holder.invokeStatic(java.lang.Object)'> (0x00000000931aee20) 
thrown [s\open\src\hotspot\share\interpreter\linkResolver.cpp, line 805]
Event: 13.685 Thread 0x0000017a177f9fe0 Exception <a 'java/lang/NoSuchMethodError'{0x00000000931b6d88}: 'int java.lang.invoke.DirectMethodHandle$Holder.invokeStaticInit(java.lang.Object)'> (0x00000000931b6d88) 
thrown [s\open\src\hotspot\share\interpreter\linkResolver.cpp, line 805]
Event: 13.806 Thread 0x0000017a177f9fe0 Exception <a 'java/lang/NoSuchMethodError'{0x0000000091609688}: 'java.lang.Object java.lang.invoke.DirectMethodHandle$Holder.newInvokeSpecial(java.lang.Object, int, java.lang.Object)'> (0x0000000091609688) 
thrown [s\open\src\hotspot\share\interpreter\linkResolver.cpp, line 805]
Event: 16.407 Thread 0x0000017a177fbd20 Exception <a 'java/lang/NoSuchMethodError'{0x000000008df48f98}: 'java.lang.Object java.lang.invoke.DirectMethodHandle$Holder.invokeStatic(java.lang.Object, java.lang.Object, int, java.lang.Object)'> (0x000000008df48f98) 
thrown [s\open\src\hotspot\share\interpreter\linkResolver.cpp, line 805]
Event: 16.415 Thread 0x0000017a177fbd20 Exception <a 'java/lang/NoSuchMethodError'{0x000000008df70e48}: 'java.lang.Object java.lang.invoke.DirectMethodHandle$Holder.invokeStatic(java.lang.Object, int, java.lang.Object)'> (0x000000008df70e48) 
thrown [s\open\src\hotspot\share\interpreter\linkResolver.cpp, line 805]
Event: 55.872 Thread 0x0000017a177fb5d0 Exception <a 'java/lang/NoSuchMethodError'{0x000000008d8ceb50}: 'int java.lang.invoke.DirectMethodHandle$Holder.invokeStaticInit(java.lang.Object, java.lang.Object)'> (0x000000008d8ceb50) 
thrown [s\open\src\hotspot\share\interpreter\linkResolver.cpp, line 805]
Event: 55.874 Thread 0x0000017a177fb5d0 Exception <a 'java/lang/NoSuchMethodError'{0x000000008d8deac0}: 'int java.lang.invoke.DirectMethodHandle$Holder.invokeStaticInit(java.lang.Object, java.lang.Object, int)'> (0x000000008d8deac0) 
thrown [s\open\src\hotspot\share\interpreter\linkResolver.cpp, line 805]
Event: 56.085 Thread 0x0000017a177fb5d0 Exception <a 'java/lang/NoClassDefFoundError'{0x000000008d42d7d0}: org/apache/log4j/Priority> (0x000000008d42d7d0) 
thrown [s\open\src\hotspot\share\classfile\systemDictionary.cpp, line 316]
Event: 58.442 Thread 0x0000017a177fb5d0 Exception <a 'java/lang/NoSuchMethodError'{0x000000008dd9b9a8}: 'void java.lang.invoke.DirectMethodHandle$Holder.invokeStaticInit(java.lang.Object, java.lang.Object, java.lang.Object)'> (0x000000008dd9b9a8) 
thrown [s\open\src\hotspot\share\interpreter\linkResolver.cpp, line 805]
Event: 434.818 Thread 0x0000017a17d422e0 Exception <a 'java/lang/NoSuchMethodError'{0x000000008df85210}: 'void java.lang.invoke.DirectMethodHandle$Holder.invokeSpecial(java.lang.Object, java.lang.Object, java.lang.Object, java.lang.Object, java.lang.Object)'> (0x000000008df85210) 
thrown [s\open\src\hotspot\share\interpreter\linkResolver.cpp, line 805]

VM Operations (20 events):
Event: 601.342 Executing VM operation: HandshakeAllThreads (HandshakeForDeflation)
Event: 601.342 Executing VM operation: HandshakeAllThreads (HandshakeForDeflation) done
Event: 601.342 Executing VM operation: RendezvousGCThreads
Event: 601.342 Executing VM operation: RendezvousGCThreads done
Event: 661.364 Executing VM operation: HandshakeAllThreads (HandshakeForDeflation)
Event: 661.365 Executing VM operation: HandshakeAllThreads (HandshakeForDeflation) done
Event: 661.365 Executing VM operation: RendezvousGCThreads
Event: 661.365 Executing VM operation: RendezvousGCThreads done
Event: 781.661 Executing VM operation: HandshakeAllThreads (HandshakeForDeflation)
Event: 781.661 Executing VM operation: HandshakeAllThreads (HandshakeForDeflation) done
Event: 781.662 Executing VM operation: RendezvousGCThreads
Event: 781.662 Executing VM operation: RendezvousGCThreads done
Event: 841.845 Executing VM operation: HandshakeAllThreads (HandshakeForDeflation)
Event: 841.846 Executing VM operation: HandshakeAllThreads (HandshakeForDeflation) done
Event: 841.846 Executing VM operation: RendezvousGCThreads
Event: 841.846 Executing VM operation: RendezvousGCThreads done
Event: 901.919 Executing VM operation: HandshakeAllThreads (HandshakeForDeflation)
Event: 901.919 Executing VM operation: HandshakeAllThreads (HandshakeForDeflation) done
Event: 901.919 Executing VM operation: RendezvousGCThreads
Event: 901.919 Executing VM operation: RendezvousGCThreads done

Memory protections (0 events):
No events

Nmethod flushes (20 events):
Event: 598.105 Thread 0x00000179d0d12d30 flushing  nmethod 0x00000179bcf74a88
Event: 598.105 Thread 0x00000179d0d12d30 flushing  nmethod 0x00000179bcf77488
Event: 598.105 Thread 0x00000179d0d12d30 flushing  nmethod 0x00000179bcf78388
Event: 598.105 Thread 0x00000179d0d12d30 flushing  nmethod 0x00000179bcf78d88
Event: 598.105 Thread 0x00000179d0d12d30 flushing  nmethod 0x00000179bcf79688
Event: 598.105 Thread 0x00000179d0d12d30 flushing osr nmethod 0x00000179bcf7a708
Event: 598.105 Thread 0x00000179d0d12d30 flushing  nmethod 0x00000179bcf7c408
Event: 598.105 Thread 0x00000179d0d12d30 flushing  nmethod 0x00000179bcf9e108
Event: 598.106 Thread 0x00000179d0d12d30 flushing  nmethod 0x00000179bcfb0f88
Event: 598.106 Thread 0x00000179d0d12d30 flushing  nmethod 0x00000179bcfb1c08
Event: 598.106 Thread 0x00000179d0d12d30 flushing  nmethod 0x00000179bcfc5308
Event: 598.106 Thread 0x00000179d0d12d30 flushing  nmethod 0x00000179bcfd1e08
Event: 598.106 Thread 0x00000179d0d12d30 flushing  nmethod 0x00000179bcfd2488
Event: 598.106 Thread 0x00000179d0d12d30 flushing  nmethod 0x00000179bcfd2b08
Event: 598.106 Thread 0x00000179d0d12d30 flushing  nmethod 0x00000179bcfe2888
Event: 598.106 Thread 0x00000179d0d12d30 flushing  nmethod 0x00000179bcfe6388
Event: 598.107 Thread 0x00000179d0d12d30 flushing  nmethod 0x00000179bd007f08
Event: 598.107 Thread 0x00000179d0d12d30 flushing  nmethod 0x00000179bd03da08
Event: 598.107 Thread 0x00000179d0d12d30 flushing  nmethod 0x00000179bd03dd08
Event: 598.107 Thread 0x00000179d0d12d30 flushing  nmethod 0x00000179bd092f88

Events (20 events):
Event: 57.596 Thread 0x00000179d155d210 Thread exited: 0x00000179d155d210
Event: 57.924 Thread 0x00000179d13b06a0 Thread added: 0x0000017a189eb000
Event: 58.428 Thread 0x0000017a189eb000 Thread exited: 0x0000017a189eb000
Event: 91.581 Thread 0x0000017a177f7400 Thread exited: 0x0000017a177f7400
Event: 168.045 Thread 0x0000017a177f9890 Thread added: 0x00000179d15f6c30
Event: 168.104 Thread 0x00000179d15f6c30 Thread added: 0x00000179d15f7380
Event: 405.212 Thread 0x0000017a177f9890 Thread added: 0x0000017a177f7400
Event: 405.269 Thread 0x0000017a177f7400 Thread added: 0x0000017a17d41b90
Event: 405.765 Thread 0x0000017a17d41b90 Thread added: 0x0000017a17d3f700
Event: 405.766 Thread 0x0000017a17d41b90 Thread added: 0x0000017a17d422e0
Event: 405.767 Thread 0x0000017a17d422e0 Thread added: 0x0000017a17d40cf0
Event: 434.546 Thread 0x0000017a177f9890 Thread added: 0x0000017a17d41440
Event: 434.549 Thread 0x0000017a17d41440 Thread added: 0x0000017a17d3fe50
Event: 438.321 Thread 0x0000017a177f5e10 Thread added: 0x0000017a17d405a0
Event: 452.431 Thread 0x0000017a177fa730 Thread added: 0x0000017a17d3efb0
Event: 517.312 Thread 0x0000017a177f89f0 Thread added: 0x0000017a17d45610
Event: 577.264 Thread 0x0000017a177fc470 Thread added: 0x0000017a17d43180
Event: 579.993 Thread 0x00000179d15f6c30 Thread added: 0x0000017a17d45d60
Event: 652.910 Thread 0x00000179d13b06a0 Thread added: 0x0000017a19c70690
Event: 653.211 Thread 0x0000017a19c70690 Thread exited: 0x0000017a19c70690


Dynamic libraries:
0x00007ff6ff670000 - 0x00007ff6ff67e000 	C:\Users\cesarr\.jdks\openjdk-24.0.2\bin\java.exe
0x00007ffe9d200000 - 0x00007ffe9d469000 	C:\WINDOWS\SYSTEM32\ntdll.dll
0x00007ffe9d0e0000 - 0x00007ffe9d1a9000 	C:\WINDOWS\System32\KERNEL32.DLL
0x00007ffe9a9f0000 - 0x00007ffe9ade3000 	C:\WINDOWS\System32\KERNELBASE.dll
0x00007ffe9a4f0000 - 0x00007ffe9a63b000 	C:\WINDOWS\System32\ucrtbase.dll
0x00007ffe6ca20000 - 0x00007ffe6ca3b000 	C:\Users\cesarr\.jdks\openjdk-24.0.2\bin\VCRUNTIME140.dll
0x00007ffe955a0000 - 0x00007ffe955b6000 	C:\Users\cesarr\.jdks\openjdk-24.0.2\bin\jli.dll
0x00007ffe9cf10000 - 0x00007ffe9d0d4000 	C:\WINDOWS\System32\USER32.dll
0x00007ffe9a840000 - 0x00007ffe9a867000 	C:\WINDOWS\System32\win32u.dll
0x00007ffe80620000 - 0x00007ffe808b3000 	C:\WINDOWS\WinSxS\amd64_microsoft.windows.common-controls_6595b64144ccf1df_6.0.26100.5074_none_3e0d6f78e32fd63f\COMCTL32.dll
0x00007ffe9b1e0000 - 0x00007ffe9b20b000 	C:\WINDOWS\System32\GDI32.dll
0x00007ffe9adf0000 - 0x00007ffe9af1d000 	C:\WINDOWS\System32\gdi32full.dll
0x00007ffe9b050000 - 0x00007ffe9b0f9000 	C:\WINDOWS\System32\msvcrt.dll
0x00007ffe9af20000 - 0x00007ffe9afc3000 	C:\WINDOWS\System32\msvcp_win.dll
0x00007ffe9c170000 - 0x00007ffe9c19f000 	C:\WINDOWS\System32\IMM32.DLL
0x00007ffe71ae0000 - 0x00007ffe71bd2000 	C:\Program Files\Windhawk\Engine\1.6.1\64\windhawk.dll
0x00007ffe9b2a0000 - 0x00007ffe9b354000 	C:\WINDOWS\System32\ADVAPI32.dll
0x00007ffe9c0c0000 - 0x00007ffe9c166000 	C:\WINDOWS\System32\sechost.dll
0x00007ffe9c220000 - 0x00007ffe9c338000 	C:\WINDOWS\System32\RPCRT4.dll
0x00007ffe7e760000 - 0x00007ffe7e76c000 	C:\Users\cesarr\.jdks\openjdk-24.0.2\bin\vcruntime140_1.dll
0x00007ffe441d0000 - 0x00007ffe4425e000 	C:\Users\cesarr\.jdks\openjdk-24.0.2\bin\msvcp140.dll
0x00007ffdc6e20000 - 0x00007ffdc7bc1000 	C:\Users\cesarr\.jdks\openjdk-24.0.2\bin\server\jvm.dll
0x00007ffe9c440000 - 0x00007ffe9c4b4000 	C:\WINDOWS\System32\WS2_32.dll
0x00007ffe9a1f0000 - 0x00007ffe9a24e000 	C:\WINDOWS\SYSTEM32\POWRPROF.dll
0x00007ffe8c6b0000 - 0x00007ffe8c6e5000 	C:\WINDOWS\SYSTEM32\WINMM.dll
0x00007ffe90f50000 - 0x00007ffe90f5b000 	C:\WINDOWS\SYSTEM32\VERSION.dll
0x00007ffe9a1d0000 - 0x00007ffe9a1e4000 	C:\WINDOWS\SYSTEM32\UMPDC.dll
0x00007ffe99170000 - 0x00007ffe9918b000 	C:\WINDOWS\SYSTEM32\kernel.appcore.dll
0x00007ffe7cae0000 - 0x00007ffe7caea000 	C:\Users\cesarr\.jdks\openjdk-24.0.2\bin\jimage.dll
0x00007ffe8b9d0000 - 0x00007ffe8bc12000 	C:\WINDOWS\SYSTEM32\DBGHELP.DLL
0x00007ffe9b360000 - 0x00007ffe9b6db000 	C:\WINDOWS\System32\combase.dll
0x00007ffe9b100000 - 0x00007ffe9b1d7000 	C:\WINDOWS\System32\OLEAUT32.dll
0x00007ffe758a0000 - 0x00007ffe758dd000 	C:\WINDOWS\SYSTEM32\dbgcore.DLL
0x00007ffe9a390000 - 0x00007ffe9a429000 	C:\WINDOWS\System32\bcryptPrimitives.dll
0x00007ffe7c9f0000 - 0x00007ffe7c9ff000 	C:\Users\cesarr\.jdks\openjdk-24.0.2\bin\instrument.dll
0x00007ffe66a60000 - 0x00007ffe66a7e000 	C:\Users\cesarr\.jdks\openjdk-24.0.2\bin\java.dll
0x00007ffe9b840000 - 0x00007ffe9b9d8000 	C:\WINDOWS\System32\ole32.dll
0x00007ffe9c4c0000 - 0x00007ffe9cc0d000 	C:\WINDOWS\System32\SHELL32.dll
0x00007ffe9a640000 - 0x00007ffe9a7ac000 	C:\WINDOWS\System32\wintypes.dll
0x00007ffe97ff0000 - 0x00007ffe98849000 	C:\WINDOWS\SYSTEM32\windows.storage.dll
0x00007ffe9c340000 - 0x00007ffe9c430000 	C:\WINDOWS\System32\SHCORE.dll
0x00007ffe9c1b0000 - 0x00007ffe9c212000 	C:\WINDOWS\System32\shlwapi.dll
0x00007ffe9a2b0000 - 0x00007ffe9a2d9000 	C:\WINDOWS\SYSTEM32\profapi.dll
0x00007ffe2ac40000 - 0x00007ffe2ad17000 	C:\Users\cesarr\.jdks\openjdk-24.0.2\bin\jsvml.dll
0x00007ffe66a40000 - 0x00007ffe66a57000 	C:\Users\cesarr\.jdks\openjdk-24.0.2\bin\zip.dll
0x00007ffe756f0000 - 0x00007ffe75700000 	C:\Users\cesarr\.jdks\openjdk-24.0.2\bin\net.dll
0x00007ffe996f0000 - 0x00007ffe9975b000 	C:\WINDOWS\system32\mswsock.dll
0x00007ffe62af0000 - 0x00007ffe62b06000 	C:\Users\cesarr\.jdks\openjdk-24.0.2\bin\nio.dll
0x00007ffe98c60000 - 0x00007ffe98d86000 	C:\WINDOWS\SYSTEM32\DNSAPI.dll
0x00007ffe98c20000 - 0x00007ffe98c54000 	C:\WINDOWS\SYSTEM32\IPHLPAPI.DLL
0x00007ffe9ce80000 - 0x00007ffe9ce8a000 	C:\WINDOWS\System32\NSI.dll
0x00007ffe6c8b0000 - 0x00007ffe6c8b9000 	C:\Users\cesarr\.jdks\openjdk-24.0.2\bin\extnet.dll
0x00007ffe92290000 - 0x00007ffe9229b000 	C:\Windows\System32\rasadhlp.dll
0x00007ffe93e40000 - 0x00007ffe93ec6000 	C:\WINDOWS\System32\fwpuclnt.dll
0x00007ffe6c9a0000 - 0x00007ffe6c9aa000 	C:\Users\cesarr\.jdks\openjdk-24.0.2\bin\management.dll
0x00007ffe6c8f0000 - 0x00007ffe6c8fb000 	C:\Users\cesarr\.jdks\openjdk-24.0.2\bin\management_ext.dll
0x00007ffe9aff0000 - 0x00007ffe9aff8000 	C:\WINDOWS\System32\PSAPI.DLL
0x00007ffe99990000 - 0x00007ffe999ab000 	C:\WINDOWS\SYSTEM32\CRYPTSP.dll
0x00007ffe990d0000 - 0x00007ffe9910b000 	C:\WINDOWS\system32\rsaenh.dll
0x00007ffe99790000 - 0x00007ffe997bb000 	C:\WINDOWS\SYSTEM32\USERENV.dll
0x00007ffe9a280000 - 0x00007ffe9a2a6000 	C:\WINDOWS\SYSTEM32\bcrypt.dll
0x00007ffe999b0000 - 0x00007ffe999bc000 	C:\WINDOWS\SYSTEM32\CRYPTBASE.dll
0x00007ffe78730000 - 0x00007ffe78748000 	C:\WINDOWS\system32\napinsp.dll
0x00007ffe78710000 - 0x00007ffe78722000 	C:\WINDOWS\System32\winrnr.dll
0x00007ffe78600000 - 0x00007ffe78628000 	C:\WINDOWS\system32\nlansp_c.dll
0x00007ffe92840000 - 0x00007ffe92856000 	C:\WINDOWS\system32\wshbth.dll
0x00007ffe95530000 - 0x00007ffe95586000 	C:\WINDOWS\SYSTEM32\pdh.dll
0x00007ffe74ed0000 - 0x00007ffe74ee2000 	C:\WINDOWS\System32\perfproc.dll
0x00007ffe65380000 - 0x00007ffe6538e000 	C:\Users\cesarr\.jdks\openjdk-24.0.2\bin\sunmscapi.dll
0x00007ffe99bb0000 - 0x00007ffe99be0000 	C:\WINDOWS\SYSTEM32\ncrypt.dll
0x0000017a19730000 - 0x0000017a198a7000 	C:\WINDOWS\System32\CRYPT32.dll
0x00007ffe99b60000 - 0x00007ffe99b9f000 	C:\WINDOWS\SYSTEM32\NTASN1.dll
0x00007ffe6b180000 - 0x00007ffe6b188000 	C:\WINDOWS\system32\wshunix.dll
0x00007ffe6ccd0000 - 0x00007ffe6cce0000 	C:\Users\cesarr\.jdks\openjdk-24.0.2\bin\verify.dll

JVMTI agents:
C:\Program Files\JetBrains\IntelliJ IDEA 2025.1.1.1\lib\idea_rt.jar path:C:\Users\cesarr\.jdks\openjdk-24.0.2\bin\instrument.dll, loaded, initialized, instrumentlib options:52291

dbghelp: loaded successfully - version: 4.0.5 - missing functions: none
symbol engine: initialized successfully - sym options: 0x614 - pdb path: .;C:\Users\cesarr\.jdks\openjdk-24.0.2\bin;C:\WINDOWS\SYSTEM32;C:\WINDOWS\WinSxS\amd64_microsoft.windows.common-controls_6595b64144ccf1df_6.0.26100.5074_none_3e0d6f78e32fd63f;C:\Program Files\Windhawk\Engine\1.6.1\64;C:\Users\cesarr\.jdks\openjdk-24.0.2\bin\server

VM Arguments:
jvm_args: -Dio.ktor.development=true -javaagent:C:\Program Files\JetBrains\IntelliJ IDEA 2025.1.1.1\lib\idea_rt.jar=52291 -Dfile.encoding=UTF-8 -Dsun.stdout.encoding=UTF-8 -Dsun.stderr.encoding=UTF-8 
java_command: io.ktor.server.netty.EngineMain
java_class_path (initial): C:\Users\cesarr\Downloads\biodex final\API-Biodex\build\classes\kotlin\main;C:\Users\cesarr\Downloads\biodex final\API-Biodex\build\resources\main;C:\Users\cesarr\.gradle\caches\modules-2\files-2.1\org.jetbrains.exposed\exposed-jdbc\0.51.0\57ed99f3bc66a2c1a478c045425c4040fdfb7783\exposed-jdbc-0.51.0.jar;C:\Users\cesarr\.gradle\caches\modules-2\files-2.1\org.jetbrains.exposed\exposed-kotlin-datetime\0.51.0\38642e168631d026cea4856bba5037ab944b0a5e\exposed-kotlin-datetime-0.51.0.jar;C:\Users\cesarr\.gradle\caches\modules-2\files-2.1\org.jetbrains.exposed\exposed-core\0.51.0\aed8a695d3977756f41c0f0e2b21f789f3cd037c\exposed-core-0.51.0.jar;C:\Users\cesarr\.gradle\caches\modules-2\files-2.1\io.ktor\ktor-server-auth-jwt-jvm\3.3.0\629d9e5ae14b87dd87171171717a0ed689deda39\ktor-server-auth-jwt-jvm-3.3.0.jar;C:\Users\cesarr\.gradle\caches\modules-2\files-2.1\io.ktor\ktor-server-auth-jvm\3.3.0\921a0f84b47e49928a1564bb9f1942b7c1706e07\ktor-server-auth-jvm-3.3.0.jar;C:\Users\cesarr\.gradle\caches\modules-2\files-2.1\org.jetbrains.kotlin\kotlin-stdlib\2.2.20\5380b19fa1924399b62ce3a1faffebb2b4f82272\kotlin-stdlib-2.2.20.jar;C:\Users\cesarr\.gradle\caches\modules-2\files-2.1\ch.qos.logback\logback-classic\1.4.14\d98bc162275134cdf1518774da4a2a17ef6fb94d\logback-classic-1.4.14.jar;C:\Users\cesarr\.gradle\caches\modules-2\files-2.1\org.postgresql\postgresql\42.7.3\24f3e9f7231428cd20eb4dde00dd3fce44e05464\postgresql-42.7.3.jar;C:\Users\cesarr\.gradle\caches\modules-2\files-2.1\com.zaxxer\HikariCP\5.1.0\8c96e36c14461fc436bb02b264b96ef3ca5dca8c\HikariCP-5.1.0.jar;C:\Users\cesarr\.gradle\caches\modules-2\files-2.1\com.auth0\java-jwt\4.5.0\d7004155fe57a107cc40fb6be0132d8ad2530613\java-jwt-4.5.0.jar;C:\Users\cesarr\.gradle\caches\modules-2\files-2.1\org.mindrot\jbcrypt\0.4\af7e61017f73abb18ac4e036954f9f28c6366c07\jbcrypt-0.4.jar;C:\Users\cesarr\.gradle\caches\modules-2\files-2.1\com.cloudinary\cloudinary-http44\1.36.0\70f80dd429b2fcb16930dc8521402bb6aa0002d8\cloudinary-http44-1.36.0.jar;C:\Users\cesarr\.gradle\caches\modules-2\files-2.1\org.jetbrains.kotlinx\kotlinx-datetime-jvm\0.6.2\f177b43ce53f69151797206ce762b36199692474\kotlinx-datetime-jvm-0.6.2.jar;C:\Users\cesarr\.gradle\caches\modules-2\files-2.1\org.jetbrains.kotlin\kotlin-reflect\2.2.10\98d0ca9819d98cb3aa5c0a25793830b6659feee2\kotlin-reflect-2.2.10.jar;C:\Users\cesarr\.gradle\caches\modules-2\files-2.1\org.slf4j\slf4j-api\2.0.17\d9e58ac9c7779ba3bf8142aff6c830617a7fe60f\slf4j-api-2.0.17.jar;C:\Users\cesarr\.gradle\caches\modules-2\files-2.1\com.auth0\jwks-rsa\0.23.0\76b14c3f09a1edea16856ec500a18030fa192065\jwks-rsa-0.23.0.jar;C:\Users\cesarr\.gradle\caches\modules-2\files-2.1\io.ktor\ktor-server-call-logging-jvm\3.3.0\8e0dbe304cd6b3368cd0d9f8fc0093bfff395e9c\ktor-server-call-logging-jvm-3.3.0.jar;C:\Users\cesarr\.gradle\caches\modules-2\files-2.1\io.ktor\ktor-server-config-yaml-jvm\3.3.0\5cc02bc286904675b7daaec67e2706df1ac737fe\ktor-server-config-yaml-jvm-3.3.0.jar;C:\Users\cesarr\.gradle\caches\modules-2\files-2.1\io.ktor\ktor-server-content-negotiation-jvm\3.3.0\b723d9ce385455716c6c403ed3a93aac6838a1fd\ktor-server-content-negotiation-jvm-3.3.0.jar;C:\Users\cesarr\.gradle\caches\modules-2\files-2.1\io.ktor\ktor-server-cors-jvm\3.3.0\b25bfd761405e43dbe3372db16f494d366588141\ktor-server-cors-jvm-3.3.0.jar;C:\Users\cesarr\.gradle\caches\modules-2\files-2.1\io.ktor\ktor-server-default-headers-jvm\3.3.0\baec91f9eefc3a11964dcc62ae70b1716d7c784f\ktor-server-default-headers-jvm-3.3.0.jar;C:\Users\cesarr\.gradle\caches\modules-2\files-2.1\io.ktor\ktor-server-netty-jvm\3.3.0\3b54f1a0d37fbe1571c2ec8358416d0cc5e7e9b3\ktor-server-netty-jvm-3.3.0.jar;C:\Users\cesarr\.gradle\caches\modules-2\files-2.1\io.ktor\ktor-server-sessions-jvm\3.3.0\ad43fb51bf677d7780dbe9356bad32a4c1f0617f\ktor-server-sessions-jvm-3.3.0.jar;C:\Users\cesarr\.gradle\caches\modules-2\files-2.1\io.ktor\ktor-server-core-jvm\3.3.0\a75887ca2a0b32ddec0351f889517f74fee2143d\ktor-server-core-jvm-3.3.0.jar;C:\Users\cesarr\.gradle\caches\modules-2\files-2.1\io.ktor\ktor-serialization-kotlinx-json-jvm\3.3.0\8d1c7508fef56af92e6f3987e4df926ae322ac5b\ktor-serialization-kotlinx-json-jvm-3.3.0.jar;C:\Users\cesarr\.gradle\caches\modules-2\files-2.1\io.ktor\ktor-io-jvm\3.3.0\46a30b23c1138234d63d4e7e6531dc1dd0055228\ktor-io-jvm-3.3.0.jar;C:\Users\cesarr\.gradle\caches\modules-2\files-2.1\org.jetbrains.kotlinx\kotlinx-io-core-jvm\0.8.0\358a9f2ba2dc81c5dc84c3d1853f6e5efba63be1\kotlinx-io-core-jvm-0.8.0.jar;C:\Users\cesarr\.gradle\caches\modules-2\files-2.1\org.jetbrains\annotations\23.0.0\8cc20c07506ec18e0834947b84a864bfc094484e\annotations-23.0.0.jar;C:\Users\cesarr\.gradle\caches\modules-2\files-2.1\ch.qos.logback\logback-core\1.4.14\4d3c2248219ac0effeb380ed4c5280a80bf395e8\logback-core-1.4.14.jar;C:\Users\cesarr\.gradle\caches\modules-2\files-2.1\com.fasterxml.jackson.core\jackson-databind\2.15.4\560309fc381f77d4d15c4a4cdaa0db5025c4fd13\jackson-databind-2.15.4.jar;C:\Users\cesarr\.gradle\caches\modules-2\files-2.1\com.fasterxml.jackson.core\jackson-core\2.15.4\aebe84b45360debad94f692a4074c6aceb535fa0\jackson-core-2.15.4.jar;C:\Users\cesarr\.gradle\caches\modules-2\files-2.1\com.cloudinary\cloudinary-core\1.36.0\2d5dbabde98179d1459f3d33e4ff522c2fde1e08\cloudinary-core-1.36.0.jar;C:\Users\cesarr\.gradle\caches\modules-2\files-2.1\org.apache.commons\commons-lang3\3.1\905075e6c80f206bbe6cf1e809d2caa69f420c76\commons-lang3-3.1.jar;C:\Users\cesarr\.gradle\caches\modules-2\files-2.1\org.apache.httpcomponents\httpmime\4.4\54646f004d5b4c37a5a75b1d416c59a3075204e2\httpmime-4.4.jar;C:\Users\cesarr\.gradle\caches\modules-2\files-2.1\org.apache.httpcomponents\httpclient\4.4\6d220441ca681dddc55a189eae81a437309128b8\httpclient-4.4.jar;C:\Users\cesarr\.gradle\caches\modules-2\files-2.1\org.jetbrains.kotlinx\kotlinx-coroutines-core-jvm\1.10.2\4a9f78ef49483748e2c129f3d124b8fa249dafbf\kotlinx-coroutines-core-jvm-1.10.2.jar;C:\Users\cesarr\.gradle\caches\modules-2\files-2.1\io.ktor\ktor-client-core-jvm\3.3.0\29608f1fee6d4eee03a91c04f43c2043def362f5\ktor-client-core-jvm-3.3.0.jar;C:\Users\cesarr\.gradle\caches\modules-2\files-2.1\org.jetbrains.kotlinx\kotlinx-serialization-json-jvm\1.9.0\aea6f7d49fe5c458f8963ee6d4bdaf4a459ab3e7\kotlinx-serialization-json-jvm-1.9.0.jar;C:\Users\cesarr\.gradle\caches\modules-2\files-2.1\io.netty\netty-codec-http2\4.2.4.Final\b4799709023e809dc85f93c6162b786cf31b4a21\netty-codec-http2-4.2.4.Final.jar;C:\Users\cesarr\.gradle\caches\modules-2\files-2.1\org.eclipse.jetty.alpn\alpn-api\1.1.3.v20160715\a1bf3a937f91b4c953acd13e8c9552347adc2198\alpn-api-1.1.3.v20160715.jar;C:\Users\cesarr\.gradle\caches\modules-2\files-2.1\io.netty\netty-transport-native-kqueue\4.2.4.Final\228625ab1549987b9425158cfd9b2d92d3af20db\netty-transport-native-kqueue-4.2.4.Final.jar;C:\Users\cesarr\.gradle\caches\modules-2\files-2.1\io.netty\netty-transport-native-epoll\4.2.4.Final\42743a42701830a3eb093ea7e84d3d85ed123faf\netty-transport-native-epoll-4.2.4.Final.jar;C:\Users\cesarr\.gradle\caches\modules-2\files-2.1\com.typesafe\config\1.4.4\f19816be89ef80f9106535828ba32fd4cd8e6b77\config-1.4.4.jar;C:\Users\cesarr\.gradle\caches\modules-2\files-2.1\com.fasterxml.jackson.core\jackson-annotations\2.15.4\5223ea5a9bf52cdc9c5e537a0e52f2432eaf208b\jackson-annotations-2.15.4.jar;C:\Users\cesarr\.gradle\caches\modules-2\files-2.1\org.apache.httpcomponents\httpcore\4.4\e9b3863fd9c8a273ceed4a7fae10f40bb10a2328\httpcore-4.4.jar;C:\Users\cesarr\.gradle\caches\modules-2\files-2.1\commons-logging\commons-logging\1.2\4bfc12adfe4842bf07b657f0369c4cb522955686\commons-logging-1.2.jar;C:\Users\cesarr\.gradle\caches\modules-2\files-2.1\commons-codec\commons-codec\1.9\9ce04e34240f674bc72680f8b843b1457383161a\commons-codec-1.9.jar;C:\Users\cesarr\.gradle\caches\modules-2\files-2.1\net.mamoe.yamlkt\yamlkt-jvm\0.13.0\9c93e3ef80314d6486f6f9be95db8df6bc728d67\yamlkt-jvm-0.13.0.jar;C:\Users\cesarr\.gradle\caches\modules-2\files-2.1\io.netty\netty-codec-http\4.2.4.Final\4670107b2f6419d21cb7967a680671692f44157\netty-codec-http-4.2.4.Final.jar;C:\Users\cesarr\.gradle\caches\modules-2\files-2.1\io.netty\netty-handler\4.2.4.Final\2743026b7e760647960c40cea3a1e8cadcaca3d3\netty-handler-4.2.4.Final.jar;C:\Users\cesarr\.gradle\caches\modules-2\files-2.1\io.netty\netty-codec-base\4.2.4.Final\1ce749159854c881db5f72f20554b593303d6383\netty-codec-base-4.2.4.Final.jar;C:\Users\cesarr\.gradle\caches\modules-2\files-2.1\io.netty\netty-transport\4.2.4.Final\dcc86deff7735fe678a9159e3ba991cc85a6870b\netty-transport-4.2.4.Final.jar;C:\Users\cesarr\.gradle\caches\modules-2\files-2.1\io.netty\netty-buffer\4.2.4.Final\ddf4e915e4c7bc227dad3166e87e65c7c267489a\netty-buffer-4.2.4.Final.jar;C:\Users\cesarr\.gradle\caches\modules-2\files-2.1\io.netty\netty-common\4.2.4.Final\2ab161f17d7dd66a1c8ac2f180a448c314790abb\netty-common-4.2.4.Final.jar;C:\Users\cesarr\.gradle\caches\modules-2\files-2.1\io.netty\netty-transport-classes-kqueue\4.2.4.Final\b5322502fd275ccda1f57c7f4f0f660ab28818ed\netty-transport-classes-kqueue-4.2.4.Final.jar;C:\Users\cesarr\.gradle\caches\modules-2\files-2.1\io.netty\netty-transport-native-unix-common\4.2.4.Final\8e84d47a372fdc928a50b865380a7198a0946782\netty-transport-native-unix-common-4.2.4.Final.jar;C:\Users\cesarr\.gradle\caches\modules-2\files-2.1\io.netty\netty-transport-classes-epoll\4.2.4.Final\1bcbe4f5b2bec41c5cf04efa9074a0c717882f78\netty-transport-classes-epoll-4.2.4.Final.jar;C:\Users\cesarr\.gradle\caches\modules-2\files-2.1\org.jetbrains.kotlinx\kotlinx-serialization-core-jvm\1.9.0\91448df39c558f7c6147b8bd8db01debe16e0cc1\kotlinx-serialization-core-jvm-1.9.0.jar;C:\Users\cesarr\.gradle\caches\modules-2\files-2.1\io.ktor\ktor-http-cio-jvm\3.3.0\5107799ea75211704419342661cb4552e3fa74f7\ktor-http-cio-jvm-3.3.0.jar;C:\Users\cesarr\.gradle\caches\modules-2\files-2.1\io.ktor\ktor-serialization-jvm\3.3.0\e56aab7a830a5e1b890aa8dd0a0f7b603552880\ktor-serialization-jvm-3.3.0.jar;C:\Users\cesarr\.gradle\caches\modules-2\files-2.1\io.ktor\ktor-websockets-jvm\3.3.0\10743663e919fe33527367d3e43b940ae434aef1\ktor-websockets-jvm-3.3.0.jar;C:\Users\cesarr\.gradle\caches\modules-2\files-2.1\io.ktor\ktor-http-jvm\3.3.0\8a42afc0f195c1be521ad91aa41055021fa3b94b\ktor-http-jvm-3.3.0.jar;C:\Users\cesarr\.gradle\caches\modules-2\files-2.1\io.ktor\ktor-events-jvm\3.3.0\c8a50b2be72062ba419638034f9159ce8122cad\ktor-events-jvm-3.3.0.jar;C:\Users\cesarr\.gradle\caches\modules-2\files-2.1\io.ktor\ktor-utils-jvm\3.3.0\2e8d26ef0c392e07b63460009776df0e7fea653e\ktor-utils-jvm-3.3.0.jar;C:\Users\cesarr\.gradle\caches\modules-2\files-2.1\io.ktor\ktor-serialization-kotlinx-jvm\3.3.0\f62c2f4f39c3fcddd790dccd3ae11005709e0cee\ktor-serialization-kotlinx-jvm-3.3.0.jar;C:\Users\cesarr\.gradle\caches\modules-2\files-2.1\org.jetbrains.kotlinx\kotlinx-serialization-json-io-jvm\1.9.0\3a371942a591532d0d9245ca6787ee677853bebd\kotlinx-serialization-json-io-jvm-1.9.0.jar;C:\Users\cesarr\.gradle\caches\modules-2\files-2.1\org.jetbrains.kotlinx\kotlinx-io-bytestring-jvm\0.8.0\89c5399596250e71f2bba6d2415972a078a525c7\kotlinx-io-bytestring-jvm-0.8.0.jar;C:\Users\cesarr\.gradle\caches\modules-2\files-2.1\io.ktor\ktor-websocket-serialization-jvm\3.3.0\6b82e2bb17bc763dff14d07d8a0c275c27ad4bcf\ktor-websocket-serialization-jvm-3.3.0.jar;C:\Users\cesarr\.gradle\caches\modules-2\files-2.1\io.ktor\ktor-sse-jvm\3.3.0\6f8a76ce7ffb1384108f216138db28a3b19c6144\ktor-sse-jvm-3.3.0.jar;C:\Users\cesarr\.gradle\caches\modules-2\files-2.1\org.jetbrains.kotlin\kotlin-stdlib-jdk8\1.8.0\ed04f49e186a116753ad70d34f0ac2925d1d8020\kotlin-stdlib-jdk8-1.8.0.jar;C:\Users\cesarr\.gradle\caches\modules-2\files-2.1\io.netty\netty-codec-compression\4.2.4.Final\1ee714313d5a4828a9a5e91ef7b286b0ae70432d\netty-codec-compression-4.2.4.Final.jar;C:\Users\cesarr\.gradle\caches\modules-2\files-2.1\io.netty\netty-resolver\4.2.4.Final\d6104fe65ef3411f07f664220e58396cdfc64cc8\netty-resolver-4.2.4.Final.jar;C:\Users\cesarr\.gradle\caches\modules-2\files-2.1\org.jetbrains.kotlin\kotlin-stdlib-jdk7\1.8.0\3c91271347f678c239607abb676d4032a7898427\kotlin-stdlib-jdk7-1.8.0.jar;C:\Users\cesarr\.gradle\caches\modules-2\files-2.1\io.ktor\ktor-network-jvm\3.3.0\eeddf5465e4e0d4265a73b35da4d71bbe3a1d73e\ktor-network-jvm-3.3.0.jar;C:\Users\cesarr\.gradle\caches\modules-2\files-2.1\org.checkerframework\checker-qual\3.42.0\638ec33f363a94d41a4f03c3e7d3dcfba64e402d\checker-qual-3.42.0.jar;C:\Users\cesarr\.gradle\caches\modules-2\files-2.1\com.google.guava\guava\32.1.2-jre\5e64ec7e056456bef3a4bc4c6fdaef71e8ab6318\guava-32.1.2-jre.jar;C:\Users\cesarr\.gradle\caches\modules-2\files-2.1\org.jetbrains.kotlinx\kotlinx-coroutines-slf4j\1.10.2\1271f9d4a929150bb87ab8d1dc1e86d4bcf039f3\kotlinx-coroutines-slf4j-1.10.2.jar;C:\Users\cesarr\.gradle\caches\modules-2\files-2.1\org.fusesource.jansi\jansi\2.4.2\ba7387c31622c6650b83edba1bbb115f1fe462ba\jansi-2.4.2.jar;C:\Users\cesarr\.gradle\caches\modules-2\files-2.1\com.google.guava\failureaccess\1.0.1\1dcf1de382a0bf95a3d8b0849546c88bac1292c9\failureaccess-1.0.1.jar;C:\Users\cesarr\.gradle\caches\modules-2\files-2.1\com.google.guava\listenablefuture\9999.0-empty-to-avoid-conflict-with-guava\b421526c5f297295adef1c886e5246c39d4ac629\listenablefuture-9999.0-empty-to-avoid-conflict-with-guava.jar;C:\Users\cesarr\.gradle\caches\modules-2\files-2.1\com.google.code.findbugs\jsr305\3.0.2\25ea2e8b0c338a877313bd4672d3fe056ea78f0d\jsr305-3.0.2.jar;C:\Users\cesarr\.gradle\caches\modules-2\files-2.1\com.google.errorprone\error_prone_annotations\2.18.0\89b684257096f548fa39a7df9fdaa409d4d4df91\error_prone_annotations-2.18.0.jar;C:\Users\cesarr\.gradle\caches\modules-2\files-2.1\com.charleskorn.kaml\kaml-jvm\0.79.0\77fee41e34be3cbf6b096d48b739a6c9fe8d3ee8\kaml-jvm-0.79.0.jar;C:\Users\cesarr\.gradle\caches\modules-2\files-2.1\it.krzeminski\snakeyaml-engine-kmp-jvm\3.1.1\542190d973fb66f3568fbcec1a3a8210e2f705dc\snakeyaml-engine-kmp-jvm-3.1.1.jar;C:\Users\cesarr\.gradle\caches\modules-2\files-2.1\com.squareup.okio\okio-jvm\3.12.0\a03d717896d3058293f60e71a0459d6813fbbae6\okio-jvm-3.12.0.jar;C:\Users\cesarr\.gradle\caches\modules-2\files-2.1\net.thauvin.erik.urlencoder\urlencoder-lib-jvm\1.6.0\6b922dd3ff960b08873c10395545e08355e250c9\urlencoder-lib-jvm-1.6.0.jar
Launcher Type: SUN_STANDARD

[Global flags]
     intx CICompilerCount                          = 4                                         {product} {ergonomic}
     uint ConcGCThreads                            = 3                                         {product} {ergonomic}
     uint G1ConcRefinementThreads                  = 10                                        {product} {ergonomic}
   size_t G1HeapRegionSize                         = 1048576                                   {product} {ergonomic}
   size_t InitialHeapSize                          = 123731968                                 {product} {ergonomic}
   size_t MarkStackSize                            = 4194304                                   {product} {ergonomic}
   size_t MarkStackSizeMax                         = 536870912                                 {product} {ergonomic}
   size_t MaxHeapSize                              = 1950351360                                {product} {ergonomic}
   size_t MaxNewSize                               = 1170210816                                {product} {ergonomic}
   size_t MinHeapDeltaBytes                        = 1048576                                   {product} {ergonomic}
   size_t MinHeapSize                              = 8388608                                   {product} {ergonomic}
    uintx NonNMethodCodeHeapSize                   = 5832704                                {pd product} {ergonomic}
    uintx NonProfiledCodeHeapSize                  = 122945536                              {pd product} {ergonomic}
    uintx ProfiledCodeHeapSize                     = 122880000                              {pd product} {ergonomic}
    uintx ReservedCodeCacheSize                    = 251658240                              {pd product} {ergonomic}
     bool SegmentedCodeCache                       = true                                      {product} {ergonomic}
   size_t SoftMaxHeapSize                          = 1950351360                             {manageable} {ergonomic}
     bool UseCompressedOops                        = true                           {product lp64_product} {ergonomic}
     bool UseG1GC                                  = true                                      {product} {ergonomic}
     bool UseLargePagesIndividualAllocation        = false                                  {pd product} {ergonomic}

Logging:
Log output configuration:
 #0: stdout all=warning uptime,level,tags foldmultilines=false
 #1: stderr all=off uptime,level,tags foldmultilines=false

Environment Variables:
PATH=C:\Users\cesarr\AppData\Local\Programs\Python\Python313\Scripts\;C:\Users\cesarr\AppData\Local\Programs\Python\Python313\;C:\windows\system32;C:\windows;C:\windows\System32\Wbem;C:\windows\System32\WindowsPowerShell\v1.0\;C:\windows\System32\OpenSSH\;C:\Program Files (x86)\NVIDIA Corporation\PhysX\Common;C:\Program Files\NVIDIA Corporation\NVIDIA NvDLISR;C:\Users\Administrator\AppData\Local\Microsoft\WindowsApps;C:\Program Files\HP\OMEN-Broadcast\Common;C:\Program Files\PuTTY\;C:\WINDOWS\system32;C:\WINDOWS;C:\WINDOWS\System32\Wbem;C:\WINDOWS\System32\WindowsPowerShell\v1.0\;C:\WINDOWS\System32\OpenSSH\;C:\Program Files\Git\cmd;C:\Program Files\nodejs\;C:\ProgramData\chocolatey\bin;C:\Users\cesarr\AppData\Local\Programs\Eclipse Adoptium\jdk-21.0.7.6-hotspot\bin;C:\Users\cesarr\AppData\Local\Microsoft\WindowsApps;C:\Users\cesarr\AppData\Local\Programs\Microsoft VS Code\bin;C:\ruta\completa\hasta\bin;C:\Users\cesarr\Downloads\x86_64-8.1.0-release-posix-seh-rt_v6-rev0\mingw64\bin;C:\Users\cesarr\AppData\Roaming\npm
USERNAME=cesarr
OS=Windows_NT
PROCESSOR_IDENTIFIER=AMD64 Family 25 Model 117 Stepping 2, AuthenticAMD
TMP=C:\Users\cesarr\AppData\Local\Temp
TEMP=C:\Users\cesarr\AppData\Local\Temp




Periodic native trim disabled

---------------  S Y S T E M  ---------------

OS:
 Windows 11 , 64 bit Build 26100 (10.0.26100.5074)
OS uptime: 0 days 8:23 hours
Hyper-V role detected

CPU: total 12 (initial active 12) (12 cores per cpu, 2 threads per core) family 25 model 117 stepping 2 microcode 0xa70520a, cx8, cmov, fxsr, ht, mmx, 3dnowpref, sse, sse2, sse3, ssse3, sse4a, sse4.1, sse4.2, popcnt, lzcnt, tsc, tscinvbit, avx, avx2, aes, erms, clmul, bmi1, bmi2, adx, avx512f, avx512dq, avx512cd, avx512bw, avx512vl, sha, fma, vzeroupper, avx512_vpopcntdq, avx512_vpclmulqdq, avx512_vaes, avx512_vnni, clflush, clflushopt, avx512_vbmi2, avx512_vbmi, hv, rdtscp, rdpid, fsrm, gfni, avx512_bitalg, f16c, cet_ss, avx512_ifma
Processor Information for processor 0
  Max Mhz: 4301, Current Mhz: 3430, Mhz Limit: 4301
Processor Information for processor 1
  Max Mhz: 4301, Current Mhz: 3430, Mhz Limit: 4301
Processor Information for processor 2
  Max Mhz: 4301, Current Mhz: 3430, Mhz Limit: 4301
Processor Information for processor 3
  Max Mhz: 4301, Current Mhz: 3430, Mhz Limit: 4301
Processor Information for processor 4
  Max Mhz: 4301, Current Mhz: 3430, Mhz Limit: 4301
Processor Information for processor 5
  Max Mhz: 4301, Current Mhz: 3430, Mhz Limit: 4301
Processor Information for processor 6
  Max Mhz: 4301, Current Mhz: 3430, Mhz Limit: 4301
Processor Information for processor 7
  Max Mhz: 4301, Current Mhz: 3430, Mhz Limit: 4301
Processor Information for processor 8
  Max Mhz: 4301, Current Mhz: 3430, Mhz Limit: 4301
Processor Information for processor 9
  Max Mhz: 4301, Current Mhz: 4301, Mhz Limit: 4301
Processor Information for processor 10
  Max Mhz: 4301, Current Mhz: 3430, Mhz Limit: 4301
Processor Information for processor 11
  Max Mhz: 4301, Current Mhz: 3430, Mhz Limit: 4301

Memory: 4k page, system-wide physical 7439M (335M free)
TotalPageFile size 29967M (AvailPageFile size 1M)
current process WorkingSet (physical memory assigned to process): 56M, peak: 163M
current process commit charge ("private bytes"): 227M, peak: 258M

vm_info: OpenJDK 64-Bit Server VM (24.0.2+12-54) for windows-amd64 JRE (24.0.2+12-54), built on 2025-07-08T12:10:27Z with MS VC++ 17.6 (VS2022)

END.
