#
# There is insufficient memory for the Java Runtime Environment to continue.
# Native memory allocation (malloc) failed to allocate 13022480 bytes. Error detail: Chunk::new
# Possible reasons:
#   The system is out of physical RAM or swap space
#   This process is running with CompressedOops enabled, and the Java Heap may be blocking the growth of the native heap
# Possible solutions:
#   Reduce memory load on the system
#   Increase physical memory or swap space
#   Check if swap backing store is full
#   Decrease Java heap size (-Xmx/-Xms)
#   Decrease number of Java threads
#   Decrease Java thread stack sizes (-Xss)
#   Set larger code cache with -XX:ReservedCodeCacheSize=
#   JVM is running with Zero Based Compressed Oops mode in which the Java heap is
#     placed in the first 32GB address space. The Java Heap base address is the
#     maximum limit for the native heap growth. Please use -XX:HeapBaseMinAddress
#     to set the Java Heap base and to place the Java Heap above 32GB virtual address.
# This output file may be truncated or incomplete.
#
#  Out of Memory Error (arena.cpp:162), pid=32096, tid=29884
#
# JRE version: OpenJDK Runtime Environment (24.0.2+12) (build 24.0.2+12-54)
# Java VM: OpenJDK 64-Bit Server VM (24.0.2+12-54, mixed mode, sharing, tiered, compressed oops, compressed class ptrs, g1 gc, windows-amd64)
# No core dump will be written. Minidumps are not enabled by default on client versions of Windows
#

---------------  S U M M A R Y ------------

Command Line: --add-opens=java.base/java.lang=ALL-UNNAMED --add-opens=java.base/java.lang.invoke=ALL-UNNAMED --add-opens=java.base/java.util=ALL-UNNAMED --add-opens=java.prefs/java.util.prefs=ALL-UNNAMED --add-exports=jdk.compiler/com.sun.tools.javac.api=ALL-UNNAMED --add-exports=jdk.compiler/com.sun.tools.javac.util=ALL-UNNAMED --add-opens=java.base/java.util=ALL-UNNAMED --add-opens=java.prefs/java.util.prefs=ALL-UNNAMED --add-opens=java.base/java.nio.charset=ALL-UNNAMED --add-opens=java.base/java.net=ALL-UNNAMED --add-opens=java.base/java.util.concurrent.atomic=ALL-UNNAMED --add-opens=java.xml/javax.xml.namespace=ALL-UNNAMED --enable-native-access=ALL-UNNAMED -Xmx4096m -Dfile.encoding=UTF-8 -Duser.country=419 -Duser.language=es -Duser.variant -javaagent:C:\Users\cesarr\.gradle\wrapper\dists\gradle-8.14.3-bin\cv11ve7ro1n3o1j4so8xd9n66\gradle-8.14.3\lib\agents\gradle-instrumentation-agent-8.14.3.jar org.gradle.launcher.daemon.bootstrap.GradleDaemon 8.14.3

Host: AMD Ryzen 5 8645HS w/ Radeon 760M Graphics, 12 cores, 7G,  Windows 11 , 64 bit Build 26100 (10.0.26100.5074)
Time: Sun Nov 30 02:28:18 2025 Hora estándar central (México) elapsed time: 21.064823 seconds (0d 0h 0m 21s)

---------------  T H R E A D  ---------------

Current thread (0x000001387c6a6c80):  JavaThread "C2 CompilerThread1" daemon [_thread_in_native, id=29884, stack(0x00000030eb200000,0x00000030eb300000) (1024K)]


Current CompileTask:
C2:21064 8067   !   4       java.net.URLClassLoader::findClass (77 bytes)

Stack: [0x00000030eb200000,0x00000030eb300000]
Native frames: (J=compiled Java code, j=interpreted, Vv=VM code, C=native code)
V  [jvm.dll+0x730829]  (no source info available)
V  [jvm.dll+0x8d9da3]  (no source info available)
V  [jvm.dll+0x8dc28d]  (no source info available)
V  [jvm.dll+0x8dc903]  (no source info available)
V  [jvm.dll+0x2a9f56]  (no source info available)
V  [jvm.dll+0xced7f]  (no source info available)
V  [jvm.dll+0xcefdf]  (no source info available)
V  [jvm.dll+0x154c83]  (no source info available)
V  [jvm.dll+0x73604f]  (no source info available)
V  [jvm.dll+0x26f8dc]  (no source info available)
V  [jvm.dll+0x26e8ff]  (no source info available)
V  [jvm.dll+0x1e9c90]  (no source info available)
V  [jvm.dll+0x27e0cb]  (no source info available)
V  [jvm.dll+0x27c36a]  (no source info available)
V  [jvm.dll+0x42f396]  (no source info available)
V  [jvm.dll+0x87d9eb]  (no source info available)
V  [jvm.dll+0x72ef45]  (no source info available)
C  [ucrtbase.dll+0x37b0]  (no source info available)
C  [KERNEL32.DLL+0x2e8d7]  (no source info available)
C  [ntdll.dll+0x8d9c]  (no source info available)

Lock stack of current Java thread (top to bottom):


---------------  P R O C E S S  ---------------

Threads class SMR info:
_java_thread_list=0x0000013800b922c0, length=72, elements={
0x0000013816fdef60, 0x0000013836b29a70, 0x0000013836b2a3b0, 0x0000013836b31520,
0x0000013836b56ae0, 0x0000013836b57870, 0x0000013836b58820, 0x0000013836b617c0,
0x0000013836b65d40, 0x0000013836cea3c0, 0x0000013836dd9ff0, 0x000001387d844bb0,
0x000001387d879f40, 0x000001387d8b17b0, 0x000001387d8baf00, 0x000001387d8cb9c0,
0x000001387d8ccfb0, 0x000001387d8cab20, 0x000001387d8cb270, 0x000001387d8cc110,
0x000001387d8cc860, 0x000001387d8cd700, 0x000001387d8cde50, 0x000001387db00ea0,
0x000001387db03330, 0x000001387db01d40, 0x000001387db02be0, 0x000001387db00750,
0x000001387db02490, 0x000001387db00000, 0x0000013800344f80, 0x0000013800347b60,
0x00000138003456d0, 0x0000013800344830, 0x0000013800345e20, 0x0000013800346570,
0x0000013800346cc0, 0x0000013800347410, 0x000001387e521e50, 0x000001387e520860,
0x000001387e51f270, 0x000001387e520fb0, 0x000001387e522cf0, 0x000001387e523440,
0x000001387e524a30, 0x000001387e525180, 0x000001387e5258d0, 0x000001387e523b90,
0x000001387e526020, 0x000001387e526770, 0x000001387c074290, 0x000001387c075fd0,
0x000001387c072ca0, 0x000001387c0733f0, 0x0000013836b984d0, 0x0000013836b9bf50,
0x0000013836b98c20, 0x0000013836b9c6a0, 0x0000013836b9b800, 0x0000013836b99370,
0x0000013836b9cdf0, 0x0000013836b99ac0, 0x0000013836b9a210, 0x0000013836b9d540,
0x0000013836b9dc90, 0x0000013836b9a960, 0x0000013836b9e3e0, 0x0000013836b9b0b0,
0x0000013836b9f280, 0x0000013836b9eb30, 0x000001387c6a6c80, 0x000001387e53b630
}

Java Threads: ( => current thread )
  0x0000013816fdef60 JavaThread "main"                              [_thread_blocked, id=26980, stack(0x00000030e9500000,0x00000030e9600000) (1024K)]
  0x0000013836b29a70 JavaThread "Reference Handler"          daemon [_thread_blocked, id=2832, stack(0x00000030e9d00000,0x00000030e9e00000) (1024K)]
  0x0000013836b2a3b0 JavaThread "Finalizer"                  daemon [_thread_blocked, id=17428, stack(0x00000030e9e00000,0x00000030e9f00000) (1024K)]
  0x0000013836b31520 JavaThread "Signal Dispatcher"          daemon [_thread_blocked, id=30316, stack(0x00000030e9f00000,0x00000030ea000000) (1024K)]
  0x0000013836b56ae0 JavaThread "Attach Listener"            daemon [_thread_blocked, id=18968, stack(0x00000030ea000000,0x00000030ea100000) (1024K)]
  0x0000013836b57870 JavaThread "Service Thread"             daemon [_thread_blocked, id=13372, stack(0x00000030ea100000,0x00000030ea200000) (1024K)]
  0x0000013836b58820 JavaThread "Monitor Deflation Thread"   daemon [_thread_blocked, id=11416, stack(0x00000030ea200000,0x00000030ea300000) (1024K)]
  0x0000013836b617c0 JavaThread "C2 CompilerThread0"         daemon [_thread_blocked, id=31464, stack(0x00000030ea300000,0x00000030ea400000) (1024K)]
  0x0000013836b65d40 JavaThread "C1 CompilerThread0"         daemon [_thread_blocked, id=24532, stack(0x00000030ea400000,0x00000030ea500000) (1024K)]
  0x0000013836cea3c0 JavaThread "Common-Cleaner"             daemon [_thread_blocked, id=30240, stack(0x00000030ea500000,0x00000030ea600000) (1024K)]
  0x0000013836dd9ff0 JavaThread "Notification Thread"        daemon [_thread_blocked, id=16136, stack(0x00000030ea600000,0x00000030ea700000) (1024K)]
  0x000001387d844bb0 JavaThread "Daemon health stats"               [_thread_blocked, id=21568, stack(0x00000030ea800000,0x00000030ea900000) (1024K)]
  0x000001387d879f40 JavaThread "Incoming local TCP Connector on port 52299"        [_thread_in_native, id=25200, stack(0x00000030ea900000,0x00000030eaa00000) (1024K)]
  0x000001387d8b17b0 JavaThread "Daemon periodic checks"            [_thread_blocked, id=18532, stack(0x00000030eaa00000,0x00000030eab00000) (1024K)]
  0x000001387d8baf00 JavaThread "Daemon"                            [_thread_blocked, id=32740, stack(0x00000030eab00000,0x00000030eac00000) (1024K)]
  0x000001387d8cb9c0 JavaThread "Handler for socket connection from /127.0.0.1:52299 to /127.0.0.1:52301"        [_thread_in_native, id=10824, stack(0x00000030eac00000,0x00000030ead00000) (1024K)]
  0x000001387d8ccfb0 JavaThread "Cancel handler"                    [_thread_blocked, id=10632, stack(0x00000030ead00000,0x00000030eae00000) (1024K)]
  0x000001387d8cab20 JavaThread "Daemon worker"                     [_thread_in_Java, id=28660, stack(0x00000030eae00000,0x00000030eaf00000) (1024K)]
  0x000001387d8cb270 JavaThread "Asynchronous log dispatcher for DefaultDaemonConnection: socket connection from /127.0.0.1:52299 to /127.0.0.1:52301"        [_thread_blocked, id=32136, stack(0x00000030eaf00000,0x00000030eb000000) (1024K)]
  0x000001387d8cc110 JavaThread "Stdin handler"                     [_thread_blocked, id=22064, stack(0x00000030eb000000,0x00000030eb100000) (1024K)]
  0x000001387d8cc860 JavaThread "Daemon client event forwarder"        [_thread_blocked, id=4268, stack(0x00000030eb100000,0x00000030eb200000) (1024K)]
  0x000001387d8cd700 JavaThread "Cache worker for journal cache (C:\Users\cesarr\.gradle\caches\journal-1)"        [_thread_blocked, id=28592, stack(0x00000030ebb00000,0x00000030ebc00000) (1024K)]
  0x000001387d8cde50 JavaThread "File lock request listener"        [_thread_in_native, id=19252, stack(0x00000030ebc00000,0x00000030ebd00000) (1024K)]
  0x000001387db00ea0 JavaThread "Cache worker for file hash cache (C:\Users\cesarr\.gradle\caches\8.14.3\fileHashes)"        [_thread_blocked, id=28796, stack(0x00000030ebd00000,0x00000030ebe00000) (1024K)]
  0x000001387db03330 JavaThread "Cache worker for file hash cache (C:\Users\cesarr\Downloads\BIODEXXX\API poryect\.gradle\8.14.3\fileHashes)"        [_thread_blocked, id=31748, stack(0x00000030ec100000,0x00000030ec200000) (1024K)]
  0x000001387db01d40 JavaThread "Cache worker for Build Output Cleanup Cache (C:\Users\cesarr\Downloads\BIODEXXX\API poryect\.gradle\buildOutputCleanup)"        [_thread_blocked, id=28432, stack(0x00000030ec200000,0x00000030ec300000) (1024K)]
  0x000001387db02be0 JavaThread "File watcher server"        daemon [_thread_in_native, id=25964, stack(0x00000030ec300000,0x00000030ec400000) (1024K)]
  0x000001387db00750 JavaThread "File watcher consumer"      daemon [_thread_blocked, id=376, stack(0x00000030ec400000,0x00000030ec500000) (1024K)]
  0x000001387db02490 JavaThread "jar transforms"                    [_thread_blocked, id=17368, stack(0x00000030ec500000,0x00000030ec600000) (1024K)]
  0x000001387db00000 JavaThread "jar transforms Thread 2"           [_thread_blocked, id=13352, stack(0x00000030ec600000,0x00000030ec700000) (1024K)]
  0x0000013800344f80 JavaThread "jar transforms Thread 3"           [_thread_blocked, id=27740, stack(0x00000030ec700000,0x00000030ec800000) (1024K)]
  0x0000013800347b60 JavaThread "jar transforms Thread 4"           [_thread_blocked, id=19136, stack(0x00000030ec800000,0x00000030ec900000) (1024K)]
  0x00000138003456d0 JavaThread "jar transforms Thread 5"           [_thread_blocked, id=28852, stack(0x00000030ec900000,0x00000030eca00000) (1024K)]
  0x0000013800344830 JavaThread "jar transforms Thread 6"           [_thread_blocked, id=10028, stack(0x00000030eca00000,0x00000030ecb00000) (1024K)]
  0x0000013800345e20 JavaThread "jar transforms Thread 7"           [_thread_blocked, id=7728, stack(0x00000030ecb00000,0x00000030ecc00000) (1024K)]
  0x0000013800346570 JavaThread "jar transforms Thread 8"           [_thread_blocked, id=23540, stack(0x00000030ecc00000,0x00000030ecd00000) (1024K)]
  0x0000013800346cc0 JavaThread "jar transforms Thread 9"           [_thread_blocked, id=5824, stack(0x00000030ecd00000,0x00000030ece00000) (1024K)]
  0x0000013800347410 JavaThread "jar transforms Thread 10"          [_thread_blocked, id=21660, stack(0x00000030ece00000,0x00000030ecf00000) (1024K)]
  0x000001387e521e50 JavaThread "jar transforms Thread 11"          [_thread_blocked, id=31204, stack(0x00000030ecf00000,0x00000030ed000000) (1024K)]
  0x000001387e520860 JavaThread "jar transforms Thread 12"          [_thread_blocked, id=27060, stack(0x00000030ed000000,0x00000030ed100000) (1024K)]
  0x000001387e51f270 JavaThread "Cache worker for checksums cache (C:\Users\cesarr\Downloads\BIODEXXX\API poryect\.gradle\8.14.3\checksums)"        [_thread_blocked, id=27884, stack(0x00000030ed100000,0x00000030ed200000) (1024K)]
  0x000001387e520fb0 JavaThread "Cache worker for file content cache (C:\Users\cesarr\.gradle\caches\8.14.3\fileContent)"        [_thread_blocked, id=29164, stack(0x00000030ed200000,0x00000030ed300000) (1024K)]
  0x000001387e522cf0 JavaThread "Cache worker for cache directory md-supplier (C:\Users\cesarr\.gradle\caches\8.14.3\md-supplier)"        [_thread_blocked, id=200, stack(0x00000030ed300000,0x00000030ed400000) (1024K)]
  0x000001387e523440 JavaThread "Cache worker for cache directory md-rule (C:\Users\cesarr\.gradle\caches\8.14.3\md-rule)"        [_thread_blocked, id=5212, stack(0x00000030ed400000,0x00000030ed500000) (1024K)]
  0x000001387e524a30 JavaThread "Unconstrained build operations"        [_thread_blocked, id=3188, stack(0x00000030ed500000,0x00000030ed600000) (1024K)]
  0x000001387e525180 JavaThread "Unconstrained build operations Thread 2"        [_thread_blocked, id=11988, stack(0x00000030ed600000,0x00000030ed700000) (1024K)]
  0x000001387e5258d0 JavaThread "Unconstrained build operations Thread 3"        [_thread_blocked, id=27360, stack(0x00000030ed700000,0x00000030ed800000) (1024K)]
  0x000001387e523b90 JavaThread "Unconstrained build operations Thread 4"        [_thread_blocked, id=10152, stack(0x00000030ed800000,0x00000030ed900000) (1024K)]
  0x000001387e526020 JavaThread "Unconstrained build operations Thread 5"        [_thread_blocked, id=26072, stack(0x00000030ed900000,0x00000030eda00000) (1024K)]
  0x000001387e526770 JavaThread "Unconstrained build operations Thread 6"        [_thread_blocked, id=21336, stack(0x00000030eda00000,0x00000030edb00000) (1024K)]
  0x000001387c074290 JavaThread "Unconstrained build operations Thread 7"        [_thread_blocked, id=1912, stack(0x00000030edb00000,0x00000030edc00000) (1024K)]
  0x000001387c075fd0 JavaThread "Unconstrained build operations Thread 8"        [_thread_blocked, id=26060, stack(0x00000030edc00000,0x00000030edd00000) (1024K)]
  0x000001387c072ca0 JavaThread "Unconstrained build operations Thread 9"        [_thread_blocked, id=4288, stack(0x00000030edd00000,0x00000030ede00000) (1024K)]
  0x000001387c0733f0 JavaThread "Unconstrained build operations Thread 10"        [_thread_blocked, id=6412, stack(0x00000030ede00000,0x00000030edf00000) (1024K)]
  0x0000013836b984d0 JavaThread "Unconstrained build operations Thread 11"        [_thread_blocked, id=21772, stack(0x00000030edf00000,0x00000030ee000000) (1024K)]
  0x0000013836b9bf50 JavaThread "Unconstrained build operations Thread 12"        [_thread_blocked, id=20120, stack(0x00000030ee000000,0x00000030ee100000) (1024K)]
  0x0000013836b98c20 JavaThread "Unconstrained build operations Thread 13"        [_thread_blocked, id=29888, stack(0x00000030ee100000,0x00000030ee200000) (1024K)]
  0x0000013836b9c6a0 JavaThread "Unconstrained build operations Thread 14"        [_thread_blocked, id=29640, stack(0x00000030ee200000,0x00000030ee300000) (1024K)]
  0x0000013836b9b800 JavaThread "Unconstrained build operations Thread 15"        [_thread_blocked, id=24316, stack(0x00000030ee300000,0x00000030ee400000) (1024K)]
  0x0000013836b99370 JavaThread "Unconstrained build operations Thread 16"        [_thread_blocked, id=3140, stack(0x00000030ee400000,0x00000030ee500000) (1024K)]
  0x0000013836b9cdf0 JavaThread "Unconstrained build operations Thread 17"        [_thread_blocked, id=25044, stack(0x00000030ee500000,0x00000030ee600000) (1024K)]
  0x0000013836b99ac0 JavaThread "Unconstrained build operations Thread 18"        [_thread_blocked, id=6376, stack(0x00000030ee600000,0x00000030ee700000) (1024K)]
  0x0000013836b9a210 JavaThread "Unconstrained build operations Thread 19"        [_thread_blocked, id=6768, stack(0x00000030ee700000,0x00000030ee800000) (1024K)]
  0x0000013836b9d540 JavaThread "Unconstrained build operations Thread 20"        [_thread_blocked, id=9868, stack(0x00000030ee800000,0x00000030ee900000) (1024K)]
  0x0000013836b9dc90 JavaThread "Unconstrained build operations Thread 21"        [_thread_blocked, id=30568, stack(0x00000030ee900000,0x00000030eea00000) (1024K)]
  0x0000013836b9a960 JavaThread "Unconstrained build operations Thread 22"        [_thread_blocked, id=25368, stack(0x00000030eea00000,0x00000030eeb00000) (1024K)]
  0x0000013836b9e3e0 JavaThread "Unconstrained build operations Thread 23"        [_thread_blocked, id=29000, stack(0x00000030eeb00000,0x00000030eec00000) (1024K)]
  0x0000013836b9b0b0 JavaThread "Unconstrained build operations Thread 24"        [_thread_blocked, id=13552, stack(0x00000030eec00000,0x00000030eed00000) (1024K)]
  0x0000013836b9f280 JavaThread "Unconstrained build operations Thread 25"        [_thread_blocked, id=13356, stack(0x00000030eed00000,0x00000030eee00000) (1024K)]
  0x0000013836b9eb30 JavaThread "Unconstrained build operations Thread 26"        [_thread_blocked, id=15840, stack(0x00000030eee00000,0x00000030eef00000) (1024K)]
=>0x000001387c6a6c80 JavaThread "C2 CompilerThread1"         daemon [_thread_in_native, id=29884, stack(0x00000030eb200000,0x00000030eb300000) (1024K)]
  0x000001387e53b630 JavaThread "C2 CompilerThread2"         daemon [_thread_blocked, id=27300, stack(0x00000030ebe00000,0x00000030ebf00000) (1024K)]
Total: 72

Other Threads:
  0x0000013836b12660 VMThread "VM Thread"                           [id=28116, stack(0x00000030e9c00000,0x00000030e9d00000) (1024K)]
  0x0000013836b04a70 WatcherThread "VM Periodic Task Thread"        [id=13284, stack(0x00000030e9b00000,0x00000030e9c00000) (1024K)]
  0x00000138170487b0 WorkerThread "GC Thread#0"                     [id=22892, stack(0x00000030e9600000,0x00000030e9700000) (1024K)]
  0x000001387cdeef30 WorkerThread "GC Thread#1"                     [id=22092, stack(0x00000030ea700000,0x00000030ea800000) (1024K)]
  0x000001387c1b66b0 WorkerThread "GC Thread#2"                     [id=27660, stack(0x00000030eb300000,0x00000030eb400000) (1024K)]
  0x000001387d988c70 WorkerThread "GC Thread#3"                     [id=26188, stack(0x00000030eb400000,0x00000030eb500000) (1024K)]
  0x000001387dbfddb0 WorkerThread "GC Thread#4"                     [id=32472, stack(0x00000030eb500000,0x00000030eb600000) (1024K)]
  0x000001387db711e0 WorkerThread "GC Thread#5"                     [id=30232, stack(0x00000030eb600000,0x00000030eb700000) (1024K)]
  0x000001387db9ca40 WorkerThread "GC Thread#6"                     [id=22168, stack(0x00000030eb700000,0x00000030eb800000) (1024K)]
  0x000001387de26ed0 WorkerThread "GC Thread#7"                     [id=27688, stack(0x00000030eb800000,0x00000030eb900000) (1024K)]
  0x000001387de27280 WorkerThread "GC Thread#8"                     [id=412, stack(0x00000030eb900000,0x00000030eba00000) (1024K)]
  0x000001387de279e0 WorkerThread "GC Thread#9"                     [id=26108, stack(0x00000030eba00000,0x00000030ebb00000) (1024K)]
  0x0000013814c4df90 ConcurrentGCThread "G1 Main Marker"            [id=31028, stack(0x00000030e9700000,0x00000030e9800000) (1024K)]
  0x0000013814c4ebb0 WorkerThread "G1 Conc#0"                       [id=26064, stack(0x00000030e9800000,0x00000030e9900000) (1024K)]
  0x000001387de284f0 WorkerThread "G1 Conc#1"                       [id=28664, stack(0x00000030ebf00000,0x00000030ec000000) (1024K)]
  0x000001387de288a0 WorkerThread "G1 Conc#2"                       [id=21640, stack(0x00000030ec000000,0x00000030ec100000) (1024K)]
  0x00000138369d7160 ConcurrentGCThread "G1 Refine#0"               [id=2704, stack(0x00000030e9900000,0x00000030e9a00000) (1024K)]
  0x00000138369d8aa0 ConcurrentGCThread "G1 Service"                [id=30932, stack(0x00000030e9a00000,0x00000030e9b00000) (1024K)]
Total: 18

Threads with active compile tasks:
C2 CompilerThread1  21183 8067   !   4       java.net.URLClassLoader::findClass (77 bytes)
Total: 1

VM state: not at safepoint (normal execution)

VM Mutex/Monitor currently owned by a thread: None

Heap address: 0x0000000700000000, size: 4096 MB, Compressed Oops mode: Zero based, Oop shift amount: 3

CDS archive(s) mapped at: [0x0000013837000000-0x0000013837d40000-0x0000013837d40000), size 13893632, SharedBaseAddress: 0x0000013837000000, ArchiveRelocationMode: 1.
Compressed class space mapped at: 0x0000013838000000-0x0000013878000000, reserved size: 1073741824
UseCompressedClassPointers 1, UseCompactObjectHeaders 0
Narrow klass pointer bits 32, Max shift 3
Narrow klass base: 0x0000013837000000, Narrow klass shift: 0
Encoding Range: [0x0000013837000000 - 0x0000013937000000), (4294967296 bytes)
Klass Range:    [0x0000013837000000 - 0x0000013878000000), (1090519040 bytes)
Klass ID Range:  [8 - 1090519033) (1090519025)

GC Precious Log:
 CardTable entry size: 512
 Card Set container configuration: InlinePtr #cards 4 size 8 Array Of Cards #cards 16 size 48 Howl #buckets 8 coarsen threshold 3686 Howl Bitmap #cards 512 size 80 coarsen threshold 460 Card regions per heap region 1 cards per card region 4096
 CPUs: 12 total, 12 available
 Memory: 7439M
 Large Page Support: Disabled
 NUMA Support: Disabled
 Compressed Oops: Enabled (Zero based)
 Heap Region Size: 2M
 Heap Min Capacity: 8M
 Heap Initial Capacity: 118M
 Heap Max Capacity: 4G
 Pre-touch: Disabled
 Parallel Workers: 10
 Concurrent Workers: 3
 Concurrent Refinement Workers: 10
 Periodic GC: Disabled

Heap:
 garbage-first heap   total reserved 4194304K, committed 167936K, used 132443K [0x0000000700000000, 0x0000000800000000)
  region size 2048K, 18 young (36864K), 2 survivors (4096K)
 Metaspace       used 61112K, committed 62976K, reserved 1114112K
  class space    used 7197K, committed 8064K, reserved 1048576K

Heap Regions: E=young(eden), S=young(survivor), O=old, HS=humongous(starts), HC=humongous(continues), CS=collection set, F=free, TAMS=top-at-mark-start, PB=parsable bottom
|   0|0x0000000700000000, 0x0000000700200000, 0x0000000700200000|100%|HS|  |TAMS 0x0000000700000000| PB 0x0000000700000000| Complete |  0
|   1|0x0000000700200000, 0x0000000700400000, 0x0000000700400000|100%|HC|  |TAMS 0x0000000700200000| PB 0x0000000700200000| Complete |  0
|   2|0x0000000700400000, 0x0000000700600000, 0x0000000700600000|100%| O|  |TAMS 0x0000000700400000| PB 0x0000000700400000| Untracked |  0
|   3|0x0000000700600000, 0x0000000700800000, 0x0000000700800000|100%| O|  |TAMS 0x0000000700600000| PB 0x0000000700600000| Untracked |  0
|   4|0x0000000700800000, 0x0000000700a00000, 0x0000000700a00000|100%| O|  |TAMS 0x0000000700800000| PB 0x0000000700800000| Untracked |  0
|   5|0x0000000700a00000, 0x0000000700c00000, 0x0000000700c00000|100%|HS|  |TAMS 0x0000000700a00000| PB 0x0000000700a00000| Complete |  0
|   6|0x0000000700c00000, 0x0000000700e00000, 0x0000000700e00000|100%| O|  |TAMS 0x0000000700c00000| PB 0x0000000700c00000| Untracked |  0
|   7|0x0000000700e00000, 0x0000000701000000, 0x0000000701000000|100%| O|  |TAMS 0x0000000700e00000| PB 0x0000000700e00000| Untracked |  0
|   8|0x0000000701000000, 0x0000000701200000, 0x0000000701200000|100%| O|  |TAMS 0x0000000701000000| PB 0x0000000701000000| Untracked |  0
|   9|0x0000000701200000, 0x0000000701400000, 0x0000000701400000|100%| O|  |TAMS 0x0000000701200000| PB 0x0000000701200000| Untracked |  0
|  10|0x0000000701400000, 0x0000000701600000, 0x0000000701600000|100%| O|  |TAMS 0x0000000701400000| PB 0x0000000701400000| Untracked |  0
|  11|0x0000000701600000, 0x0000000701800000, 0x0000000701800000|100%|HS|  |TAMS 0x0000000701600000| PB 0x0000000701600000| Complete |  0
|  12|0x0000000701800000, 0x0000000701a00000, 0x0000000701a00000|100%|HC|  |TAMS 0x0000000701800000| PB 0x0000000701800000| Complete |  0
|  13|0x0000000701a00000, 0x0000000701c00000, 0x0000000701c00000|100%|HC|  |TAMS 0x0000000701a00000| PB 0x0000000701a00000| Complete |  0
|  14|0x0000000701c00000, 0x0000000701e00000, 0x0000000701e00000|100%|HS|  |TAMS 0x0000000701c00000| PB 0x0000000701c00000| Complete |  0
|  15|0x0000000701e00000, 0x0000000702000000, 0x0000000702000000|100%|HC|  |TAMS 0x0000000701e00000| PB 0x0000000701e00000| Complete |  0
|  16|0x0000000702000000, 0x0000000702200000, 0x0000000702200000|100%|HS|  |TAMS 0x0000000702000000| PB 0x0000000702000000| Complete |  0
|  17|0x0000000702200000, 0x0000000702400000, 0x0000000702400000|100%|HS|  |TAMS 0x0000000702200000| PB 0x0000000702200000| Complete |  0
|  18|0x0000000702400000, 0x0000000702600000, 0x0000000702600000|100%|HC|  |TAMS 0x0000000702400000| PB 0x0000000702400000| Complete |  0
|  19|0x0000000702600000, 0x0000000702800000, 0x0000000702800000|100%|HC|  |TAMS 0x0000000702600000| PB 0x0000000702600000| Complete |  0
|  20|0x0000000702800000, 0x0000000702a00000, 0x0000000702a00000|100%|HS|  |TAMS 0x0000000702800000| PB 0x0000000702800000| Complete |  0
|  21|0x0000000702a00000, 0x0000000702c00000, 0x0000000702c00000|100%| O|  |TAMS 0x0000000702a00000| PB 0x0000000702a00000| Untracked |  0
|  22|0x0000000702c00000, 0x0000000702e00000, 0x0000000702e00000|100%| O|  |TAMS 0x0000000702c00000| PB 0x0000000702c00000| Untracked |  0
|  23|0x0000000702e00000, 0x0000000703000000, 0x0000000703000000|100%| O|  |TAMS 0x0000000702e00000| PB 0x0000000702e00000| Untracked |  0
|  24|0x0000000703000000, 0x0000000703200000, 0x0000000703200000|100%| O|  |TAMS 0x0000000703000000| PB 0x0000000703000000| Untracked |  0
|  25|0x0000000703200000, 0x0000000703400000, 0x0000000703400000|100%| O|  |TAMS 0x0000000703200000| PB 0x0000000703200000| Untracked |  0
|  26|0x0000000703400000, 0x0000000703600000, 0x0000000703600000|100%| O|  |TAMS 0x0000000703400000| PB 0x0000000703400000| Untracked |  0
|  27|0x0000000703600000, 0x0000000703800000, 0x0000000703800000|100%| O|  |TAMS 0x0000000703600000| PB 0x0000000703600000| Untracked |  0
|  28|0x0000000703800000, 0x0000000703a00000, 0x0000000703a00000|100%| O|  |TAMS 0x0000000703800000| PB 0x0000000703800000| Untracked |  0
|  29|0x0000000703a00000, 0x0000000703c00000, 0x0000000703c00000|100%| O|  |TAMS 0x0000000703a00000| PB 0x0000000703a00000| Untracked |  0
|  30|0x0000000703c00000, 0x0000000703e00000, 0x0000000703e00000|100%| O|  |TAMS 0x0000000703c00000| PB 0x0000000703c00000| Untracked |  0
|  31|0x0000000703e00000, 0x0000000704000000, 0x0000000704000000|100%| O|  |TAMS 0x0000000703e00000| PB 0x0000000703e00000| Untracked |  0
|  32|0x0000000704000000, 0x0000000704200000, 0x0000000704200000|100%| O|  |TAMS 0x0000000704000000| PB 0x0000000704000000| Untracked |  0
|  33|0x0000000704200000, 0x0000000704400000, 0x0000000704400000|100%| O|Cm|TAMS 0x0000000704200000| PB 0x0000000704200000| Complete |  0
|  34|0x0000000704400000, 0x0000000704600000, 0x0000000704600000|100%|HS|  |TAMS 0x0000000704400000| PB 0x0000000704400000| Complete |  0
|  35|0x0000000704600000, 0x0000000704800000, 0x0000000704800000|100%|HC|  |TAMS 0x0000000704600000| PB 0x0000000704600000| Complete |  0
|  36|0x0000000704800000, 0x0000000704a00000, 0x0000000704a00000|100%|HC|  |TAMS 0x0000000704800000| PB 0x0000000704800000| Complete |  0
|  37|0x0000000704a00000, 0x0000000704c00000, 0x0000000704c00000|100%| O|  |TAMS 0x0000000704a00000| PB 0x0000000704a00000| Untracked |  0
|  38|0x0000000704c00000, 0x0000000704e00000, 0x0000000704e00000|100%| O|  |TAMS 0x0000000704c00000| PB 0x0000000704c00000| Untracked |  0
|  39|0x0000000704e00000, 0x0000000705000000, 0x0000000705000000|100%|HS|  |TAMS 0x0000000704e00000| PB 0x0000000704e00000| Complete |  0
|  40|0x0000000705000000, 0x0000000705200000, 0x0000000705200000|100%|HC|  |TAMS 0x0000000705000000| PB 0x0000000705000000| Complete |  0
|  41|0x0000000705200000, 0x0000000705400000, 0x0000000705400000|100%|HC|  |TAMS 0x0000000705200000| PB 0x0000000705200000| Complete |  0
|  42|0x0000000705400000, 0x00000007055cca88, 0x0000000705600000| 89%| O|  |TAMS 0x0000000705400000| PB 0x0000000705400000| Untracked |  0
|  43|0x0000000705600000, 0x0000000705600000, 0x0000000705800000|  0%| F|  |TAMS 0x0000000705600000| PB 0x0000000705600000| Untracked |  0
|  44|0x0000000705800000, 0x0000000705800000, 0x0000000705a00000|  0%| F|  |TAMS 0x0000000705800000| PB 0x0000000705800000| Untracked |  0
|  45|0x0000000705a00000, 0x0000000705c00000, 0x0000000705c00000|100%|HS|  |TAMS 0x0000000705a00000| PB 0x0000000705a00000| Complete |  0
|  46|0x0000000705c00000, 0x0000000705e00000, 0x0000000705e00000|100%|HC|  |TAMS 0x0000000705c00000| PB 0x0000000705c00000| Complete |  0
|  47|0x0000000705e00000, 0x0000000706000000, 0x0000000706000000|100%| O|  |TAMS 0x0000000705e00000| PB 0x0000000705e00000| Untracked |  0
|  48|0x0000000706000000, 0x0000000706200000, 0x0000000706200000|100%| O|Cm|TAMS 0x0000000706000000| PB 0x0000000706000000| Complete |  0
|  49|0x0000000706200000, 0x0000000706200000, 0x0000000706400000|  0%| F|  |TAMS 0x0000000706200000| PB 0x0000000706200000| Untracked |  0
|  50|0x0000000706400000, 0x0000000706400000, 0x0000000706600000|  0%| F|  |TAMS 0x0000000706400000| PB 0x0000000706400000| Untracked |  0
|  51|0x0000000706600000, 0x0000000706600000, 0x0000000706800000|  0%| F|  |TAMS 0x0000000706600000| PB 0x0000000706600000| Untracked |  0
|  52|0x0000000706800000, 0x0000000706800000, 0x0000000706a00000|  0%| F|  |TAMS 0x0000000706800000| PB 0x0000000706800000| Untracked |  0
|  53|0x0000000706a00000, 0x0000000706a00000, 0x0000000706c00000|  0%| F|  |TAMS 0x0000000706a00000| PB 0x0000000706a00000| Untracked |  0
|  54|0x0000000706c00000, 0x0000000706c00000, 0x0000000706e00000|  0%| F|  |TAMS 0x0000000706c00000| PB 0x0000000706c00000| Untracked |  0
|  55|0x0000000706e00000, 0x0000000706e00000, 0x0000000707000000|  0%| F|  |TAMS 0x0000000706e00000| PB 0x0000000706e00000| Untracked |  0
|  56|0x0000000707000000, 0x0000000707000000, 0x0000000707200000|  0%| F|  |TAMS 0x0000000707000000| PB 0x0000000707000000| Untracked |  0
|  57|0x0000000707200000, 0x0000000707200000, 0x0000000707400000|  0%| F|  |TAMS 0x0000000707200000| PB 0x0000000707200000| Untracked |  0
|  58|0x0000000707400000, 0x0000000707400000, 0x0000000707600000|  0%| F|  |TAMS 0x0000000707400000| PB 0x0000000707400000| Untracked |  0
|  59|0x0000000707600000, 0x0000000707600000, 0x0000000707800000|  0%| F|  |TAMS 0x0000000707600000| PB 0x0000000707600000| Untracked |  0
|  60|0x0000000707800000, 0x0000000707800000, 0x0000000707a00000|  0%| F|  |TAMS 0x0000000707800000| PB 0x0000000707800000| Untracked |  0
|  61|0x0000000707a00000, 0x0000000707b8a300, 0x0000000707c00000| 76%| S|CS|TAMS 0x0000000707a00000| PB 0x0000000707a00000| Complete |  0
|  62|0x0000000707c00000, 0x0000000707e00000, 0x0000000707e00000|100%| S|CS|TAMS 0x0000000707c00000| PB 0x0000000707c00000| Complete |  0
|  63|0x0000000707e00000, 0x0000000707e00000, 0x0000000708000000|  0%| F|  |TAMS 0x0000000707e00000| PB 0x0000000707e00000| Untracked |  0
|  64|0x0000000708000000, 0x0000000708000000, 0x0000000708200000|  0%| F|  |TAMS 0x0000000708000000| PB 0x0000000708000000| Untracked |  0
|  65|0x0000000708200000, 0x00000007082b66b8, 0x0000000708400000| 35%| E|  |TAMS 0x0000000708200000| PB 0x0000000708200000| Complete |  0
|  66|0x0000000708400000, 0x0000000708600000, 0x0000000708600000|100%| E|CS|TAMS 0x0000000708400000| PB 0x0000000708400000| Complete |  0
|  67|0x0000000708600000, 0x0000000708800000, 0x0000000708800000|100%| E|CS|TAMS 0x0000000708600000| PB 0x0000000708600000| Complete |  0
|  68|0x0000000708800000, 0x0000000708a00000, 0x0000000708a00000|100%| E|CS|TAMS 0x0000000708800000| PB 0x0000000708800000| Complete |  0
|  69|0x0000000708a00000, 0x0000000708c00000, 0x0000000708c00000|100%| E|CS|TAMS 0x0000000708a00000| PB 0x0000000708a00000| Complete |  0
|  70|0x0000000708c00000, 0x0000000708e00000, 0x0000000708e00000|100%| E|CS|TAMS 0x0000000708c00000| PB 0x0000000708c00000| Complete |  0
|  71|0x0000000708e00000, 0x0000000709000000, 0x0000000709000000|100%| E|CS|TAMS 0x0000000708e00000| PB 0x0000000708e00000| Complete |  0
|  72|0x0000000709000000, 0x0000000709200000, 0x0000000709200000|100%| E|CS|TAMS 0x0000000709000000| PB 0x0000000709000000| Complete |  0
|  73|0x0000000709200000, 0x0000000709400000, 0x0000000709400000|100%| E|CS|TAMS 0x0000000709200000| PB 0x0000000709200000| Complete |  0
|  74|0x0000000709400000, 0x0000000709600000, 0x0000000709600000|100%| E|CS|TAMS 0x0000000709400000| PB 0x0000000709400000| Complete |  0
|  75|0x0000000709600000, 0x0000000709800000, 0x0000000709800000|100%| E|CS|TAMS 0x0000000709600000| PB 0x0000000709600000| Complete |  0
|  76|0x0000000709800000, 0x0000000709a00000, 0x0000000709a00000|100%| E|CS|TAMS 0x0000000709800000| PB 0x0000000709800000| Complete |  0
|  77|0x0000000709a00000, 0x0000000709c00000, 0x0000000709c00000|100%| E|CS|TAMS 0x0000000709a00000| PB 0x0000000709a00000| Complete |  0
|  78|0x0000000709c00000, 0x0000000709e00000, 0x0000000709e00000|100%| E|CS|TAMS 0x0000000709c00000| PB 0x0000000709c00000| Complete |  0
|  79|0x0000000709e00000, 0x000000070a000000, 0x000000070a000000|100%| E|CS|TAMS 0x0000000709e00000| PB 0x0000000709e00000| Complete |  0
|2046|0x00000007ffc00000, 0x00000007ffe00000, 0x00000007ffe00000|100%| O|  |TAMS 0x00000007ffc00000| PB 0x00000007ffc00000| Untracked |  0
|2047|0x00000007ffe00000, 0x0000000800000000, 0x0000000800000000|100%| E|CS|TAMS 0x00000007ffe00000| PB 0x00000007ffe00000| Complete |  0

Card table byte_map: [0x000001382f6d0000,0x000001382fed0000] _byte_map_base: 0x000001382bed0000

Marking Bits: (CMBitMap*) 0x0000013817048dd0
 Bits: [0x000001382fed0000, 0x0000013833ed0000)

Polling page: 0x0000013814d60000

Metaspace:

Usage:
  Non-class:     52.66 MB used.
      Class:      7.03 MB used.
       Both:     59.69 MB used.

Virtual space:
  Non-class space:       64.00 MB reserved,      53.62 MB ( 84%) committed,  1 nodes.
      Class space:        1.00 GB reserved,       7.88 MB ( <1%) committed,  1 nodes.
             Both:        1.06 GB reserved,      61.50 MB (  6%) committed. 

Chunk freelists:
   Non-Class:  9.95 MB
       Class:  8.00 MB
        Both:  17.95 MB

MaxMetaspaceSize: unlimited
CompressedClassSpaceSize: 1.00 GB
Initial GC threshold: 21.00 MB
Current GC threshold: 92.00 MB
CDS: on
 - commit_granule_bytes: 65536.
 - commit_granule_words: 8192.
 - virtual_space_node_default_size: 8388608.
 - enlarge_chunks_in_place: 1.
UseCompressedClassPointers 1, UseCompactObjectHeaders 0
Narrow klass pointer bits 32, Max shift 3
Narrow klass base: 0x0000013837000000, Narrow klass shift: 0
Encoding Range: [0x0000013837000000 - 0x0000013937000000), (4294967296 bytes)
Klass Range:    [0x0000013837000000 - 0x0000013878000000), (1090519040 bytes)
Klass ID Range:  [8 - 1090519033) (1090519025)


Internal statistics:

num_allocs_failed_limit: 3.
num_arena_births: 3206.
num_arena_deaths: 2.
num_vsnodes_births: 2.
num_vsnodes_deaths: 0.
num_space_committed: 984.
num_space_uncommitted: 0.
num_chunks_returned_to_freelist: 6.
num_chunks_taken_from_freelist: 6030.
num_chunk_merges: 3.
num_chunk_splits: 3905.
num_chunks_enlarged: 2426.
num_inconsistent_stats: 0.

CodeHeap 'non-profiled nmethods': size=120064Kb used=3771Kb max_used=3771Kb free=116292Kb
 bounds [0x0000013827330000, 0x00000138276e0000, 0x000001382e870000]
CodeHeap 'profiled nmethods': size=120000Kb used=11564Kb max_used=11564Kb free=108435Kb
 bounds [0x000001381f870000, 0x00000138203c0000, 0x0000013826da0000]
CodeHeap 'non-nmethods': size=5696Kb used=2858Kb max_used=2941Kb free=2837Kb
 bounds [0x0000013826da0000, 0x00000138270a0000, 0x0000013827330000]
CodeCache: size=245760Kb, used=18193Kb, max_used=18276Kb, free=227564Kb
 total_blobs=8144, nmethods=7219, adapters=829, full_count=0
Compilation: enabled, stopped_count=0, restarted_count=0

Compilation events (20 events):
Event: 20.059 Thread 0x0000013836b65d40 8312       3       org.gradle.internal.component.external.model.ImmutableCapabilities::<init> (10 bytes)
Event: 20.060 Thread 0x0000013836b65d40 nmethod 8312 0x000001382037d088 code [0x000001382037d1a0, 0x000001382037d360]
Event: 20.060 Thread 0x0000013836b65d40 8316       3       org.gradle.internal.component.external.model.LazyVariantBackedConfigurationMetadata$RuleAwareVariant::getAttributes (40 bytes)
Event: 20.060 Thread 0x0000013836b65d40 nmethod 8316 0x000001382037d388 code [0x000001382037d540, 0x000001382037df78]
Event: 20.060 Thread 0x0000013836b65d40 8313       3       org.gradle.internal.component.model.ComponentIdGenerator::nextVariantId (8 bytes)
Event: 20.060 Thread 0x0000013836b65d40 nmethod 8313 0x000001382037e008 code [0x000001382037e120, 0x000001382037e2e0]
Event: 20.060 Thread 0x0000013836b65d40 8315       3       org.gradle.internal.component.external.model.LazyVariantBackedConfigurationMetadata$RuleAwareVariant::getCapabilities (36 bytes)
Event: 20.061 Thread 0x0000013836b617c0 nmethod 8219 0x00000138276c7d88 code [0x00000138276c8080, 0x00000138276ca570]
Event: 20.061 Thread 0x0000013836b65d40 nmethod 8315 0x000001382037e308 code [0x000001382037e440, 0x000001382037e790]
Event: 20.061 Thread 0x0000013836b65d40 8314       3       org.gradle.internal.component.model.DefaultExternalModuleComponentGraphResolveState$$Lambda/0x00000138387e4a68::apply (12 bytes)
Event: 20.061 Thread 0x0000013836b617c0 8283       4       com.esotericsoftware.kryo.io.Input::readString (127 bytes)
Event: 20.061 Thread 0x0000013836b65d40 nmethod 8314 0x000001382037e808 code [0x000001382037e960, 0x000001382037ee70]
Event: 20.061 Thread 0x0000013836b65d40 8317       1       org.gradle.api.internal.artifacts.ivyservice.resolveengine.graph.builder.EdgeState::getDependencyState (5 bytes)
Event: 20.061 Thread 0x0000013836b65d40 nmethod 8317 0x00000138276ca788 code [0x00000138276ca880, 0x00000138276ca948]
Event: 20.061 Thread 0x0000013836b65d40 8318       1       org.gradle.internal.component.external.model.GradleDependencyMetadata::getSelector (5 bytes)
Event: 20.061 Thread 0x0000013836b65d40 nmethod 8318 0x00000138276caa88 code [0x00000138276cab80, 0x00000138276cac48]
Event: 20.066 Thread 0x0000013836b65d40 8321       3       org.gradle.internal.hash.HashCode::toStringBuilder (67 bytes)
Event: 20.067 Thread 0x0000013836b65d40 nmethod 8321 0x000001382037ef08 code [0x000001382037f060, 0x000001382037f588]
Event: 20.067 Thread 0x0000013836b65d40 8322       3       org.gradle.api.internal.attributes.DefaultAttributesFactory::concat (126 bytes)
Event: 21.062 Thread 0x0000013836b65d40 nmethod 8322 0x000001382037f608 code [0x000001382037f840, 0x00000138203809d8]

GC Heap History (20 events):
Event: 16.329 GC heap before
{Heap before GC invocations=13 (full 0):
 garbage-first heap   total reserved 4194304K, committed 120832K, used 95218K [0x0000000700000000, 0x0000000800000000)
  region size 2048K, 15 young (30720K), 2 survivors (4096K)
 Metaspace       used 44126K, committed 45696K, reserved 1114112K
  class space    used 5090K, committed 5824K, reserved 1048576K
}
Event: 16.331 GC heap after
{Heap after GC invocations=14 (full 0):
 garbage-first heap   total reserved 4194304K, committed 120832K, used 70152K [0x0000000700000000, 0x0000000800000000)
  region size 2048K, 2 young (4096K), 2 survivors (4096K)
 Metaspace       used 44126K, committed 45696K, reserved 1114112K
  class space    used 5090K, committed 5824K, reserved 1048576K
}
Event: 16.850 GC heap before
{Heap before GC invocations=14 (full 0):
 garbage-first heap   total reserved 4194304K, committed 120832K, used 104968K [0x0000000700000000, 0x0000000800000000)
  region size 2048K, 20 young (40960K), 2 survivors (4096K)
 Metaspace       used 47569K, committed 49152K, reserved 1114112K
  class space    used 5648K, committed 6400K, reserved 1048576K
}
Event: 16.855 GC heap after
{Heap after GC invocations=15 (full 0):
 garbage-first heap   total reserved 4194304K, committed 120832K, used 72677K [0x0000000700000000, 0x0000000800000000)
  region size 2048K, 3 young (6144K), 3 survivors (6144K)
 Metaspace       used 47569K, committed 49152K, reserved 1114112K
  class space    used 5648K, committed 6400K, reserved 1048576K
}
Event: 17.033 GC heap before
{Heap before GC invocations=15 (full 0):
 garbage-first heap   total reserved 4194304K, committed 120832K, used 105445K [0x0000000700000000, 0x0000000800000000)
  region size 2048K, 19 young (38912K), 3 survivors (6144K)
 Metaspace       used 47711K, committed 49344K, reserved 1114112K
  class space    used 5648K, committed 6400K, reserved 1048576K
}
Event: 17.042 GC heap after
{Heap after GC invocations=16 (full 0):
 garbage-first heap   total reserved 4194304K, committed 145408K, used 74963K [0x0000000700000000, 0x0000000800000000)
  region size 2048K, 2 young (4096K), 2 survivors (4096K)
 Metaspace       used 47711K, committed 49344K, reserved 1114112K
  class space    used 5648K, committed 6400K, reserved 1048576K
}
Event: 17.309 GC heap before
{Heap before GC invocations=17 (full 0):
 garbage-first heap   total reserved 4194304K, committed 145408K, used 128211K [0x0000000700000000, 0x0000000800000000)
  region size 2048K, 28 young (57344K), 2 survivors (4096K)
 Metaspace       used 47751K, committed 49472K, reserved 1114112K
  class space    used 5651K, committed 6464K, reserved 1048576K
}
Event: 17.311 GC heap after
{Heap after GC invocations=18 (full 0):
 garbage-first heap   total reserved 4194304K, committed 145408K, used 75835K [0x0000000700000000, 0x0000000800000000)
  region size 2048K, 2 young (4096K), 2 survivors (4096K)
 Metaspace       used 47751K, committed 49472K, reserved 1114112K
  class space    used 5651K, committed 6464K, reserved 1048576K
}
Event: 17.791 GC heap before
{Heap before GC invocations=18 (full 0):
 garbage-first heap   total reserved 4194304K, committed 145408K, used 129083K [0x0000000700000000, 0x0000000800000000)
  region size 2048K, 28 young (57344K), 2 survivors (4096K)
 Metaspace       used 49984K, committed 51648K, reserved 1114112K
  class space    used 5899K, committed 6656K, reserved 1048576K
}
Event: 17.795 GC heap after
{Heap after GC invocations=19 (full 0):
 garbage-first heap   total reserved 4194304K, committed 145408K, used 77261K [0x0000000700000000, 0x0000000800000000)
  region size 2048K, 3 young (6144K), 3 survivors (6144K)
 Metaspace       used 49984K, committed 51648K, reserved 1114112K
  class space    used 5899K, committed 6656K, reserved 1048576K
}
Event: 18.083 GC heap before
{Heap before GC invocations=19 (full 0):
 garbage-first heap   total reserved 4194304K, committed 145408K, used 93645K [0x0000000700000000, 0x0000000800000000)
  region size 2048K, 12 young (24576K), 3 survivors (6144K)
 Metaspace       used 50863K, committed 52544K, reserved 1114112K
  class space    used 6001K, committed 6784K, reserved 1048576K
}
Event: 18.086 GC heap after
{Heap after GC invocations=20 (full 0):
 garbage-first heap   total reserved 4194304K, committed 145408K, used 80111K [0x0000000700000000, 0x0000000800000000)
  region size 2048K, 4 young (8192K), 4 survivors (8192K)
 Metaspace       used 50863K, committed 52544K, reserved 1114112K
  class space    used 6001K, committed 6784K, reserved 1048576K
}
Event: 18.275 GC heap before
{Heap before GC invocations=21 (full 0):
 garbage-first heap   total reserved 4194304K, committed 151552K, used 133359K [0x0000000700000000, 0x0000000800000000)
  region size 2048K, 26 young (53248K), 4 survivors (8192K)
 Metaspace       used 50942K, committed 52608K, reserved 1114112K
  class space    used 6005K, committed 6784K, reserved 1048576K
}
Event: 18.279 GC heap after
{Heap after GC invocations=22 (full 0):
 garbage-first heap   total reserved 4194304K, committed 151552K, used 90210K [0x0000000700000000, 0x0000000800000000)
  region size 2048K, 3 young (6144K), 3 survivors (6144K)
 Metaspace       used 50942K, committed 52608K, reserved 1114112K
  class space    used 6005K, committed 6784K, reserved 1048576K
}
Event: 18.729 GC heap before
{Heap before GC invocations=22 (full 0):
 garbage-first heap   total reserved 4194304K, committed 151552K, used 137314K [0x0000000700000000, 0x0000000800000000)
  region size 2048K, 24 young (49152K), 3 survivors (6144K)
 Metaspace       used 53169K, committed 54912K, reserved 1114112K
  class space    used 6146K, committed 6976K, reserved 1048576K
}
Event: 18.732 GC heap after
{Heap after GC invocations=23 (full 0):
 garbage-first heap   total reserved 4194304K, committed 151552K, used 98022K [0x0000000700000000, 0x0000000800000000)
  region size 2048K, 2 young (4096K), 2 survivors (4096K)
 Metaspace       used 53169K, committed 54912K, reserved 1114112K
  class space    used 6146K, committed 6976K, reserved 1048576K
}
Event: 18.981 GC heap before
{Heap before GC invocations=23 (full 0):
 garbage-first heap   total reserved 4194304K, committed 151552K, used 136934K [0x0000000700000000, 0x0000000800000000)
  region size 2048K, 21 young (43008K), 2 survivors (4096K)
 Metaspace       used 54608K, committed 56384K, reserved 1114112K
  class space    used 6353K, committed 7168K, reserved 1048576K
}
Event: 18.984 GC heap after
{Heap after GC invocations=24 (full 0):
 garbage-first heap   total reserved 4194304K, committed 151552K, used 99175K [0x0000000700000000, 0x0000000800000000)
  region size 2048K, 2 young (4096K), 2 survivors (4096K)
 Metaspace       used 54608K, committed 56384K, reserved 1114112K
  class space    used 6353K, committed 7168K, reserved 1048576K
}
Event: 19.560 GC heap before
{Heap before GC invocations=25 (full 0):
 garbage-first heap   total reserved 4194304K, committed 167936K, used 136039K [0x0000000700000000, 0x0000000800000000)
  region size 2048K, 20 young (40960K), 2 survivors (4096K)
 Metaspace       used 58204K, committed 60096K, reserved 1114112K
  class space    used 6837K, committed 7744K, reserved 1048576K
}
Event: 19.564 GC heap after
{Heap after GC invocations=26 (full 0):
 garbage-first heap   total reserved 4194304K, committed 167936K, used 101723K [0x0000000700000000, 0x0000000800000000)
  region size 2048K, 2 young (4096K), 2 survivors (4096K)
 Metaspace       used 58204K, committed 60096K, reserved 1114112K
  class space    used 6837K, committed 7744K, reserved 1048576K
}

Dll operation events (15 events):
Event: 0.015 Loaded shared library C:\Users\cesarr\.jdks\openjdk-24.0.2\bin\java.dll
Event: 0.040 Loaded shared library C:\Users\cesarr\.jdks\openjdk-24.0.2\bin\jsvml.dll
Event: 0.085 Loaded shared library C:\Users\cesarr\.jdks\openjdk-24.0.2\bin\zip.dll
Event: 0.089 Loaded shared library C:\Users\cesarr\.jdks\openjdk-24.0.2\bin\instrument.dll
Event: 0.096 Loaded shared library C:\Users\cesarr\.jdks\openjdk-24.0.2\bin\net.dll
Event: 0.101 Loaded shared library C:\Users\cesarr\.jdks\openjdk-24.0.2\bin\nio.dll
Event: 0.105 Loaded shared library C:\Users\cesarr\.jdks\openjdk-24.0.2\bin\zip.dll
Event: 0.401 Loaded shared library C:\Users\cesarr\.jdks\openjdk-24.0.2\bin\jimage.dll
Event: 0.511 Loaded shared library C:\Users\cesarr\.jdks\openjdk-24.0.2\bin\verify.dll
Event: 0.599 Loaded shared library C:\Users\cesarr\.gradle\native\1def1411415f61bf3af743bc5b6707747c0891f09f0c88961ee8f79bc544acac\windows-amd64\native-platform.dll
Event: 0.612 Loaded shared library C:\Users\cesarr\.gradle\native\0.2.7\x86_64-windows-gnu\gradle-fileevents.dll
Event: 1.649 Loaded shared library C:\Users\cesarr\.jdks\openjdk-24.0.2\bin\management.dll
Event: 1.653 Loaded shared library C:\Users\cesarr\.jdks\openjdk-24.0.2\bin\management_ext.dll
Event: 1.766 Loaded shared library C:\Users\cesarr\.jdks\openjdk-24.0.2\bin\extnet.dll
Event: 2.009 Loaded shared library C:\Users\cesarr\.jdks\openjdk-24.0.2\bin\sunmscapi.dll

Deoptimization events (20 events):
Event: 19.962 Thread 0x000001387d8cab20 Uncommon trap: trap_request=0xffffff4d fr.pc=0x0000013827470594 relative=0x00000000000002b4
Event: 19.962 Thread 0x000001387d8cab20 Uncommon trap: reason=unstable_if action=reinterpret pc=0x0000013827470594 method=com.esotericsoftware.kryo.io.Output.writeString(Ljava/lang/CharSequence;)V @ 1 c2
Event: 19.962 Thread 0x000001387d8cab20 DEOPT PACKING pc=0x0000013827470594 sp=0x00000030eaef5fc0
Event: 19.962 Thread 0x000001387d8cab20 DEOPT UNPACKING pc=0x0000013826ec5e02 sp=0x00000030eaef5f68 mode 2
Event: 19.988 Thread 0x000001387d8cab20 Uncommon trap: trap_request=0xffffffc6 fr.pc=0x00000138273d7d10 relative=0x0000000000000a30
Event: 19.988 Thread 0x000001387d8cab20 Uncommon trap: reason=bimorphic_or_optimized_type_check action=maybe_recompile pc=0x00000138273d7d10 method=java.util.HashMap.computeIfAbsent(Ljava/lang/Object;Ljava/util/function/Function;)Ljava/lang/Object; @ 142 c2
Event: 19.988 Thread 0x000001387d8cab20 DEOPT PACKING pc=0x00000138273d7d10 sp=0x00000030eaef65a0
Event: 19.988 Thread 0x000001387d8cab20 DEOPT UNPACKING pc=0x0000013826ec5e02 sp=0x00000030eaef6548 mode 2
Event: 19.993 Thread 0x000001387d8cab20 Uncommon trap: trap_request=0xffffffc6 fr.pc=0x00000138273d7d10 relative=0x0000000000000a30
Event: 19.993 Thread 0x000001387d8cab20 Uncommon trap: reason=bimorphic_or_optimized_type_check action=maybe_recompile pc=0x00000138273d7d10 method=java.util.HashMap.computeIfAbsent(Ljava/lang/Object;Ljava/util/function/Function;)Ljava/lang/Object; @ 142 c2
Event: 19.993 Thread 0x000001387d8cab20 DEOPT PACKING pc=0x00000138273d7d10 sp=0x00000030eaef65a0
Event: 19.993 Thread 0x000001387d8cab20 DEOPT UNPACKING pc=0x0000013826ec5e02 sp=0x00000030eaef6548 mode 2
Event: 20.015 Thread 0x000001387d8cab20 Uncommon trap: trap_request=0xffffffc6 fr.pc=0x00000138273d7d10 relative=0x0000000000000a30
Event: 20.015 Thread 0x000001387d8cab20 Uncommon trap: reason=bimorphic_or_optimized_type_check action=maybe_recompile pc=0x00000138273d7d10 method=java.util.HashMap.computeIfAbsent(Ljava/lang/Object;Ljava/util/function/Function;)Ljava/lang/Object; @ 142 c2
Event: 20.015 Thread 0x000001387d8cab20 DEOPT PACKING pc=0x00000138273d7d10 sp=0x00000030eaef65a0
Event: 20.015 Thread 0x000001387d8cab20 DEOPT UNPACKING pc=0x0000013826ec5e02 sp=0x00000030eaef6548 mode 2
Event: 20.019 Thread 0x000001387d8cab20 Uncommon trap: trap_request=0xffffffc6 fr.pc=0x00000138273d7d10 relative=0x0000000000000a30
Event: 20.019 Thread 0x000001387d8cab20 Uncommon trap: reason=bimorphic_or_optimized_type_check action=maybe_recompile pc=0x00000138273d7d10 method=java.util.HashMap.computeIfAbsent(Ljava/lang/Object;Ljava/util/function/Function;)Ljava/lang/Object; @ 142 c2
Event: 20.019 Thread 0x000001387d8cab20 DEOPT PACKING pc=0x00000138273d7d10 sp=0x00000030eaef65a0
Event: 20.019 Thread 0x000001387d8cab20 DEOPT UNPACKING pc=0x0000013826ec5e02 sp=0x00000030eaef6548 mode 2

Classes loaded (20 events):
Event: 19.629 Loading class java/util/function/LongUnaryOperator
Event: 19.629 Loading class java/util/function/LongUnaryOperator done
Event: 19.705 Loading class javax/net/ssl/HostnameVerifier
Event: 19.705 Loading class javax/net/ssl/HostnameVerifier done
Event: 19.707 Loading class javax/net/ssl/TrustManager
Event: 19.707 Loading class javax/net/ssl/TrustManager done
Event: 19.707 Loading class javax/net/ssl/X509TrustManager
Event: 19.708 Loading class javax/net/ssl/X509TrustManager done
Event: 19.710 Loading class javax/net/ssl/SSLPeerUnverifiedException
Event: 19.710 Loading class javax/net/ssl/SSLException
Event: 19.710 Loading class javax/net/ssl/SSLException done
Event: 19.710 Loading class javax/net/ssl/SSLPeerUnverifiedException done
Event: 19.711 Loading class java/security/cert/CertificateParsingException
Event: 19.711 Loading class java/security/cert/CertificateException
Event: 19.711 Loading class java/security/cert/CertificateException done
Event: 19.711 Loading class java/security/cert/CertificateParsingException done
Event: 19.711 Loading class javax/naming/NamingException
Event: 19.711 Loading class javax/naming/NamingException done
Event: 19.711 Loading class javax/naming/InvalidNameException
Event: 19.711 Loading class javax/naming/InvalidNameException done

Classes unloaded (3 events):
Event: 19.011 Thread 0x0000013836b12660 Unloading class 0x0000013838698948 '_BuildScript_$_run_closure1$_closure2'
Event: 19.011 Thread 0x0000013836b12660 Unloading class 0x0000013838698548 '_BuildScript_$_run_closure1'
Event: 19.011 Thread 0x0000013836b12660 Unloading class 0x0000013838698000 '_BuildScript_'

Classes redefined (0 events):
No events

Internal exceptions (20 events):
Event: 19.553 Thread 0x000001387d8cab20 Exception <a 'java/lang/ClassNotFoundException'{0x0000000707f07af8}: org/gradle/api/internal/plugins/DefaultPluginContainerBeanInfo> (0x0000000707f07af8) 
thrown [s\open\src\hotspot\share\classfile\systemDictionary.cpp, line 327]
Event: 19.553 Thread 0x000001387d8cab20 Exception <a 'java/lang/ClassNotFoundException'{0x0000000707f11bb8}: org/gradle/api/internal/plugins/DefaultPluginCollectionBeanInfo> (0x0000000707f11bb8) 
thrown [s\open\src\hotspot\share\classfile\systemDictionary.cpp, line 327]
Event: 19.553 Thread 0x000001387d8cab20 Exception <a 'java/lang/ClassNotFoundException'{0x0000000707f1bc08}: org/gradle/api/internal/DefaultDomainObjectSetBeanInfo> (0x0000000707f1bc08) 
thrown [s\open\src\hotspot\share\classfile\systemDictionary.cpp, line 327]
Event: 19.554 Thread 0x000001387d8cab20 Exception <a 'java/lang/ClassNotFoundException'{0x0000000707f25cb8}: org/gradle/api/internal/DefaultDomainObjectCollectionBeanInfo> (0x0000000707f25cb8) 
thrown [s\open\src\hotspot\share\classfile\systemDictionary.cpp, line 327]
Event: 19.554 Thread 0x000001387d8cab20 Exception <a 'java/lang/ClassNotFoundException'{0x0000000707f2b830}: java/util/AbstractCollectionBeanInfo> (0x0000000707f2b830) 
thrown [s\open\src\hotspot\share\classfile\systemDictionary.cpp, line 327]
Event: 19.554 Thread 0x000001387d8cab20 Exception <a 'java/lang/ClassNotFoundException'{0x0000000707f31370}: java/util/AbstractCollectionCustomizer> (0x0000000707f31370) 
thrown [s\open\src\hotspot\share\classfile\systemDictionary.cpp, line 327]
Event: 19.556 Thread 0x000001387d8cab20 Exception <a 'java/lang/ClassNotFoundException'{0x0000000707f4a250}: org/gradle/api/internal/DefaultDomainObjectCollectionCustomizer> (0x0000000707f4a250) 
thrown [s\open\src\hotspot\share\classfile\systemDictionary.cpp, line 327]
Event: 19.558 Thread 0x000001387d8cab20 Exception <a 'java/lang/ClassNotFoundException'{0x0000000707f792c0}: org/gradle/api/internal/DefaultDomainObjectSetCustomizer> (0x0000000707f792c0) 
thrown [s\open\src\hotspot\share\classfile\systemDictionary.cpp, line 327]
Event: 19.558 Thread 0x000001387d8cab20 Exception <a 'java/lang/ClassNotFoundException'{0x0000000707f9abc8}: org/gradle/api/internal/plugins/DefaultPluginCollectionCustomizer> (0x0000000707f9abc8) 
thrown [s\open\src\hotspot\share\classfile\systemDictionary.cpp, line 327]
Event: 19.559 Thread 0x000001387d8cab20 Exception <a 'java/lang/ClassNotFoundException'{0x0000000707fd6d60}: org/gradle/api/internal/plugins/DefaultPluginContainerCustomizer> (0x0000000707fd6d60) 
thrown [s\open\src\hotspot\share\classfile\systemDictionary.cpp, line 327]
Event: 19.630 Thread 0x000001387d8cab20 Exception <a 'java/lang/NoSuchMethodError'{0x0000000709c2f068}: 'long java.lang.invoke.DirectMethodHandle$Holder.invokeStatic(java.lang.Object, long)'> (0x0000000709c2f068) 
thrown [s\open\src\hotspot\share\interpreter\linkResolver.cpp, line 805]
Event: 19.698 Thread 0x000001387d8cab20 Exception <a 'java/lang/NoSuchMethodError'{0x00000007098a07d0}: 'java.lang.Object java.lang.invoke.DirectMethodHandle$Holder.invokeVirtual(java.lang.Object, java.lang.Object, java.lang.Object, java.lang.Object, java.lang.Object, java.lang.Object, java.lang.Object, java.lang.Object, java.lang.Object, java.lang.Object, java.lang.Object, java.lang.Object, java.lang.Object, java.lang.Object, java.lang.Object, java.lang.Object, java.lang.Object)'> (0x00000007098a07d0) 
thrown [s\open\src\hotspot\share\interpret
Event: 19.698 Thread 0x000001387d8cab20 Exception <a 'java/lang/NoSuchMethodError'{0x00000007098ab768}: 'java.lang.Object java.lang.invoke.DirectMethodHandle$Holder.invokeSpecial(java.lang.Object, java.lang.Object, java.lang.Object, java.lang.Object, java.lang.Object, java.lang.Object, java.lang.Object, java.lang.Object, java.lang.Object, java.lang.Object, java.lang.Object, java.lang.Object, java.lang.Object, java.lang.Object, java.lang.Object, java.lang.Object, java.lang.Object, java.lang.Object)'> (0x00000007098ab768) 
thrown [s\open\src\hotsp
Event: 19.699 Thread 0x000001387d8cab20 Exception <a 'java/lang/NoSuchMethodError'{0x00000007098b5cb0}: 'java.lang.Object java.lang.invoke.DelegatingMethodHandle$Holder.reinvoke_L(java.lang.Object, java.lang.Object, java.lang.Object, java.lang.Object, java.lang.Object, java.lang.Object, java.lang.Object, java.lang.Object, java.lang.Object, java.lang.Object, java.lang.Object, java.lang.Object, java.lang.Object, java.lang.Object, java.lang.Object, java.lang.Object, java.lang.Object)'> (0x00000007098b5cb0) 
thrown [s\open\src\hotspot\share\interpre
Event: 19.891 Thread 0x000001387d8cab20 Exception <a 'java/lang/NoSuchMethodError'{0x0000000708e23580}: 'int java.lang.invoke.DirectMethodHandle$Holder.invokeSpecialIFC(java.lang.Object, java.lang.Object, java.lang.Object)'> (0x0000000708e23580) 
thrown [s\open\src\hotspot\share\interpreter\linkResolver.cpp, line 805]
Event: 19.951 Thread 0x000001387d8cab20 Exception <a 'java/lang/NoSuchMethodError'{0x0000000708dcd038}: 'java.lang.Object java.lang.invoke.DirectMethodHandle$Holder.newInvokeSpecial(java.lang.Object, java.lang.Object, long, java.lang.Object)'> (0x0000000708dcd038) 
thrown [s\open\src\hotspot\share\interpreter\linkResolver.cpp, line 805]
Event: 19.951 Thread 0x000001387d8cab20 Exception <a 'java/lang/NoSuchMethodError'{0x0000000708dd6b78}: 'java.lang.Object java.lang.invoke.DirectMethodHandle$Holder.invokeSpecial(java.lang.Object, java.lang.Object, java.lang.Object, long, java.lang.Object)'> (0x0000000708dd6b78) 
thrown [s\open\src\hotspot\share\interpreter\linkResolver.cpp, line 805]
Event: 19.951 Thread 0x000001387d8cab20 Exception <a 'java/lang/NoSuchMethodError'{0x0000000708ddfeb0}: 'java.lang.Object java.lang.invoke.Invokers$Holder.linkToTargetMethod(java.lang.Object, long, java.lang.Object, java.lang.Object)'> (0x0000000708ddfeb0) 
thrown [s\open\src\hotspot\share\interpreter\linkResolver.cpp, line 805]
Event: 19.953 Thread 0x000001387d8cab20 Exception <a 'java/lang/NoSuchMethodError'{0x0000000708dfd6a0}: 'void java.lang.invoke.DirectMethodHandle$Holder.invokeStatic(java.lang.Object, java.lang.Object, java.lang.Object, int, java.lang.Object)'> (0x0000000708dfd6a0) 
thrown [s\open\src\hotspot\share\interpreter\linkResolver.cpp, line 805]
Event: 19.962 Thread 0x000001387d8cab20 Implicit null exception at 0x000001382747030d to 0x0000013827470584

VM Operations (20 events):
Event: 18.544 Executing VM operation: HandshakeAllThreads (Deoptimize)
Event: 18.544 Executing VM operation: HandshakeAllThreads (Deoptimize) done
Event: 18.729 Executing VM operation: G1CollectForAllocation (G1 Evacuation Pause)
Event: 18.732 Executing VM operation: G1CollectForAllocation (G1 Evacuation Pause) done
Event: 18.981 Executing VM operation: G1CollectForAllocation (G1 Evacuation Pause)
Event: 18.984 Executing VM operation: G1CollectForAllocation (G1 Evacuation Pause) done
Event: 19.011 Executing VM operation: G1PauseRemark
Event: 19.017 Executing VM operation: G1PauseRemark done
Event: 19.026 Executing VM operation: G1PauseCleanup
Event: 19.026 Executing VM operation: G1PauseCleanup done
Event: 19.165 Executing VM operation: HandshakeAllThreads (Deoptimize)
Event: 19.166 Executing VM operation: HandshakeAllThreads (Deoptimize) done
Event: 19.308 Executing VM operation: HandshakeAllThreads (Deoptimize)
Event: 19.308 Executing VM operation: HandshakeAllThreads (Deoptimize) done
Event: 19.422 Executing VM operation: HandshakeAllThreads (Deoptimize)
Event: 19.422 Executing VM operation: HandshakeAllThreads (Deoptimize) done
Event: 19.560 Executing VM operation: G1CollectForAllocation (G1 Evacuation Pause)
Event: 19.564 Executing VM operation: G1CollectForAllocation (G1 Evacuation Pause) done
Event: 19.909 Executing VM operation: HandshakeAllThreads (Deoptimize)
Event: 19.910 Executing VM operation: HandshakeAllThreads (Deoptimize) done

Memory protections (0 events):
No events

Nmethod flushes (20 events):
Event: 19.016 Thread 0x0000013836b12660 flushing  nmethod 0x0000013820021488
Event: 19.016 Thread 0x0000013836b12660 flushing  nmethod 0x0000013820099888
Event: 19.016 Thread 0x0000013836b12660 flushing  nmethod 0x000001382009dc08
Event: 19.016 Thread 0x0000013836b12660 flushing  nmethod 0x0000013827531b08
Event: 19.016 Thread 0x0000013836b12660 flushing  nmethod 0x000001381f964088
Event: 19.016 Thread 0x0000013836b12660 flushing  nmethod 0x000001381f968d08
Event: 19.016 Thread 0x0000013836b12660 flushing  nmethod 0x000001381f9d0288
Event: 19.016 Thread 0x0000013836b12660 flushing  nmethod 0x000001381fb1e988
Event: 19.016 Thread 0x0000013836b12660 flushing  nmethod 0x000001381fbdfc88
Event: 19.016 Thread 0x0000013836b12660 flushing  nmethod 0x000001381fc05408
Event: 19.016 Thread 0x0000013836b12660 flushing  nmethod 0x000001381fc48a88
Event: 19.016 Thread 0x0000013836b12660 flushing  nmethod 0x000001381fc4b108
Event: 19.016 Thread 0x0000013836b12660 flushing  nmethod 0x000001381fc4db08
Event: 19.016 Thread 0x0000013836b12660 flushing  nmethod 0x000001381fcc2808
Event: 19.016 Thread 0x0000013836b12660 flushing  nmethod 0x000001381fcc2b88
Event: 19.016 Thread 0x0000013836b12660 flushing  nmethod 0x000001381fcc3188
Event: 19.016 Thread 0x0000013836b12660 flushing  nmethod 0x000001381fdf6088
Event: 19.016 Thread 0x0000013836b12660 flushing  nmethod 0x000001381ff1fb08
Event: 19.016 Thread 0x0000013836b12660 flushing  nmethod 0x0000013820034388
Event: 19.016 Thread 0x0000013836b12660 flushing  nmethod 0x00000138200fcf88

Events (20 events):
Event: 17.979 Thread 0x000001387d8cab20 Thread added: 0x0000013836b984d0
Event: 17.980 Thread 0x000001387d8cab20 Thread added: 0x0000013836b9bf50
Event: 17.980 Thread 0x000001387d8cab20 Thread added: 0x0000013836b98c20
Event: 17.980 Thread 0x000001387d8cab20 Thread added: 0x0000013836b9c6a0
Event: 17.981 Thread 0x000001387d8cab20 Thread added: 0x0000013836b9b800
Event: 18.001 Thread 0x000001387d8cab20 Thread added: 0x0000013836b99370
Event: 18.002 Thread 0x000001387d8cab20 Thread added: 0x0000013836b9cdf0
Event: 18.002 Thread 0x000001387d8cab20 Thread added: 0x0000013836b99ac0
Event: 18.003 Thread 0x000001387d8cab20 Thread added: 0x0000013836b9a210
Event: 18.003 Thread 0x000001387d8cab20 Thread added: 0x0000013836b9d540
Event: 18.003 Thread 0x000001387d8cab20 Thread added: 0x0000013836b9dc90
Event: 18.004 Thread 0x000001387d8cab20 Thread added: 0x0000013836b9a960
Event: 18.004 Thread 0x000001387d8cab20 Thread added: 0x0000013836b9e3e0
Event: 18.004 Thread 0x000001387d8cab20 Thread added: 0x0000013836b9b0b0
Event: 18.004 Thread 0x000001387d8cab20 Thread added: 0x0000013836b9f280
Event: 18.005 Thread 0x000001387d8cab20 Thread added: 0x0000013836b9eb30
Event: 18.709 Thread 0x000001387e662840 Thread exited: 0x000001387e662840
Event: 19.315 Thread 0x000001387e560130 Thread exited: 0x000001387e560130
Event: 19.509 Thread 0x0000013836b65d40 Thread added: 0x000001387c6a6c80
Event: 20.052 Thread 0x0000013836b65d40 Thread added: 0x000001387e53b630


Dynamic libraries:
0x00007ff62d130000 - 0x00007ff62d13e000 	C:\Users\cesarr\.jdks\openjdk-24.0.2\bin\java.exe
0x00007ffeb2f80000 - 0x00007ffeb31e9000 	C:\WINDOWS\SYSTEM32\ntdll.dll
0x00007ffeb1860000 - 0x00007ffeb1929000 	C:\WINDOWS\System32\KERNEL32.DLL
0x00007ffeb0770000 - 0x00007ffeb0b63000 	C:\WINDOWS\System32\KERNELBASE.dll
0x00007ffeb04a0000 - 0x00007ffeb05eb000 	C:\WINDOWS\System32\ucrtbase.dll
0x00007ffe8f780000 - 0x00007ffe8f79b000 	C:\Users\cesarr\.jdks\openjdk-24.0.2\bin\VCRUNTIME140.dll
0x00007ffe78c90000 - 0x00007ffe78ca6000 	C:\Users\cesarr\.jdks\openjdk-24.0.2\bin\jli.dll
0x00007ffeb23b0000 - 0x00007ffeb2574000 	C:\WINDOWS\System32\USER32.dll
0x00007ffeaf370000 - 0x00007ffeaf603000 	C:\WINDOWS\WinSxS\amd64_microsoft.windows.common-controls_6595b64144ccf1df_6.0.26100.5074_none_3e0d6f78e32fd63f\COMCTL32.dll
0x00007ffeb0470000 - 0x00007ffeb0497000 	C:\WINDOWS\System32\win32u.dll
0x00007ffeb2dd0000 - 0x00007ffeb2dfb000 	C:\WINDOWS\System32\GDI32.dll
0x00007ffeb2e10000 - 0x00007ffeb2eb9000 	C:\WINDOWS\System32\msvcrt.dll
0x00007ffeb0c20000 - 0x00007ffeb0d4d000 	C:\WINDOWS\System32\gdi32full.dll
0x00007ffeb0b70000 - 0x00007ffeb0c13000 	C:\WINDOWS\System32\msvcp_win.dll
0x00007ffeb1090000 - 0x00007ffeb10bf000 	C:\WINDOWS\System32\IMM32.DLL
0x00007ffe85fd0000 - 0x00007ffe860c2000 	C:\Program Files\Windhawk\Engine\1.6.1\64\windhawk.dll
0x00007ffeb2680000 - 0x00007ffeb2734000 	C:\WINDOWS\System32\ADVAPI32.dll
0x00007ffeb0fe0000 - 0x00007ffeb1086000 	C:\WINDOWS\System32\sechost.dll
0x00007ffeb2cb0000 - 0x00007ffeb2dc8000 	C:\WINDOWS\System32\RPCRT4.dll
0x00007ffe903d0000 - 0x00007ffe903dc000 	C:\Users\cesarr\.jdks\openjdk-24.0.2\bin\vcruntime140_1.dll
0x00007ffe74c80000 - 0x00007ffe74d0e000 	C:\Users\cesarr\.jdks\openjdk-24.0.2\bin\msvcp140.dll
0x00007ffd9ca20000 - 0x00007ffd9d7c1000 	C:\Users\cesarr\.jdks\openjdk-24.0.2\bin\server\jvm.dll
0x00007ffeb1a60000 - 0x00007ffeb1ad4000 	C:\WINDOWS\System32\WS2_32.dll
0x00007ffeaff70000 - 0x00007ffeaffce000 	C:\WINDOWS\SYSTEM32\POWRPROF.dll
0x00007ffea1bf0000 - 0x00007ffea1c25000 	C:\WINDOWS\SYSTEM32\WINMM.dll
0x00007ffea6370000 - 0x00007ffea637b000 	C:\WINDOWS\SYSTEM32\VERSION.dll
0x00007ffeaff50000 - 0x00007ffeaff64000 	C:\WINDOWS\SYSTEM32\UMPDC.dll
0x00007ffeae5c0000 - 0x00007ffeae5db000 	C:\WINDOWS\SYSTEM32\kernel.appcore.dll
0x00007ffe8f930000 - 0x00007ffe8f93a000 	C:\Users\cesarr\.jdks\openjdk-24.0.2\bin\jimage.dll
0x00007ffeaf8e0000 - 0x00007ffeafb22000 	C:\WINDOWS\SYSTEM32\DBGHELP.DLL
0x00007ffeb1af0000 - 0x00007ffeb1e6b000 	C:\WINDOWS\System32\combase.dll
0x00007ffeb2bd0000 - 0x00007ffeb2ca7000 	C:\WINDOWS\System32\OLEAUT32.dll
0x00007ffeaf7d0000 - 0x00007ffeaf80d000 	C:\WINDOWS\SYSTEM32\dbgcore.DLL
0x00007ffeb03d0000 - 0x00007ffeb0469000 	C:\WINDOWS\System32\bcryptPrimitives.dll
0x00007ffe8e420000 - 0x00007ffe8e42f000 	C:\Users\cesarr\.jdks\openjdk-24.0.2\bin\instrument.dll
0x00007ffe75ef0000 - 0x00007ffe75f0e000 	C:\Users\cesarr\.jdks\openjdk-24.0.2\bin\java.dll
0x00007ffeb2050000 - 0x00007ffeb21e8000 	C:\WINDOWS\System32\ole32.dll
0x00007ffeb1100000 - 0x00007ffeb184d000 	C:\WINDOWS\System32\SHELL32.dll
0x00007ffeb0260000 - 0x00007ffeb03cc000 	C:\WINDOWS\System32\wintypes.dll
0x00007ffead310000 - 0x00007ffeadb69000 	C:\WINDOWS\SYSTEM32\windows.storage.dll
0x00007ffeb2580000 - 0x00007ffeb2670000 	C:\WINDOWS\System32\SHCORE.dll
0x00007ffeb0d50000 - 0x00007ffeb0db2000 	C:\WINDOWS\System32\shlwapi.dll
0x00007ffeb0030000 - 0x00007ffeb0059000 	C:\WINDOWS\SYSTEM32\profapi.dll
0x00007ffe1d2e0000 - 0x00007ffe1d3b7000 	C:\Users\cesarr\.jdks\openjdk-24.0.2\bin\jsvml.dll
0x00007ffe75890000 - 0x00007ffe758a7000 	C:\Users\cesarr\.jdks\openjdk-24.0.2\bin\zip.dll
0x00007ffe81780000 - 0x00007ffe81790000 	C:\Users\cesarr\.jdks\openjdk-24.0.2\bin\net.dll
0x00007ffeaeb00000 - 0x00007ffeaeb6b000 	C:\WINDOWS\system32\mswsock.dll
0x00007ffe750f0000 - 0x00007ffe75106000 	C:\Users\cesarr\.jdks\openjdk-24.0.2\bin\nio.dll
0x00007ffe79b80000 - 0x00007ffe79b90000 	C:\Users\cesarr\.jdks\openjdk-24.0.2\bin\verify.dll
0x00007ffe754c0000 - 0x00007ffe754e7000 	C:\Users\cesarr\.gradle\native\1def1411415f61bf3af743bc5b6707747c0891f09f0c88961ee8f79bc544acac\windows-amd64\native-platform.dll
0x00007ffe5c6e0000 - 0x00007ffe5c758000 	C:\Users\cesarr\.gradle\native\0.2.7\x86_64-windows-gnu\gradle-fileevents.dll
0x00007ffe77780000 - 0x00007ffe7778a000 	C:\Users\cesarr\.jdks\openjdk-24.0.2\bin\management.dll
0x00007ffe75e60000 - 0x00007ffe75e6b000 	C:\Users\cesarr\.jdks\openjdk-24.0.2\bin\management_ext.dll
0x00007ffeb1850000 - 0x00007ffeb1858000 	C:\WINDOWS\System32\PSAPI.DLL
0x00007ffeae0b0000 - 0x00007ffeae0e4000 	C:\WINDOWS\SYSTEM32\IPHLPAPI.DLL
0x00007ffeb2e00000 - 0x00007ffeb2e0a000 	C:\WINDOWS\System32\NSI.dll
0x00007ffe755e0000 - 0x00007ffe755e9000 	C:\Users\cesarr\.jdks\openjdk-24.0.2\bin\extnet.dll
0x00007ffeafc50000 - 0x00007ffeafc6b000 	C:\WINDOWS\SYSTEM32\CRYPTSP.dll
0x00007ffeaeb70000 - 0x00007ffeaebab000 	C:\WINDOWS\system32\rsaenh.dll
0x00007ffeaebe0000 - 0x00007ffeaec0b000 	C:\WINDOWS\SYSTEM32\USERENV.dll
0x00007ffeb0000000 - 0x00007ffeb0026000 	C:\WINDOWS\SYSTEM32\bcrypt.dll
0x00007ffeaee10000 - 0x00007ffeaee1c000 	C:\WINDOWS\SYSTEM32\CRYPTBASE.dll
0x00007ffe74c70000 - 0x00007ffe74c7e000 	C:\Users\cesarr\.jdks\openjdk-24.0.2\bin\sunmscapi.dll
0x00007ffeaf1f0000 - 0x00007ffeaf220000 	C:\WINDOWS\SYSTEM32\ncrypt.dll
0x000001387eae0000 - 0x000001387ec57000 	C:\WINDOWS\System32\CRYPT32.dll
0x00007ffeaf0e0000 - 0x00007ffeaf11f000 	C:\WINDOWS\SYSTEM32\NTASN1.dll
0x00007ffe93a10000 - 0x00007ffe93a18000 	C:\WINDOWS\system32\wshunix.dll

JVMTI agents:
C:\Users\cesarr\.gradle\wrapper\dists\gradle-8.14.3-bin\cv11ve7ro1n3o1j4so8xd9n66\gradle-8.14.3\lib\agents\gradle-instrumentation-agent-8.14.3.jar path:C:\Users\cesarr\.jdks\openjdk-24.0.2\bin\instrument.dll, loaded, initialized, instrumentlib options:none

dbghelp: loaded successfully - version: 4.0.5 - missing functions: none
symbol engine: initialized successfully - sym options: 0x614 - pdb path: .;C:\Users\cesarr\.jdks\openjdk-24.0.2\bin;C:\WINDOWS\SYSTEM32;C:\WINDOWS\WinSxS\amd64_microsoft.windows.common-controls_6595b64144ccf1df_6.0.26100.5074_none_3e0d6f78e32fd63f;C:\Program Files\Windhawk\Engine\1.6.1\64;C:\Users\cesarr\.jdks\openjdk-24.0.2\bin\server;C:\Users\cesarr\.gradle\native\1def1411415f61bf3af743bc5b6707747c0891f09f0c88961ee8f79bc544acac\windows-amd64;C:\Users\cesarr\.gradle\native\0.2.7\x86_64-windows-gnu

VM Arguments:
jvm_args: --add-opens=java.base/java.lang=ALL-UNNAMED --add-opens=java.base/java.lang.invoke=ALL-UNNAMED --add-opens=java.base/java.util=ALL-UNNAMED --add-opens=java.prefs/java.util.prefs=ALL-UNNAMED --add-exports=jdk.compiler/com.sun.tools.javac.api=ALL-UNNAMED --add-exports=jdk.compiler/com.sun.tools.javac.util=ALL-UNNAMED --add-opens=java.base/java.util=ALL-UNNAMED --add-opens=java.prefs/java.util.prefs=ALL-UNNAMED --add-opens=java.base/java.nio.charset=ALL-UNNAMED --add-opens=java.base/java.net=ALL-UNNAMED --add-opens=java.base/java.util.concurrent.atomic=ALL-UNNAMED --add-opens=java.xml/javax.xml.namespace=ALL-UNNAMED --enable-native-access=ALL-UNNAMED -Xmx4096m -Dfile.encoding=UTF-8 -Duser.country=419 -Duser.language=es -Duser.variant -javaagent:C:\Users\cesarr\.gradle\wrapper\dists\gradle-8.14.3-bin\cv11ve7ro1n3o1j4so8xd9n66\gradle-8.14.3\lib\agents\gradle-instrumentation-agent-8.14.3.jar 
java_command: org.gradle.launcher.daemon.bootstrap.GradleDaemon 8.14.3
java_class_path (initial): C:\Users\cesarr\.gradle\wrapper\dists\gradle-8.14.3-bin\cv11ve7ro1n3o1j4so8xd9n66\gradle-8.14.3\lib\gradle-daemon-main-8.14.3.jar
Launcher Type: SUN_STANDARD

[Global flags]
     intx CICompilerCount                          = 4                                         {product} {ergonomic}
     uint ConcGCThreads                            = 3                                         {product} {ergonomic}
     uint G1ConcRefinementThreads                  = 10                                        {product} {ergonomic}
   size_t G1HeapRegionSize                         = 2097152                                   {product} {ergonomic}
   size_t InitialHeapSize                          = 123731968                                 {product} {ergonomic}
   size_t MarkStackSize                            = 4194304                                   {product} {ergonomic}
   size_t MarkStackSizeMax                         = 536870912                                 {product} {ergonomic}
   size_t MaxHeapSize                              = 4294967296                                {product} {command line}
   size_t MaxNewSize                               = 2575302656                                {product} {ergonomic}
   size_t MinHeapDeltaBytes                        = 2097152                                   {product} {ergonomic}
   size_t MinHeapSize                              = 8388608                                   {product} {ergonomic}
    uintx NonNMethodCodeHeapSize                   = 5832704                                {pd product} {ergonomic}
    uintx NonProfiledCodeHeapSize                  = 122945536                              {pd product} {ergonomic}
    uintx ProfiledCodeHeapSize                     = 122880000                              {pd product} {ergonomic}
    uintx ReservedCodeCacheSize                    = 251658240                              {pd product} {ergonomic}
     bool SegmentedCodeCache                       = true                                      {product} {ergonomic}
   size_t SoftMaxHeapSize                          = 4294967296                             {manageable} {ergonomic}
     bool UseCompressedOops                        = true                           {product lp64_product} {ergonomic}
     bool UseG1GC                                  = true                                      {product} {ergonomic}
     bool UseLargePagesIndividualAllocation        = false                                  {pd product} {ergonomic}

Logging:
Log output configuration:
 #0: stdout all=warning uptime,level,tags foldmultilines=false
 #1: stderr all=off uptime,level,tags foldmultilines=false

Environment Variables:
PATH=C:\Users\cesarr\AppData\Local\Programs\Python\Python313\Scripts\;C:\Users\cesarr\AppData\Local\Programs\Python\Python313\;C:\windows\system32;C:\windows;C:\windows\System32\Wbem;C:\windows\System32\WindowsPowerShell\v1.0\;C:\windows\System32\OpenSSH\;C:\Program Files (x86)\NVIDIA Corporation\PhysX\Common;C:\Program Files\NVIDIA Corporation\NVIDIA NvDLISR;C:\Users\Administrator\AppData\Local\Microsoft\WindowsApps;C:\Program Files\HP\OMEN-Broadcast\Common;C:\Program Files\PuTTY\;C:\WINDOWS\system32;C:\WINDOWS;C:\WINDOWS\System32\Wbem;C:\WINDOWS\System32\WindowsPowerShell\v1.0\;C:\WINDOWS\System32\OpenSSH\;C:\Program Files\Git\cmd;C:\Program Files\nodejs\;C:\ProgramData\chocolatey\bin;C:\Users\cesarr\AppData\Local\Programs\Eclipse Adoptium\jdk-21.0.7.6-hotspot\bin;C:\Users\cesarr\AppData\Local\Microsoft\WindowsApps;C:\Users\cesarr\AppData\Local\Programs\Microsoft VS Code\bin;C:\ruta\completa\hasta\bin;C:\Users\cesarr\Downloads\x86_64-8.1.0-release-posix-seh-rt_v6-rev0\mingw64\bin;C:\Users\cesarr\AppData\Roaming\npm
USERNAME=cesarr
OS=Windows_NT
PROCESSOR_IDENTIFIER=AMD64 Family 25 Model 117 Stepping 2, AuthenticAMD
TMP=C:\Users\cesarr\AppData\Local\Temp
TEMP=C:\Users\cesarr\AppData\Local\Temp




Periodic native trim disabled

---------------  S Y S T E M  ---------------

OS:
 Windows 11 , 64 bit Build 26100 (10.0.26100.5074)
OS uptime: 0 days 3:20 hours
Hyper-V role detected

CPU: total 12 (initial active 12) (12 cores per cpu, 2 threads per core) family 25 model 117 stepping 2 microcode 0xa70520a, cx8, cmov, fxsr, ht, mmx, 3dnowpref, sse, sse2, sse3, ssse3, sse4a, sse4.1, sse4.2, popcnt, lzcnt, tsc, tscinvbit, avx, avx2, aes, erms, clmul, bmi1, bmi2, adx, avx512f, avx512dq, avx512cd, avx512bw, avx512vl, sha, fma, vzeroupper, avx512_vpopcntdq, avx512_vpclmulqdq, avx512_vaes, avx512_vnni, clflush, clflushopt, avx512_vbmi2, avx512_vbmi, hv, rdtscp, rdpid, fsrm, gfni, avx512_bitalg, f16c, cet_ss, avx512_ifma
Processor Information for processor 0
  Max Mhz: 4301, Current Mhz: 3430, Mhz Limit: 4301
Processor Information for processor 1
  Max Mhz: 4301, Current Mhz: 3430, Mhz Limit: 4301
Processor Information for processor 2
  Max Mhz: 4301, Current Mhz: 3430, Mhz Limit: 4301
Processor Information for processor 3
  Max Mhz: 4301, Current Mhz: 3430, Mhz Limit: 4301
Processor Information for processor 4
  Max Mhz: 4301, Current Mhz: 3430, Mhz Limit: 4301
Processor Information for processor 5
  Max Mhz: 4301, Current Mhz: 3430, Mhz Limit: 4301
Processor Information for processor 6
  Max Mhz: 4301, Current Mhz: 3430, Mhz Limit: 4301
Processor Information for processor 7
  Max Mhz: 4301, Current Mhz: 3430, Mhz Limit: 4301
Processor Information for processor 8
  Max Mhz: 4301, Current Mhz: 3430, Mhz Limit: 4301
Processor Information for processor 9
  Max Mhz: 4301, Current Mhz: 3430, Mhz Limit: 4301
Processor Information for processor 10
  Max Mhz: 4301, Current Mhz: 3430, Mhz Limit: 4301
Processor Information for processor 11
  Max Mhz: 4301, Current Mhz: 4301, Mhz Limit: 4301

Memory: 4k page, system-wide physical 7439M (698M free)
TotalPageFile size 29967M (AvailPageFile size 17M)
current process WorkingSet (physical memory assigned to process): 350M, peak: 367M
current process commit charge ("private bytes"): 403M, peak: 428M

vm_info: OpenJDK 64-Bit Server VM (24.0.2+12-54) for windows-amd64 JRE (24.0.2+12-54), built on 2025-07-08T12:10:27Z with MS VC++ 17.6 (VS2022)

END.
