#
# There is insufficient memory for the Java Runtime Environment to continue.
# Native memory allocation (malloc) failed to allocate 10891728 bytes. Error detail: Chunk::new
# Possible reasons:
#   The system is out of physical RAM or swap space
#   This process is running with CompressedOops enabled, and the Java Heap may be blocking the growth of the native heap
# Possible solutions:
#   Reduce memory load on the system
#   Increase physical memory or swap space
#   Check if swap backing store is full
#   Decrease Java heap size (-Xmx/-Xms)
#   Decrease number of Java threads
#   Decrease Java thread stack sizes (-Xss)
#   Set larger code cache with -XX:ReservedCodeCacheSize=
#   JVM is running with Unscaled Compressed Oops mode in which the Java heap is
#     placed in the first 4GB address space. The Java Heap base address is the
#     maximum limit for the native heap growth. Please use -XX:HeapBaseMinAddress
#     to set the Java Heap base and to place the Java Heap above 4GB virtual address.
# This output file may be truncated or incomplete.
#
#  Out of Memory Error (arena.cpp:162), pid=15988, tid=23520
#
# JRE version: OpenJDK Runtime Environment (24.0.2+12) (build 24.0.2+12-54)
# Java VM: OpenJDK 64-Bit Server VM (24.0.2+12-54, mixed mode, sharing, tiered, compressed oops, compressed class ptrs, g1 gc, windows-amd64)
# No core dump will be written. Minidumps are not enabled by default on client versions of Windows
#

---------------  S U M M A R Y ------------

Command Line: -Dio.ktor.development=true -javaagent:C:\Program Files\JetBrains\IntelliJ IDEA 2025.1.1.1\lib\idea_rt.jar=58912 -Dfile.encoding=UTF-8 -Dsun.stdout.encoding=UTF-8 -Dsun.stderr.encoding=UTF-8 io.ktor.server.netty.EngineMain

Host: AMD Ryzen 5 8645HS w/ Radeon 760M Graphics, 12 cores, 7G,  Windows 11 , 64 bit Build 26100 (10.0.26100.5074)
Time: Sat Nov 29 22:04:20 2025 Hora estándar central (México) elapsed time: 25.575954 seconds (0d 0h 0m 25s)

---------------  T H R E A D  ---------------

Current thread (0x0000018dd9bf29d0):  JavaThread "C2 CompilerThread2" daemon [_thread_in_native, id=23520, stack(0x0000007dac400000,0x0000007dac500000) (1024K)]


Current CompileTask:
C2:25576 3634       4       sun.util.locale.BaseLocale::getInstance (160 bytes)

Stack: [0x0000007dac400000,0x0000007dac500000]
Native frames: (J=compiled Java code, j=interpreted, Vv=VM code, C=native code)
V  [jvm.dll+0x730829]  (no source info available)
V  [jvm.dll+0x8d9da3]  (no source info available)
V  [jvm.dll+0x8dc28d]  (no source info available)
V  [jvm.dll+0x8dc903]  (no source info available)
V  [jvm.dll+0x2a9f56]  (no source info available)
V  [jvm.dll+0xced7f]  (no source info available)
V  [jvm.dll+0xcefdf]  (no source info available)
V  [jvm.dll+0x154c83]  (no source info available)
V  [jvm.dll+0x73604f]  (no source info available)
V  [jvm.dll+0x26f8dc]  (no source info available)
V  [jvm.dll+0x26e8ff]  (no source info available)
V  [jvm.dll+0x1e9c90]  (no source info available)
V  [jvm.dll+0x27e0cb]  (no source info available)
V  [jvm.dll+0x27c36a]  (no source info available)
V  [jvm.dll+0x42f396]  (no source info available)
V  [jvm.dll+0x87d9eb]  (no source info available)
V  [jvm.dll+0x72ef45]  (no source info available)
C  [ucrtbase.dll+0x37b0]  (no source info available)
C  [KERNEL32.DLL+0x2e8d7]  (no source info available)
C  [ntdll.dll+0x8d9c]  (no source info available)

Lock stack of current Java thread (top to bottom):


---------------  P R O C E S S  ---------------

Threads class SMR info:
_java_thread_list=0x0000018e20bae7b0, length=55, elements={
0x0000018dbca5a990, 0x0000018dd94ee480, 0x0000018dd94eebc0, 0x0000018dd94f6050,
0x0000018dd94f6f60, 0x0000018dd94f9b40, 0x0000018dd94f8ca0, 0x0000018dd9a503b0,
0x0000018dd9a62e20, 0x0000018dd94f8550, 0x0000018dd94fa290, 0x0000018dd94f76b0,
0x0000018dd94f7e00, 0x0000018e1fd9c5d0, 0x0000018e1fd9d470, 0x0000018e1fd9e310,
0x0000018e1fd9f1b0, 0x0000018e1fd9be80, 0x0000018e1fd9f900, 0x0000018e1fd9dbc0,
0x0000018e1fda07a0, 0x0000018e1fda0ef0, 0x0000018e1fda0050, 0x0000018e1fda1640,
0x0000018e1fda1d90, 0x0000018dd9bc0200, 0x0000018dd9bc0950, 0x0000018dd9bc10a0,
0x0000018dd9bbf360, 0x0000018dd9bc1f40, 0x0000018dd9bc17f0, 0x0000018dd9bbec10,
0x0000018dd9bbfab0, 0x0000018e21ad6a60, 0x0000018e21ac7db0, 0x0000018dd9bf29d0,
0x0000018e21ac8c50, 0x0000018e21ac93a0, 0x0000018e21ac9af0, 0x0000018e21aca240,
0x0000018e21ac7660, 0x0000018e21ac6f10, 0x0000018e21acb830, 0x0000018e21acdcc0,
0x0000018e21acc6d0, 0x0000018e21acbf80, 0x0000018e21acce20, 0x0000018e21acd570,
0x0000018e21aca990, 0x0000018e21ace410, 0x0000018e21acb0e0, 0x0000018e21402730,
0x0000018e21401fe0, 0x0000018e214009f0, 0x0000018e213ff400
}

Java Threads: ( => current thread )
  0x0000018dbca5a990 JavaThread "main"                              [_thread_blocked, id=14280, stack(0x0000007da8e00000,0x0000007da8f00000) (1024K)]
  0x0000018dd94ee480 JavaThread "Reference Handler"          daemon [_thread_blocked, id=17564, stack(0x0000007da9600000,0x0000007da9700000) (1024K)]
  0x0000018dd94eebc0 JavaThread "Finalizer"                  daemon [_thread_blocked, id=31452, stack(0x0000007da9700000,0x0000007da9800000) (1024K)]
  0x0000018dd94f6050 JavaThread "Signal Dispatcher"          daemon [_thread_blocked, id=8724, stack(0x0000007da9800000,0x0000007da9900000) (1024K)]
  0x0000018dd94f6f60 JavaThread "Attach Listener"            daemon [_thread_blocked, id=24116, stack(0x0000007da9900000,0x0000007da9a00000) (1024K)]
  0x0000018dd94f9b40 JavaThread "Service Thread"             daemon [_thread_blocked, id=1584, stack(0x0000007da9a00000,0x0000007da9b00000) (1024K)]
  0x0000018dd94f8ca0 JavaThread "Monitor Deflation Thread"   daemon [_thread_blocked, id=2192, stack(0x0000007da9b00000,0x0000007da9c00000) (1024K)]
  0x0000018dd9a503b0 JavaThread "C2 CompilerThread0"         daemon [_thread_blocked, id=18800, stack(0x0000007da9c00000,0x0000007da9d00000) (1024K)]
  0x0000018dd9a62e20 JavaThread "C1 CompilerThread0"         daemon [_thread_blocked, id=32864, stack(0x0000007da9d00000,0x0000007da9e00000) (1024K)]
  0x0000018dd94f8550 JavaThread "Common-Cleaner"             daemon [_thread_blocked, id=20128, stack(0x0000007da9e00000,0x0000007da9f00000) (1024K)]
  0x0000018dd94fa290 JavaThread "Monitor Ctrl-Break"         daemon [_thread_in_native, id=15948, stack(0x0000007daa000000,0x0000007daa100000) (1024K)]
  0x0000018dd94f76b0 JavaThread "Notification Thread"        daemon [_thread_blocked, id=17280, stack(0x0000007daa100000,0x0000007daa200000) (1024K)]
  0x0000018dd94f7e00 JavaThread "RMI TCP Accept-0"           daemon [_thread_in_native, id=24168, stack(0x0000007daa200000,0x0000007daa300000) (1024K)]
  0x0000018e1fd9c5d0 JavaThread "RMI TCP Connection(1)-192.168.100.195" daemon [_thread_in_native, id=1516, stack(0x0000007daa300000,0x0000007daa400000) (1024K)]
  0x0000018e1fd9d470 JavaThread "RMI Scheduler(0)"           daemon [_thread_blocked, id=14572, stack(0x0000007daa400000,0x0000007daa500000) (1024K)]
  0x0000018e1fd9e310 JavaThread "JMX server connection timeout 31" daemon [_thread_blocked, id=18764, stack(0x0000007daa500000,0x0000007daa600000) (1024K)]
  0x0000018e1fd9f1b0 JavaThread "PostgreSQL-JDBC-Cleaner"    daemon [_thread_blocked, id=20940, stack(0x0000007dab300000,0x0000007dab400000) (1024K)]
  0x0000018e1fd9be80 JavaThread "HikariPool-1 housekeeper"   daemon [_thread_blocked, id=4348, stack(0x0000007dab400000,0x0000007dab500000) (1024K)]
  0x0000018e1fd9f900 JavaThread "eventLoopGroupProxy-1-1"    daemon [_thread_in_native, id=1852, stack(0x0000007dab600000,0x0000007dab700000) (1024K)]
  0x0000018e1fd9dbc0 JavaThread "eventLoopGroupProxy-3-1"    daemon [_thread_in_native, id=19636, stack(0x0000007da9f00000,0x0000007daa000000) (1024K)]
  0x0000018e1fda07a0 JavaThread "eventLoopGroupProxy-4-1"    daemon [_thread_in_native, id=9588, stack(0x0000007daad00000,0x0000007daae00000) (1024K)]
  0x0000018e1fda0ef0 JavaThread "eventLoopGroupProxy-3-2"    daemon [_thread_in_native, id=23744, stack(0x0000007dab500000,0x0000007dab600000) (1024K)]
  0x0000018e1fda0050 JavaThread "eventLoopGroupProxy-3-3"    daemon [_thread_in_native, id=6712, stack(0x0000007dab700000,0x0000007dab800000) (1024K)]
  0x0000018e1fda1640 JavaThread "eventLoopGroupProxy-3-4"    daemon [_thread_in_native, id=2096, stack(0x0000007dab800000,0x0000007dab900000) (1024K)]
  0x0000018e1fda1d90 JavaThread "eventLoopGroupProxy-3-5"    daemon [_thread_in_native, id=4684, stack(0x0000007dab900000,0x0000007daba00000) (1024K)]
  0x0000018dd9bc0200 JavaThread "eventLoopGroupProxy-3-6"    daemon [_thread_in_native, id=30824, stack(0x0000007daba00000,0x0000007dabb00000) (1024K)]
  0x0000018dd9bc0950 JavaThread "eventLoopGroupProxy-3-7"    daemon [_thread_in_native, id=8688, stack(0x0000007dabb00000,0x0000007dabc00000) (1024K)]
  0x0000018dd9bc10a0 JavaThread "eventLoopGroupProxy-4-2"    daemon [_thread_in_native, id=24548, stack(0x0000007dabc00000,0x0000007dabd00000) (1024K)]
  0x0000018dd9bbf360 JavaThread "eventLoopGroupProxy-4-5"    daemon [_thread_in_native, id=8156, stack(0x0000007dabd00000,0x0000007dabe00000) (1024K)]
  0x0000018dd9bc1f40 JavaThread "eventLoopGroupProxy-4-4"    daemon [_thread_in_native, id=24312, stack(0x0000007dabe00000,0x0000007dabf00000) (1024K)]
  0x0000018dd9bc17f0 JavaThread "eventLoopGroupProxy-4-3"    daemon [_thread_in_native, id=31764, stack(0x0000007dabf00000,0x0000007dac000000) (1024K)]
  0x0000018dd9bbec10 JavaThread "eventLoopGroupProxy-4-6"    daemon [_thread_in_native, id=30948, stack(0x0000007dac000000,0x0000007dac100000) (1024K)]
  0x0000018dd9bbfab0 JavaThread "eventLoopGroupProxy-4-7"    daemon [_thread_in_native, id=15304, stack(0x0000007dac100000,0x0000007dac200000) (1024K)]
  0x0000018e21ad6a60 JavaThread "C2 CompilerThread1"         daemon [_thread_blocked, id=25928, stack(0x0000007dac200000,0x0000007dac300000) (1024K)]
  0x0000018e21ac7db0 JavaThread "RMI TCP Connection(2)-192.168.100.195" daemon [_thread_in_native, id=28636, stack(0x0000007dac300000,0x0000007dac400000) (1024K)]
=>0x0000018dd9bf29d0 JavaThread "C2 CompilerThread2"         daemon [_thread_in_native, id=23520, stack(0x0000007dac400000,0x0000007dac500000) (1024K)]
  0x0000018e21ac8c50 JavaThread "DefaultDispatcher-worker-1" daemon [_thread_blocked, id=16556, stack(0x0000007dac500000,0x0000007dac600000) (1024K)]
  0x0000018e21ac93a0 JavaThread "DefaultDispatcher-worker-3" daemon [_thread_blocked, id=30552, stack(0x0000007dac600000,0x0000007dac700000) (1024K)]
  0x0000018e21ac9af0 JavaThread "DefaultDispatcher-worker-6" daemon [_thread_blocked, id=13376, stack(0x0000007dac700000,0x0000007dac800000) (1024K)]
  0x0000018e21aca240 JavaThread "DefaultDispatcher-worker-4" daemon [_thread_blocked, id=31412, stack(0x0000007dac800000,0x0000007dac900000) (1024K)]
  0x0000018e21ac7660 JavaThread "DefaultDispatcher-worker-5" daemon [_thread_blocked, id=24900, stack(0x0000007dac900000,0x0000007daca00000) (1024K)]
  0x0000018e21ac6f10 JavaThread "DefaultDispatcher-worker-2" daemon [_thread_blocked, id=24204, stack(0x0000007daca00000,0x0000007dacb00000) (1024K)]
  0x0000018e21acb830 JavaThread "DefaultDispatcher-worker-12" daemon [_thread_blocked, id=3104, stack(0x0000007dacb00000,0x0000007dacc00000) (1024K)]
  0x0000018e21acdcc0 JavaThread "DefaultDispatcher-worker-7" daemon [_thread_blocked, id=24228, stack(0x0000007dacc00000,0x0000007dacd00000) (1024K)]
  0x0000018e21acc6d0 JavaThread "DefaultDispatcher-worker-9" daemon [_thread_blocked, id=33276, stack(0x0000007dacd00000,0x0000007dace00000) (1024K)]
  0x0000018e21acbf80 JavaThread "DefaultDispatcher-worker-10" daemon [_thread_blocked, id=14616, stack(0x0000007dace00000,0x0000007dacf00000) (1024K)]
  0x0000018e21acce20 JavaThread "DefaultDispatcher-worker-11" daemon [_thread_blocked, id=5364, stack(0x0000007dacf00000,0x0000007dad000000) (1024K)]
  0x0000018e21acd570 JavaThread "DefaultDispatcher-worker-13" daemon [_thread_blocked, id=9308, stack(0x0000007dad000000,0x0000007dad100000) (1024K)]
  0x0000018e21aca990 JavaThread "DefaultDispatcher-worker-8" daemon [_thread_blocked, id=31860, stack(0x0000007dad100000,0x0000007dad200000) (1024K)]
  0x0000018e21ace410 JavaThread "DefaultDispatcher-worker-14" daemon [_thread_blocked, id=15428, stack(0x0000007dad200000,0x0000007dad300000) (1024K)]
  0x0000018e21acb0e0 JavaThread "DefaultDispatcher-worker-15" daemon [_thread_blocked, id=32548, stack(0x0000007dad300000,0x0000007dad400000) (1024K)]
  0x0000018e21402730 JavaThread "DefaultDispatcher-worker-16" daemon [_thread_blocked, id=20612, stack(0x0000007dad400000,0x0000007dad500000) (1024K)]
  0x0000018e21401fe0 JavaThread "DefaultDispatcher-worker-17" daemon [_thread_blocked, id=6772, stack(0x0000007dad500000,0x0000007dad600000) (1024K)]
  0x0000018e214009f0 JavaThread "eventLoopGroupProxy-4-8"    daemon [_thread_in_native, id=4428, stack(0x0000007dad600000,0x0000007dad700000) (1024K)]
  0x0000018e213ff400 JavaThread "eventLoopGroupProxy-4-9"    daemon [_thread_in_native, id=1344, stack(0x0000007dad700000,0x0000007dad800000) (1024K)]
Total: 55

Other Threads:
  0x0000018dd94df7d0 VMThread "VM Thread"                           [id=10872, stack(0x0000007da9500000,0x0000007da9600000) (1024K)]
  0x0000018dd94cce00 WatcherThread "VM Periodic Task Thread"        [id=26468, stack(0x0000007da9400000,0x0000007da9500000) (1024K)]
  0x0000018dbcaae830 WorkerThread "GC Thread#0"                     [id=32800, stack(0x0000007da8f00000,0x0000007da9000000) (1024K)]
  0x0000018e1fe97fc0 WorkerThread "GC Thread#1"                     [id=11216, stack(0x0000007daa600000,0x0000007daa700000) (1024K)]
  0x0000018e201888d0 WorkerThread "GC Thread#2"                     [id=33296, stack(0x0000007daa700000,0x0000007daa800000) (1024K)]
  0x0000018e1fed4160 WorkerThread "GC Thread#3"                     [id=31104, stack(0x0000007daa800000,0x0000007daa900000) (1024K)]
  0x0000018e201ba620 WorkerThread "GC Thread#4"                     [id=26068, stack(0x0000007daa900000,0x0000007daaa00000) (1024K)]
  0x0000018e201bad80 WorkerThread "GC Thread#5"                     [id=29456, stack(0x0000007daaa00000,0x0000007daab00000) (1024K)]
  0x0000018e201ba270 WorkerThread "GC Thread#6"                     [id=27832, stack(0x0000007daab00000,0x0000007daac00000) (1024K)]
  0x0000018e201bb130 WorkerThread "GC Thread#7"                     [id=26596, stack(0x0000007daac00000,0x0000007daad00000) (1024K)]
  0x0000018e209927a0 WorkerThread "GC Thread#8"                     [id=28596, stack(0x0000007daaf00000,0x0000007dab000000) (1024K)]
  0x0000018e20990dd0 WorkerThread "GC Thread#9"                     [id=21908, stack(0x0000007dab000000,0x0000007dab100000) (1024K)]
  0x0000018dbcac1b20 ConcurrentGCThread "G1 Main Marker"            [id=15956, stack(0x0000007da9000000,0x0000007da9100000) (1024K)]
  0x0000018dbcac43d0 WorkerThread "G1 Conc#0"                       [id=21228, stack(0x0000007da9100000,0x0000007da9200000) (1024K)]
  0x0000018e209923f0 WorkerThread "G1 Conc#1"                       [id=23644, stack(0x0000007dab100000,0x0000007dab200000) (1024K)]
  0x0000018e2098eca0 WorkerThread "G1 Conc#2"                       [id=29380, stack(0x0000007dab200000,0x0000007dab300000) (1024K)]
  0x0000018dbcafe800 ConcurrentGCThread "G1 Refine#0"               [id=27692, stack(0x0000007da9200000,0x0000007da9300000) (1024K)]
  0x0000018dd939b420 ConcurrentGCThread "G1 Service"                [id=13576, stack(0x0000007da9300000,0x0000007da9400000) (1024K)]
Total: 18

Threads with active compile tasks:
C2 CompilerThread2  25694 3634       4       sun.util.locale.BaseLocale::getInstance (160 bytes)
Total: 1

VM state: not at safepoint (normal execution)

VM Mutex/Monitor currently owned by a thread: None

Heap address: 0x000000008bc00000, size: 1860 MB, Compressed Oops mode: 32-bit

CDS archive(s) mapped at: [0x0000018dda000000-0x0000018ddad40000-0x0000018ddad40000), size 13893632, SharedBaseAddress: 0x0000018dda000000, ArchiveRelocationMode: 1.
Compressed class space mapped at: 0x0000018ddb000000-0x0000018e1b000000, reserved size: 1073741824
UseCompressedClassPointers 1, UseCompactObjectHeaders 0
Narrow klass pointer bits 32, Max shift 3
Narrow klass base: 0x0000018dda000000, Narrow klass shift: 0
Encoding Range: [0x0000018dda000000 - 0x0000018eda000000), (4294967296 bytes)
Klass Range:    [0x0000018dda000000 - 0x0000018e1b000000), (1090519040 bytes)
Klass ID Range:  [8 - 1090519033) (1090519025)

GC Precious Log:
 CardTable entry size: 512
 Card Set container configuration: InlinePtr #cards 5 size 8 Array Of Cards #cards 10 size 36 Howl #buckets 4 coarsen threshold 1843 Howl Bitmap #cards 512 size 80 coarsen threshold 460 Card regions per heap region 1 cards per card region 2048
 CPUs: 12 total, 12 available
 Memory: 7439M
 Large Page Support: Disabled
 NUMA Support: Disabled
 Compressed Oops: Enabled (32-bit)
 Heap Region Size: 1M
 Heap Min Capacity: 8M
 Heap Initial Capacity: 118M
 Heap Max Capacity: 1860M
 Pre-touch: Disabled
 Parallel Workers: 10
 Concurrent Workers: 3
 Concurrent Refinement Workers: 10
 Periodic GC: Disabled

Heap:
 garbage-first heap   total reserved 1904640K, committed 44032K, used 17942K [0x000000008bc00000, 0x0000000100000000)
  region size 1024K, 4 young (4096K), 3 survivors (3072K)
 Metaspace       used 33830K, committed 34240K, reserved 1114112K
  class space    used 3258K, committed 3456K, reserved 1048576K

Heap Regions: E=young(eden), S=young(survivor), O=old, HS=humongous(starts), HC=humongous(continues), CS=collection set, F=free, TAMS=top-at-mark-start, PB=parsable bottom
|   0|0x000000008bc00000, 0x000000008bd00000, 0x000000008bd00000|100%| O|  |TAMS 0x000000008bc00000| PB 0x000000008bc00000| Untracked |  0
|   1|0x000000008bd00000, 0x000000008be00000, 0x000000008be00000|100%| O|  |TAMS 0x000000008bd00000| PB 0x000000008bd00000| Untracked |  0
|   2|0x000000008be00000, 0x000000008bf00000, 0x000000008bf00000|100%| O|  |TAMS 0x000000008be00000| PB 0x000000008be00000| Untracked |  0
|   3|0x000000008bf00000, 0x000000008c000000, 0x000000008c000000|100%| O|  |TAMS 0x000000008bf00000| PB 0x000000008bf00000| Untracked |  0
|   4|0x000000008c000000, 0x000000008c100000, 0x000000008c100000|100%| O|  |TAMS 0x000000008c000000| PB 0x000000008c000000| Untracked |  0
|   5|0x000000008c100000, 0x000000008c1a1400, 0x000000008c200000| 62%| O|  |TAMS 0x000000008c100000| PB 0x000000008c100000| Untracked |  0
|   6|0x000000008c200000, 0x000000008c300000, 0x000000008c300000|100%| O|  |TAMS 0x000000008c200000| PB 0x000000008c200000| Untracked |  0
|   7|0x000000008c300000, 0x000000008c400000, 0x000000008c400000|100%| O|  |TAMS 0x000000008c300000| PB 0x000000008c300000| Untracked |  0
|   8|0x000000008c400000, 0x000000008c500000, 0x000000008c500000|100%| O|  |TAMS 0x000000008c400000| PB 0x000000008c400000| Untracked |  0
|   9|0x000000008c500000, 0x000000008c600000, 0x000000008c600000|100%| O|  |TAMS 0x000000008c500000| PB 0x000000008c500000| Untracked |  0
|  10|0x000000008c600000, 0x000000008c700000, 0x000000008c700000|100%| O|  |TAMS 0x000000008c600000| PB 0x000000008c600000| Untracked |  0
|  11|0x000000008c700000, 0x000000008c800000, 0x000000008c800000|100%| O|  |TAMS 0x000000008c700000| PB 0x000000008c700000| Untracked |  0
|  12|0x000000008c800000, 0x000000008c900000, 0x000000008c900000|100%| O|  |TAMS 0x000000008c800000| PB 0x000000008c800000| Untracked |  0
|  13|0x000000008c900000, 0x000000008c9e44a0, 0x000000008ca00000| 89%| O|  |TAMS 0x000000008c900000| PB 0x000000008c900000| Untracked |  0
|  14|0x000000008ca00000, 0x000000008ca00000, 0x000000008cb00000|  0%| F|  |TAMS 0x000000008ca00000| PB 0x000000008ca00000| Untracked |  0
|  15|0x000000008cb00000, 0x000000008cb00000, 0x000000008cc00000|  0%| F|  |TAMS 0x000000008cb00000| PB 0x000000008cb00000| Untracked |  0
|  16|0x000000008cc00000, 0x000000008cc00000, 0x000000008cd00000|  0%| F|  |TAMS 0x000000008cc00000| PB 0x000000008cc00000| Untracked |  0
|  17|0x000000008cd00000, 0x000000008cd00000, 0x000000008ce00000|  0%| F|  |TAMS 0x000000008cd00000| PB 0x000000008cd00000| Untracked |  0
|  18|0x000000008ce00000, 0x000000008ce00000, 0x000000008cf00000|  0%| F|  |TAMS 0x000000008ce00000| PB 0x000000008ce00000| Untracked |  0
|  19|0x000000008cf00000, 0x000000008cf00000, 0x000000008d000000|  0%| F|  |TAMS 0x000000008cf00000| PB 0x000000008cf00000| Untracked |  0
|  20|0x000000008d000000, 0x000000008d000000, 0x000000008d100000|  0%| F|  |TAMS 0x000000008d000000| PB 0x000000008d000000| Untracked |  0
|  21|0x000000008d100000, 0x000000008d100000, 0x000000008d200000|  0%| F|  |TAMS 0x000000008d100000| PB 0x000000008d100000| Untracked |  0
|  22|0x000000008d200000, 0x000000008d300000, 0x000000008d300000|100%| S|CS|TAMS 0x000000008d200000| PB 0x000000008d200000| Complete |  0
|  23|0x000000008d300000, 0x000000008d400000, 0x000000008d400000|100%| S|CS|TAMS 0x000000008d300000| PB 0x000000008d300000| Complete |  0
|  24|0x000000008d400000, 0x000000008d500000, 0x000000008d500000|100%| S|CS|TAMS 0x000000008d400000| PB 0x000000008d400000| Complete |  0
|  25|0x000000008d500000, 0x000000008d500000, 0x000000008d600000|  0%| F|  |TAMS 0x000000008d500000| PB 0x000000008d500000| Untracked |  0
|  26|0x000000008d600000, 0x000000008d600000, 0x000000008d700000|  0%| F|  |TAMS 0x000000008d600000| PB 0x000000008d600000| Untracked |  0
|  27|0x000000008d700000, 0x000000008d700000, 0x000000008d800000|  0%| F|  |TAMS 0x000000008d700000| PB 0x000000008d700000| Untracked |  0
|  28|0x000000008d800000, 0x000000008d800000, 0x000000008d900000|  0%| F|  |TAMS 0x000000008d800000| PB 0x000000008d800000| Untracked |  0
|  29|0x000000008d900000, 0x000000008d900000, 0x000000008da00000|  0%| F|  |TAMS 0x000000008d900000| PB 0x000000008d900000| Untracked |  0
|  30|0x000000008da00000, 0x000000008da00000, 0x000000008db00000|  0%| F|  |TAMS 0x000000008da00000| PB 0x000000008da00000| Untracked |  0
|  31|0x000000008db00000, 0x000000008db00000, 0x000000008dc00000|  0%| F|  |TAMS 0x000000008db00000| PB 0x000000008db00000| Untracked |  0
|  32|0x000000008dc00000, 0x000000008dc00000, 0x000000008dd00000|  0%| F|  |TAMS 0x000000008dc00000| PB 0x000000008dc00000| Untracked |  0
|  33|0x000000008dd00000, 0x000000008dd00000, 0x000000008de00000|  0%| F|  |TAMS 0x000000008dd00000| PB 0x000000008dd00000| Untracked |  0
|  34|0x000000008de00000, 0x000000008de00000, 0x000000008df00000|  0%| F|  |TAMS 0x000000008de00000| PB 0x000000008de00000| Untracked |  0
|  35|0x000000008df00000, 0x000000008df00000, 0x000000008e000000|  0%| F|  |TAMS 0x000000008df00000| PB 0x000000008df00000| Untracked |  0
|  36|0x000000008e000000, 0x000000008e000000, 0x000000008e100000|  0%| F|  |TAMS 0x000000008e000000| PB 0x000000008e000000| Untracked |  0
|  90|0x0000000091600000, 0x0000000091600000, 0x0000000091700000|  0%| F|  |TAMS 0x0000000091600000| PB 0x0000000091600000| Untracked |  0
|  91|0x0000000091700000, 0x0000000091700000, 0x0000000091800000|  0%| F|  |TAMS 0x0000000091700000| PB 0x0000000091700000| Untracked |  0
|  92|0x0000000091800000, 0x0000000091800000, 0x0000000091900000|  0%| F|  |TAMS 0x0000000091800000| PB 0x0000000091800000| Untracked |  0
| 117|0x0000000093100000, 0x0000000093100000, 0x0000000093200000|  0%| F|  |TAMS 0x0000000093100000| PB 0x0000000093100000| Untracked |  0
|1858|0x00000000ffe00000, 0x00000000fff00000, 0x00000000fff00000|100%| O|  |TAMS 0x00000000ffe00000| PB 0x00000000ffe00000| Untracked |  0
|1859|0x00000000fff00000, 0x00000000fffbaef8, 0x0000000100000000| 73%| E|  |TAMS 0x00000000fff00000| PB 0x00000000fff00000| Complete |  0

Card table byte_map: [0x0000018dd4cf0000,0x0000018dd50a0000] _byte_map_base: 0x0000018dd4892000

Marking Bits: (CMBitMap*) 0x0000018dbcaaef40
 Bits: [0x0000018dd50a0000, 0x0000018dd6db0000)

Polling page: 0x0000018dba710000

Metaspace:

Usage:
  Non-class:     29.86 MB used.
      Class:      3.18 MB used.
       Both:     33.04 MB used.

Virtual space:
  Non-class space:       64.00 MB reserved,      30.06 MB ( 47%) committed,  1 nodes.
      Class space:        1.00 GB reserved,       3.38 MB ( <1%) committed,  1 nodes.
             Both:        1.06 GB reserved,      33.44 MB (  3%) committed. 

Chunk freelists:
   Non-Class:  1.92 MB
       Class:  12.48 MB
        Both:  14.41 MB

MaxMetaspaceSize: unlimited
CompressedClassSpaceSize: 1.00 GB
Initial GC threshold: 21.00 MB
Current GC threshold: 35.25 MB
CDS: on
 - commit_granule_bytes: 65536.
 - commit_granule_words: 8192.
 - virtual_space_node_default_size: 8388608.
 - enlarge_chunks_in_place: 1.
UseCompressedClassPointers 1, UseCompactObjectHeaders 0
Narrow klass pointer bits 32, Max shift 3
Narrow klass base: 0x0000018dda000000, Narrow klass shift: 0
Encoding Range: [0x0000018dda000000 - 0x0000018eda000000), (4294967296 bytes)
Klass Range:    [0x0000018dda000000 - 0x0000018e1b000000), (1090519040 bytes)
Klass ID Range:  [8 - 1090519033) (1090519025)


Internal statistics:

num_allocs_failed_limit: 3.
num_arena_births: 312.
num_arena_deaths: 0.
num_vsnodes_births: 2.
num_vsnodes_deaths: 0.
num_space_committed: 535.
num_space_uncommitted: 0.
num_chunks_returned_to_freelist: 3.
num_chunks_taken_from_freelist: 1290.
num_chunk_merges: 3.
num_chunk_splits: 939.
num_chunks_enlarged: 766.
num_inconsistent_stats: 0.

CodeHeap 'non-profiled nmethods': size=120064Kb used=1689Kb max_used=1689Kb free=118374Kb
 bounds [0x0000018dccda0000, 0x0000018dcd010000, 0x0000018dd42e0000]
CodeHeap 'profiled nmethods': size=120000Kb used=6267Kb max_used=6267Kb free=113732Kb
 bounds [0x0000018dc52e0000, 0x0000018dc5900000, 0x0000018dcc810000]
CodeHeap 'non-nmethods': size=5696Kb used=1676Kb max_used=1776Kb free=4019Kb
 bounds [0x0000018dcc810000, 0x0000018dcca80000, 0x0000018dccda0000]
CodeCache: size=245760Kb, used=9632Kb, max_used=9732Kb, free=236125Kb
 total_blobs=4636, nmethods=3963, adapters=577, full_count=0
Compilation: enabled, stopped_count=0, restarted_count=0

Compilation events (20 events):
Event: 24.561 Thread 0x0000018dd9a503b0 3933       4       java.lang.Module::getLayer (43 bytes)
Event: 24.561 Thread 0x0000018dd9a503b0 nmethod 3933 0x0000018dccf41d08 code [0x0000018dccf41e20, 0x0000018dccf41f40]
Event: 24.561 Thread 0x0000018dd9a62e20 nmethod 3945 0x0000018dc58f2c08 code [0x0000018dc58f2ea0, 0x0000018dc58f41c0]
Event: 24.561 Thread 0x0000018dd9a62e20 3948       3       io.ktor.utils.io.ByteChannel::getWriteBuffer (51 bytes)
Event: 24.562 Thread 0x0000018dd9a62e20 nmethod 3948 0x0000018dc58f4288 code [0x0000018dc58f43e0, 0x0000018dc58f4a80]
Event: 24.562 Thread 0x0000018dd9a62e20 3949       3       io.netty.buffer.AbstractReferenceCountedByteBuf::release (12 bytes)
Event: 24.562 Thread 0x0000018dd9a62e20 nmethod 3949 0x0000018dc58f4b08 code [0x0000018dc58f4c40, 0x0000018dc58f4f70]
Event: 24.562 Thread 0x0000018dd9a62e20 3950       3       io.netty.buffer.AbstractReferenceCountedByteBuf::handleRelease (10 bytes)
Event: 24.562 Thread 0x0000018dd9a503b0 3963       4       java.util.concurrent.atomic.AtomicReferenceFieldUpdater$AtomicReferenceFieldUpdaterImpl::get (17 bytes)
Event: 24.562 Thread 0x0000018dd9a62e20 nmethod 3950 0x0000018dc58f5008 code [0x0000018dc58f5120, 0x0000018dc58f5320]
Event: 24.562 Thread 0x0000018dd9a62e20 3951       3       io.netty.util.concurrent.AbstractScheduledEventExecutor::scheduledTaskQueue (28 bytes)
Event: 24.562 Thread 0x0000018dd9a62e20 nmethod 3951 0x0000018dc58f5388 code [0x0000018dc58f54c0, 0x0000018dc58f5700]
Event: 24.562 Thread 0x0000018dd9a62e20 3952       3       io.netty.util.concurrent.ScheduledFutureTask::priorityQueueIndex (5 bytes)
Event: 24.563 Thread 0x0000018dd9a62e20 nmethod 3952 0x0000018dc58f5788 code [0x0000018dc58f58a0, 0x0000018dc58f59a8]
Event: 24.563 Thread 0x0000018dd9a62e20 3944       1       kotlinx.coroutines.internal.LockFreeLinkedListHead::isRemoved (2 bytes)
Event: 24.563 Thread 0x0000018dd9a62e20 nmethod 3944 0x0000018dccf42008 code [0x0000018dccf42100, 0x0000018dccf421c8]
Event: 24.563 Thread 0x0000018dd9a62e20 3954       3       io.netty.util.internal.PlatformDependent::getAndAddInt (7 bytes)
Event: 24.563 Thread 0x0000018dd9a62e20 nmethod 3954 0x0000018dc58f5a88 code [0x0000018dc58f5ba0, 0x0000018dc58f5cb0]
Event: 24.563 Thread 0x0000018dd9a62e20 3958       3       kotlinx.coroutines.scheduling.WorkQueue::pollBuffer (69 bytes)
Event: 25.572 Thread 0x0000018dd9a62e20 nmethod 3958 0x0000018dc58f5d88 code [0x0000018dc58f6080, 0x0000018dc58f7de8]

GC Heap History (10 events):
Event: 0.904 GC heap before
{Heap before GC invocations=0 (full 0):
 garbage-first heap   total reserved 1904640K, committed 122880K, used 49264K [0x000000008bc00000, 0x0000000100000000)
  region size 1024K, 47 young (48128K), 0 survivors (0K)
 Metaspace       used 15854K, committed 16064K, reserved 1114112K
  class space    used 1506K, committed 1600K, reserved 1048576K
}
Event: 0.911 GC heap after
{Heap after GC invocations=1 (full 0):
 garbage-first heap   total reserved 1904640K, committed 122880K, used 6971K [0x000000008bc00000, 0x0000000100000000)
  region size 1024K, 6 young (6144K), 6 survivors (6144K)
 Metaspace       used 15854K, committed 16064K, reserved 1114112K
  class space    used 1506K, committed 1600K, reserved 1048576K
}
Event: 1.465 GC heap before
{Heap before GC invocations=1 (full 0):
 garbage-first heap   total reserved 1904640K, committed 122880K, used 31547K [0x000000008bc00000, 0x0000000100000000)
  region size 1024K, 31 young (31744K), 6 survivors (6144K)
 Metaspace       used 21205K, committed 21504K, reserved 1114112K
  class space    used 2084K, committed 2240K, reserved 1048576K
}
Event: 1.473 GC heap after
{Heap after GC invocations=2 (full 0):
 garbage-first heap   total reserved 1904640K, committed 122880K, used 9946K [0x000000008bc00000, 0x0000000100000000)
  region size 1024K, 3 young (3072K), 3 survivors (3072K)
 Metaspace       used 21205K, committed 21504K, reserved 1114112K
  class space    used 2084K, committed 2240K, reserved 1048576K
}
Event: 15.171 GC heap before
{Heap before GC invocations=3 (full 0):
 garbage-first heap   total reserved 1904640K, committed 37888K, used 36570K [0x000000008bc00000, 0x0000000100000000)
  region size 1024K, 29 young (29696K), 3 survivors (3072K)
 Metaspace       used 29206K, committed 29504K, reserved 1114112K
  class space    used 2797K, committed 2944K, reserved 1048576K
}
Event: 15.190 GC heap after
{Heap after GC invocations=4 (full 0):
 garbage-first heap   total reserved 1904640K, committed 44032K, used 13045K [0x000000008bc00000, 0x0000000100000000)
  region size 1024K, 6 young (6144K), 6 survivors (6144K)
 Metaspace       used 29206K, committed 29504K, reserved 1114112K
  class space    used 2797K, committed 2944K, reserved 1048576K
}
Event: 21.272 GC heap before
{Heap before GC invocations=4 (full 0):
 garbage-first heap   total reserved 1904640K, committed 44032K, used 29429K [0x000000008bc00000, 0x0000000100000000)
  region size 1024K, 23 young (23552K), 6 survivors (6144K)
 Metaspace       used 32821K, committed 33152K, reserved 1114112K
  class space    used 3150K, committed 3328K, reserved 1048576K
}
Event: 21.285 GC heap after
{Heap after GC invocations=5 (full 0):
 garbage-first heap   total reserved 1904640K, committed 44032K, used 15406K [0x000000008bc00000, 0x0000000100000000)
  region size 1024K, 3 young (3072K), 3 survivors (3072K)
 Metaspace       used 32821K, committed 33152K, reserved 1114112K
  class space    used 3150K, committed 3328K, reserved 1048576K
}
Event: 24.554 GC heap before
{Heap before GC invocations=5 (full 0):
 garbage-first heap   total reserved 1904640K, committed 44032K, used 31790K [0x000000008bc00000, 0x0000000100000000)
  region size 1024K, 20 young (20480K), 3 survivors (3072K)
 Metaspace       used 33817K, committed 34176K, reserved 1114112K
  class space    used 3257K, committed 3456K, reserved 1048576K
}
Event: 24.560 GC heap after
{Heap after GC invocations=6 (full 0):
 garbage-first heap   total reserved 1904640K, committed 44032K, used 17942K [0x000000008bc00000, 0x0000000100000000)
  region size 1024K, 3 young (3072K), 3 survivors (3072K)
 Metaspace       used 33817K, committed 34176K, reserved 1114112K
  class space    used 3257K, committed 3456K, reserved 1048576K
}

Dll operation events (12 events):
Event: 0.013 Loaded shared library C:\Users\cesarr\.jdks\openjdk-24.0.2\bin\java.dll
Event: 0.033 Loaded shared library C:\Users\cesarr\.jdks\openjdk-24.0.2\bin\jsvml.dll
Event: 0.109 Loaded shared library C:\Users\cesarr\.jdks\openjdk-24.0.2\bin\zip.dll
Event: 0.113 Loaded shared library C:\Users\cesarr\.jdks\openjdk-24.0.2\bin\instrument.dll
Event: 0.121 Loaded shared library C:\Users\cesarr\.jdks\openjdk-24.0.2\bin\net.dll
Event: 0.122 Loaded shared library C:\Users\cesarr\.jdks\openjdk-24.0.2\bin\nio.dll
Event: 0.125 Loaded shared library C:\Users\cesarr\.jdks\openjdk-24.0.2\bin\zip.dll
Event: 0.194 Loaded shared library C:\Users\cesarr\.jdks\openjdk-24.0.2\bin\jimage.dll
Event: 0.195 Loaded shared library C:\Users\cesarr\.jdks\openjdk-24.0.2\bin\extnet.dll
Event: 0.238 Loaded shared library C:\Users\cesarr\.jdks\openjdk-24.0.2\bin\management.dll
Event: 0.249 Loaded shared library C:\Users\cesarr\.jdks\openjdk-24.0.2\bin\management_ext.dll
Event: 2.104 Loaded shared library C:\Users\cesarr\.jdks\openjdk-24.0.2\bin\sunmscapi.dll

Deoptimization events (20 events):
Event: 21.308 Thread 0x0000018dd9bbec10 DEOPT UNPACKING pc=0x0000018dcc935502 sp=0x0000007dac0fcce8 mode 2
Event: 21.308 Thread 0x0000018dd9bc17f0 Uncommon trap: reason=class_check action=maybe_recompile pc=0x0000018dccf14b70 method=kotlin.text.StringsKt__AppendableKt.appendElement(Ljava/lang/Appendable;Ljava/lang/Object;Lkotlin/jvm/functions/Function1;)V @ 62 c2
Event: 21.308 Thread 0x0000018dd9bbfab0 Uncommon trap: trap_request=0xffffffde fr.pc=0x0000018dccf14b70 relative=0x00000000000004f0
Event: 21.308 Thread 0x0000018dd9bc10a0 DEOPT UNPACKING pc=0x0000018dcc935502 sp=0x0000007dabcfc858 mode 2
Event: 21.308 Thread 0x0000018dd9bc17f0 DEOPT PACKING pc=0x0000018dccf14b70 sp=0x0000007dabffc630
Event: 21.308 Thread 0x0000018dd9bbfab0 Uncommon trap: reason=class_check action=maybe_recompile pc=0x0000018dccf14b70 method=kotlin.text.StringsKt__AppendableKt.appendElement(Ljava/lang/Appendable;Ljava/lang/Object;Lkotlin/jvm/functions/Function1;)V @ 62 c2
Event: 21.308 Thread 0x0000018dd9bbf360 DEOPT UNPACKING pc=0x0000018dcc935502 sp=0x0000007dabdfca18 mode 2
Event: 21.308 Thread 0x0000018dd9bc17f0 DEOPT UNPACKING pc=0x0000018dcc935502 sp=0x0000007dabffc608 mode 2
Event: 21.308 Thread 0x0000018dd9bbfab0 DEOPT PACKING pc=0x0000018dccf14b70 sp=0x0000007dac1fc740
Event: 21.308 Thread 0x0000018dd9bbfab0 DEOPT UNPACKING pc=0x0000018dcc935502 sp=0x0000007dac1fc718 mode 2
Event: 21.360 Thread 0x0000018dd9bc10a0 Uncommon trap: trap_request=0xffffff4d fr.pc=0x0000018dccf1f0e8 relative=0x0000000000000288
Event: 21.360 Thread 0x0000018dd9bc10a0 Uncommon trap: reason=unstable_if action=reinterpret pc=0x0000018dccf1f0e8 method=kotlin.text.LinesIterator.hasNext()Z @ 66 c2
Event: 21.360 Thread 0x0000018dd9bc10a0 DEOPT PACKING pc=0x0000018dccf1f0e8 sp=0x0000007dabcfc5b0
Event: 21.360 Thread 0x0000018dd9bc10a0 DEOPT UNPACKING pc=0x0000018dcc935502 sp=0x0000007dabcfc530 mode 2
Event: 21.377 Thread 0x0000018dd9bc10a0 DEOPT PACKING pc=0x0000018dc55f63a6 sp=0x0000007dabcfbdc0
Event: 21.377 Thread 0x0000018dd9bc10a0 DEOPT UNPACKING pc=0x0000018dcc866642 sp=0x0000007dabcfb2f8 mode 0
Event: 22.502 Thread 0x0000018e214009f0 Uncommon trap: trap_request=0xffffff45 fr.pc=0x0000018dccf22824 relative=0x0000000000000984
Event: 22.502 Thread 0x0000018e214009f0 Uncommon trap: reason=unstable_fused_if action=reinterpret pc=0x0000018dccf22824 method=io.ktor.http.HttpHeaderValueParserKt.parseHeaderValueItem(Ljava/lang/String;ILkotlin/Lazy;Z)I @ 49 c2
Event: 22.502 Thread 0x0000018e214009f0 DEOPT PACKING pc=0x0000018dccf22824 sp=0x0000007dad6fc880
Event: 22.502 Thread 0x0000018e214009f0 DEOPT UNPACKING pc=0x0000018dcc935502 sp=0x0000007dad6fc828 mode 2

Classes loaded (20 events):
Event: 21.236 Loading class sun/nio/ch/IOVecWrapper
Event: 21.238 Loading class sun/nio/ch/IOVecWrapper done
Event: 21.238 Loading class sun/nio/ch/IOVecWrapper$1
Event: 21.239 Loading class sun/nio/ch/IOVecWrapper$1 done
Event: 21.240 Loading class sun/nio/ch/AllocatedNativeObject
Event: 21.242 Loading class sun/nio/ch/NativeObject
Event: 21.244 Loading class sun/nio/ch/NativeObject done
Event: 21.244 Loading class sun/nio/ch/AllocatedNativeObject done
Event: 21.413 Loading class java/lang/Thread$ThreadNumbering
Event: 21.413 Loading class java/lang/Thread$ThreadNumbering done
Event: 21.427 Loading class java/io/StringWriter
Event: 21.427 Loading class java/io/StringWriter done
Event: 21.427 Loading class java/io/PrintWriter
Event: 21.429 Loading class java/io/PrintWriter done
Event: 21.430 Loading class java/lang/Throwable$WrappedPrintWriter
Event: 21.430 Loading class java/lang/Throwable$PrintStreamOrWriter
Event: 21.430 Loading class java/lang/Throwable$PrintStreamOrWriter done
Event: 21.430 Loading class java/lang/Throwable$WrappedPrintWriter done
Event: 21.489 Loading class sun/net/ConnectionResetException
Event: 21.489 Loading class sun/net/ConnectionResetException done

Classes unloaded (0 events):
No events

Classes redefined (0 events):
No events

Internal exceptions (20 events):
Event: 2.194 Thread 0x0000018e1fda0ef0 Implicit null exception at 0x0000018dccec771a to 0x0000018dcced01a8
Event: 2.232 Thread 0x0000018dbca5a990 Exception <a 'java/lang/NoSuchMethodError'{0x000000008c83d7d0}: 'java.lang.Object java.lang.invoke.DirectMethodHandle$Holder.invokeStatic(java.lang.Object, long, java.lang.Object)'> (0x000000008c83d7d0) 
thrown [s\open\src\hotspot\share\interpreter\linkResolver.cpp, line 805]
Event: 2.233 Thread 0x0000018dbca5a990 Exception <a 'java/lang/NoSuchMethodError'{0x000000008c8458e8}: 'java.lang.Object java.lang.invoke.DirectMethodHandle$Holder.invokeStaticInit(java.lang.Object, long, java.lang.Object)'> (0x000000008c8458e8) 
thrown [s\open\src\hotspot\share\interpreter\linkResolver.cpp, line 805]
Event: 2.233 Thread 0x0000018dbca5a990 Exception <a 'java/lang/NoSuchMethodError'{0x000000008c854d80}: 'java.lang.Object java.lang.invoke.DirectMethodHandle$Holder.newInvokeSpecial(java.lang.Object, long)'> (0x000000008c854d80) 
thrown [s\open\src\hotspot\share\interpreter\linkResolver.cpp, line 805]
Event: 2.233 Thread 0x0000018dbca5a990 Exception <a 'java/lang/NoSuchMethodError'{0x000000008c85d648}: 'long java.lang.invoke.DirectMethodHandle$Holder.invokeInterface(java.lang.Object, java.lang.Object)'> (0x000000008c85d648) 
thrown [s\open\src\hotspot\share\interpreter\linkResolver.cpp, line 805]
Event: 15.278 Thread 0x0000018e1fd9dbc0 Exception <a 'java/lang/NoSuchMethodError'{0x00000000917d96d0}: 'java.lang.Object java.lang.invoke.DirectMethodHandle$Holder.newInvokeSpecial(java.lang.Object, java.lang.Object, java.lang.Object, java.lang.Object, java.lang.Object)'> (0x00000000917d96d0) 
thrown [s\open\src\hotspot\share\interpreter\linkResolver.cpp, line 805]
Event: 15.400 Thread 0x0000018e1fda07a0 Exception <a 'java/lang/NoSuchMethodError'{0x000000008d6142c0}: 'int java.lang.invoke.DirectMethodHandle$Holder.invokeStatic(java.lang.Object)'> (0x000000008d6142c0) 
thrown [s\open\src\hotspot\share\interpreter\linkResolver.cpp, line 805]
Event: 15.401 Thread 0x0000018e1fda07a0 Exception <a 'java/lang/NoSuchMethodError'{0x000000008d61c228}: 'int java.lang.invoke.DirectMethodHandle$Holder.invokeStaticInit(java.lang.Object)'> (0x000000008d61c228) 
thrown [s\open\src\hotspot\share\interpreter\linkResolver.cpp, line 805]
Event: 15.443 Thread 0x0000018e1fda07a0 Exception <a 'java/lang/NoSuchMethodError'{0x000000008d562ab0}: 'java.lang.Object java.lang.invoke.DirectMethodHandle$Holder.invokeStatic(java.lang.Object, java.lang.Object, int, java.lang.Object)'> (0x000000008d562ab0) 
thrown [s\open\src\hotspot\share\interpreter\linkResolver.cpp, line 805]
Event: 15.546 Thread 0x0000018e1fda07a0 Exception <a 'java/lang/NoSuchMethodError'{0x000000008d31c550}: 'java.lang.Object java.lang.invoke.DirectMethodHandle$Holder.invokeStatic(java.lang.Object, int, java.lang.Object)'> (0x000000008d31c550) 
thrown [s\open\src\hotspot\share\interpreter\linkResolver.cpp, line 805]
Event: 21.441 Thread 0x0000018e1fda1d90 Exception <a 'java/lang/NoSuchMethodError'{0x000000008da1c288}: 'void java.lang.invoke.DirectMethodHandle$Holder.invokeStatic(java.lang.Object, int, java.lang.Object, java.lang.Object, java.lang.Object)'> (0x000000008da1c288) 
thrown [s\open\src\hotspot\share\interpreter\linkResolver.cpp, line 805]
Event: 21.442 Thread 0x0000018dd9bc0950 Exception <a 'java/lang/NoSuchMethodError'{0x000000008da9cf80}: 'java.lang.Object java.lang.invoke.DirectMethodHandle$Holder.newInvokeSpecial(java.lang.Object, int, java.lang.Object, java.lang.Object)'> (0x000000008da9cf80) 
thrown [s\open\src\hotspot\share\interpreter\linkResolver.cpp, line 805]
Event: 21.442 Thread 0x0000018e1fda0050 Exception <a 'java/lang/NoSuchMethodError'{0x000000008da93fb8}: 'java.lang.Object java.lang.invoke.DirectMethodHandle$Holder.newInvokeSpecial(java.lang.Object, int, java.lang.Object, java.lang.Object)'> (0x000000008da93fb8) 
thrown [s\open\src\hotspot\share\interpreter\linkResolver.cpp, line 805]
Event: 21.443 Thread 0x0000018dd9bc0950 Exception <a 'java/lang/NoSuchMethodError'{0x000000008dac37b0}: 'java.lang.Object java.lang.invoke.DirectMethodHandle$Holder.invokeSpecial(java.lang.Object, java.lang.Object, int, java.lang.Object, java.lang.Object)'> (0x000000008dac37b0) 
thrown [s\open\src\hotspot\share\interpreter\linkResolver.cpp, line 805]
Event: 21.443 Thread 0x0000018e1fda0050 Exception <a 'java/lang/NoSuchMethodError'{0x000000008daba6f8}: 'java.lang.Object java.lang.invoke.DirectMethodHandle$Holder.invokeSpecial(java.lang.Object, java.lang.Object, int, java.lang.Object, java.lang.Object)'> (0x000000008daba6f8) 
thrown [s\open\src\hotspot\share\interpreter\linkResolver.cpp, line 805]
Event: 21.443 Thread 0x0000018e1fda0050 Exception <a 'java/lang/NoSuchMethodError'{0x000000008dac1f00}: 'java.lang.Object java.lang.invoke.Invokers$Holder.linkToTargetMethod(int, java.lang.Object, java.lang.Object, java.lang.Object)'> (0x000000008dac1f00) 
thrown [s\open\src\hotspot\share\interpreter\linkResolver.cpp, line 805]
Event: 21.489 Thread 0x0000018dd9bc0200 Exception <a 'java/io/IOException'{0x000000008da52920}> (0x000000008da52920) 
thrown [s\open\src\hotspot\share\prims\jni.cpp, line 518]
Event: 22.499 Thread 0x0000018dd9bc0950 Exception <a 'java/net/SocketException'{0x000000008dad3a48}: Connection reset by peer: shutdown> (0x000000008dad3a48) 
thrown [s\open\src\hotspot\share\prims\jni.cpp, line 536]
Event: 23.523 Thread 0x0000018e1fd9dbc0 Exception <a 'java/io/IOException'{0x000000008d8a85b8}> (0x000000008d8a85b8) 
thrown [s\open\src\hotspot\share\prims\jni.cpp, line 518]
Event: 24.535 Thread 0x0000018e1fda0ef0 Exception <a 'java/io/IOException'{0x000000008d517be8}> (0x000000008d517be8) 
thrown [s\open\src\hotspot\share\prims\jni.cpp, line 518]

VM Operations (20 events):
Event: 1.504 Executing VM operation: HandshakeAllThreads (Deoptimize)
Event: 1.504 Executing VM operation: HandshakeAllThreads (Deoptimize) done
Event: 1.606 Executing VM operation: HandshakeAllThreads (Deoptimize)
Event: 1.606 Executing VM operation: HandshakeAllThreads (Deoptimize) done
Event: 1.859 Executing VM operation: HandshakeAllThreads (Deoptimize)
Event: 1.859 Executing VM operation: HandshakeAllThreads (Deoptimize) done
Event: 2.073 Executing VM operation: HandshakeAllThreads (Deoptimize)
Event: 2.073 Executing VM operation: HandshakeAllThreads (Deoptimize) done
Event: 2.238 Executing VM operation: HandshakeAllThreads (Deoptimize)
Event: 2.238 Executing VM operation: HandshakeAllThreads (Deoptimize) done
Event: 2.288 Executing VM operation: HandshakeAllThreads (Deoptimize)
Event: 2.288 Executing VM operation: HandshakeAllThreads (Deoptimize) done
Event: 15.169 Executing VM operation: G1CollectForAllocation (G1 Evacuation Pause)
Event: 15.190 Executing VM operation: G1CollectForAllocation (G1 Evacuation Pause) done
Event: 15.606 Executing VM operation: HandshakeAllThreads (Deoptimize)
Event: 15.606 Executing VM operation: HandshakeAllThreads (Deoptimize) done
Event: 21.272 Executing VM operation: G1CollectForAllocation (G1 Evacuation Pause)
Event: 21.286 Executing VM operation: G1CollectForAllocation (G1 Evacuation Pause) done
Event: 24.554 Executing VM operation: G1CollectForAllocation (G1 Evacuation Pause)
Event: 24.560 Executing VM operation: G1CollectForAllocation (G1 Evacuation Pause) done

Memory protections (0 events):
No events

Nmethod flushes (0 events):
No events

Events (20 events):
Event: 21.385 Thread 0x0000018dd9a62e20 Thread added: 0x0000018dd9bf29d0
Event: 21.414 Thread 0x0000018dd9bc1f40 Thread added: 0x0000018e21ac8c50
Event: 21.414 Thread 0x0000018dd9bc17f0 Thread added: 0x0000018e21ac93a0
Event: 21.414 Thread 0x0000018dd9bbec10 Thread added: 0x0000018e21ac9af0
Event: 21.414 Thread 0x0000018dd9bbf360 Thread added: 0x0000018e21aca240
Event: 21.414 Thread 0x0000018dd9bc1f40 Thread added: 0x0000018e21ac7660
Event: 21.414 Thread 0x0000018dd9bbfab0 Thread added: 0x0000018e21ac6f10
Event: 21.414 Thread 0x0000018e21aca240 Thread added: 0x0000018e21acb830
Event: 21.415 Thread 0x0000018dd9bc17f0 Thread added: 0x0000018e21acdcc0
Event: 21.415 Thread 0x0000018dd9bbec10 Thread added: 0x0000018e21acc6d0
Event: 21.415 Thread 0x0000018dd9bbf360 Thread added: 0x0000018e21acbf80
Event: 21.415 Thread 0x0000018e21ac8c50 Thread added: 0x0000018e21acce20
Event: 21.415 Thread 0x0000018dd9bbfab0 Thread added: 0x0000018e21acd570
Event: 21.415 Thread 0x0000018dd9bc10a0 Thread added: 0x0000018e21aca990
Event: 21.415 Thread 0x0000018e21ac9af0 Thread added: 0x0000018e21ace410
Event: 21.416 Thread 0x0000018e21ac93a0 Thread added: 0x0000018e21acb0e0
Event: 21.416 Thread 0x0000018e21ac6f10 Thread added: 0x0000018e21402730
Event: 21.416 Thread 0x0000018e21acb830 Thread added: 0x0000018e21401fe0
Event: 22.452 Thread 0x0000018e1fd9dbc0 Thread added: 0x0000018e214009f0
Event: 22.500 Thread 0x0000018e1fda0ef0 Thread added: 0x0000018e213ff400


Dynamic libraries:
0x00007ff7b65f0000 - 0x00007ff7b65fe000 	C:\Users\cesarr\.jdks\openjdk-24.0.2\bin\java.exe
0x00007ffcbd960000 - 0x00007ffcbdbc9000 	C:\WINDOWS\SYSTEM32\ntdll.dll
0x00007ffcbd850000 - 0x00007ffcbd919000 	C:\WINDOWS\System32\KERNEL32.DLL
0x00007ffcbaaf0000 - 0x00007ffcbaee3000 	C:\WINDOWS\System32\KERNELBASE.dll
0x00007ffcbb5e0000 - 0x00007ffcbb72b000 	C:\WINDOWS\System32\ucrtbase.dll
0x00007ffcabed0000 - 0x00007ffcabee6000 	C:\Users\cesarr\.jdks\openjdk-24.0.2\bin\jli.dll
0x00007ffc9cc90000 - 0x00007ffc9ccab000 	C:\Users\cesarr\.jdks\openjdk-24.0.2\bin\VCRUNTIME140.dll
0x00007ffcbd680000 - 0x00007ffcbd844000 	C:\WINDOWS\System32\USER32.dll
0x00007ffca0580000 - 0x00007ffca0813000 	C:\WINDOWS\WinSxS\amd64_microsoft.windows.common-controls_6595b64144ccf1df_6.0.26100.5074_none_3e0d6f78e32fd63f\COMCTL32.dll
0x00007ffcbafa0000 - 0x00007ffcbafc7000 	C:\WINDOWS\System32\win32u.dll
0x00007ffcbba90000 - 0x00007ffcbbabb000 	C:\WINDOWS\System32\GDI32.dll
0x00007ffcbb9a0000 - 0x00007ffcbba49000 	C:\WINDOWS\System32\msvcrt.dll
0x00007ffcbb280000 - 0x00007ffcbb3ad000 	C:\WINDOWS\System32\gdi32full.dll
0x00007ffcbaef0000 - 0x00007ffcbaf93000 	C:\WINDOWS\System32\msvcp_win.dll
0x00007ffcbba50000 - 0x00007ffcbba7f000 	C:\WINDOWS\System32\IMM32.DLL
0x00007ffc92cc0000 - 0x00007ffc92db2000 	C:\Program Files\Windhawk\Engine\1.6.1\64\windhawk.dll
0x00007ffcbc3f0000 - 0x00007ffcbc4a4000 	C:\WINDOWS\System32\ADVAPI32.dll
0x00007ffcbc530000 - 0x00007ffcbc5d6000 	C:\WINDOWS\System32\sechost.dll
0x00007ffcbbad0000 - 0x00007ffcbbbe8000 	C:\WINDOWS\System32\RPCRT4.dll
0x00007ffc9e8e0000 - 0x00007ffc9e8ec000 	C:\Users\cesarr\.jdks\openjdk-24.0.2\bin\vcruntime140_1.dll
0x00007ffc316e0000 - 0x00007ffc3176e000 	C:\Users\cesarr\.jdks\openjdk-24.0.2\bin\msvcp140.dll
0x00007ffbea8d0000 - 0x00007ffbeb671000 	C:\Users\cesarr\.jdks\openjdk-24.0.2\bin\server\jvm.dll
0x00007ffcbc5e0000 - 0x00007ffcbc654000 	C:\WINDOWS\System32\WS2_32.dll
0x00007ffcb1b10000 - 0x00007ffcb1b1b000 	C:\WINDOWS\SYSTEM32\VERSION.dll
0x00007ffcba950000 - 0x00007ffcba9ae000 	C:\WINDOWS\SYSTEM32\POWRPROF.dll
0x00007ffcaceb0000 - 0x00007ffcacee5000 	C:\WINDOWS\SYSTEM32\WINMM.dll
0x00007ffcba930000 - 0x00007ffcba944000 	C:\WINDOWS\SYSTEM32\UMPDC.dll
0x00007ffcb98d0000 - 0x00007ffcb98eb000 	C:\WINDOWS\SYSTEM32\kernel.appcore.dll
0x00007ffc94ba0000 - 0x00007ffc94baa000 	C:\Users\cesarr\.jdks\openjdk-24.0.2\bin\jimage.dll
0x00007ffcac130000 - 0x00007ffcac372000 	C:\WINDOWS\SYSTEM32\DBGHELP.DLL
0x00007ffcbbbf0000 - 0x00007ffcbbf6b000 	C:\WINDOWS\System32\combase.dll
0x00007ffcbb870000 - 0x00007ffcbb947000 	C:\WINDOWS\System32\OLEAUT32.dll
0x00007ffc97730000 - 0x00007ffc9776d000 	C:\WINDOWS\SYSTEM32\dbgcore.DLL
0x00007ffcbafd0000 - 0x00007ffcbb069000 	C:\WINDOWS\System32\bcryptPrimitives.dll
0x00007ffc94b90000 - 0x00007ffc94b9f000 	C:\Users\cesarr\.jdks\openjdk-24.0.2\bin\instrument.dll
0x00007ffc72c90000 - 0x00007ffc72cae000 	C:\Users\cesarr\.jdks\openjdk-24.0.2\bin\java.dll
0x00007ffcbc250000 - 0x00007ffcbc3e8000 	C:\WINDOWS\System32\ole32.dll
0x00007ffcbcd90000 - 0x00007ffcbd4dd000 	C:\WINDOWS\System32\SHELL32.dll
0x00007ffcbb470000 - 0x00007ffcbb5dc000 	C:\WINDOWS\System32\wintypes.dll
0x00007ffcb8750000 - 0x00007ffcb8fa9000 	C:\WINDOWS\SYSTEM32\windows.storage.dll
0x00007ffcbd4e0000 - 0x00007ffcbd5d0000 	C:\WINDOWS\System32\SHCORE.dll
0x00007ffcbc150000 - 0x00007ffcbc1b2000 	C:\WINDOWS\System32\shlwapi.dll
0x00007ffcbaa10000 - 0x00007ffcbaa39000 	C:\WINDOWS\SYSTEM32\profapi.dll
0x00007ffc30200000 - 0x00007ffc302d7000 	C:\Users\cesarr\.jdks\openjdk-24.0.2\bin\jsvml.dll
0x00007ffc6e2d0000 - 0x00007ffc6e2e7000 	C:\Users\cesarr\.jdks\openjdk-24.0.2\bin\zip.dll
0x00007ffc738a0000 - 0x00007ffc738b0000 	C:\Users\cesarr\.jdks\openjdk-24.0.2\bin\net.dll
0x00007ffcb9e50000 - 0x00007ffcb9ebb000 	C:\WINDOWS\system32\mswsock.dll
0x00007ffc6d260000 - 0x00007ffc6d276000 	C:\Users\cesarr\.jdks\openjdk-24.0.2\bin\nio.dll
0x00007ffc6d190000 - 0x00007ffc6d199000 	C:\Users\cesarr\.jdks\openjdk-24.0.2\bin\extnet.dll
0x00007ffcb93c0000 - 0x00007ffcb94e6000 	C:\WINDOWS\SYSTEM32\DNSAPI.dll
0x00007ffcb9320000 - 0x00007ffcb9354000 	C:\WINDOWS\SYSTEM32\IPHLPAPI.DLL
0x00007ffcbb730000 - 0x00007ffcbb73a000 	C:\WINDOWS\System32\NSI.dll
0x00007ffcb2bb0000 - 0x00007ffcb2bbb000 	C:\Windows\System32\rasadhlp.dll
0x00007ffcb48a0000 - 0x00007ffcb4926000 	C:\WINDOWS\System32\fwpuclnt.dll
0x00007ffc6d200000 - 0x00007ffc6d20a000 	C:\Users\cesarr\.jdks\openjdk-24.0.2\bin\management.dll
0x00007ffc6d1f0000 - 0x00007ffc6d1fb000 	C:\Users\cesarr\.jdks\openjdk-24.0.2\bin\management_ext.dll
0x00007ffcbd5e0000 - 0x00007ffcbd5e8000 	C:\WINDOWS\System32\PSAPI.DLL
0x00007ffcba0f0000 - 0x00007ffcba10b000 	C:\WINDOWS\SYSTEM32\CRYPTSP.dll
0x00007ffcb9830000 - 0x00007ffcb986b000 	C:\WINDOWS\system32\rsaenh.dll
0x00007ffcb9ef0000 - 0x00007ffcb9f1b000 	C:\WINDOWS\SYSTEM32\USERENV.dll
0x00007ffcba9e0000 - 0x00007ffcbaa06000 	C:\WINDOWS\SYSTEM32\bcrypt.dll
0x00007ffcba110000 - 0x00007ffcba11c000 	C:\WINDOWS\SYSTEM32\CRYPTBASE.dll
0x00007ffc8ff80000 - 0x00007ffc8ff98000 	C:\WINDOWS\system32\napinsp.dll
0x00007ffc8ff60000 - 0x00007ffc8ff72000 	C:\WINDOWS\System32\winrnr.dll
0x00007ffc8ff30000 - 0x00007ffc8ff58000 	C:\WINDOWS\system32\nlansp_c.dll
0x00007ffcb2ad0000 - 0x00007ffcb2ae6000 	C:\WINDOWS\system32\wshbth.dll
0x00007ffcb5b80000 - 0x00007ffcb5bd6000 	C:\WINDOWS\SYSTEM32\pdh.dll
0x00007ffcb2750000 - 0x00007ffcb2762000 	C:\WINDOWS\System32\perfproc.dll
0x00007ffc8b7c0000 - 0x00007ffc8b7d1000 	C:\WINDOWS\System32\perfos.dll
0x00007ffcb8fd0000 - 0x00007ffcb8fe2000 	C:\WINDOWS\SYSTEM32\pfclient.dll
0x00007ffc6d050000 - 0x00007ffc6d05e000 	C:\Users\cesarr\.jdks\openjdk-24.0.2\bin\sunmscapi.dll
0x00007ffcbb070000 - 0x00007ffcbb1e7000 	C:\WINDOWS\System32\CRYPT32.dll
0x00007ffcba310000 - 0x00007ffcba340000 	C:\WINDOWS\SYSTEM32\ncrypt.dll
0x00007ffcba2c0000 - 0x00007ffcba2ff000 	C:\WINDOWS\SYSTEM32\NTASN1.dll
0x00007ffbf47e0000 - 0x00007ffbf47e8000 	C:\WINDOWS\system32\wshunix.dll

JVMTI agents:
C:\Program Files\JetBrains\IntelliJ IDEA 2025.1.1.1\lib\idea_rt.jar path:C:\Users\cesarr\.jdks\openjdk-24.0.2\bin\instrument.dll, loaded, initialized, instrumentlib options:58912

dbghelp: loaded successfully - version: 4.0.5 - missing functions: none
symbol engine: initialized successfully - sym options: 0x614 - pdb path: .;C:\Users\cesarr\.jdks\openjdk-24.0.2\bin;C:\WINDOWS\SYSTEM32;C:\WINDOWS\WinSxS\amd64_microsoft.windows.common-controls_6595b64144ccf1df_6.0.26100.5074_none_3e0d6f78e32fd63f;C:\Program Files\Windhawk\Engine\1.6.1\64;C:\Users\cesarr\.jdks\openjdk-24.0.2\bin\server

VM Arguments:
jvm_args: -Dio.ktor.development=true -javaagent:C:\Program Files\JetBrains\IntelliJ IDEA 2025.1.1.1\lib\idea_rt.jar=58912 -Dfile.encoding=UTF-8 -Dsun.stdout.encoding=UTF-8 -Dsun.stderr.encoding=UTF-8 
java_command: io.ktor.server.netty.EngineMain
java_class_path (initial): C:\Users\cesarr\Downloads\BIODEXXX\API poryect\build\classes\kotlin\main;C:\Users\cesarr\Downloads\BIODEXXX\API poryect\build\resources\main;C:\Users\cesarr\.gradle\caches\modules-2\files-2.1\org.jetbrains.exposed\exposed-jdbc\0.51.0\57ed99f3bc66a2c1a478c045425c4040fdfb7783\exposed-jdbc-0.51.0.jar;C:\Users\cesarr\.gradle\caches\modules-2\files-2.1\org.jetbrains.exposed\exposed-kotlin-datetime\0.51.0\38642e168631d026cea4856bba5037ab944b0a5e\exposed-kotlin-datetime-0.51.0.jar;C:\Users\cesarr\.gradle\caches\modules-2\files-2.1\org.jetbrains.exposed\exposed-core\0.51.0\aed8a695d3977756f41c0f0e2b21f789f3cd037c\exposed-core-0.51.0.jar;C:\Users\cesarr\.gradle\caches\modules-2\files-2.1\org.jetbrains.kotlin\kotlin-stdlib\2.2.20\5380b19fa1924399b62ce3a1faffebb2b4f82272\kotlin-stdlib-2.2.20.jar;C:\Users\cesarr\.gradle\caches\modules-2\files-2.1\ch.qos.logback\logback-classic\1.4.14\d98bc162275134cdf1518774da4a2a17ef6fb94d\logback-classic-1.4.14.jar;C:\Users\cesarr\.gradle\caches\modules-2\files-2.1\org.postgresql\postgresql\42.7.3\24f3e9f7231428cd20eb4dde00dd3fce44e05464\postgresql-42.7.3.jar;C:\Users\cesarr\.gradle\caches\modules-2\files-2.1\com.zaxxer\HikariCP\5.1.0\8c96e36c14461fc436bb02b264b96ef3ca5dca8c\HikariCP-5.1.0.jar;C:\Users\cesarr\.gradle\caches\modules-2\files-2.1\org.jetbrains.kotlinx\kotlinx-datetime-jvm\0.6.2\f177b43ce53f69151797206ce762b36199692474\kotlinx-datetime-jvm-0.6.2.jar;C:\Users\cesarr\.gradle\caches\modules-2\files-2.1\org.jetbrains.kotlin\kotlin-reflect\2.2.10\98d0ca9819d98cb3aa5c0a25793830b6659feee2\kotlin-reflect-2.2.10.jar;C:\Users\cesarr\.gradle\caches\modules-2\files-2.1\org.slf4j\slf4j-api\2.0.17\d9e58ac9c7779ba3bf8142aff6c830617a7fe60f\slf4j-api-2.0.17.jar;C:\Users\cesarr\.gradle\caches\modules-2\files-2.1\io.ktor\ktor-server-call-logging-jvm\3.3.0\8e0dbe304cd6b3368cd0d9f8fc0093bfff395e9c\ktor-server-call-logging-jvm-3.3.0.jar;C:\Users\cesarr\.gradle\caches\modules-2\files-2.1\io.ktor\ktor-server-config-yaml-jvm\3.3.0\5cc02bc286904675b7daaec67e2706df1ac737fe\ktor-server-config-yaml-jvm-3.3.0.jar;C:\Users\cesarr\.gradle\caches\modules-2\files-2.1\io.ktor\ktor-server-content-negotiation-jvm\3.3.0\b723d9ce385455716c6c403ed3a93aac6838a1fd\ktor-server-content-negotiation-jvm-3.3.0.jar;C:\Users\cesarr\.gradle\caches\modules-2\files-2.1\io.ktor\ktor-server-cors-jvm\3.3.0\b25bfd761405e43dbe3372db16f494d366588141\ktor-server-cors-jvm-3.3.0.jar;C:\Users\cesarr\.gradle\caches\modules-2\files-2.1\io.ktor\ktor-server-default-headers-jvm\3.3.0\baec91f9eefc3a11964dcc62ae70b1716d7c784f\ktor-server-default-headers-jvm-3.3.0.jar;C:\Users\cesarr\.gradle\caches\modules-2\files-2.1\io.ktor\ktor-server-netty-jvm\3.3.0\3b54f1a0d37fbe1571c2ec8358416d0cc5e7e9b3\ktor-server-netty-jvm-3.3.0.jar;C:\Users\cesarr\.gradle\caches\modules-2\files-2.1\io.ktor\ktor-server-sessions-jvm\3.3.0\ad43fb51bf677d7780dbe9356bad32a4c1f0617f\ktor-server-sessions-jvm-3.3.0.jar;C:\Users\cesarr\.gradle\caches\modules-2\files-2.1\io.ktor\ktor-server-core-jvm\3.3.0\a75887ca2a0b32ddec0351f889517f74fee2143d\ktor-server-core-jvm-3.3.0.jar;C:\Users\cesarr\.gradle\caches\modules-2\files-2.1\io.ktor\ktor-serialization-kotlinx-json-jvm\3.3.0\8d1c7508fef56af92e6f3987e4df926ae322ac5b\ktor-serialization-kotlinx-json-jvm-3.3.0.jar;C:\Users\cesarr\.gradle\caches\modules-2\files-2.1\io.ktor\ktor-io-jvm\3.3.0\46a30b23c1138234d63d4e7e6531dc1dd0055228\ktor-io-jvm-3.3.0.jar;C:\Users\cesarr\.gradle\caches\modules-2\files-2.1\org.jetbrains.kotlinx\kotlinx-io-core-jvm\0.8.0\358a9f2ba2dc81c5dc84c3d1853f6e5efba63be1\kotlinx-io-core-jvm-0.8.0.jar;C:\Users\cesarr\.gradle\caches\modules-2\files-2.1\org.jetbrains\annotations\23.0.0\8cc20c07506ec18e0834947b84a864bfc094484e\annotations-23.0.0.jar;C:\Users\cesarr\.gradle\caches\modules-2\files-2.1\ch.qos.logback\logback-core\1.4.14\4d3c2248219ac0effeb380ed4c5280a80bf395e8\logback-core-1.4.14.jar;C:\Users\cesarr\.gradle\caches\modules-2\files-2.1\org.jetbrains.kotlinx\kotlinx-coroutines-core-jvm\1.10.2\4a9f78ef49483748e2c129f3d124b8fa249dafbf\kotlinx-coroutines-core-jvm-1.10.2.jar;C:\Users\cesarr\.gradle\caches\modules-2\files-2.1\io.netty\netty-codec-http2\4.2.4.Final\b4799709023e809dc85f93c6162b786cf31b4a21\netty-codec-http2-4.2.4.Final.jar;C:\Users\cesarr\.gradle\caches\modules-2\files-2.1\org.eclipse.jetty.alpn\alpn-api\1.1.3.v20160715\a1bf3a937f91b4c953acd13e8c9552347adc2198\alpn-api-1.1.3.v20160715.jar;C:\Users\cesarr\.gradle\caches\modules-2\files-2.1\io.netty\netty-transport-native-kqueue\4.2.4.Final\228625ab1549987b9425158cfd9b2d92d3af20db\netty-transport-native-kqueue-4.2.4.Final.jar;C:\Users\cesarr\.gradle\caches\modules-2\files-2.1\io.netty\netty-transport-native-epoll\4.2.4.Final\42743a42701830a3eb093ea7e84d3d85ed123faf\netty-transport-native-epoll-4.2.4.Final.jar;C:\Users\cesarr\.gradle\caches\modules-2\files-2.1\com.typesafe\config\1.4.4\f19816be89ef80f9106535828ba32fd4cd8e6b77\config-1.4.4.jar;C:\Users\cesarr\.gradle\caches\modules-2\files-2.1\net.mamoe.yamlkt\yamlkt-jvm\0.13.0\9c93e3ef80314d6486f6f9be95db8df6bc728d67\yamlkt-jvm-0.13.0.jar;C:\Users\cesarr\.gradle\caches\modules-2\files-2.1\io.netty\netty-codec-http\4.2.4.Final\4670107b2f6419d21cb7967a680671692f44157\netty-codec-http-4.2.4.Final.jar;C:\Users\cesarr\.gradle\caches\modules-2\files-2.1\io.netty\netty-handler\4.2.4.Final\2743026b7e760647960c40cea3a1e8cadcaca3d3\netty-handler-4.2.4.Final.jar;C:\Users\cesarr\.gradle\caches\modules-2\files-2.1\io.netty\netty-codec-base\4.2.4.Final\1ce749159854c881db5f72f20554b593303d6383\netty-codec-base-4.2.4.Final.jar;C:\Users\cesarr\.gradle\caches\modules-2\files-2.1\io.netty\netty-transport\4.2.4.Final\dcc86deff7735fe678a9159e3ba991cc85a6870b\netty-transport-4.2.4.Final.jar;C:\Users\cesarr\.gradle\caches\modules-2\files-2.1\io.netty\netty-buffer\4.2.4.Final\ddf4e915e4c7bc227dad3166e87e65c7c267489a\netty-buffer-4.2.4.Final.jar;C:\Users\cesarr\.gradle\caches\modules-2\files-2.1\io.netty\netty-common\4.2.4.Final\2ab161f17d7dd66a1c8ac2f180a448c314790abb\netty-common-4.2.4.Final.jar;C:\Users\cesarr\.gradle\caches\modules-2\files-2.1\io.netty\netty-transport-classes-kqueue\4.2.4.Final\b5322502fd275ccda1f57c7f4f0f660ab28818ed\netty-transport-classes-kqueue-4.2.4.Final.jar;C:\Users\cesarr\.gradle\caches\modules-2\files-2.1\io.netty\netty-transport-native-unix-common\4.2.4.Final\8e84d47a372fdc928a50b865380a7198a0946782\netty-transport-native-unix-common-4.2.4.Final.jar;C:\Users\cesarr\.gradle\caches\modules-2\files-2.1\io.netty\netty-transport-classes-epoll\4.2.4.Final\1bcbe4f5b2bec41c5cf04efa9074a0c717882f78\netty-transport-classes-epoll-4.2.4.Final.jar;C:\Users\cesarr\.gradle\caches\modules-2\files-2.1\org.jetbrains.kotlinx\kotlinx-serialization-core-jvm\1.9.0\91448df39c558f7c6147b8bd8db01debe16e0cc1\kotlinx-serialization-core-jvm-1.9.0.jar;C:\Users\cesarr\.gradle\caches\modules-2\files-2.1\org.jetbrains.kotlinx\kotlinx-serialization-json-jvm\1.9.0\aea6f7d49fe5c458f8963ee6d4bdaf4a459ab3e7\kotlinx-serialization-json-jvm-1.9.0.jar;C:\Users\cesarr\.gradle\caches\modules-2\files-2.1\io.ktor\ktor-http-cio-jvm\3.3.0\5107799ea75211704419342661cb4552e3fa74f7\ktor-http-cio-jvm-3.3.0.jar;C:\Users\cesarr\.gradle\caches\modules-2\files-2.1\io.ktor\ktor-serialization-jvm\3.3.0\e56aab7a830a5e1b890aa8dd0a0f7b603552880\ktor-serialization-jvm-3.3.0.jar;C:\Users\cesarr\.gradle\caches\modules-2\files-2.1\io.ktor\ktor-websockets-jvm\3.3.0\10743663e919fe33527367d3e43b940ae434aef1\ktor-websockets-jvm-3.3.0.jar;C:\Users\cesarr\.gradle\caches\modules-2\files-2.1\io.ktor\ktor-http-jvm\3.3.0\8a42afc0f195c1be521ad91aa41055021fa3b94b\ktor-http-jvm-3.3.0.jar;C:\Users\cesarr\.gradle\caches\modules-2\files-2.1\io.ktor\ktor-events-jvm\3.3.0\c8a50b2be72062ba419638034f9159ce8122cad\ktor-events-jvm-3.3.0.jar;C:\Users\cesarr\.gradle\caches\modules-2\files-2.1\io.ktor\ktor-utils-jvm\3.3.0\2e8d26ef0c392e07b63460009776df0e7fea653e\ktor-utils-jvm-3.3.0.jar;C:\Users\cesarr\.gradle\caches\modules-2\files-2.1\io.ktor\ktor-serialization-kotlinx-jvm\3.3.0\f62c2f4f39c3fcddd790dccd3ae11005709e0cee\ktor-serialization-kotlinx-jvm-3.3.0.jar;C:\Users\cesarr\.gradle\caches\modules-2\files-2.1\org.jetbrains.kotlinx\kotlinx-serialization-json-io-jvm\1.9.0\3a371942a591532d0d9245ca6787ee677853bebd\kotlinx-serialization-json-io-jvm-1.9.0.jar;C:\Users\cesarr\.gradle\caches\modules-2\files-2.1\org.jetbrains.kotlinx\kotlinx-io-bytestring-jvm\0.8.0\89c5399596250e71f2bba6d2415972a078a525c7\kotlinx-io-bytestring-jvm-0.8.0.jar;C:\Users\cesarr\.gradle\caches\modules-2\files-2.1\org.jetbrains.kotlin\kotlin-stdlib-jdk8\1.8.0\ed04f49e186a116753ad70d34f0ac2925d1d8020\kotlin-stdlib-jdk8-1.8.0.jar;C:\Users\cesarr\.gradle\caches\modules-2\files-2.1\io.netty\netty-codec-compression\4.2.4.Final\1ee714313d5a4828a9a5e91ef7b286b0ae70432d\netty-codec-compression-4.2.4.Final.jar;C:\Users\cesarr\.gradle\caches\modules-2\files-2.1\io.netty\netty-resolver\4.2.4.Final\d6104fe65ef3411f07f664220e58396cdfc64cc8\netty-resolver-4.2.4.Final.jar;C:\Users\cesarr\.gradle\caches\modules-2\files-2.1\org.jetbrains.kotlin\kotlin-stdlib-jdk7\1.8.0\3c91271347f678c239607abb676d4032a7898427\kotlin-stdlib-jdk7-1.8.0.jar;C:\Users\cesarr\.gradle\caches\modules-2\files-2.1\io.ktor\ktor-network-jvm\3.3.0\eeddf5465e4e0d4265a73b35da4d71bbe3a1d73e\ktor-network-jvm-3.3.0.jar;C:\Users\cesarr\.gradle\caches\modules-2\files-2.1\org.checkerframework\checker-qual\3.42.0\638ec33f363a94d41a4f03c3e7d3dcfba64e402d\checker-qual-3.42.0.jar;C:\Users\cesarr\.gradle\caches\modules-2\files-2.1\org.jetbrains.kotlinx\kotlinx-coroutines-slf4j\1.10.2\1271f9d4a929150bb87ab8d1dc1e86d4bcf039f3\kotlinx-coroutines-slf4j-1.10.2.jar;C:\Users\cesarr\.gradle\caches\modules-2\files-2.1\org.fusesource.jansi\jansi\2.4.2\ba7387c31622c6650b83edba1bbb115f1fe462ba\jansi-2.4.2.jar;C:\Users\cesarr\.gradle\caches\modules-2\files-2.1\com.charleskorn.kaml\kaml-jvm\0.79.0\77fee41e34be3cbf6b096d48b739a6c9fe8d3ee8\kaml-jvm-0.79.0.jar;C:\Users\cesarr\.gradle\caches\modules-2\files-2.1\it.krzeminski\snakeyaml-engine-kmp-jvm\3.1.1\542190d973fb66f3568fbcec1a3a8210e2f705dc\snakeyaml-engine-kmp-jvm-3.1.1.jar;C:\Users\cesarr\.gradle\caches\modules-2\files-2.1\com.squareup.okio\okio-jvm\3.12.0\a03d717896d3058293f60e71a0459d6813fbbae6\okio-jvm-3.12.0.jar;C:\Users\cesarr\.gradle\caches\modules-2\files-2.1\net.thauvin.erik.urlencoder\urlencoder-lib-jvm\1.6.0\6b922dd3ff960b08873c10395545e08355e250c9\urlencoder-lib-jvm-1.6.0.jar
Launcher Type: SUN_STANDARD

[Global flags]
     intx CICompilerCount                          = 4                                         {product} {ergonomic}
     uint ConcGCThreads                            = 3                                         {product} {ergonomic}
     uint G1ConcRefinementThreads                  = 10                                        {product} {ergonomic}
   size_t G1HeapRegionSize                         = 1048576                                   {product} {ergonomic}
   size_t InitialHeapSize                          = 123731968                                 {product} {ergonomic}
   size_t MarkStackSize                            = 4194304                                   {product} {ergonomic}
   size_t MarkStackSizeMax                         = 536870912                                 {product} {ergonomic}
   size_t MaxHeapSize                              = 1950351360                                {product} {ergonomic}
   size_t MaxNewSize                               = 1170210816                                {product} {ergonomic}
   size_t MinHeapDeltaBytes                        = 1048576                                   {product} {ergonomic}
   size_t MinHeapSize                              = 8388608                                   {product} {ergonomic}
    uintx NonNMethodCodeHeapSize                   = 5832704                                {pd product} {ergonomic}
    uintx NonProfiledCodeHeapSize                  = 122945536                              {pd product} {ergonomic}
    uintx ProfiledCodeHeapSize                     = 122880000                              {pd product} {ergonomic}
    uintx ReservedCodeCacheSize                    = 251658240                              {pd product} {ergonomic}
     bool SegmentedCodeCache                       = true                                      {product} {ergonomic}
   size_t SoftMaxHeapSize                          = 1950351360                             {manageable} {ergonomic}
     bool UseCompressedOops                        = true                           {product lp64_product} {ergonomic}
     bool UseG1GC                                  = true                                      {product} {ergonomic}
     bool UseLargePagesIndividualAllocation        = false                                  {pd product} {ergonomic}

Logging:
Log output configuration:
 #0: stdout all=warning uptime,level,tags foldmultilines=false
 #1: stderr all=off uptime,level,tags foldmultilines=false

Environment Variables:
PATH=C:\Users\cesarr\AppData\Local\Programs\Python\Python313\Scripts\;C:\Users\cesarr\AppData\Local\Programs\Python\Python313\;C:\windows\system32;C:\windows;C:\windows\System32\Wbem;C:\windows\System32\WindowsPowerShell\v1.0\;C:\windows\System32\OpenSSH\;C:\Program Files (x86)\NVIDIA Corporation\PhysX\Common;C:\Program Files\NVIDIA Corporation\NVIDIA NvDLISR;C:\Users\Administrator\AppData\Local\Microsoft\WindowsApps;C:\Program Files\HP\OMEN-Broadcast\Common;C:\Program Files\PuTTY\;C:\WINDOWS\system32;C:\WINDOWS;C:\WINDOWS\System32\Wbem;C:\WINDOWS\System32\WindowsPowerShell\v1.0\;C:\WINDOWS\System32\OpenSSH\;C:\Program Files\Git\cmd;C:\Program Files\nodejs\;C:\ProgramData\chocolatey\bin;C:\Users\cesarr\AppData\Local\Programs\Eclipse Adoptium\jdk-21.0.7.6-hotspot\bin;C:\Users\cesarr\AppData\Local\Microsoft\WindowsApps;C:\Users\cesarr\AppData\Local\Programs\Microsoft VS Code\bin;C:\ruta\completa\hasta\bin;C:\Users\cesarr\Downloads\x86_64-8.1.0-release-posix-seh-rt_v6-rev0\mingw64\bin;C:\Users\cesarr\AppData\Roaming\npm
USERNAME=cesarr
OS=Windows_NT
PROCESSOR_IDENTIFIER=AMD64 Family 25 Model 117 Stepping 2, AuthenticAMD
TMP=C:\Users\cesarr\AppData\Local\Temp
TEMP=C:\Users\cesarr\AppData\Local\Temp




Periodic native trim disabled

---------------  S Y S T E M  ---------------

OS:
 Windows 11 , 64 bit Build 26100 (10.0.26100.5074)
OS uptime: 0 days 23:16 hours
Hyper-V role detected

CPU: total 12 (initial active 12) (12 cores per cpu, 2 threads per core) family 25 model 117 stepping 2 microcode 0xa70520a, cx8, cmov, fxsr, ht, mmx, 3dnowpref, sse, sse2, sse3, ssse3, sse4a, sse4.1, sse4.2, popcnt, lzcnt, tsc, tscinvbit, avx, avx2, aes, erms, clmul, bmi1, bmi2, adx, avx512f, avx512dq, avx512cd, avx512bw, avx512vl, sha, fma, vzeroupper, avx512_vpopcntdq, avx512_vpclmulqdq, avx512_vaes, avx512_vnni, clflush, clflushopt, avx512_vbmi2, avx512_vbmi, hv, rdtscp, rdpid, fsrm, gfni, avx512_bitalg, f16c, cet_ss, avx512_ifma
Processor Information for processor 0
  Max Mhz: 4301, Current Mhz: 3430, Mhz Limit: 4301
Processor Information for processor 1
  Max Mhz: 4301, Current Mhz: 3430, Mhz Limit: 4301
Processor Information for processor 2
  Max Mhz: 4301, Current Mhz: 3430, Mhz Limit: 4301
Processor Information for processor 3
  Max Mhz: 4301, Current Mhz: 3430, Mhz Limit: 4301
Processor Information for processor 4
  Max Mhz: 4301, Current Mhz: 3430, Mhz Limit: 4301
Processor Information for processor 5
  Max Mhz: 4301, Current Mhz: 4301, Mhz Limit: 4301
Processor Information for processor 6
  Max Mhz: 4301, Current Mhz: 3430, Mhz Limit: 4301
Processor Information for processor 7
  Max Mhz: 4301, Current Mhz: 3430, Mhz Limit: 4301
Processor Information for processor 8
  Max Mhz: 4301, Current Mhz: 3430, Mhz Limit: 4301
Processor Information for processor 9
  Max Mhz: 4301, Current Mhz: 4301, Mhz Limit: 4301
Processor Information for processor 10
  Max Mhz: 4301, Current Mhz: 3430, Mhz Limit: 4301
Processor Information for processor 11
  Max Mhz: 4301, Current Mhz: 4301, Mhz Limit: 4301

Memory: 4k page, system-wide physical 7439M (678M free)
TotalPageFile size 29967M (AvailPageFile size 126M)
current process WorkingSet (physical memory assigned to process): 136M, peak: 183M
current process commit charge ("private bytes"): 216M, peak: 265M

vm_info: OpenJDK 64-Bit Server VM (24.0.2+12-54) for windows-amd64 JRE (24.0.2+12-54), built on 2025-07-08T12:10:27Z with MS VC++ 17.6 (VS2022)

END.
