#
# There is insufficient memory for the Java Runtime Environment to continue.
# Native memory allocation (malloc) failed to allocate 1957712 bytes. Error detail: Chunk::new
# Possible reasons:
#   The system is out of physical RAM or swap space
#   This process is running with CompressedOops enabled, and the Java Heap may be blocking the growth of the native heap
# Possible solutions:
#   Reduce memory load on the system
#   Increase physical memory or swap space
#   Check if swap backing store is full
#   Decrease Java heap size (-Xmx/-Xms)
#   Decrease number of Java threads
#   Decrease Java thread stack sizes (-Xss)
#   Set larger code cache with -XX:ReservedCodeCacheSize=
#   JVM is running with Unscaled Compressed Oops mode in which the Java heap is
#     placed in the first 4GB address space. The Java Heap base address is the
#     maximum limit for the native heap growth. Please use -XX:HeapBaseMinAddress
#     to set the Java Heap base and to place the Java Heap above 4GB virtual address.
# This output file may be truncated or incomplete.
#
#  Out of Memory Error (arena.cpp:162), pid=1584, tid=29492
#
# JRE version: OpenJDK Runtime Environment (24.0.2+12) (build 24.0.2+12-54)
# Java VM: OpenJDK 64-Bit Server VM (24.0.2+12-54, mixed mode, sharing, tiered, compressed oops, compressed class ptrs, g1 gc, windows-amd64)
# No core dump will be written. Minidumps are not enabled by default on client versions of Windows
#

---------------  S U M M A R Y ------------

Command Line: org.jetbrains.kotlin.cli.jvm.K2JVMCompiler @C:\Users\cesarr\Downloads\biodex final\API-Biodex\build\20251202_9837310013266580746.compiler.options

Host: AMD Ryzen 5 8645HS w/ Radeon 760M Graphics, 12 cores, 7G,  Windows 11 , 64 bit Build 26100 (10.0.26100.5074)
Time: Tue Dec  2 03:53:43 2025 Hora estándar central (México) elapsed time: 5.619662 seconds (0d 0h 0m 5s)

---------------  T H R E A D  ---------------

Current thread (0x000002e0486b4060):  JavaThread "C2 CompilerThread1" daemon [_thread_in_native, id=29492, stack(0x000000ee7d100000,0x000000ee7d200000) (1024K)]


Current CompileTask:
C2:5619 4060       4       org.jetbrains.kotlin.com.intellij.openapi.util.text.StringUtilRt::equal (120 bytes)

Stack: [0x000000ee7d100000,0x000000ee7d200000]
Native frames: (J=compiled Java code, j=interpreted, Vv=VM code, C=native code)
V  [jvm.dll+0x730829]  (no source info available)
V  [jvm.dll+0x8d9da3]  (no source info available)
V  [jvm.dll+0x8dc28d]  (no source info available)
V  [jvm.dll+0x8dc903]  (no source info available)
V  [jvm.dll+0x2a9f56]  (no source info available)
V  [jvm.dll+0xced7f]  (no source info available)
V  [jvm.dll+0xcefdf]  (no source info available)
V  [jvm.dll+0x154c83]  (no source info available)
V  [jvm.dll+0x73604f]  (no source info available)
V  [jvm.dll+0x26f8dc]  (no source info available)
V  [jvm.dll+0x26e8ff]  (no source info available)
V  [jvm.dll+0x1e9c90]  (no source info available)
V  [jvm.dll+0x27e0cb]  (no source info available)
V  [jvm.dll+0x27c36a]  (no source info available)
V  [jvm.dll+0x42f396]  (no source info available)
V  [jvm.dll+0x87d9eb]  (no source info available)
V  [jvm.dll+0x72ef45]  (no source info available)
C  [ucrtbase.dll+0x37b0]  (no source info available)
C  [KERNEL32.DLL+0x2e8d7]  (no source info available)
C  [ntdll.dll+0x8d9c]  (no source info available)

Lock stack of current Java thread (top to bottom):


---------------  P R O C E S S  ---------------

Threads class SMR info:
_java_thread_list=0x000002e048fe9a30, length=13, elements={
0x000002e04df0e7d0, 0x000002e06d23af30, 0x000002e06d23b670, 0x000002e06d2462f0,
0x000002e06d246e20, 0x000002e06d24d570, 0x000002e06d2561e0, 0x000002e06d262a30,
0x000002e06d26b6f0, 0x000002e04508b630, 0x000002e04508c990, 0x000002e0486b4060,
0x000002e048675a80
}

Java Threads: ( => current thread )
  0x000002e04df0e7d0 JavaThread "main"                              [_thread_in_vm, id=14412, stack(0x000000ee7b400000,0x000000ee7b500000) (1024K)]
  0x000002e06d23af30 JavaThread "Reference Handler"          daemon [_thread_blocked, id=21420, stack(0x000000ee7bc00000,0x000000ee7bd00000) (1024K)]
  0x000002e06d23b670 JavaThread "Finalizer"                  daemon [_thread_blocked, id=6992, stack(0x000000ee7bd00000,0x000000ee7be00000) (1024K)]
  0x000002e06d2462f0 JavaThread "Signal Dispatcher"          daemon [_thread_blocked, id=8372, stack(0x000000ee7be00000,0x000000ee7bf00000) (1024K)]
  0x000002e06d246e20 JavaThread "Attach Listener"            daemon [_thread_blocked, id=21836, stack(0x000000ee7bf00000,0x000000ee7c000000) (1024K)]
  0x000002e06d24d570 JavaThread "Service Thread"             daemon [_thread_blocked, id=12060, stack(0x000000ee7c000000,0x000000ee7c100000) (1024K)]
  0x000002e06d2561e0 JavaThread "Monitor Deflation Thread"   daemon [_thread_blocked, id=22484, stack(0x000000ee7c100000,0x000000ee7c200000) (1024K)]
  0x000002e06d262a30 JavaThread "C2 CompilerThread0"         daemon [_thread_blocked, id=26640, stack(0x000000ee7c200000,0x000000ee7c300000) (1024K)]
  0x000002e06d26b6f0 JavaThread "C1 CompilerThread0"         daemon [_thread_blocked, id=23712, stack(0x000000ee7c300000,0x000000ee7c400000) (1024K)]
  0x000002e04508b630 JavaThread "Notification Thread"        daemon [_thread_blocked, id=6628, stack(0x000000ee7c400000,0x000000ee7c500000) (1024K)]
  0x000002e04508c990 JavaThread "Common-Cleaner"             daemon [_thread_blocked, id=25864, stack(0x000000ee7c500000,0x000000ee7c600000) (1024K)]
=>0x000002e0486b4060 JavaThread "C2 CompilerThread1"         daemon [_thread_in_native, id=29492, stack(0x000000ee7d100000,0x000000ee7d200000) (1024K)]
  0x000002e048675a80 JavaThread "C2 CompilerThread2"         daemon [_thread_blocked, id=22704, stack(0x000000ee7d200000,0x000000ee7d300000) (1024K)]
Total: 13

Other Threads:
  0x000002e06d232480 VMThread "VM Thread"                           [id=27044, stack(0x000000ee7bb00000,0x000000ee7bc00000) (1024K)]
  0x000002e06d220ee0 WatcherThread "VM Periodic Task Thread"        [id=28356, stack(0x000000ee7ba00000,0x000000ee7bb00000) (1024K)]
  0x000002e0503e2bd0 WorkerThread "GC Thread#0"                     [id=28700, stack(0x000000ee7b500000,0x000000ee7b600000) (1024K)]
  0x000002e045f58010 WorkerThread "GC Thread#1"                     [id=20148, stack(0x000000ee7c700000,0x000000ee7c800000) (1024K)]
  0x000002e045f6dd60 WorkerThread "GC Thread#2"                     [id=6904, stack(0x000000ee7c800000,0x000000ee7c900000) (1024K)]
  0x000002e045f6e110 WorkerThread "GC Thread#3"                     [id=16532, stack(0x000000ee7c900000,0x000000ee7ca00000) (1024K)]
  0x000002e045f6e8d0 WorkerThread "GC Thread#4"                     [id=6204, stack(0x000000ee7ca00000,0x000000ee7cb00000) (1024K)]
  0x000002e045f6ec80 WorkerThread "GC Thread#5"                     [id=15172, stack(0x000000ee7cb00000,0x000000ee7cc00000) (1024K)]
  0x000002e0460896c0 WorkerThread "GC Thread#6"                     [id=10904, stack(0x000000ee7cc00000,0x000000ee7cd00000) (1024K)]
  0x000002e0460880a0 WorkerThread "GC Thread#7"                     [id=22488, stack(0x000000ee7cd00000,0x000000ee7ce00000) (1024K)]
  0x000002e046088450 WorkerThread "GC Thread#8"                     [id=372, stack(0x000000ee7ce00000,0x000000ee7cf00000) (1024K)]
  0x000002e046317780 WorkerThread "GC Thread#9"                     [id=15732, stack(0x000000ee7c600000,0x000000ee7c700000) (1024K)]
  0x000002e0503f6c30 ConcurrentGCThread "G1 Main Marker"            [id=29276, stack(0x000000ee7b600000,0x000000ee7b700000) (1024K)]
  0x000002e0503f7740 WorkerThread "G1 Conc#0"                       [id=26012, stack(0x000000ee7b700000,0x000000ee7b800000) (1024K)]
  0x000002e046089310 WorkerThread "G1 Conc#1"                       [id=10252, stack(0x000000ee7cf00000,0x000000ee7d000000) (1024K)]
  0x000002e046088800 WorkerThread "G1 Conc#2"                       [id=6568, stack(0x000000ee7d000000,0x000000ee7d100000) (1024K)]
  0x000002e06d0e39e0 ConcurrentGCThread "G1 Refine#0"               [id=27992, stack(0x000000ee7b800000,0x000000ee7b900000) (1024K)]
  0x000002e06d0e5480 ConcurrentGCThread "G1 Service"                [id=24244, stack(0x000000ee7b900000,0x000000ee7ba00000) (1024K)]
Total: 18

Threads with active compile tasks:
C2 CompilerThread1  5682 4060       4       org.jetbrains.kotlin.com.intellij.openapi.util.text.StringUtilRt::equal (120 bytes)
Total: 1

VM state: not at safepoint (normal execution)

VM Mutex/Monitor currently owned by a thread: None

Heap address: 0x000000008bc00000, size: 1860 MB, Compressed Oops mode: 32-bit

CDS archive(s) mapped at: [0x000002e000000000-0x000002e000d40000-0x000002e000d40000), size 13893632, SharedBaseAddress: 0x000002e000000000, ArchiveRelocationMode: 1.
Compressed class space mapped at: 0x000002e001000000-0x000002e041000000, reserved size: 1073741824
UseCompressedClassPointers 1, UseCompactObjectHeaders 0
Narrow klass pointer bits 32, Max shift 3
Narrow klass base: 0x000002e000000000, Narrow klass shift: 0
Encoding Range: [0x000002e000000000 - 0x000002e100000000), (4294967296 bytes)
Klass Range:    [0x000002e000000000 - 0x000002e041000000), (1090519040 bytes)
Klass ID Range:  [8 - 1090519033) (1090519025)

GC Precious Log:
 CardTable entry size: 512
 Card Set container configuration: InlinePtr #cards 5 size 8 Array Of Cards #cards 10 size 36 Howl #buckets 4 coarsen threshold 1843 Howl Bitmap #cards 512 size 80 coarsen threshold 460 Card regions per heap region 1 cards per card region 2048
 CPUs: 12 total, 12 available
 Memory: 7439M
 Large Page Support: Disabled
 NUMA Support: Disabled
 Compressed Oops: Enabled (32-bit)
 Heap Region Size: 1M
 Heap Min Capacity: 8M
 Heap Initial Capacity: 118M
 Heap Max Capacity: 1860M
 Pre-touch: Disabled
 Parallel Workers: 10
 Concurrent Workers: 3
 Concurrent Refinement Workers: 10
 Periodic GC: Disabled

Heap:
 garbage-first heap   total reserved 1904640K, committed 66560K, used 39351K [0x000000008bc00000, 0x0000000100000000)
  region size 1024K, 14 young (14336K), 3 survivors (3072K)
 Metaspace       used 44230K, committed 44480K, reserved 1114112K
  class space    used 4384K, committed 4480K, reserved 1048576K

Heap Regions: E=young(eden), S=young(survivor), O=old, HS=humongous(starts), HC=humongous(continues), CS=collection set, F=free, TAMS=top-at-mark-start, PB=parsable bottom
|   0|0x000000008bc00000, 0x000000008bd00000, 0x000000008bd00000|100%|HS|  |TAMS 0x000000008bc00000| PB 0x000000008bc00000| Complete |  0
|   1|0x000000008bd00000, 0x000000008be00000, 0x000000008be00000|100%|HC|  |TAMS 0x000000008bd00000| PB 0x000000008bd00000| Complete |  0
|   2|0x000000008be00000, 0x000000008bf00000, 0x000000008bf00000|100%|HC|  |TAMS 0x000000008be00000| PB 0x000000008be00000| Complete |  0
|   3|0x000000008bf00000, 0x000000008c000000, 0x000000008c000000|100%|HC|  |TAMS 0x000000008bf00000| PB 0x000000008bf00000| Complete |  0
|   4|0x000000008c000000, 0x000000008c100000, 0x000000008c100000|100%| O|  |TAMS 0x000000008c000000| PB 0x000000008c000000| Untracked |  0
|   5|0x000000008c100000, 0x000000008c200000, 0x000000008c200000|100%| O|  |TAMS 0x000000008c100000| PB 0x000000008c100000| Untracked |  0
|   6|0x000000008c200000, 0x000000008c300000, 0x000000008c300000|100%| O|  |TAMS 0x000000008c200000| PB 0x000000008c200000| Untracked |  0
|   7|0x000000008c300000, 0x000000008c400000, 0x000000008c400000|100%| O|  |TAMS 0x000000008c300000| PB 0x000000008c300000| Untracked |  0
|   8|0x000000008c400000, 0x000000008c500000, 0x000000008c500000|100%| O|  |TAMS 0x000000008c400000| PB 0x000000008c400000| Untracked |  0
|   9|0x000000008c500000, 0x000000008c500000, 0x000000008c600000|  0%| F|  |TAMS 0x000000008c500000| PB 0x000000008c500000| Untracked |  0
|  10|0x000000008c600000, 0x000000008c700000, 0x000000008c700000|100%| O|  |TAMS 0x000000008c600000| PB 0x000000008c600000| Untracked |  0
|  11|0x000000008c700000, 0x000000008c800000, 0x000000008c800000|100%| O|  |TAMS 0x000000008c700000| PB 0x000000008c700000| Untracked |  0
|  12|0x000000008c800000, 0x000000008c900000, 0x000000008c900000|100%| O|  |TAMS 0x000000008c800000| PB 0x000000008c800000| Untracked |  0
|  13|0x000000008c900000, 0x000000008ca00000, 0x000000008ca00000|100%| O|  |TAMS 0x000000008c900000| PB 0x000000008c900000| Untracked |  0
|  14|0x000000008ca00000, 0x000000008cb00000, 0x000000008cb00000|100%| O|  |TAMS 0x000000008ca00000| PB 0x000000008ca00000| Untracked |  0
|  15|0x000000008cb00000, 0x000000008cc00000, 0x000000008cc00000|100%| O|  |TAMS 0x000000008cb00000| PB 0x000000008cb00000| Untracked |  0
|  16|0x000000008cc00000, 0x000000008cd00000, 0x000000008cd00000|100%| O|  |TAMS 0x000000008cc00000| PB 0x000000008cc00000| Untracked |  0
|  17|0x000000008cd00000, 0x000000008ce00000, 0x000000008ce00000|100%| O|  |TAMS 0x000000008cd00000| PB 0x000000008cd00000| Untracked |  0
|  18|0x000000008ce00000, 0x000000008cf00000, 0x000000008cf00000|100%| O|  |TAMS 0x000000008ce00000| PB 0x000000008ce00000| Untracked |  0
|  19|0x000000008cf00000, 0x000000008d000000, 0x000000008d000000|100%| O|  |TAMS 0x000000008cf00000| PB 0x000000008cf00000| Untracked |  0
|  20|0x000000008d000000, 0x000000008d100000, 0x000000008d100000|100%| O|  |TAMS 0x000000008d000000| PB 0x000000008d000000| Untracked |  0
|  21|0x000000008d100000, 0x000000008d200000, 0x000000008d200000|100%| O|  |TAMS 0x000000008d100000| PB 0x000000008d100000| Untracked |  0
|  22|0x000000008d200000, 0x000000008d300000, 0x000000008d300000|100%| O|  |TAMS 0x000000008d200000| PB 0x000000008d200000| Untracked |  0
|  23|0x000000008d300000, 0x000000008d400000, 0x000000008d400000|100%| O|  |TAMS 0x000000008d300000| PB 0x000000008d300000| Untracked |  0
|  24|0x000000008d400000, 0x000000008d500000, 0x000000008d500000|100%| O|  |TAMS 0x000000008d400000| PB 0x000000008d400000| Untracked |  0
|  25|0x000000008d500000, 0x000000008d600000, 0x000000008d600000|100%| O|  |TAMS 0x000000008d500000| PB 0x000000008d500000| Untracked |  0
|  26|0x000000008d600000, 0x000000008d66dd10, 0x000000008d700000| 42%| O|  |TAMS 0x000000008d600000| PB 0x000000008d600000| Untracked |  0
|  27|0x000000008d700000, 0x000000008d700000, 0x000000008d800000|  0%| F|  |TAMS 0x000000008d700000| PB 0x000000008d700000| Untracked |  0
|  28|0x000000008d800000, 0x000000008d800000, 0x000000008d900000|  0%| F|  |TAMS 0x000000008d800000| PB 0x000000008d800000| Untracked |  0
|  29|0x000000008d900000, 0x000000008da00000, 0x000000008da00000|100%| S|CS|TAMS 0x000000008d900000| PB 0x000000008d900000| Complete |  0
|  30|0x000000008da00000, 0x000000008da00000, 0x000000008db00000|  0%| F|  |TAMS 0x000000008da00000| PB 0x000000008da00000| Untracked |  0
|  31|0x000000008db00000, 0x000000008db00000, 0x000000008dc00000|  0%| F|  |TAMS 0x000000008db00000| PB 0x000000008db00000| Untracked |  0
|  32|0x000000008dc00000, 0x000000008dc00000, 0x000000008dd00000|  0%| F|  |TAMS 0x000000008dc00000| PB 0x000000008dc00000| Untracked |  0
|  33|0x000000008dd00000, 0x000000008de00000, 0x000000008de00000|100%| S|CS|TAMS 0x000000008dd00000| PB 0x000000008dd00000| Complete |  0
|  34|0x000000008de00000, 0x000000008df00000, 0x000000008df00000|100%| S|CS|TAMS 0x000000008de00000| PB 0x000000008de00000| Complete |  0
|  35|0x000000008df00000, 0x000000008df00000, 0x000000008e000000|  0%| F|  |TAMS 0x000000008df00000| PB 0x000000008df00000| Untracked |  0
|  36|0x000000008e000000, 0x000000008e000000, 0x000000008e100000|  0%| F|  |TAMS 0x000000008e000000| PB 0x000000008e000000| Untracked |  0
|  37|0x000000008e100000, 0x000000008e100000, 0x000000008e200000|  0%| F|  |TAMS 0x000000008e100000| PB 0x000000008e100000| Untracked |  0
|  38|0x000000008e200000, 0x000000008e200000, 0x000000008e300000|  0%| F|  |TAMS 0x000000008e200000| PB 0x000000008e200000| Untracked |  0
|  39|0x000000008e300000, 0x000000008e300000, 0x000000008e400000|  0%| F|  |TAMS 0x000000008e300000| PB 0x000000008e300000| Untracked |  0
|  40|0x000000008e400000, 0x000000008e400000, 0x000000008e500000|  0%| F|  |TAMS 0x000000008e400000| PB 0x000000008e400000| Untracked |  0
|  41|0x000000008e500000, 0x000000008e500000, 0x000000008e600000|  0%| F|  |TAMS 0x000000008e500000| PB 0x000000008e500000| Untracked |  0
|  42|0x000000008e600000, 0x000000008e600000, 0x000000008e700000|  0%| F|  |TAMS 0x000000008e600000| PB 0x000000008e600000| Untracked |  0
|  43|0x000000008e700000, 0x000000008e700000, 0x000000008e800000|  0%| F|  |TAMS 0x000000008e700000| PB 0x000000008e700000| Untracked |  0
|  44|0x000000008e800000, 0x000000008e800000, 0x000000008e900000|  0%| F|  |TAMS 0x000000008e800000| PB 0x000000008e800000| Untracked |  0
|  45|0x000000008e900000, 0x000000008e900000, 0x000000008ea00000|  0%| F|  |TAMS 0x000000008e900000| PB 0x000000008e900000| Untracked |  0
|  46|0x000000008ea00000, 0x000000008ea00000, 0x000000008eb00000|  0%| F|  |TAMS 0x000000008ea00000| PB 0x000000008ea00000| Untracked |  0
|  47|0x000000008eb00000, 0x000000008eb00000, 0x000000008ec00000|  0%| F|  |TAMS 0x000000008eb00000| PB 0x000000008eb00000| Untracked |  0
|  48|0x000000008ec00000, 0x000000008ec00000, 0x000000008ed00000|  0%| F|  |TAMS 0x000000008ec00000| PB 0x000000008ec00000| Untracked |  0
|  49|0x000000008ed00000, 0x000000008ed00000, 0x000000008ee00000|  0%| F|  |TAMS 0x000000008ed00000| PB 0x000000008ed00000| Untracked |  0
|  50|0x000000008ee00000, 0x000000008ee00000, 0x000000008ef00000|  0%| F|  |TAMS 0x000000008ee00000| PB 0x000000008ee00000| Untracked |  0
|  51|0x000000008ef00000, 0x000000008ef00000, 0x000000008f000000|  0%| F|  |TAMS 0x000000008ef00000| PB 0x000000008ef00000| Untracked |  0
|  52|0x000000008f000000, 0x000000008f000000, 0x000000008f100000|  0%| F|  |TAMS 0x000000008f000000| PB 0x000000008f000000| Untracked |  0
|  53|0x000000008f100000, 0x000000008f158d68, 0x000000008f200000| 34%| E|  |TAMS 0x000000008f100000| PB 0x000000008f100000| Complete |  0
|  54|0x000000008f200000, 0x000000008f300000, 0x000000008f300000|100%| E|CS|TAMS 0x000000008f200000| PB 0x000000008f200000| Complete |  0
|  55|0x000000008f300000, 0x000000008f400000, 0x000000008f400000|100%| E|CS|TAMS 0x000000008f300000| PB 0x000000008f300000| Complete |  0
|  56|0x000000008f400000, 0x000000008f500000, 0x000000008f500000|100%| E|CS|TAMS 0x000000008f400000| PB 0x000000008f400000| Complete |  0
|  57|0x000000008f500000, 0x000000008f600000, 0x000000008f600000|100%| E|CS|TAMS 0x000000008f500000| PB 0x000000008f500000| Complete |  0
|  58|0x000000008f600000, 0x000000008f700000, 0x000000008f700000|100%| E|CS|TAMS 0x000000008f600000| PB 0x000000008f600000| Complete |  0
|  59|0x000000008f700000, 0x000000008f800000, 0x000000008f800000|100%| E|CS|TAMS 0x000000008f700000| PB 0x000000008f700000| Complete |  0
|  95|0x0000000091b00000, 0x0000000091c00000, 0x0000000091c00000|100%| E|CS|TAMS 0x0000000091b00000| PB 0x0000000091b00000| Complete |  0
|  96|0x0000000091c00000, 0x0000000091d00000, 0x0000000091d00000|100%| E|CS|TAMS 0x0000000091c00000| PB 0x0000000091c00000| Complete |  0
| 117|0x0000000093100000, 0x0000000093200000, 0x0000000093200000|100%| E|CS|TAMS 0x0000000093100000| PB 0x0000000093100000| Complete |  0
|1858|0x00000000ffe00000, 0x00000000fff00000, 0x00000000fff00000|100%| O|  |TAMS 0x00000000ffe00000| PB 0x00000000ffe00000| Untracked |  0
|1859|0x00000000fff00000, 0x0000000100000000, 0x0000000100000000|100%| E|  |TAMS 0x00000000fff00000| PB 0x00000000fff00000| Complete |  0

Card table byte_map: [0x000002e068520000,0x000002e0688d0000] _byte_map_base: 0x000002e0680c2000

Marking Bits: (CMBitMap*) 0x000002e0503e32e0
 Bits: [0x000002e0688d0000, 0x000002e06a5e0000)

Polling page: 0x000002e04e0e0000

Metaspace:

Usage:
  Non-class:     38.94 MB used.
      Class:      4.29 MB used.
       Both:     43.22 MB used.

Virtual space:
  Non-class space:       64.00 MB reserved,      39.12 MB ( 61%) committed,  1 nodes.
      Class space:        1.00 GB reserved,       4.44 MB ( <1%) committed,  1 nodes.
             Both:        1.06 GB reserved,      43.56 MB (  4%) committed. 

Chunk freelists:
   Non-Class:  8.16 MB
       Class:  11.61 MB
        Both:  19.77 MB

MaxMetaspaceSize: unlimited
CompressedClassSpaceSize: 1.00 GB
Initial GC threshold: 21.00 MB
Current GC threshold: 59.00 MB
CDS: on
 - commit_granule_bytes: 65536.
 - commit_granule_words: 8192.
 - virtual_space_node_default_size: 8388608.
 - enlarge_chunks_in_place: 1.
UseCompressedClassPointers 1, UseCompactObjectHeaders 0
Narrow klass pointer bits 32, Max shift 3
Narrow klass base: 0x000002e000000000, Narrow klass shift: 0
Encoding Range: [0x000002e000000000 - 0x000002e100000000), (4294967296 bytes)
Klass Range:    [0x000002e000000000 - 0x000002e041000000), (1090519040 bytes)
Klass ID Range:  [8 - 1090519033) (1090519025)


Internal statistics:

num_allocs_failed_limit: 6.
num_arena_births: 262.
num_arena_deaths: 0.
num_vsnodes_births: 2.
num_vsnodes_deaths: 0.
num_space_committed: 696.
num_space_uncommitted: 0.
num_chunks_returned_to_freelist: 6.
num_chunks_taken_from_freelist: 1730.
num_chunk_merges: 6.
num_chunk_splits: 1434.
num_chunks_enlarged: 1293.
num_inconsistent_stats: 0.

CodeHeap 'non-profiled nmethods': size=120064Kb used=1925Kb max_used=1925Kb free=118138Kb
 bounds [0x000002e0606e0000, 0x000002e060950000, 0x000002e067c20000]
CodeHeap 'profiled nmethods': size=120000Kb used=6625Kb max_used=6625Kb free=113374Kb
 bounds [0x000002e058c20000, 0x000002e0592a0000, 0x000002e060150000]
CodeHeap 'non-nmethods': size=5696Kb used=1645Kb max_used=1811Kb free=4050Kb
 bounds [0x000002e060150000, 0x000002e0603c0000, 0x000002e0606e0000]
CodeCache: size=245760Kb, used=10195Kb, max_used=10361Kb, free=235562Kb
 total_blobs=4588, nmethods=3941, adapters=550, full_count=0
Compilation: enabled, stopped_count=0, restarted_count=0

Compilation events (20 events):
Event: 4.606 Thread 0x000002e06d26b6f0 4067       1       org.jetbrains.kotlin.fir.declarations.impl.FirFileImpl::getAnnotations-5e3fPpI (5 bytes)
Event: 4.606 Thread 0x000002e06d26b6f0 nmethod 4067 0x000002e0608b4508 code [0x000002e0608b4600, 0x000002e0608b46c8]
Event: 4.606 Thread 0x000002e06d26b6f0 4068       1       org.jetbrains.kotlin.fir.declarations.impl.FirFileImpl::getControlFlowGraphReference (5 bytes)
Event: 4.606 Thread 0x000002e06d26b6f0 nmethod 4068 0x000002e0608b4808 code [0x000002e0608b4900, 0x000002e0608b49c8]
Event: 4.606 Thread 0x000002e06d26b6f0 4069       1       org.jetbrains.kotlin.fir.declarations.impl.FirFileImpl::getImports (5 bytes)
Event: 4.606 Thread 0x000002e06d26b6f0 nmethod 4069 0x000002e0608b4b08 code [0x000002e0608b4c00, 0x000002e0608b4cc8]
Event: 4.606 Thread 0x000002e06d26b6f0 4070       1       org.jetbrains.kotlin.fir.declarations.impl.FirFileImpl::getDeclarations (5 bytes)
Event: 4.606 Thread 0x000002e06d26b6f0 nmethod 4070 0x000002e0608b4e08 code [0x000002e0608b4f00, 0x000002e0608b4fc8]
Event: 4.607 Thread 0x000002e06d26b6f0 4072       3       java.lang.Boolean::equals (31 bytes)
Event: 4.607 Thread 0x000002e06d26b6f0 nmethod 4072 0x000002e059282e88 code [0x000002e059282fc0, 0x000002e0592833c0]
Event: 4.607 Thread 0x000002e06d26b6f0 4074       3       java.util.concurrent.locks.AbstractQueuedSynchronizer::compareAndSetState (13 bytes)
Event: 4.607 Thread 0x000002e06d26b6f0 nmethod 4074 0x000002e059283408 code [0x000002e059283520, 0x000002e059283640]
Event: 4.614 Thread 0x000002e06d262a30 nmethod 4022 0x000002e0608b5108 code [0x000002e0608b5280, 0x000002e0608b5b08]
Event: 4.614 Thread 0x000002e06d262a30 4063       4       org.jetbrains.kotlin.com.intellij.openapi.util.text.StringUtilRt::lastIndexOf (58 bytes)
Event: 4.615 Thread 0x000002e048675a80 nmethod 4027 0x000002e0608b5c08 code [0x000002e0608b5d60, 0x000002e0608b64f8]
Event: 4.616 Thread 0x000002e048675a80 4073       4       kotlin.jvm.internal.Intrinsics::checkNotNull (9 bytes)
Event: 4.616 Thread 0x000002e048675a80 nmethod 4073 0x000002e0608b6608 code [0x000002e0608b6700, 0x000002e0608b6780]
Event: 4.616 Thread 0x000002e048675a80 4071       4       jdk.internal.jimage.ImageLocation::getAttribute (44 bytes)
Event: 4.617 Thread 0x000002e048675a80 nmethod 4071 0x000002e0608b6908 code [0x000002e0608b6a00, 0x000002e0608b6ad8]
Event: 4.617 Thread 0x000002e048675a80 4052       4       java.lang.StringBuilder::append (6 bytes)

GC Heap History (16 events):
Event: 0.977 GC heap before
{Heap before GC invocations=0 (full 0):
 garbage-first heap   total reserved 1904640K, committed 122880K, used 53360K [0x000000008bc00000, 0x0000000100000000)
  region size 1024K, 47 young (48128K), 0 survivors (0K)
 Metaspace       used 13341K, committed 13568K, reserved 1114112K
  class space    used 1277K, committed 1408K, reserved 1048576K
}
Event: 0.984 GC heap after
{Heap after GC invocations=1 (full 0):
 garbage-first heap   total reserved 1904640K, committed 122880K, used 10992K [0x000000008bc00000, 0x0000000100000000)
  region size 1024K, 6 young (6144K), 6 survivors (6144K)
 Metaspace       used 13341K, committed 13568K, reserved 1114112K
  class space    used 1277K, committed 1408K, reserved 1048576K
}
Event: 2.490 GC heap before
{Heap before GC invocations=1 (full 0):
 garbage-first heap   total reserved 1904640K, committed 122880K, used 31472K [0x000000008bc00000, 0x0000000100000000)
  region size 1024K, 27 young (27648K), 6 survivors (6144K)
 Metaspace       used 21299K, committed 21504K, reserved 1114112K
  class space    used 2399K, committed 2496K, reserved 1048576K
}
Event: 2.496 GC heap after
{Heap after GC invocations=2 (full 0):
 garbage-first heap   total reserved 1904640K, committed 122880K, used 12183K [0x000000008bc00000, 0x0000000100000000)
  region size 1024K, 2 young (2048K), 2 survivors (2048K)
 Metaspace       used 21299K, committed 21504K, reserved 1114112K
  class space    used 2399K, committed 2496K, reserved 1048576K
}
Event: 3.155 GC heap before
{Heap before GC invocations=3 (full 0):
 garbage-first heap   total reserved 1904640K, committed 48128K, used 45975K [0x000000008bc00000, 0x0000000100000000)
  region size 1024K, 35 young (35840K), 2 survivors (2048K)
 Metaspace       used 27076K, committed 27392K, reserved 1114112K
  class space    used 2941K, committed 3072K, reserved 1048576K
}
Event: 3.163 GC heap after
{Heap after GC invocations=4 (full 0):
 garbage-first heap   total reserved 1904640K, committed 55296K, used 17605K [0x000000008bc00000, 0x0000000100000000)
  region size 1024K, 7 young (7168K), 7 survivors (7168K)
 Metaspace       used 27076K, committed 27392K, reserved 1114112K
  class space    used 2941K, committed 3072K, reserved 1048576K
}
Event: 3.528 GC heap before
{Heap before GC invocations=4 (full 0):
 garbage-first heap   total reserved 1904640K, committed 55296K, used 38085K [0x000000008bc00000, 0x0000000100000000)
  region size 1024K, 27 young (27648K), 7 survivors (7168K)
 Metaspace       used 32153K, committed 32448K, reserved 1114112K
  class space    used 3414K, committed 3520K, reserved 1048576K
}
Event: 3.535 GC heap after
{Heap after GC invocations=5 (full 0):
 garbage-first heap   total reserved 1904640K, committed 55296K, used 19104K [0x000000008bc00000, 0x0000000100000000)
  region size 1024K, 2 young (2048K), 2 survivors (2048K)
 Metaspace       used 32153K, committed 32448K, reserved 1114112K
  class space    used 3414K, committed 3520K, reserved 1048576K
}
Event: 3.798 GC heap before
{Heap before GC invocations=5 (full 0):
 garbage-first heap   total reserved 1904640K, committed 55296K, used 39584K [0x000000008bc00000, 0x0000000100000000)
  region size 1024K, 23 young (23552K), 2 survivors (2048K)
 Metaspace       used 35291K, committed 35584K, reserved 1114112K
  class space    used 3665K, committed 3776K, reserved 1048576K
}
Event: 3.805 GC heap after
{Heap after GC invocations=6 (full 0):
 garbage-first heap   total reserved 1904640K, committed 55296K, used 22911K [0x000000008bc00000, 0x0000000100000000)
  region size 1024K, 3 young (3072K), 3 survivors (3072K)
 Metaspace       used 35291K, committed 35584K, reserved 1114112K
  class space    used 3665K, committed 3776K, reserved 1048576K
}
Event: 3.837 GC heap before
{Heap before GC invocations=6 (full 0):
 garbage-first heap   total reserved 1904640K, committed 55296K, used 24959K [0x000000008bc00000, 0x0000000100000000)
  region size 1024K, 6 young (6144K), 3 survivors (3072K)
 Metaspace       used 35804K, committed 36096K, reserved 1114112K
  class space    used 3708K, committed 3840K, reserved 1048576K
}
Event: 3.841 GC heap after
{Heap after GC invocations=7 (full 0):
 garbage-first heap   total reserved 1904640K, committed 55296K, used 23750K [0x000000008bc00000, 0x0000000100000000)
  region size 1024K, 1 young (1024K), 1 survivors (1024K)
 Metaspace       used 35804K, committed 36096K, reserved 1114112K
  class space    used 3708K, committed 3840K, reserved 1048576K
}
Event: 4.253 GC heap before
{Heap before GC invocations=8 (full 0):
 garbage-first heap   total reserved 1904640K, committed 55296K, used 42182K [0x000000008bc00000, 0x0000000100000000)
  region size 1024K, 20 young (20480K), 1 survivors (1024K)
 Metaspace       used 40401K, committed 40768K, reserved 1114112K
  class space    used 4068K, committed 4224K, reserved 1048576K
}
Event: 4.257 GC heap after
{Heap after GC invocations=9 (full 0):
 garbage-first heap   total reserved 1904640K, committed 55296K, used 26030K [0x000000008bc00000, 0x0000000100000000)
  region size 1024K, 3 young (3072K), 3 survivors (3072K)
 Metaspace       used 40401K, committed 40768K, reserved 1114112K
  class space    used 4068K, committed 4224K, reserved 1048576K
}
Event: 4.519 GC heap before
{Heap before GC invocations=9 (full 0):
 garbage-first heap   total reserved 1904640K, committed 55296K, used 43438K [0x000000008bc00000, 0x0000000100000000)
  region size 1024K, 21 young (21504K), 3 survivors (3072K)
 Metaspace       used 42397K, committed 42752K, reserved 1114112K
  class space    used 4193K, committed 4352K, reserved 1048576K
}
Event: 4.528 GC heap after
{Heap after GC invocations=10 (full 0):
 garbage-first heap   total reserved 1904640K, committed 66560K, used 30135K [0x000000008bc00000, 0x0000000100000000)
  region size 1024K, 3 young (3072K), 3 survivors (3072K)
 Metaspace       used 42397K, committed 42752K, reserved 1114112K
  class space    used 4193K, committed 4352K, reserved 1048576K
}

Dll operation events (9 events):
Event: 0.009 Loaded shared library C:\Users\cesarr\.jdks\openjdk-24.0.2\bin\java.dll
Event: 0.039 Loaded shared library C:\Users\cesarr\.jdks\openjdk-24.0.2\bin\jsvml.dll
Event: 0.057 Loaded shared library C:\Users\cesarr\.jdks\openjdk-24.0.2\bin\net.dll
Event: 0.059 Loaded shared library C:\Users\cesarr\.jdks\openjdk-24.0.2\bin\nio.dll
Event: 0.081 Loaded shared library C:\Users\cesarr\.jdks\openjdk-24.0.2\bin\zip.dll
Event: 0.109 Loaded shared library C:\Users\cesarr\.jdks\openjdk-24.0.2\bin\jimage.dll
Event: 0.605 Loaded shared library C:\Users\cesarr\.jdks\openjdk-24.0.2\bin\management.dll
Event: 0.607 Loaded shared library C:\Users\cesarr\.jdks\openjdk-24.0.2\bin\management_ext.dll
Event: 2.640 Loaded shared library C:\Users\cesarr\.jdks\openjdk-24.0.2\bin\verify.dll

Deoptimization events (20 events):
Event: 4.604 Thread 0x000002e04df0e7d0 Uncommon trap: trap_request=0xffffffbe fr.pc=0x000002e0608afbdc relative=0x00000000000007fc
Event: 4.604 Thread 0x000002e04df0e7d0 Uncommon trap: reason=profile_predicate action=maybe_recompile pc=0x000002e0608afbdc method=org.jetbrains.kotlin.com.intellij.openapi.util.text.StringUtilRt.equal(Ljava/lang/CharSequence;Ljava/lang/CharSequence;Z)Z @ 47 c2
Event: 4.604 Thread 0x000002e04df0e7d0 DEOPT PACKING pc=0x000002e0608afbdc sp=0x000000ee7b4fcf90
Event: 4.604 Thread 0x000002e04df0e7d0 DEOPT UNPACKING pc=0x000002e060275402 sp=0x000000ee7b4fcf38 mode 2
Event: 4.604 Thread 0x000002e04df0e7d0 Uncommon trap: trap_request=0xffffffbe fr.pc=0x000002e0608b33ec relative=0x00000000000002ac
Event: 4.604 Thread 0x000002e04df0e7d0 Uncommon trap: reason=profile_predicate action=maybe_recompile pc=0x000002e0608b33ec method=org.jetbrains.kotlin.com.intellij.openapi.util.text.StringUtilRt.lastIndexOf(Ljava/lang/CharSequence;CII)I @ 32 c2
Event: 4.604 Thread 0x000002e04df0e7d0 DEOPT PACKING pc=0x000002e0608b33ec sp=0x000000ee7b4fd140
Event: 4.604 Thread 0x000002e04df0e7d0 DEOPT UNPACKING pc=0x000002e060275402 sp=0x000000ee7b4fd0c0 mode 2
Event: 4.604 Thread 0x000002e04df0e7d0 Uncommon trap: trap_request=0xffffffbe fr.pc=0x000002e0608b33ec relative=0x00000000000002ac
Event: 4.604 Thread 0x000002e04df0e7d0 Uncommon trap: reason=profile_predicate action=maybe_recompile pc=0x000002e0608b33ec method=org.jetbrains.kotlin.com.intellij.openapi.util.text.StringUtilRt.lastIndexOf(Ljava/lang/CharSequence;CII)I @ 32 c2
Event: 4.605 Thread 0x000002e04df0e7d0 DEOPT PACKING pc=0x000002e0608b33ec sp=0x000000ee7b4fd140
Event: 4.605 Thread 0x000002e04df0e7d0 DEOPT UNPACKING pc=0x000002e060275402 sp=0x000000ee7b4fd0c0 mode 2
Event: 4.605 Thread 0x000002e04df0e7d0 Uncommon trap: trap_request=0xffffffbe fr.pc=0x000002e0608b33ec relative=0x00000000000002ac
Event: 4.605 Thread 0x000002e04df0e7d0 Uncommon trap: reason=profile_predicate action=maybe_recompile pc=0x000002e0608b33ec method=org.jetbrains.kotlin.com.intellij.openapi.util.text.StringUtilRt.lastIndexOf(Ljava/lang/CharSequence;CII)I @ 32 c2
Event: 4.605 Thread 0x000002e04df0e7d0 DEOPT PACKING pc=0x000002e0608b33ec sp=0x000000ee7b4fd140
Event: 4.605 Thread 0x000002e04df0e7d0 DEOPT UNPACKING pc=0x000002e060275402 sp=0x000000ee7b4fd0c0 mode 2
Event: 4.605 Thread 0x000002e04df0e7d0 Uncommon trap: trap_request=0xffffffbe fr.pc=0x000002e0608b33ec relative=0x00000000000002ac
Event: 4.605 Thread 0x000002e04df0e7d0 Uncommon trap: reason=profile_predicate action=maybe_recompile pc=0x000002e0608b33ec method=org.jetbrains.kotlin.com.intellij.openapi.util.text.StringUtilRt.lastIndexOf(Ljava/lang/CharSequence;CII)I @ 32 c2
Event: 4.605 Thread 0x000002e04df0e7d0 DEOPT PACKING pc=0x000002e0608b33ec sp=0x000000ee7b4fd140
Event: 4.605 Thread 0x000002e04df0e7d0 DEOPT UNPACKING pc=0x000002e060275402 sp=0x000000ee7b4fd0c0 mode 2

Classes loaded (20 events):
Event: 3.893 Loading class java/nio/charset/IllegalCharsetNameException
Event: 3.893 Loading class java/nio/charset/IllegalCharsetNameException done
Event: 3.893 Loading class java/nio/charset/UnsupportedCharsetException
Event: 3.893 Loading class java/nio/charset/UnsupportedCharsetException done
Event: 3.894 Loading class sun/nio/cs/MS1251
Event: 3.894 Loading class sun/nio/cs/MS1251 done
Event: 3.911 Loading class java/util/Spliterator$OfInt
Event: 3.911 Loading class java/util/Spliterator$OfPrimitive
Event: 3.911 Loading class java/util/Spliterator$OfPrimitive done
Event: 3.911 Loading class java/util/Spliterator$OfInt done
Event: 3.912 Loading class java/util/PrimitiveIterator$OfInt
Event: 3.912 Loading class java/util/PrimitiveIterator
Event: 3.912 Loading class java/util/PrimitiveIterator done
Event: 3.912 Loading class java/util/PrimitiveIterator$OfInt done
Event: 3.945 Loading class java/util/function/IntUnaryOperator
Event: 3.945 Loading class java/util/function/IntUnaryOperator done
Event: 4.020 Loading class java/util/ArrayList$ListItr
Event: 4.021 Loading class java/util/ArrayList$ListItr done
Event: 4.551 Loading class java/util/PriorityQueue
Event: 4.551 Loading class java/util/PriorityQueue done

Classes unloaded (0 events):
No events

Classes redefined (0 events):
No events

Internal exceptions (20 events):
Event: 2.546 Thread 0x000002e04df0e7d0 Exception <a 'java/lang/NoSuchMethodError'{0x000000008e471158}: 'int java.lang.invoke.DirectMethodHandle$Holder.invokeVirtual(java.lang.Object, java.lang.Object, java.lang.Object)'> (0x000000008e471158) 
thrown [s\open\src\hotspot\share\interpreter\linkResolver.cpp, line 805]
Event: 2.583 Thread 0x000002e04df0e7d0 Exception <a 'java/lang/NoSuchMethodError'{0x000000008e23a860}: 'void java.lang.invoke.Invokers$Holder.invokeExact_MT(java.lang.Object, int, java.lang.Object)'> (0x000000008e23a860) 
thrown [s\open\src\hotspot\share\interpreter\linkResolver.cpp, line 805]
Event: 2.698 Thread 0x000002e04df0e7d0 Exception <a 'java/lang/NoSuchMethodError'{0x000000008dd23070}: 'void java.lang.invoke.DirectMethodHandle$Holder.invokeVirtual(java.lang.Object, java.lang.Object)'> (0x000000008dd23070) 
thrown [s\open\src\hotspot\share\interpreter\linkResolver.cpp, line 805]
Event: 2.747 Thread 0x000002e04df0e7d0 Exception <a 'java/lang/NoSuchMethodError'{0x000000008db78038}: 'long java.lang.invoke.DelegatingMethodHandle$Holder.reinvoke_L(java.lang.Object, java.lang.Object, int)'> (0x000000008db78038) 
thrown [s\open\src\hotspot\share\interpreter\linkResolver.cpp, line 805]
Event: 2.748 Thread 0x000002e04df0e7d0 Exception <a 'java/lang/NoSuchMethodError'{0x000000008db90ad0}: 'java.lang.Object java.lang.invoke.DelegatingMethodHandle$Holder.reinvoke_L(java.lang.Object, int, long, java.lang.Object, java.lang.Object, int, java.lang.Object)'> (0x000000008db90ad0) 
thrown [s\open\src\hotspot\share\interpreter\linkResolver.cpp, line 805]
Event: 2.750 Thread 0x000002e04df0e7d0 Exception <a 'java/lang/NoSuchMethodError'{0x000000008dbd4628}: 'java.lang.Object java.lang.invoke.DirectMethodHandle$Holder.invokeStatic(java.lang.Object, java.lang.Object, java.lang.Object, java.lang.Object, java.lang.Object, java.lang.Object, java.lang.Object, java.lang.Object)'> (0x000000008dbd4628) 
thrown [s\open\src\hotspot\share\interpreter\linkResolver.cpp, line 805]
Event: 2.752 Thread 0x000002e04df0e7d0 Exception <a 'java/lang/NoSuchMethodError'{0x000000008dbf8c58}: 'java.lang.Object java.lang.invoke.DirectMethodHandle$Holder.invokeStatic(java.lang.Object, java.lang.Object, java.lang.Object, java.lang.Object, java.lang.Object, java.lang.Object, java.lang.Object, java.lang.Object, java.lang.Object)'> (0x000000008dbf8c58) 
thrown [s\open\src\hotspot\share\interpreter\linkResolver.cpp, line 805]
Event: 2.753 Thread 0x000002e04df0e7d0 Exception <a 'java/lang/NoSuchMethodError'{0x000000008da1e468}: 'java.lang.Object java.lang.invoke.DirectMethodHandle$Holder.invokeStatic(java.lang.Object, java.lang.Object, java.lang.Object, java.lang.Object, java.lang.Object, java.lang.Object, java.lang.Object, java.lang.Object, java.lang.Object, java.lang.Object)'> (0x000000008da1e468) 
thrown [s\open\src\hotspot\share\interpreter\linkResolver.cpp, line 805]
Event: 2.754 Thread 0x000002e04df0e7d0 Exception <a 'java/lang/NoSuchMethodError'{0x000000008da36a68}: 'java.lang.Object java.lang.invoke.DirectMethodHandle$Holder.invokeStatic(java.lang.Object, java.lang.Object, int)'> (0x000000008da36a68) 
thrown [s\open\src\hotspot\share\interpreter\linkResolver.cpp, line 805]
Event: 2.755 Thread 0x000002e04df0e7d0 Exception <a 'java/lang/NoSuchMethodError'{0x000000008da4f338}: 'void java.lang.invoke.DelegatingMethodHandle$Holder.delegate(java.lang.Object, java.lang.Object, int, java.lang.Object)'> (0x000000008da4f338) 
thrown [s\open\src\hotspot\share\interpreter\linkResolver.cpp, line 805]
Event: 2.770 Thread 0x000002e04df0e7d0 Exception <a 'java/lang/NoSuchMethodError'{0x000000008d910f70}: 'java.lang.Object java.lang.invoke.DirectMethodHandle$Holder.invokeStatic(java.lang.Object, java.lang.Object, long, long)'> (0x000000008d910f70) 
thrown [s\open\src\hotspot\share\interpreter\linkResolver.cpp, line 805]
Event: 2.777 Thread 0x000002e04df0e7d0 Exception <a 'java/lang/NoSuchMethodError'{0x000000008d953ab8}: 'java.lang.Object java.lang.invoke.DirectMethodHandle$Holder.newInvokeSpecial(java.lang.Object, java.lang.Object, java.lang.Object, long)'> (0x000000008d953ab8) 
thrown [s\open\src\hotspot\share\interpreter\linkResolver.cpp, line 805]
Event: 3.185 Thread 0x000002e04df0e7d0 Exception <a 'java/lang/NoSuchMethodError'{0x0000000091c52638}: 'java.lang.Object java.lang.invoke.DirectMethodHandle$Holder.newInvokeSpecial(java.lang.Object, java.lang.Object, java.lang.Object, java.lang.Object, java.lang.Object, java.lang.Object, java.lang.Object)'> (0x0000000091c52638) 
thrown [s\open\src\hotspot\share\interpreter\linkResolver.cpp, line 805]
Event: 3.185 Thread 0x000002e04df0e7d0 Exception <a 'java/lang/NoSuchMethodError'{0x0000000091c66a40}: 'java.lang.Object java.lang.invoke.DirectMethodHandle$Holder.newInvokeSpecial(java.lang.Object, java.lang.Object, java.lang.Object, java.lang.Object, java.lang.Object, java.lang.Object, java.lang.Object, java.lang.Object)'> (0x0000000091c66a40) 
thrown [s\open\src\hotspot\share\interpreter\linkResolver.cpp, line 805]
Event: 3.187 Thread 0x000002e04df0e7d0 Exception <a 'java/lang/NoSuchMethodError'{0x0000000091c86140}: 'java.lang.Object java.lang.invoke.DirectMethodHandle$Holder.newInvokeSpecial(java.lang.Object, java.lang.Object, java.lang.Object, java.lang.Object, java.lang.Object, java.lang.Object, java.lang.Object, java.lang.Object, java.lang.Object)'> (0x0000000091c86140) 
thrown [s\open\src\hotspot\share\interpreter\linkResolver.cpp, line 805]
Event: 3.575 Thread 0x000002e04df0e7d0 Exception <a 'java/lang/NoSuchMethodError'{0x000000008e9b7838}: 'java.lang.Object java.lang.invoke.DirectMethodHandle$Holder.newInvokeSpecial(java.lang.Object, java.lang.Object, int, int)'> (0x000000008e9b7838) 
thrown [s\open\src\hotspot\share\interpreter\linkResolver.cpp, line 805]
Event: 4.219 Thread 0x000002e04df0e7d0 Implicit null exception at 0x000002e060854fa9 to 0x000002e060856614
Event: 4.258 Thread 0x000002e04df0e7d0 Exception <a 'java/lang/NoSuchMethodError'{0x00000000fff00c88}: 'int java.lang.invoke.DirectMethodHandle$Holder.invokeStaticInit(java.lang.Object, int)'> (0x00000000fff00c88) 
thrown [s\open\src\hotspot\share\interpreter\linkResolver.cpp, line 805]
Event: 4.292 Thread 0x000002e04df0e7d0 Implicit null exception at 0x000002e06085d701 to 0x000002e06085d918
Event: 4.292 Thread 0x000002e04df0e7d0 Implicit null exception at 0x000002e060730a53 to 0x000002e060730ae5

VM Operations (20 events):
Event: 3.528 Executing VM operation: G1CollectForAllocation (G1 Evacuation Pause)
Event: 3.535 Executing VM operation: G1CollectForAllocation (G1 Evacuation Pause) done
Event: 3.798 Executing VM operation: G1CollectForAllocation (G1 Evacuation Pause)
Event: 3.805 Executing VM operation: G1CollectForAllocation (G1 Evacuation Pause) done
Event: 3.837 Executing VM operation: CollectForMetadataAllocation (Metadata GC Threshold)
Event: 3.841 Executing VM operation: CollectForMetadataAllocation (Metadata GC Threshold) done
Event: 3.849 Executing VM operation: G1PauseRemark
Event: 3.851 Executing VM operation: G1PauseRemark done
Event: 3.854 Executing VM operation: G1PauseCleanup
Event: 3.854 Executing VM operation: G1PauseCleanup done
Event: 3.916 Executing VM operation: HandshakeAllThreads (Deoptimize)
Event: 3.916 Executing VM operation: HandshakeAllThreads (Deoptimize) done
Event: 3.949 Executing VM operation: HandshakeAllThreads (Deoptimize)
Event: 3.949 Executing VM operation: HandshakeAllThreads (Deoptimize) done
Event: 4.021 Executing VM operation: HandshakeAllThreads (Deoptimize)
Event: 4.021 Executing VM operation: HandshakeAllThreads (Deoptimize) done
Event: 4.253 Executing VM operation: G1CollectForAllocation (G1 Evacuation Pause)
Event: 4.257 Executing VM operation: G1CollectForAllocation (G1 Evacuation Pause) done
Event: 4.519 Executing VM operation: G1CollectForAllocation (G1 Evacuation Pause)
Event: 4.528 Executing VM operation: G1CollectForAllocation (G1 Evacuation Pause) done

Memory protections (0 events):
No events

Nmethod flushes (20 events):
Event: 3.851 Thread 0x000002e06d232480 flushing  nmethod 0x000002e058c9af88
Event: 3.851 Thread 0x000002e06d232480 flushing  nmethod 0x000002e058ce2288
Event: 3.851 Thread 0x000002e06d232480 flushing  nmethod 0x000002e058ce2e88
Event: 3.851 Thread 0x000002e06d232480 flushing  nmethod 0x000002e058ce3988
Event: 3.851 Thread 0x000002e06d232480 flushing  nmethod 0x000002e058ce5588
Event: 3.851 Thread 0x000002e06d232480 flushing  nmethod 0x000002e058ce5888
Event: 3.851 Thread 0x000002e06d232480 flushing  nmethod 0x000002e058cf3d88
Event: 3.851 Thread 0x000002e06d232480 flushing  nmethod 0x000002e058cf8988
Event: 3.851 Thread 0x000002e06d232480 flushing  nmethod 0x000002e058cf9908
Event: 3.851 Thread 0x000002e06d232480 flushing  nmethod 0x000002e058cfcb08
Event: 3.851 Thread 0x000002e06d232480 flushing  nmethod 0x000002e058cfd688
Event: 3.851 Thread 0x000002e06d232480 flushing  nmethod 0x000002e058d1b488
Event: 3.851 Thread 0x000002e06d232480 flushing  nmethod 0x000002e058d1bb08
Event: 3.851 Thread 0x000002e06d232480 flushing  nmethod 0x000002e058d1ca88
Event: 3.851 Thread 0x000002e06d232480 flushing  nmethod 0x000002e058d1f288
Event: 3.851 Thread 0x000002e06d232480 flushing  nmethod 0x000002e058d53088
Event: 3.851 Thread 0x000002e06d232480 flushing  nmethod 0x000002e058d55b88
Event: 3.851 Thread 0x000002e06d232480 flushing  nmethod 0x000002e058d68e08
Event: 3.851 Thread 0x000002e06d232480 flushing  nmethod 0x000002e058db5608
Event: 3.851 Thread 0x000002e06d232480 flushing  nmethod 0x000002e058db5a08

Events (20 events):
Event: 0.037 Thread 0x000002e04df0e7d0 Thread added: 0x000002e06d24d570
Event: 0.037 Thread 0x000002e04df0e7d0 Thread added: 0x000002e06d2561e0
Event: 0.037 Thread 0x000002e04df0e7d0 Thread added: 0x000002e06d262a30
Event: 0.037 Thread 0x000002e04df0e7d0 Thread added: 0x000002e06d26b6f0
Event: 0.053 Thread 0x000002e04df0e7d0 Thread added: 0x000002e04508b630
Event: 0.054 Thread 0x000002e04df0e7d0 Thread added: 0x000002e04508c990
Event: 0.068 Thread 0x000002e06d26b6f0 Thread added: 0x000002e0450d2af0
Event: 0.073 Thread 0x000002e0450d2af0 Thread added: 0x000002e0450d5430
Event: 0.232 Thread 0x000002e0450d5430 Thread exited: 0x000002e0450d5430
Event: 0.236 Thread 0x000002e0450d2af0 Thread exited: 0x000002e0450d2af0
Event: 0.242 Thread 0x000002e06d262a30 Thread added: 0x000002e0453a41d0
Event: 2.792 Thread 0x000002e06d26b6f0 Thread added: 0x000002e046508b80
Event: 3.086 Thread 0x000002e046508b80 Thread exited: 0x000002e046508b80
Event: 3.128 Thread 0x000002e0453a41d0 Thread exited: 0x000002e0453a41d0
Event: 3.547 Thread 0x000002e06d26b6f0 Thread added: 0x000002e047f37860
Event: 4.153 Thread 0x000002e06d26b6f0 Thread added: 0x000002e0485b6b00
Event: 4.570 Thread 0x000002e0485b6b00 Thread exited: 0x000002e0485b6b00
Event: 4.570 Thread 0x000002e047f37860 Thread exited: 0x000002e047f37860
Event: 4.585 Thread 0x000002e06d26b6f0 Thread added: 0x000002e0486b4060
Event: 4.592 Thread 0x000002e06d262a30 Thread added: 0x000002e048675a80


Dynamic libraries:
0x00007ff709ae0000 - 0x00007ff709aee000 	C:\Users\cesarr\.jdks\openjdk-24.0.2\bin\java.exe
0x00007ffe9d200000 - 0x00007ffe9d469000 	C:\WINDOWS\SYSTEM32\ntdll.dll
0x00007ffe9d0e0000 - 0x00007ffe9d1a9000 	C:\WINDOWS\System32\KERNEL32.DLL
0x00007ffe9a9f0000 - 0x00007ffe9ade3000 	C:\WINDOWS\System32\KERNELBASE.dll
0x00007ffe9a4f0000 - 0x00007ffe9a63b000 	C:\WINDOWS\System32\ucrtbase.dll
0x00007ffe52450000 - 0x00007ffe52466000 	C:\Users\cesarr\.jdks\openjdk-24.0.2\bin\jli.dll
0x00007ffe571d0000 - 0x00007ffe571eb000 	C:\Users\cesarr\.jdks\openjdk-24.0.2\bin\VCRUNTIME140.dll
0x00007ffe9cf10000 - 0x00007ffe9d0d4000 	C:\WINDOWS\System32\USER32.dll
0x00007ffe80620000 - 0x00007ffe808b3000 	C:\WINDOWS\WinSxS\amd64_microsoft.windows.common-controls_6595b64144ccf1df_6.0.26100.5074_none_3e0d6f78e32fd63f\COMCTL32.dll
0x00007ffe9a840000 - 0x00007ffe9a867000 	C:\WINDOWS\System32\win32u.dll
0x00007ffe9b050000 - 0x00007ffe9b0f9000 	C:\WINDOWS\System32\msvcrt.dll
0x00007ffe9b1e0000 - 0x00007ffe9b20b000 	C:\WINDOWS\System32\GDI32.dll
0x00007ffe9adf0000 - 0x00007ffe9af1d000 	C:\WINDOWS\System32\gdi32full.dll
0x00007ffe9af20000 - 0x00007ffe9afc3000 	C:\WINDOWS\System32\msvcp_win.dll
0x00007ffe9c170000 - 0x00007ffe9c19f000 	C:\WINDOWS\System32\IMM32.DLL
0x00007ffe71ae0000 - 0x00007ffe71bd2000 	C:\Program Files\Windhawk\Engine\1.6.1\64\windhawk.dll
0x00007ffe9b2a0000 - 0x00007ffe9b354000 	C:\WINDOWS\System32\ADVAPI32.dll
0x00007ffe9c0c0000 - 0x00007ffe9c166000 	C:\WINDOWS\System32\sechost.dll
0x00007ffe9c220000 - 0x00007ffe9c338000 	C:\WINDOWS\System32\RPCRT4.dll
0x00007ffe62aa0000 - 0x00007ffe62aac000 	C:\Users\cesarr\.jdks\openjdk-24.0.2\bin\vcruntime140_1.dll
0x00007ffe27380000 - 0x00007ffe2740e000 	C:\Users\cesarr\.jdks\openjdk-24.0.2\bin\msvcp140.dll
0x00007ffda5310000 - 0x00007ffda60b1000 	C:\Users\cesarr\.jdks\openjdk-24.0.2\bin\server\jvm.dll
0x00007ffe9c440000 - 0x00007ffe9c4b4000 	C:\WINDOWS\System32\WS2_32.dll
0x00007ffe8c6b0000 - 0x00007ffe8c6e5000 	C:\WINDOWS\SYSTEM32\WINMM.dll
0x00007ffe9a1f0000 - 0x00007ffe9a24e000 	C:\WINDOWS\SYSTEM32\POWRPROF.dll
0x00007ffe90f50000 - 0x00007ffe90f5b000 	C:\WINDOWS\SYSTEM32\VERSION.dll
0x00007ffe9a1d0000 - 0x00007ffe9a1e4000 	C:\WINDOWS\SYSTEM32\UMPDC.dll
0x00007ffe99170000 - 0x00007ffe9918b000 	C:\WINDOWS\SYSTEM32\kernel.appcore.dll
0x00007ffe52c30000 - 0x00007ffe52c3a000 	C:\Users\cesarr\.jdks\openjdk-24.0.2\bin\jimage.dll
0x00007ffe8b9d0000 - 0x00007ffe8bc12000 	C:\WINDOWS\SYSTEM32\DBGHELP.DLL
0x00007ffe9b360000 - 0x00007ffe9b6db000 	C:\WINDOWS\System32\combase.dll
0x00007ffe9b100000 - 0x00007ffe9b1d7000 	C:\WINDOWS\System32\OLEAUT32.dll
0x00007ffe758a0000 - 0x00007ffe758dd000 	C:\WINDOWS\SYSTEM32\dbgcore.DLL
0x00007ffe9a390000 - 0x00007ffe9a429000 	C:\WINDOWS\System32\bcryptPrimitives.dll
0x00007ffe50320000 - 0x00007ffe5033e000 	C:\Users\cesarr\.jdks\openjdk-24.0.2\bin\java.dll
0x00007ffe9b840000 - 0x00007ffe9b9d8000 	C:\WINDOWS\System32\ole32.dll
0x00007ffe9c4c0000 - 0x00007ffe9cc0d000 	C:\WINDOWS\System32\SHELL32.dll
0x00007ffe9a640000 - 0x00007ffe9a7ac000 	C:\WINDOWS\System32\wintypes.dll
0x00007ffe97ff0000 - 0x00007ffe98849000 	C:\WINDOWS\SYSTEM32\windows.storage.dll
0x00007ffe9c340000 - 0x00007ffe9c430000 	C:\WINDOWS\System32\SHCORE.dll
0x00007ffe9c1b0000 - 0x00007ffe9c212000 	C:\WINDOWS\System32\shlwapi.dll
0x00007ffe9a2b0000 - 0x00007ffe9a2d9000 	C:\WINDOWS\SYSTEM32\profapi.dll
0x00007ffdf3e40000 - 0x00007ffdf3f17000 	C:\Users\cesarr\.jdks\openjdk-24.0.2\bin\jsvml.dll
0x00007ffe4af40000 - 0x00007ffe4af50000 	C:\Users\cesarr\.jdks\openjdk-24.0.2\bin\net.dll
0x00007ffe996f0000 - 0x00007ffe9975b000 	C:\WINDOWS\system32\mswsock.dll
0x00007ffe44560000 - 0x00007ffe44576000 	C:\Users\cesarr\.jdks\openjdk-24.0.2\bin\nio.dll
0x00007ffe445a0000 - 0x00007ffe445b7000 	C:\Users\cesarr\.jdks\openjdk-24.0.2\bin\zip.dll
0x00007ffe44550000 - 0x00007ffe4455a000 	C:\Users\cesarr\.jdks\openjdk-24.0.2\bin\management.dll
0x00007ffe442c0000 - 0x00007ffe442cb000 	C:\Users\cesarr\.jdks\openjdk-24.0.2\bin\management_ext.dll
0x00007ffe9aff0000 - 0x00007ffe9aff8000 	C:\WINDOWS\System32\PSAPI.DLL
0x00007ffe44590000 - 0x00007ffe445a0000 	C:\Users\cesarr\.jdks\openjdk-24.0.2\bin\verify.dll

JVMTI agents: none

dbghelp: loaded successfully - version: 4.0.5 - missing functions: none
symbol engine: initialized successfully - sym options: 0x614 - pdb path: .;C:\Users\cesarr\.jdks\openjdk-24.0.2\bin;C:\WINDOWS\SYSTEM32;C:\WINDOWS\WinSxS\amd64_microsoft.windows.common-controls_6595b64144ccf1df_6.0.26100.5074_none_3e0d6f78e32fd63f;C:\Program Files\Windhawk\Engine\1.6.1\64;C:\Users\cesarr\.jdks\openjdk-24.0.2\bin\server

VM Arguments:
java_command: org.jetbrains.kotlin.cli.jvm.K2JVMCompiler @C:\Users\cesarr\Downloads\biodex final\API-Biodex\build\20251202_9837310013266580746.compiler.options
java_class_path (initial): C:\Users\cesarr\.gradle\caches\modules-2\files-2.1\org.jetbrains.kotlin\kotlin-compiler-embeddable\2.2.20\bb8331b7585e36ea311825b01a1c06860c055fd1\kotlin-compiler-embeddable-2.2.20.jar;C:\Users\cesarr\.gradle\caches\modules-2\files-2.1\org.jetbrains.kotlin\kotlin-stdlib\2.2.20\5380b19fa1924399b62ce3a1faffebb2b4f82272\kotlin-stdlib-2.2.20.jar;C:\Users\cesarr\.gradle\caches\modules-2\files-2.1\org.jetbrains.kotlin\kotlin-script-runtime\2.2.20\4c679cbeac0bb583b75c3a080013da8eaf240807\kotlin-script-runtime-2.2.20.jar;C:\Users\cesarr\.gradle\caches\modules-2\files-2.1\org.jetbrains.kotlin\kotlin-reflect\1.6.10\1cbe9c92c12a94eea200d23c2bbaedaf3daf5132\kotlin-reflect-1.6.10.jar;C:\Users\cesarr\.gradle\caches\modules-2\files-2.1\org.jetbrains.kotlin\kotlin-daemon-embeddable\2.2.20\feff12d48d7f1eb628742b0a721395e16f8755bf\kotlin-daemon-embeddable-2.2.20.jar;C:\Users\cesarr\.gradle\caches\modules-2\files-2.1\org.jetbrains.kotlinx\kotlinx-coroutines-core-jvm\1.8.0\ac1dc37a30a93150b704022f8d895ee1bd3a36b3\kotlinx-coroutines-core-jvm-1.8.0.jar;C:\Users\cesarr\.gradle\caches\modules-2\files-2.1\org.jetbrains\annotations\13.0\919f0dfe192fb4e063e7dacadee7f8bb9a2672a9\annotations-13.0.jar
Launcher Type: SUN_STANDARD

[Global flags]
     intx CICompilerCount                          = 4                                         {product} {ergonomic}
     uint ConcGCThreads                            = 3                                         {product} {ergonomic}
     uint G1ConcRefinementThreads                  = 10                                        {product} {ergonomic}
   size_t G1HeapRegionSize                         = 1048576                                   {product} {ergonomic}
   size_t InitialHeapSize                          = 123731968                                 {product} {ergonomic}
   size_t MarkStackSize                            = 4194304                                   {product} {ergonomic}
   size_t MarkStackSizeMax                         = 536870912                                 {product} {ergonomic}
   size_t MaxHeapSize                              = 1950351360                                {product} {ergonomic}
   size_t MaxNewSize                               = 1170210816                                {product} {ergonomic}
   size_t MinHeapDeltaBytes                        = 1048576                                   {product} {ergonomic}
   size_t MinHeapSize                              = 8388608                                   {product} {ergonomic}
    uintx NonNMethodCodeHeapSize                   = 5832704                                {pd product} {ergonomic}
    uintx NonProfiledCodeHeapSize                  = 122945536                              {pd product} {ergonomic}
    uintx ProfiledCodeHeapSize                     = 122880000                              {pd product} {ergonomic}
    uintx ReservedCodeCacheSize                    = 251658240                              {pd product} {ergonomic}
     bool SegmentedCodeCache                       = true                                      {product} {ergonomic}
   size_t SoftMaxHeapSize                          = 1950351360                             {manageable} {ergonomic}
     bool UseCompressedOops                        = true                           {product lp64_product} {ergonomic}
     bool UseG1GC                                  = true                                      {product} {ergonomic}
     bool UseLargePagesIndividualAllocation        = false                                  {pd product} {ergonomic}

Logging:
Log output configuration:
 #0: stdout all=warning uptime,level,tags foldmultilines=false
 #1: stderr all=off uptime,level,tags foldmultilines=false

Environment Variables:
PATH=C:\Users\cesarr\AppData\Local\Programs\Python\Python313\Scripts\;C:\Users\cesarr\AppData\Local\Programs\Python\Python313\;C:\windows\system32;C:\windows;C:\windows\System32\Wbem;C:\windows\System32\WindowsPowerShell\v1.0\;C:\windows\System32\OpenSSH\;C:\Program Files (x86)\NVIDIA Corporation\PhysX\Common;C:\Program Files\NVIDIA Corporation\NVIDIA NvDLISR;C:\Users\Administrator\AppData\Local\Microsoft\WindowsApps;C:\Program Files\HP\OMEN-Broadcast\Common;C:\Program Files\PuTTY\;C:\WINDOWS\system32;C:\WINDOWS;C:\WINDOWS\System32\Wbem;C:\WINDOWS\System32\WindowsPowerShell\v1.0\;C:\WINDOWS\System32\OpenSSH\;C:\Program Files\Git\cmd;C:\Program Files\nodejs\;C:\ProgramData\chocolatey\bin;C:\Users\cesarr\AppData\Local\Programs\Eclipse Adoptium\jdk-21.0.7.6-hotspot\bin;C:\Users\cesarr\AppData\Local\Microsoft\WindowsApps;C:\Users\cesarr\AppData\Local\Programs\Microsoft VS Code\bin;C:\ruta\completa\hasta\bin;C:\Users\cesarr\Downloads\x86_64-8.1.0-release-posix-seh-rt_v6-rev0\mingw64\bin;C:\Users\cesarr\AppData\Roaming\npm
USERNAME=cesarr
OS=Windows_NT
PROCESSOR_IDENTIFIER=AMD64 Family 25 Model 117 Stepping 2, AuthenticAMD
TMP=C:\Users\cesarr\AppData\Local\Temp
TEMP=C:\Users\cesarr\AppData\Local\Temp




Periodic native trim disabled

---------------  S Y S T E M  ---------------

OS:
 Windows 11 , 64 bit Build 26100 (10.0.26100.5074)
OS uptime: 0 days 2:36 hours
Hyper-V role detected

CPU: total 12 (initial active 12) (12 cores per cpu, 2 threads per core) family 25 model 117 stepping 2 microcode 0xa70520a, cx8, cmov, fxsr, ht, mmx, 3dnowpref, sse, sse2, sse3, ssse3, sse4a, sse4.1, sse4.2, popcnt, lzcnt, tsc, tscinvbit, avx, avx2, aes, erms, clmul, bmi1, bmi2, adx, avx512f, avx512dq, avx512cd, avx512bw, avx512vl, sha, fma, vzeroupper, avx512_vpopcntdq, avx512_vpclmulqdq, avx512_vaes, avx512_vnni, clflush, clflushopt, avx512_vbmi2, avx512_vbmi, hv, rdtscp, rdpid, fsrm, gfni, avx512_bitalg, f16c, cet_ss, avx512_ifma
Processor Information for processor 0
  Max Mhz: 4301, Current Mhz: 2483, Mhz Limit: 4301
Processor Information for processor 1
  Max Mhz: 4301, Current Mhz: 2483, Mhz Limit: 4301
Processor Information for processor 2
  Max Mhz: 4301, Current Mhz: 2483, Mhz Limit: 4301
Processor Information for processor 3
  Max Mhz: 4301, Current Mhz: 3993, Mhz Limit: 4301
Processor Information for processor 4
  Max Mhz: 4301, Current Mhz: 3993, Mhz Limit: 4301
Processor Information for processor 5
  Max Mhz: 4301, Current Mhz: 3993, Mhz Limit: 4301
Processor Information for processor 6
  Max Mhz: 4301, Current Mhz: 2483, Mhz Limit: 4301
Processor Information for processor 7
  Max Mhz: 4301, Current Mhz: 3993, Mhz Limit: 4301
Processor Information for processor 8
  Max Mhz: 4301, Current Mhz: 3993, Mhz Limit: 4301
Processor Information for processor 9
  Max Mhz: 4301, Current Mhz: 2483, Mhz Limit: 4301
Processor Information for processor 10
  Max Mhz: 4301, Current Mhz: 2483, Mhz Limit: 4301
Processor Information for processor 11
  Max Mhz: 4301, Current Mhz: 2483, Mhz Limit: 4301

Memory: 4k page, system-wide physical 7439M (1042M free)
TotalPageFile size 29967M (AvailPageFile size 44M)
current process WorkingSet (physical memory assigned to process): 181M, peak: 223M
current process commit charge ("private bytes"): 230M, peak: 276M

vm_info: OpenJDK 64-Bit Server VM (24.0.2+12-54) for windows-amd64 JRE (24.0.2+12-54), built on 2025-07-08T12:10:27Z with MS VC++ 17.6 (VS2022)

END.
