#
# There is insufficient memory for the Java Runtime Environment to continue.
# Native memory allocation (malloc) failed to allocate 1903312 bytes. Error detail: Chunk::new
# Possible reasons:
#   The system is out of physical RAM or swap space
#   This process is running with CompressedOops enabled, and the Java Heap may be blocking the growth of the native heap
# Possible solutions:
#   Reduce memory load on the system
#   Increase physical memory or swap space
#   Check if swap backing store is full
#   Decrease Java heap size (-Xmx/-Xms)
#   Decrease number of Java threads
#   Decrease Java thread stack sizes (-Xss)
#   Set larger code cache with -XX:ReservedCodeCacheSize=
#   JVM is running with Unscaled Compressed Oops mode in which the Java heap is
#     placed in the first 4GB address space. The Java Heap base address is the
#     maximum limit for the native heap growth. Please use -XX:HeapBaseMinAddress
#     to set the Java Heap base and to place the Java Heap above 4GB virtual address.
# This output file may be truncated or incomplete.
#
#  Out of Memory Error (arena.cpp:162), pid=14396, tid=16404
#
# JRE version: OpenJDK Runtime Environment (24.0.2+12) (build 24.0.2+12-54)
# Java VM: OpenJDK 64-Bit Server VM (24.0.2+12-54, mixed mode, sharing, tiered, compressed oops, compressed class ptrs, parallel gc, windows-amd64)
# No core dump will be written. Minidumps are not enabled by default on client versions of Windows
#

---------------  S U M M A R Y ------------

Command Line: --add-opens=java.base/java.lang=ALL-UNNAMED --add-opens=java.base/java.lang.invoke=ALL-UNNAMED --add-opens=java.base/java.util=ALL-UNNAMED --add-opens=java.prefs/java.util.prefs=ALL-UNNAMED --add-exports=jdk.compiler/com.sun.tools.javac.api=ALL-UNNAMED --add-exports=jdk.compiler/com.sun.tools.javac.util=ALL-UNNAMED --add-opens=java.base/java.util=ALL-UNNAMED --add-opens=java.prefs/java.util.prefs=ALL-UNNAMED --add-opens=java.base/java.nio.charset=ALL-UNNAMED --add-opens=java.base/java.net=ALL-UNNAMED --add-opens=java.base/java.util.concurrent.atomic=ALL-UNNAMED --add-opens=java.xml/javax.xml.namespace=ALL-UNNAMED --enable-native-access=ALL-UNNAMED -XX:+UseParallelGC -Xms128m -Xmx1024m -Dfile.encoding=UTF-8 -Duser.country=419 -Duser.language=es -Duser.variant -javaagent:C:\Users\cesarr\.gradle\wrapper\dists\gradle-8.14.3-bin\cv11ve7ro1n3o1j4so8xd9n66\gradle-8.14.3\lib\agents\gradle-instrumentation-agent-8.14.3.jar org.gradle.launcher.daemon.bootstrap.GradleDaemon 8.14.3

Host: AMD Ryzen 5 8645HS w/ Radeon 760M Graphics, 12 cores, 7G,  Windows 11 , 64 bit Build 26100 (10.0.26100.5074)
Time: Tue Dec  2 03:52:32 2025 Hora estándar central (México) elapsed time: 12.171129 seconds (0d 0h 0m 12s)

---------------  T H R E A D  ---------------

Current thread (0x0000023d4706cfb0):  JavaThread "C2 CompilerThread0" daemon [_thread_in_native, id=16404, stack(0x0000005e6a800000,0x0000005e6a900000) (1024K)]


Current CompileTask:
C2:12171 8589       4       org.gradle.internal.instantiation.generator.AbstractClassGenerator::inspectType (602 bytes)

Stack: [0x0000005e6a800000,0x0000005e6a900000]
Native frames: (J=compiled Java code, j=interpreted, Vv=VM code, C=native code)
V  [jvm.dll+0x730829]  (no source info available)
V  [jvm.dll+0x8d9da3]  (no source info available)
V  [jvm.dll+0x8dc28d]  (no source info available)
V  [jvm.dll+0x8dc903]  (no source info available)
V  [jvm.dll+0x2a9f56]  (no source info available)
V  [jvm.dll+0xced7f]  (no source info available)
V  [jvm.dll+0xcefdf]  (no source info available)
V  [jvm.dll+0x3f367c]  (no source info available)
V  [jvm.dll+0x205fb5]  (no source info available)
V  [jvm.dll+0x26f6b0]  (no source info available)
V  [jvm.dll+0x26e8ff]  (no source info available)
V  [jvm.dll+0x1e9c90]  (no source info available)
V  [jvm.dll+0x27e0cb]  (no source info available)
V  [jvm.dll+0x27c36a]  (no source info available)
V  [jvm.dll+0x42f396]  (no source info available)
V  [jvm.dll+0x87d9eb]  (no source info available)
V  [jvm.dll+0x72ef45]  (no source info available)
C  [ucrtbase.dll+0x37b0]  (no source info available)
C  [KERNEL32.DLL+0x2e8d7]  (no source info available)
C  [ntdll.dll+0x8d9c]  (no source info available)

Lock stack of current Java thread (top to bottom):


---------------  P R O C E S S  ---------------

Threads class SMR info:
_java_thread_list=0x0000023d67c37540, length=88, elements={
0x0000023d46fbb990, 0x0000023d411fa5d0, 0x0000023d411fb200, 0x0000023d47050230,
0x0000023d47053790, 0x0000023d47059170, 0x0000023d47061150, 0x0000023d4706cfb0,
0x0000023d4706d870, 0x0000023d42818490, 0x0000023d4287fda0, 0x0000023d64d454b0,
0x0000023d64fbc470, 0x0000023d6506dfa0, 0x0000023d6536a080, 0x0000023d65378720,
0x0000023d65378e70, 0x0000023d65377fd0, 0x0000023d65379d10, 0x0000023d653795c0,
0x0000023d653769e0, 0x0000023d65377130, 0x0000023d65377880, 0x0000023d65650a50,
0x0000023d656518f0, 0x0000023d6564fbb0, 0x0000023d65652040, 0x0000023d65652790,
0x0000023d65652ee0, 0x0000023d65653630, 0x0000023d65650300, 0x0000023d65654c20,
0x0000023d65656960, 0x0000023d65653d80, 0x0000023d656544d0, 0x0000023d65655ac0,
0x0000023d655f21c0, 0x0000023d655f3060, 0x0000023d655f4650, 0x0000023d655f3f00,
0x0000023d655f2910, 0x0000023d655f4da0, 0x0000023d655f1a70, 0x0000023d655f6ae0,
0x0000023d655f54f0, 0x0000023d655f5c40, 0x0000023d655f6390, 0x0000023d655f37b0,
0x0000023d655f7230, 0x0000023d655f7980, 0x0000023d655f80d0, 0x0000023d655f8820,
0x0000023d687d8ca0, 0x0000023d687d93f0, 0x0000023d687db130, 0x0000023d687db880,
0x0000023d687dbfd0, 0x0000023d687dce70, 0x0000023d687da9e0, 0x0000023d687dc720,
0x0000023d687d9b40, 0x0000023d687dd5c0, 0x0000023d687da290, 0x0000023d687df300,
0x0000023d687ddd10, 0x0000023d687de460, 0x0000023d687debb0, 0x0000023d687dfa50,
0x0000023d687e01a0, 0x0000023d661397e0, 0x0000023d661381f0, 0x0000023d66138940,
0x0000023d66139090, 0x0000023d66139f30, 0x0000023d6613a680, 0x0000023d66137350,
0x0000023d6613bc70, 0x0000023d6613d260, 0x0000023d6613b520, 0x0000023d6613c3c0,
0x0000023d6613add0, 0x0000023d6613cb10, 0x0000023d6613d9b0, 0x0000023d6613e100,
0x0000023d6613e850, 0x0000023d68e3dec0, 0x0000023d68e3c8d0, 0x0000023d43a56490
}

Java Threads: ( => current thread )
  0x0000023d46fbb990 JavaThread "main"                              [_thread_blocked, id=27312, stack(0x0000005e69e00000,0x0000005e69f00000) (1024K)]
  0x0000023d411fa5d0 JavaThread "Reference Handler"          daemon [_thread_blocked, id=29276, stack(0x0000005e6a200000,0x0000005e6a300000) (1024K)]
  0x0000023d411fb200 JavaThread "Finalizer"                  daemon [_thread_blocked, id=21008, stack(0x0000005e6a300000,0x0000005e6a400000) (1024K)]
  0x0000023d47050230 JavaThread "Signal Dispatcher"          daemon [_thread_blocked, id=27244, stack(0x0000005e6a400000,0x0000005e6a500000) (1024K)]
  0x0000023d47053790 JavaThread "Attach Listener"            daemon [_thread_blocked, id=5236, stack(0x0000005e6a500000,0x0000005e6a600000) (1024K)]
  0x0000023d47059170 JavaThread "Service Thread"             daemon [_thread_blocked, id=6096, stack(0x0000005e6a600000,0x0000005e6a700000) (1024K)]
  0x0000023d47061150 JavaThread "Monitor Deflation Thread"   daemon [_thread_blocked, id=11184, stack(0x0000005e6a700000,0x0000005e6a800000) (1024K)]
=>0x0000023d4706cfb0 JavaThread "C2 CompilerThread0"         daemon [_thread_in_native, id=16404, stack(0x0000005e6a800000,0x0000005e6a900000) (1024K)]
  0x0000023d4706d870 JavaThread "C1 CompilerThread0"         daemon [_thread_blocked, id=21836, stack(0x0000005e6a900000,0x0000005e6aa00000) (1024K)]
  0x0000023d42818490 JavaThread "Common-Cleaner"             daemon [_thread_blocked, id=12060, stack(0x0000005e6ab00000,0x0000005e6ac00000) (1024K)]
  0x0000023d4287fda0 JavaThread "Notification Thread"        daemon [_thread_blocked, id=5980, stack(0x0000005e6ac00000,0x0000005e6ad00000) (1024K)]
  0x0000023d64d454b0 JavaThread "Daemon health stats"               [_thread_blocked, id=26296, stack(0x0000005e6af00000,0x0000005e6b000000) (1024K)]
  0x0000023d64fbc470 JavaThread "Incoming local TCP Connector on port 53640"        [_thread_in_native, id=21052, stack(0x0000005e6ad00000,0x0000005e6ae00000) (1024K)]
  0x0000023d6506dfa0 JavaThread "Daemon periodic checks"            [_thread_blocked, id=19432, stack(0x0000005e6b000000,0x0000005e6b100000) (1024K)]
  0x0000023d6536a080 JavaThread "Daemon"                            [_thread_blocked, id=23288, stack(0x0000005e6b100000,0x0000005e6b200000) (1024K)]
  0x0000023d65378720 JavaThread "Handler for socket connection from /127.0.0.1:53640 to /127.0.0.1:53641"        [_thread_in_native, id=23172, stack(0x0000005e6b200000,0x0000005e6b300000) (1024K)]
  0x0000023d65378e70 JavaThread "Cancel handler"                    [_thread_blocked, id=6608, stack(0x0000005e6b300000,0x0000005e6b400000) (1024K)]
  0x0000023d65377fd0 JavaThread "Daemon worker"                     [_thread_in_native, id=22184, stack(0x0000005e6b400000,0x0000005e6b500000) (1024K)]
  0x0000023d65379d10 JavaThread "Asynchronous log dispatcher for DefaultDaemonConnection: socket connection from /127.0.0.1:53640 to /127.0.0.1:53641"        [_thread_blocked, id=28332, stack(0x0000005e6b500000,0x0000005e6b600000) (1024K)]
  0x0000023d653795c0 JavaThread "Stdin handler"                     [_thread_blocked, id=26192, stack(0x0000005e6be00000,0x0000005e6bf00000) (1024K)]
  0x0000023d653769e0 JavaThread "Daemon client event forwarder"        [_thread_blocked, id=15944, stack(0x0000005e6bf00000,0x0000005e6c000000) (1024K)]
  0x0000023d65377130 JavaThread "Cache worker for journal cache (C:\Users\cesarr\.gradle\caches\journal-1)"        [_thread_blocked, id=23728, stack(0x0000005e6c000000,0x0000005e6c100000) (1024K)]
  0x0000023d65377880 JavaThread "File lock request listener"        [_thread_in_native, id=12568, stack(0x0000005e6c100000,0x0000005e6c200000) (1024K)]
  0x0000023d65650a50 JavaThread "Cache worker for file hash cache (C:\Users\cesarr\.gradle\caches\8.14.3\fileHashes)"        [_thread_blocked, id=24652, stack(0x0000005e6c200000,0x0000005e6c300000) (1024K)]
  0x0000023d656518f0 JavaThread "Cache worker for file hash cache (C:\Users\cesarr\Downloads\biodex final\API-Biodex\.gradle\8.14.3\fileHashes)"        [_thread_blocked, id=22744, stack(0x0000005e6c400000,0x0000005e6c500000) (1024K)]
  0x0000023d6564fbb0 JavaThread "Cache worker for Build Output Cleanup Cache (C:\Users\cesarr\Downloads\biodex final\API-Biodex\.gradle\buildOutputCleanup)"        [_thread_blocked, id=20928, stack(0x0000005e6c500000,0x0000005e6c600000) (1024K)]
  0x0000023d65652040 JavaThread "File watcher server"        daemon [_thread_in_native, id=28248, stack(0x0000005e6c600000,0x0000005e6c700000) (1024K)]
  0x0000023d65652790 JavaThread "File watcher consumer"      daemon [_thread_blocked, id=22912, stack(0x0000005e6c700000,0x0000005e6c800000) (1024K)]
  0x0000023d65652ee0 JavaThread "jar transforms"                    [_thread_blocked, id=10016, stack(0x0000005e6c800000,0x0000005e6c900000) (1024K)]
  0x0000023d65653630 JavaThread "jar transforms Thread 2"           [_thread_blocked, id=4424, stack(0x0000005e6c900000,0x0000005e6ca00000) (1024K)]
  0x0000023d65650300 JavaThread "Cache worker for checksums cache (C:\Users\cesarr\Downloads\biodex final\API-Biodex\.gradle\8.14.3\checksums)"        [_thread_blocked, id=27008, stack(0x0000005e6ca00000,0x0000005e6cb00000) (1024K)]
  0x0000023d65654c20 JavaThread "Cache worker for file content cache (C:\Users\cesarr\.gradle\caches\8.14.3\fileContent)"        [_thread_blocked, id=24940, stack(0x0000005e6cb00000,0x0000005e6cc00000) (1024K)]
  0x0000023d65656960 JavaThread "jar transforms Thread 3"           [_thread_blocked, id=16532, stack(0x0000005e6cc00000,0x0000005e6cd00000) (1024K)]
  0x0000023d65653d80 JavaThread "Cache worker for cache directory md-supplier (C:\Users\cesarr\.gradle\caches\8.14.3\md-supplier)"        [_thread_blocked, id=19232, stack(0x0000005e6cd00000,0x0000005e6ce00000) (1024K)]
  0x0000023d656544d0 JavaThread "Cache worker for cache directory md-rule (C:\Users\cesarr\.gradle\caches\8.14.3\md-rule)"        [_thread_blocked, id=27868, stack(0x0000005e6ce00000,0x0000005e6cf00000) (1024K)]
  0x0000023d65655ac0 JavaThread "Unconstrained build operations"        [_thread_blocked, id=27044, stack(0x0000005e6cf00000,0x0000005e6d000000) (1024K)]
  0x0000023d655f21c0 JavaThread "Unconstrained build operations Thread 2"        [_thread_blocked, id=21420, stack(0x0000005e6d000000,0x0000005e6d100000) (1024K)]
  0x0000023d655f3060 JavaThread "Unconstrained build operations Thread 3"        [_thread_blocked, id=12400, stack(0x0000005e6d100000,0x0000005e6d200000) (1024K)]
  0x0000023d655f4650 JavaThread "Unconstrained build operations Thread 4"        [_thread_blocked, id=24244, stack(0x0000005e6d200000,0x0000005e6d300000) (1024K)]
  0x0000023d655f3f00 JavaThread "Unconstrained build operations Thread 5"        [_thread_blocked, id=26640, stack(0x0000005e6d300000,0x0000005e6d400000) (1024K)]
  0x0000023d655f2910 JavaThread "Unconstrained build operations Thread 6"        [_thread_blocked, id=19620, stack(0x0000005e6d400000,0x0000005e6d500000) (1024K)]
  0x0000023d655f4da0 JavaThread "Unconstrained build operations Thread 7"        [_thread_blocked, id=15172, stack(0x0000005e6d500000,0x0000005e6d600000) (1024K)]
  0x0000023d655f1a70 JavaThread "Unconstrained build operations Thread 8"        [_thread_blocked, id=10904, stack(0x0000005e6d600000,0x0000005e6d700000) (1024K)]
  0x0000023d655f6ae0 JavaThread "jar transforms Thread 4"           [_thread_blocked, id=27248, stack(0x0000005e6d700000,0x0000005e6d800000) (1024K)]
  0x0000023d655f54f0 JavaThread "jar transforms Thread 5"           [_thread_blocked, id=28556, stack(0x0000005e6d800000,0x0000005e6d900000) (1024K)]
  0x0000023d655f5c40 JavaThread "Unconstrained build operations Thread 9"        [_thread_blocked, id=28356, stack(0x0000005e6d900000,0x0000005e6da00000) (1024K)]
  0x0000023d655f6390 JavaThread "Unconstrained build operations Thread 10"        [_thread_blocked, id=29600, stack(0x0000005e6da00000,0x0000005e6db00000) (1024K)]
  0x0000023d655f37b0 JavaThread "Unconstrained build operations Thread 11"        [_thread_blocked, id=14752, stack(0x0000005e6db00000,0x0000005e6dc00000) (1024K)]
  0x0000023d655f7230 JavaThread "Unconstrained build operations Thread 12"        [_thread_blocked, id=4916, stack(0x0000005e6dc00000,0x0000005e6dd00000) (1024K)]
  0x0000023d655f7980 JavaThread "jar transforms Thread 6"           [_thread_blocked, id=25508, stack(0x0000005e6dd00000,0x0000005e6de00000) (1024K)]
  0x0000023d655f80d0 JavaThread "jar transforms Thread 7"           [_thread_blocked, id=20244, stack(0x0000005e6de00000,0x0000005e6df00000) (1024K)]
  0x0000023d655f8820 JavaThread "jar transforms Thread 8"           [_thread_blocked, id=21880, stack(0x0000005e6df00000,0x0000005e6e000000) (1024K)]
  0x0000023d687d8ca0 JavaThread "Unconstrained build operations Thread 13"        [_thread_blocked, id=22484, stack(0x0000005e6e000000,0x0000005e6e100000) (1024K)]
  0x0000023d687d93f0 JavaThread "Unconstrained build operations Thread 14"        [_thread_blocked, id=5820, stack(0x0000005e6e100000,0x0000005e6e200000) (1024K)]
  0x0000023d687db130 JavaThread "Unconstrained build operations Thread 15"        [_thread_blocked, id=22488, stack(0x0000005e6e200000,0x0000005e6e300000) (1024K)]
  0x0000023d687db880 JavaThread "Unconstrained build operations Thread 16"        [_thread_blocked, id=7348, stack(0x0000005e6e300000,0x0000005e6e400000) (1024K)]
  0x0000023d687dbfd0 JavaThread "Unconstrained build operations Thread 17"        [_thread_blocked, id=6992, stack(0x0000005e6e400000,0x0000005e6e500000) (1024K)]
  0x0000023d687dce70 JavaThread "Unconstrained build operations Thread 18"        [_thread_blocked, id=21032, stack(0x0000005e6e500000,0x0000005e6e600000) (1024K)]
  0x0000023d687da9e0 JavaThread "Unconstrained build operations Thread 19"        [_thread_blocked, id=29636, stack(0x0000005e6e600000,0x0000005e6e700000) (1024K)]
  0x0000023d687dc720 JavaThread "Unconstrained build operations Thread 20"        [_thread_blocked, id=13080, stack(0x0000005e6e700000,0x0000005e6e800000) (1024K)]
  0x0000023d687d9b40 JavaThread "Unconstrained build operations Thread 21"        [_thread_blocked, id=21600, stack(0x0000005e6e800000,0x0000005e6e900000) (1024K)]
  0x0000023d687dd5c0 JavaThread "Unconstrained build operations Thread 22"        [_thread_blocked, id=22264, stack(0x0000005e6e900000,0x0000005e6ea00000) (1024K)]
  0x0000023d687da290 JavaThread "Unconstrained build operations Thread 23"        [_thread_blocked, id=24136, stack(0x0000005e6ea00000,0x0000005e6eb00000) (1024K)]
  0x0000023d687df300 JavaThread "Unconstrained build operations Thread 24"        [_thread_blocked, id=25780, stack(0x0000005e6eb00000,0x0000005e6ec00000) (1024K)]
  0x0000023d687ddd10 JavaThread "Unconstrained build operations Thread 25"        [_thread_blocked, id=24616, stack(0x0000005e6ec00000,0x0000005e6ed00000) (1024K)]
  0x0000023d687de460 JavaThread "Unconstrained build operations Thread 26"        [_thread_blocked, id=15996, stack(0x0000005e6ed00000,0x0000005e6ee00000) (1024K)]
  0x0000023d687debb0 JavaThread "Unconstrained build operations Thread 27"        [_thread_blocked, id=19288, stack(0x0000005e6ee00000,0x0000005e6ef00000) (1024K)]
  0x0000023d687dfa50 JavaThread "Unconstrained build operations Thread 28"        [_thread_blocked, id=17624, stack(0x0000005e6ef00000,0x0000005e6f000000) (1024K)]
  0x0000023d687e01a0 JavaThread "Unconstrained build operations Thread 29"        [_thread_blocked, id=23712, stack(0x0000005e6f000000,0x0000005e6f100000) (1024K)]
  0x0000023d661397e0 JavaThread "Unconstrained build operations Thread 30"        [_thread_blocked, id=4224, stack(0x0000005e6f100000,0x0000005e6f200000) (1024K)]
  0x0000023d661381f0 JavaThread "Unconstrained build operations Thread 31"        [_thread_blocked, id=24932, stack(0x0000005e6f200000,0x0000005e6f300000) (1024K)]
  0x0000023d66138940 JavaThread "Unconstrained build operations Thread 32"        [_thread_blocked, id=13140, stack(0x0000005e6f300000,0x0000005e6f400000) (1024K)]
  0x0000023d66139090 JavaThread "Unconstrained build operations Thread 33"        [_thread_blocked, id=16092, stack(0x0000005e6f400000,0x0000005e6f500000) (1024K)]
  0x0000023d66139f30 JavaThread "Unconstrained build operations Thread 34"        [_thread_blocked, id=27108, stack(0x0000005e6f500000,0x0000005e6f600000) (1024K)]
  0x0000023d6613a680 JavaThread "Unconstrained build operations Thread 35"        [_thread_blocked, id=27032, stack(0x0000005e6f600000,0x0000005e6f700000) (1024K)]
  0x0000023d66137350 JavaThread "Unconstrained build operations Thread 36"        [_thread_blocked, id=28212, stack(0x0000005e6f700000,0x0000005e6f800000) (1024K)]
  0x0000023d6613bc70 JavaThread "Unconstrained build operations Thread 37"        [_thread_blocked, id=412, stack(0x0000005e6f800000,0x0000005e6f900000) (1024K)]
  0x0000023d6613d260 JavaThread "Unconstrained build operations Thread 38"        [_thread_blocked, id=22840, stack(0x0000005e6f900000,0x0000005e6fa00000) (1024K)]
  0x0000023d6613b520 JavaThread "Unconstrained build operations Thread 39"        [_thread_blocked, id=19696, stack(0x0000005e6fa00000,0x0000005e6fb00000) (1024K)]
  0x0000023d6613c3c0 JavaThread "Unconstrained build operations Thread 40"        [_thread_blocked, id=29484, stack(0x0000005e6fb00000,0x0000005e6fc00000) (1024K)]
  0x0000023d6613add0 JavaThread "Unconstrained build operations Thread 41"        [_thread_blocked, id=3208, stack(0x0000005e6fc00000,0x0000005e6fd00000) (1024K)]
  0x0000023d6613cb10 JavaThread "Unconstrained build operations Thread 42"        [_thread_blocked, id=21884, stack(0x0000005e6fd00000,0x0000005e6fe00000) (1024K)]
  0x0000023d6613d9b0 JavaThread "Unconstrained build operations Thread 43"        [_thread_blocked, id=18912, stack(0x0000005e6fe00000,0x0000005e6ff00000) (1024K)]
  0x0000023d6613e100 JavaThread "Unconstrained build operations Thread 44"        [_thread_blocked, id=15064, stack(0x0000005e6ff00000,0x0000005e70000000) (1024K)]
  0x0000023d6613e850 JavaThread "Unconstrained build operations Thread 45"        [_thread_blocked, id=13184, stack(0x0000005e70000000,0x0000005e70100000) (1024K)]
  0x0000023d68e3dec0 JavaThread "build event listener"              [_thread_blocked, id=25052, stack(0x0000005e6c300000,0x0000005e6c400000) (1024K)]
  0x0000023d68e3c8d0 JavaThread "Memory manager"                    [_thread_blocked, id=27920, stack(0x0000005e6aa00000,0x0000005e6ab00000) (1024K)]
  0x0000023d43a56490 JavaThread "C2 CompilerThread1"         daemon [_thread_blocked, id=25972, stack(0x0000005e70100000,0x0000005e70200000) (1024K)]
Total: 88

Other Threads:
  0x0000023d411e6000 VMThread "VM Thread"                           [id=6568, stack(0x0000005e6a100000,0x0000005e6a200000) (1024K)]
  0x0000023d46fda140 WatcherThread "VM Periodic Task Thread"        [id=9952, stack(0x0000005e6a000000,0x0000005e6a100000) (1024K)]
  0x0000023d46fd2670 WorkerThread "GC Thread#0"                     [id=23340, stack(0x0000005e69f00000,0x0000005e6a000000) (1024K)]
  0x0000023d43bd8a50 WorkerThread "GC Thread#1"                     [id=16740, stack(0x0000005e6ae00000,0x0000005e6af00000) (1024K)]
  0x0000023d6500dc70 WorkerThread "GC Thread#2"                     [id=25808, stack(0x0000005e6b600000,0x0000005e6b700000) (1024K)]
  0x0000023d6501e2b0 WorkerThread "GC Thread#3"                     [id=4552, stack(0x0000005e6b700000,0x0000005e6b800000) (1024K)]
  0x0000023d6501e660 WorkerThread "GC Thread#4"                     [id=3444, stack(0x0000005e6b800000,0x0000005e6b900000) (1024K)]
  0x0000023d6501ee20 WorkerThread "GC Thread#5"                     [id=10296, stack(0x0000005e6b900000,0x0000005e6ba00000) (1024K)]
  0x0000023d65016f30 WorkerThread "GC Thread#6"                     [id=4040, stack(0x0000005e6ba00000,0x0000005e6bb00000) (1024K)]
  0x0000023d650172e0 WorkerThread "GC Thread#7"                     [id=12820, stack(0x0000005e6bb00000,0x0000005e6bc00000) (1024K)]
  0x0000023d65017690 WorkerThread "GC Thread#8"                     [id=29392, stack(0x0000005e6bc00000,0x0000005e6bd00000) (1024K)]
  0x0000023d65017a40 WorkerThread "GC Thread#9"                     [id=6168, stack(0x0000005e6bd00000,0x0000005e6be00000) (1024K)]
Total: 12

Threads with active compile tasks:
C2 CompilerThread0  12257 8589       4       org.gradle.internal.instantiation.generator.AbstractClassGenerator::inspectType (602 bytes)
Total: 1

VM state: not at safepoint (normal execution)

VM Mutex/Monitor currently owned by a thread: None

Heap address: 0x00000000c0000000, size: 1024 MB, Compressed Oops mode: 32-bit

CDS archive(s) mapped at: [0x0000023d00000000-0x0000023d00d40000-0x0000023d00d40000), size 13893632, SharedBaseAddress: 0x0000023d00000000, ArchiveRelocationMode: 1.
Compressed class space mapped at: 0x0000023d01000000-0x0000023d41000000, reserved size: 1073741824
UseCompressedClassPointers 1, UseCompactObjectHeaders 0
Narrow klass pointer bits 32, Max shift 3
Narrow klass base: 0x0000023d00000000, Narrow klass shift: 0
Encoding Range: [0x0000023d00000000 - 0x0000023e00000000), (4294967296 bytes)
Klass Range:    [0x0000023d00000000 - 0x0000023d41000000), (1090519040 bytes)
Klass ID Range:  [8 - 1090519033) (1090519025)

GC Precious Log:
 CardTable entry size: 512
 CPUs: 12 total, 12 available
 Memory: 7439M
 Large Page Support: Disabled
 NUMA Support: Disabled
 Compressed Oops: Enabled (32-bit)
 Alignments: Space 512K, Generation 512K, Heap 2M
 Heap Min Capacity: 128M
 Heap Initial Capacity: 128M
 Heap Max Capacity: 1G
 Pre-touch: Disabled
 Parallel Workers: 10

Heap:
 PSYoungGen      total 44544K, used 20731K [0x00000000eab00000, 0x00000000ee100000, 0x0000000100000000)
  eden space 35840K, 49% used [0x00000000eab00000,0x00000000ebc3c488,0x00000000ece00000)
  from space 8704K, 35% used [0x00000000ed880000,0x00000000edb829f8,0x00000000ee100000)
  to   space 9728K, 0% used [0x00000000ece00000,0x00000000ece00000,0x00000000ed780000)
 ParOldGen       total 87552K, used 61462K [0x00000000c0000000, 0x00000000c5580000, 0x00000000eab00000)
  object space 87552K, 70% used [0x00000000c0000000,0x00000000c3c05810,0x00000000c5580000)
 Metaspace       used 72063K, committed 74176K, reserved 1114112K
  class space    used 8285K, committed 9280K, reserved 1048576K

Card table byte_map: [0x0000023d46ad0000,0x0000023d46cd0000] _byte_map_base: 0x0000023d464d0000

Marking Bits: (ParMarkBitMap*) 0x00007ffda5fd98d0
 Begin Bits: [0x0000023d5e850000, 0x0000023d5f850000)

Polling page: 0x0000023d44d90000

Metaspace:

Usage:
  Non-class:     62.28 MB used.
      Class:      8.09 MB used.
       Both:     70.37 MB used.

Virtual space:
  Non-class space:       64.00 MB reserved,      63.38 MB (>99%) committed,  1 nodes.
      Class space:        1.00 GB reserved,       9.06 MB ( <1%) committed,  1 nodes.
             Both:        1.06 GB reserved,      72.44 MB (  7%) committed. 

Chunk freelists:
   Non-Class:  480.00 KB
       Class:  6.98 MB
        Both:  7.45 MB

MaxMetaspaceSize: unlimited
CompressedClassSpaceSize: 1.00 GB
Initial GC threshold: 21.00 MB
Current GC threshold: 97.31 MB
CDS: on
 - commit_granule_bytes: 65536.
 - commit_granule_words: 8192.
 - virtual_space_node_default_size: 8388608.
 - enlarge_chunks_in_place: 1.
UseCompressedClassPointers 1, UseCompactObjectHeaders 0
Narrow klass pointer bits 32, Max shift 3
Narrow klass base: 0x0000023d00000000, Narrow klass shift: 0
Encoding Range: [0x0000023d00000000 - 0x0000023e00000000), (4294967296 bytes)
Klass Range:    [0x0000023d00000000 - 0x0000023d41000000), (1090519040 bytes)
Klass ID Range:  [8 - 1090519033) (1090519025)


Internal statistics:

num_allocs_failed_limit: 9.
num_arena_births: 3682.
num_arena_deaths: 0.
num_vsnodes_births: 2.
num_vsnodes_deaths: 0.
num_space_committed: 1159.
num_space_uncommitted: 0.
num_chunks_returned_to_freelist: 9.
num_chunks_taken_from_freelist: 6915.
num_chunk_merges: 9.
num_chunk_splits: 4518.
num_chunks_enlarged: 2785.
num_inconsistent_stats: 0.

CodeHeap 'non-profiled nmethods': size=120064Kb used=3639Kb max_used=3639Kb free=116424Kb
 bounds [0x0000023d57310000, 0x0000023d576a0000, 0x0000023d5e850000]
CodeHeap 'profiled nmethods': size=120000Kb used=12866Kb max_used=12866Kb free=107133Kb
 bounds [0x0000023d4f850000, 0x0000023d504f0000, 0x0000023d56d80000]
CodeHeap 'non-nmethods': size=5696Kb used=2491Kb max_used=2535Kb free=3204Kb
 bounds [0x0000023d56d80000, 0x0000023d57000000, 0x0000023d57310000]
CodeCache: size=245760Kb, used=18996Kb, max_used=19040Kb, free=226761Kb
 total_blobs=9278, nmethods=8317, adapters=868, full_count=0
Compilation: enabled, stopped_count=0, restarted_count=0

Compilation events (20 events):
Event: 11.166 Thread 0x0000023d4706d870 9052       1       kotlin.reflect.jvm.internal.impl.protobuf.GeneratedMessageLite$GeneratedExtension::getMessageDefaultInstance (5 bytes)
Event: 11.166 Thread 0x0000023d4706d870 nmethod 9052 0x0000023d57698008 code [0x0000023d57698100, 0x0000023d576981c8]
Event: 11.166 Thread 0x0000023d4706d870 9055       3       kotlin.reflect.jvm.internal.impl.name.FqNameUnsafe::equals (39 bytes)
Event: 11.167 Thread 0x0000023d4706d870 nmethod 9055 0x0000023d504baf08 code [0x0000023d504bb060, 0x0000023d504bb4d8]
Event: 11.167 Thread 0x0000023d4706d870 9054       1       kotlin.reflect.jvm.internal.impl.metadata.deserialization.BinaryVersion::getMinor (5 bytes)
Event: 11.167 Thread 0x0000023d4706d870 nmethod 9054 0x0000023d57698308 code [0x0000023d57698400, 0x0000023d576984c8]
Event: 11.167 Thread 0x0000023d4706d870 9056       1       kotlin.reflect.jvm.internal.impl.descriptors.runtime.components.ReflectKotlinClass::getClassHeader (5 bytes)
Event: 11.167 Thread 0x0000023d4706d870 nmethod 9056 0x0000023d57698608 code [0x0000023d57698700, 0x0000023d576987c8]
Event: 11.167 Thread 0x0000023d4706d870 9057       3       kotlin.reflect.jvm.internal.impl.storage.LockBasedStorageManager::createMemoizedFunctionWithNullableValues (29 bytes)
Event: 11.167 Thread 0x0000023d4706d870 nmethod 9057 0x0000023d504bb508 code [0x0000023d504bb640, 0x0000023d504bb8c0]
Event: 11.167 Thread 0x0000023d4706d870 9058       3       kotlin.sequences.SequenceBuilderIterator::yield (47 bytes)
Event: 11.168 Thread 0x0000023d4706d870 nmethod 9058 0x0000023d504bb908 code [0x0000023d504bbac0, 0x0000023d504bc278]
Event: 11.168 Thread 0x0000023d4706d870 9059       3       kotlin.sequences.SequenceBuilderIterator::hasNext (121 bytes)
Event: 11.168 Thread 0x0000023d4706d870 nmethod 9059 0x0000023d504bc308 code [0x0000023d504bc540, 0x0000023d504bd3c0]
Event: 11.168 Thread 0x0000023d427e1250 nmethod 9053 0x0000023d57698908 code [0x0000023d57698a20, 0x0000023d57698c98]
Event: 11.168 Thread 0x0000023d4706d870 9064       3       kotlin.reflect.jvm.internal.impl.name.FqNameUnsafe::compute (76 bytes)
Event: 12.168 Thread 0x0000023d4706d870 nmethod 9064 0x0000023d504bd488 code [0x0000023d504bd760, 0x0000023d504bf110]
Event: 12.168 Thread 0x0000023d4706d870 9062       3       kotlin.reflect.jvm.internal.impl.name.FqNameUnsafe::<init> (18 bytes)
Event: 12.168 Thread 0x0000023d4706d870 nmethod 9062 0x0000023d504bf208 code [0x0000023d504bf320, 0x0000023d504bf510]
Event: 12.168 Thread 0x0000023d4706d870 9070       3       kotlin.reflect.jvm.internal.impl.protobuf.WireFormat::getTagFieldNumber (4 bytes)

GC Heap History (20 events):
Event: 8.665 GC heap before
{Heap before GC invocations=18 (full 2):
 PSYoungGen      total 29184K, used 28896K [0x00000000eab00000, 0x00000000edd00000, 0x0000000100000000)
  eden space 27648K, 100% used [0x00000000eab00000,0x00000000ec600000,0x00000000ec600000)
  from space 1536K, 81% used [0x00000000ec680000,0x00000000ec7b8010,0x00000000ec800000)
  to   space 11776K, 0% used [0x00000000ed180000,0x00000000ed180000,0x00000000edd00000)
 ParOldGen       total 87552K, used 40636K [0x00000000c0000000, 0x00000000c5580000, 0x00000000eab00000)
  object space 87552K, 46% used [0x00000000c0000000,0x00000000c27af0f0,0x00000000c5580000)
 Metaspace       used 52785K, committed 54592K, reserved 1114112K
  class space    used 6129K, committed 6976K, reserved 1048576K
}
Event: 8.667 GC heap after
{Heap after GC invocations=18 (full 2):
 PSYoungGen      total 37376K, used 2688K [0x00000000eab00000, 0x00000000edb80000, 0x0000000100000000)
  eden space 27136K, 0% used [0x00000000eab00000,0x00000000eab00000,0x00000000ec580000)
  from space 10240K, 26% used [0x00000000ed180000,0x00000000ed420000,0x00000000edb80000)
  to   space 11264K, 0% used [0x00000000ec580000,0x00000000ec580000,0x00000000ed080000)
 ParOldGen       total 87552K, used 41767K [0x00000000c0000000, 0x00000000c5580000, 0x00000000eab00000)
  object space 87552K, 47% used [0x00000000c0000000,0x00000000c28c9c70,0x00000000c5580000)
 Metaspace       used 52785K, committed 54592K, reserved 1114112K
  class space    used 6129K, committed 6976K, reserved 1048576K
}
Event: 8.813 GC heap before
{Heap before GC invocations=19 (full 2):
 PSYoungGen      total 37376K, used 29824K [0x00000000eab00000, 0x00000000edb80000, 0x0000000100000000)
  eden space 27136K, 100% used [0x00000000eab00000,0x00000000ec580000,0x00000000ec580000)
  from space 10240K, 26% used [0x00000000ed180000,0x00000000ed420000,0x00000000edb80000)
  to   space 11264K, 0% used [0x00000000ec580000,0x00000000ec580000,0x00000000ed080000)
 ParOldGen       total 87552K, used 41767K [0x00000000c0000000, 0x00000000c5580000, 0x00000000eab00000)
  object space 87552K, 47% used [0x00000000c0000000,0x00000000c28c9c70,0x00000000c5580000)
 Metaspace       used 53080K, committed 54976K, reserved 1114112K
  class space    used 6133K, committed 7040K, reserved 1048576K
}
Event: 8.815 GC heap after
{Heap after GC invocations=19 (full 2):
 PSYoungGen      total 31232K, used 4208K [0x00000000eab00000, 0x00000000eda00000, 0x0000000100000000)
  eden space 26624K, 0% used [0x00000000eab00000,0x00000000eab00000,0x00000000ec500000)
  from space 4608K, 91% used [0x00000000ec580000,0x00000000ec99c010,0x00000000eca00000)
  to   space 10752K, 0% used [0x00000000ecf80000,0x00000000ecf80000,0x00000000eda00000)
 ParOldGen       total 87552K, used 44267K [0x00000000c0000000, 0x00000000c5580000, 0x00000000eab00000)
  object space 87552K, 50% used [0x00000000c0000000,0x00000000c2b3acf0,0x00000000c5580000)
 Metaspace       used 53080K, committed 54976K, reserved 1114112K
  class space    used 6133K, committed 7040K, reserved 1048576K
}
Event: 8.875 GC heap before
{Heap before GC invocations=20 (full 2):
 PSYoungGen      total 31232K, used 30832K [0x00000000eab00000, 0x00000000eda00000, 0x0000000100000000)
  eden space 26624K, 100% used [0x00000000eab00000,0x00000000ec500000,0x00000000ec500000)
  from space 4608K, 91% used [0x00000000ec580000,0x00000000ec99c010,0x00000000eca00000)
  to   space 10752K, 0% used [0x00000000ecf80000,0x00000000ecf80000,0x00000000eda00000)
 ParOldGen       total 87552K, used 44267K [0x00000000c0000000, 0x00000000c5580000, 0x00000000eab00000)
  object space 87552K, 50% used [0x00000000c0000000,0x00000000c2b3acf0,0x00000000c5580000)
 Metaspace       used 53249K, committed 55104K, reserved 1114112K
  class space    used 6133K, committed 7040K, reserved 1048576K
}
Event: 8.877 GC heap after
{Heap after GC invocations=20 (full 2):
 PSYoungGen      total 37888K, used 2688K [0x00000000eab00000, 0x00000000ee380000, 0x0000000100000000)
  eden space 27136K, 0% used [0x00000000eab00000,0x00000000eab00000,0x00000000ec580000)
  from space 10752K, 25% used [0x00000000ecf80000,0x00000000ed220000,0x00000000eda00000)
  to   space 10240K, 0% used [0x00000000ec580000,0x00000000ec580000,0x00000000ecf80000)
 ParOldGen       total 87552K, used 46611K [0x00000000c0000000, 0x00000000c5580000, 0x00000000eab00000)
  object space 87552K, 53% used [0x00000000c0000000,0x00000000c2d84cf0,0x00000000c5580000)
 Metaspace       used 53249K, committed 55104K, reserved 1114112K
  class space    used 6133K, committed 7040K, reserved 1048576K
}
Event: 9.024 GC heap before
{Heap before GC invocations=21 (full 2):
 PSYoungGen      total 37888K, used 29824K [0x00000000eab00000, 0x00000000ee380000, 0x0000000100000000)
  eden space 27136K, 100% used [0x00000000eab00000,0x00000000ec580000,0x00000000ec580000)
  from space 10752K, 25% used [0x00000000ecf80000,0x00000000ed220000,0x00000000eda00000)
  to   space 10240K, 0% used [0x00000000ec580000,0x00000000ec580000,0x00000000ecf80000)
 ParOldGen       total 87552K, used 46611K [0x00000000c0000000, 0x00000000c5580000, 0x00000000eab00000)
  object space 87552K, 53% used [0x00000000c0000000,0x00000000c2d84cf0,0x00000000c5580000)
 Metaspace       used 53745K, committed 55616K, reserved 1114112K
  class space    used 6169K, committed 7040K, reserved 1048576K
}
Event: 9.026 GC heap after
{Heap after GC invocations=21 (full 2):
 PSYoungGen      total 37376K, used 7390K [0x00000000eab00000, 0x00000000ee580000, 0x0000000100000000)
  eden space 27136K, 0% used [0x00000000eab00000,0x00000000eab00000,0x00000000ec580000)
  from space 10240K, 72% used [0x00000000ec580000,0x00000000eccb7aa0,0x00000000ecf80000)
  to   space 10752K, 0% used [0x00000000edb00000,0x00000000edb00000,0x00000000ee580000)
 ParOldGen       total 87552K, used 47939K [0x00000000c0000000, 0x00000000c5580000, 0x00000000eab00000)
  object space 87552K, 54% used [0x00000000c0000000,0x00000000c2ed0cf0,0x00000000c5580000)
 Metaspace       used 53745K, committed 55616K, reserved 1114112K
  class space    used 6169K, committed 7040K, reserved 1048576K
}
Event: 9.366 GC heap before
{Heap before GC invocations=22 (full 2):
 PSYoungGen      total 37376K, used 34521K [0x00000000eab00000, 0x00000000ee580000, 0x0000000100000000)
  eden space 27136K, 99% used [0x00000000eab00000,0x00000000ec57ecd0,0x00000000ec580000)
  from space 10240K, 72% used [0x00000000ec580000,0x00000000eccb7aa0,0x00000000ecf80000)
  to   space 10752K, 0% used [0x00000000edb00000,0x00000000edb00000,0x00000000ee580000)
 ParOldGen       total 87552K, used 47939K [0x00000000c0000000, 0x00000000c5580000, 0x00000000eab00000)
  object space 87552K, 54% used [0x00000000c0000000,0x00000000c2ed0cf0,0x00000000c5580000)
 Metaspace       used 57194K, committed 59072K, reserved 1114112K
  class space    used 6531K, committed 7424K, reserved 1048576K
}
Event: 9.369 GC heap after
{Heap after GC invocations=22 (full 2):
 PSYoungGen      total 49152K, used 2467K [0x00000000eab00000, 0x00000000ee580000, 0x0000000100000000)
  eden space 38400K, 0% used [0x00000000eab00000,0x00000000eab00000,0x00000000ed080000)
  from space 10752K, 22% used [0x00000000edb00000,0x00000000edd68e08,0x00000000ee580000)
  to   space 10752K, 0% used [0x00000000ed080000,0x00000000ed080000,0x00000000edb00000)
 ParOldGen       total 87552K, used 55143K [0x00000000c0000000, 0x00000000c5580000, 0x00000000eab00000)
  object space 87552K, 62% used [0x00000000c0000000,0x00000000c35d9d10,0x00000000c5580000)
 Metaspace       used 57194K, committed 59072K, reserved 1114112K
  class space    used 6531K, committed 7424K, reserved 1048576K
}
Event: 9.452 GC heap before
{Heap before GC invocations=23 (full 3):
 PSYoungGen      total 49152K, used 8745K [0x00000000eab00000, 0x00000000ee580000, 0x0000000100000000)
  eden space 38400K, 16% used [0x00000000eab00000,0x00000000eb1217f8,0x00000000ed080000)
  from space 10752K, 22% used [0x00000000edb00000,0x00000000edd68e08,0x00000000ee580000)
  to   space 10752K, 0% used [0x00000000ed080000,0x00000000ed080000,0x00000000edb00000)
 ParOldGen       total 87552K, used 55143K [0x00000000c0000000, 0x00000000c5580000, 0x00000000eab00000)
  object space 87552K, 62% used [0x00000000c0000000,0x00000000c35d9d10,0x00000000c5580000)
 Metaspace       used 57977K, committed 59776K, reserved 1114112K
  class space    used 6610K, committed 7488K, reserved 1048576K
}
Event: 9.483 GC heap after
{Heap after GC invocations=23 (full 3):
 PSYoungGen      total 49152K, used 0K [0x00000000eab00000, 0x00000000ee580000, 0x0000000100000000)
  eden space 38400K, 0% used [0x00000000eab00000,0x00000000eab00000,0x00000000ed080000)
  from space 10752K, 0% used [0x00000000edb00000,0x00000000edb00000,0x00000000ee580000)
  to   space 10752K, 0% used [0x00000000ed080000,0x00000000ed080000,0x00000000edb00000)
 ParOldGen       total 87552K, used 56839K [0x00000000c0000000, 0x00000000c5580000, 0x00000000eab00000)
  object space 87552K, 64% used [0x00000000c0000000,0x00000000c3781f88,0x00000000c5580000)
 Metaspace       used 57977K, committed 59776K, reserved 1114112K
  class space    used 6610K, committed 7488K, reserved 1048576K
}
Event: 9.942 GC heap before
{Heap before GC invocations=24 (full 3):
 PSYoungGen      total 49152K, used 38400K [0x00000000eab00000, 0x00000000ee580000, 0x0000000100000000)
  eden space 38400K, 100% used [0x00000000eab00000,0x00000000ed080000,0x00000000ed080000)
  from space 10752K, 0% used [0x00000000edb00000,0x00000000edb00000,0x00000000ee580000)
  to   space 10752K, 0% used [0x00000000ed080000,0x00000000ed080000,0x00000000edb00000)
 ParOldGen       total 87552K, used 56839K [0x00000000c0000000, 0x00000000c5580000, 0x00000000eab00000)
  object space 87552K, 64% used [0x00000000c0000000,0x00000000c3781f88,0x00000000c5580000)
 Metaspace       used 61760K, committed 63680K, reserved 1114112K
  class space    used 7043K, committed 7936K, reserved 1048576K
}
Event: 9.943 GC heap after
{Heap after GC invocations=24 (full 3):
 PSYoungGen      total 39424K, used 1802K [0x00000000eab00000, 0x00000000ee380000, 0x0000000100000000)
  eden space 37376K, 0% used [0x00000000eab00000,0x00000000eab00000,0x00000000ecf80000)
  from space 2048K, 88% used [0x00000000ed080000,0x00000000ed242b10,0x00000000ed280000)
  to   space 10240K, 0% used [0x00000000ed980000,0x00000000ed980000,0x00000000ee380000)
 ParOldGen       total 87552K, used 56847K [0x00000000c0000000, 0x00000000c5580000, 0x00000000eab00000)
  object space 87552K, 64% used [0x00000000c0000000,0x00000000c3783f88,0x00000000c5580000)
 Metaspace       used 61760K, committed 63680K, reserved 1114112K
  class space    used 7043K, committed 7936K, reserved 1048576K
}
Event: 10.340 GC heap before
{Heap before GC invocations=25 (full 3):
 PSYoungGen      total 39424K, used 39178K [0x00000000eab00000, 0x00000000ee380000, 0x0000000100000000)
  eden space 37376K, 100% used [0x00000000eab00000,0x00000000ecf80000,0x00000000ecf80000)
  from space 2048K, 88% used [0x00000000ed080000,0x00000000ed242b10,0x00000000ed280000)
  to   space 10240K, 0% used [0x00000000ed980000,0x00000000ed980000,0x00000000ee380000)
 ParOldGen       total 87552K, used 56847K [0x00000000c0000000, 0x00000000c5580000, 0x00000000eab00000)
  object space 87552K, 64% used [0x00000000c0000000,0x00000000c3783f88,0x00000000c5580000)
 Metaspace       used 65886K, committed 67968K, reserved 1114112K
  class space    used 7532K, committed 8512K, reserved 1048576K
}
Event: 10.342 GC heap after
{Heap after GC invocations=25 (full 3):
 PSYoungGen      total 46592K, used 1663K [0x00000000eab00000, 0x00000000ee300000, 0x0000000100000000)
  eden space 36864K, 0% used [0x00000000eab00000,0x00000000eab00000,0x00000000ecf00000)
  from space 9728K, 17% used [0x00000000ed980000,0x00000000edb1fcf0,0x00000000ee300000)
  to   space 10240K, 0% used [0x00000000ecf00000,0x00000000ecf00000,0x00000000ed900000)
 ParOldGen       total 87552K, used 58564K [0x00000000c0000000, 0x00000000c5580000, 0x00000000eab00000)
  object space 87552K, 66% used [0x00000000c0000000,0x00000000c3931210,0x00000000c5580000)
 Metaspace       used 65886K, committed 67968K, reserved 1114112K
  class space    used 7532K, committed 8512K, reserved 1048576K
}
Event: 10.743 GC heap before
{Heap before GC invocations=26 (full 3):
 PSYoungGen      total 46592K, used 38527K [0x00000000eab00000, 0x00000000ee300000, 0x0000000100000000)
  eden space 36864K, 100% used [0x00000000eab00000,0x00000000ecf00000,0x00000000ecf00000)
  from space 9728K, 17% used [0x00000000ed980000,0x00000000edb1fcf0,0x00000000ee300000)
  to   space 10240K, 0% used [0x00000000ecf00000,0x00000000ecf00000,0x00000000ed900000)
 ParOldGen       total 87552K, used 58564K [0x00000000c0000000, 0x00000000c5580000, 0x00000000eab00000)
  object space 87552K, 66% used [0x00000000c0000000,0x00000000c3931210,0x00000000c5580000)
 Metaspace       used 68804K, committed 70848K, reserved 1114112K
  class space    used 7862K, committed 8832K, reserved 1048576K
}
Event: 10.747 GC heap after
{Heap after GC invocations=26 (full 3):
 PSYoungGen      total 38400K, used 1568K [0x00000000eab00000, 0x00000000ee280000, 0x0000000100000000)
  eden space 36352K, 0% used [0x00000000eab00000,0x00000000eab00000,0x00000000ece80000)
  from space 2048K, 76% used [0x00000000ecf00000,0x00000000ed088000,0x00000000ed100000)
  to   space 10240K, 0% used [0x00000000ed880000,0x00000000ed880000,0x00000000ee280000)
 ParOldGen       total 87552K, used 60035K [0x00000000c0000000, 0x00000000c5580000, 0x00000000eab00000)
  object space 87552K, 68% used [0x00000000c0000000,0x00000000c3aa0f40,0x00000000c5580000)
 Metaspace       used 68804K, committed 70848K, reserved 1114112K
  class space    used 7862K, committed 8832K, reserved 1048576K
}
Event: 11.048 GC heap before
{Heap before GC invocations=27 (full 3):
 PSYoungGen      total 38400K, used 37920K [0x00000000eab00000, 0x00000000ee280000, 0x0000000100000000)
  eden space 36352K, 100% used [0x00000000eab00000,0x00000000ece80000,0x00000000ece80000)
  from space 2048K, 76% used [0x00000000ecf00000,0x00000000ed088000,0x00000000ed100000)
  to   space 10240K, 0% used [0x00000000ed880000,0x00000000ed880000,0x00000000ee280000)
 ParOldGen       total 87552K, used 60035K [0x00000000c0000000, 0x00000000c5580000, 0x00000000eab00000)
  object space 87552K, 68% used [0x00000000c0000000,0x00000000c3aa0f40,0x00000000c5580000)
 Metaspace       used 71149K, committed 73216K, reserved 1114112K
  class space    used 8169K, committed 9152K, reserved 1048576K
}
Event: 11.050 GC heap after
{Heap after GC invocations=27 (full 3):
 PSYoungGen      total 44544K, used 3082K [0x00000000eab00000, 0x00000000ee100000, 0x0000000100000000)
  eden space 35840K, 0% used [0x00000000eab00000,0x00000000eab00000,0x00000000ece00000)
  from space 8704K, 35% used [0x00000000ed880000,0x00000000edb829f8,0x00000000ee100000)
  to   space 9728K, 0% used [0x00000000ece00000,0x00000000ece00000,0x00000000ed780000)
 ParOldGen       total 87552K, used 61462K [0x00000000c0000000, 0x00000000c5580000, 0x00000000eab00000)
  object space 87552K, 70% used [0x00000000c0000000,0x00000000c3c05810,0x00000000c5580000)
 Metaspace       used 71149K, committed 73216K, reserved 1114112K
  class space    used 8169K, committed 9152K, reserved 1048576K
}

Dll operation events (15 events):
Event: 0.010 Loaded shared library C:\Users\cesarr\.jdks\openjdk-24.0.2\bin\java.dll
Event: 0.035 Loaded shared library C:\Users\cesarr\.jdks\openjdk-24.0.2\bin\jsvml.dll
Event: 0.075 Loaded shared library C:\Users\cesarr\.jdks\openjdk-24.0.2\bin\zip.dll
Event: 0.080 Loaded shared library C:\Users\cesarr\.jdks\openjdk-24.0.2\bin\instrument.dll
Event: 0.085 Loaded shared library C:\Users\cesarr\.jdks\openjdk-24.0.2\bin\net.dll
Event: 0.088 Loaded shared library C:\Users\cesarr\.jdks\openjdk-24.0.2\bin\nio.dll
Event: 0.091 Loaded shared library C:\Users\cesarr\.jdks\openjdk-24.0.2\bin\zip.dll
Event: 0.397 Loaded shared library C:\Users\cesarr\.jdks\openjdk-24.0.2\bin\jimage.dll
Event: 1.648 Loaded shared library C:\Users\cesarr\.jdks\openjdk-24.0.2\bin\verify.dll
Event: 1.736 Loaded shared library C:\Users\cesarr\.gradle\native\1def1411415f61bf3af743bc5b6707747c0891f09f0c88961ee8f79bc544acac\windows-amd64\native-platform.dll
Event: 1.748 Loaded shared library C:\Users\cesarr\.gradle\native\0.2.7\x86_64-windows-gnu\gradle-fileevents.dll
Event: 2.719 Loaded shared library C:\Users\cesarr\.jdks\openjdk-24.0.2\bin\management.dll
Event: 2.725 Loaded shared library C:\Users\cesarr\.jdks\openjdk-24.0.2\bin\management_ext.dll
Event: 3.861 Loaded shared library C:\Users\cesarr\.jdks\openjdk-24.0.2\bin\extnet.dll
Event: 4.175 Loaded shared library C:\Users\cesarr\.jdks\openjdk-24.0.2\bin\sunmscapi.dll

Deoptimization events (20 events):
Event: 11.108 Thread 0x0000023d65377fd0 DEOPT PACKING pc=0x0000023d500d50dd sp=0x0000005e6b4f8d70
Event: 11.108 Thread 0x0000023d65377fd0 DEOPT UNPACKING pc=0x0000023d56dd58c2 sp=0x0000005e6b4f8258 mode 0
Event: 11.109 Thread 0x0000023d65377fd0 DEOPT PACKING pc=0x0000023d500d50dd sp=0x0000005e6b4f8d70
Event: 11.109 Thread 0x0000023d65377fd0 DEOPT UNPACKING pc=0x0000023d56dd58c2 sp=0x0000005e6b4f8258 mode 0
Event: 11.149 Thread 0x0000023d65377fd0 Uncommon trap: trap_request=0xffffff4d fr.pc=0x0000023d5765f138 relative=0x0000000000000718
Event: 11.150 Thread 0x0000023d65377fd0 Uncommon trap: reason=unstable_if action=reinterpret pc=0x0000023d5765f138 method=java.util.TreeMap.put(Ljava/lang/Object;Ljava/lang/Object;Z)Ljava/lang/Object; @ 158 c2
Event: 11.150 Thread 0x0000023d65377fd0 DEOPT PACKING pc=0x0000023d5765f138 sp=0x0000005e6b4f8fe0
Event: 11.150 Thread 0x0000023d65377fd0 DEOPT UNPACKING pc=0x0000023d56e8fc82 sp=0x0000005e6b4f8ef0 mode 2
Event: 11.153 Thread 0x0000023d65377fd0 Uncommon trap: trap_request=0xffffffc6 fr.pc=0x0000023d5753c3f8 relative=0x00000000000000d8
Event: 11.153 Thread 0x0000023d65377fd0 Uncommon trap: reason=bimorphic_or_optimized_type_check action=maybe_recompile pc=0x0000023d5753c3f8 method=com.google.common.collect.AbstractIndexedListIterator.next()Ljava/lang/Object; @ 27 c2
Event: 11.153 Thread 0x0000023d65377fd0 DEOPT PACKING pc=0x0000023d5753c3f8 sp=0x0000005e6b4f92b0
Event: 11.153 Thread 0x0000023d65377fd0 DEOPT UNPACKING pc=0x0000023d56e8fc82 sp=0x0000005e6b4f9248 mode 2
Event: 11.153 Thread 0x0000023d65377fd0 Uncommon trap: trap_request=0xffffffc6 fr.pc=0x0000023d5753c3f8 relative=0x00000000000000d8
Event: 11.153 Thread 0x0000023d65377fd0 Uncommon trap: reason=bimorphic_or_optimized_type_check action=maybe_recompile pc=0x0000023d5753c3f8 method=com.google.common.collect.AbstractIndexedListIterator.next()Ljava/lang/Object; @ 27 c2
Event: 11.153 Thread 0x0000023d65377fd0 DEOPT PACKING pc=0x0000023d5753c3f8 sp=0x0000005e6b4f92b0
Event: 11.153 Thread 0x0000023d65377fd0 DEOPT UNPACKING pc=0x0000023d56e8fc82 sp=0x0000005e6b4f9248 mode 2
Event: 11.163 Thread 0x0000023d65377fd0 Uncommon trap: trap_request=0xffffffcc fr.pc=0x0000023d574efd5c relative=0x0000000000002d7c
Event: 11.163 Thread 0x0000023d65377fd0 Uncommon trap: reason=intrinsic_or_type_checked_inlining action=make_not_entrant pc=0x0000023d574efd5c method=java.util.ArrayList$SubList.toArray([Ljava/lang/Object;)[Ljava/lang/Object; @ 58 c2
Event: 11.163 Thread 0x0000023d65377fd0 DEOPT PACKING pc=0x0000023d574efd5c sp=0x0000005e6b4f8af0
Event: 11.163 Thread 0x0000023d65377fd0 DEOPT UNPACKING pc=0x0000023d56e8fc82 sp=0x0000005e6b4f8a90 mode 2

Classes loaded (20 events):
Event: 10.531 Loading class jdk/internal/io/JdkConsoleImpl$2
Event: 10.531 Loading class jdk/internal/io/JdkConsoleImpl$2 done
Event: 10.531 Loading class jdk/internal/io/JdkConsoleImpl$LineReader
Event: 10.531 Loading class jdk/internal/io/JdkConsoleImpl$LineReader done
Event: 10.531 Loading class java/io/ProxyingConsole
Event: 10.531 Loading class java/io/ProxyingConsole done
Event: 10.532 Loading class java/io/Console$1
Event: 10.532 Loading class jdk/internal/access/JavaIOAccess
Event: 10.532 Loading class jdk/internal/access/JavaIOAccess done
Event: 10.532 Loading class java/io/Console$1 done
Event: 10.822 Loading class sun/reflect/generics/tree/BooleanSignature
Event: 10.822 Loading class sun/reflect/generics/tree/BooleanSignature done
Event: 10.827 Loading class org/xml/sax/SAXParseException
Event: 10.827 Loading class org/xml/sax/SAXParseException done
Event: 11.057 Loading class java/util/stream/ReduceOps$5
Event: 11.057 Loading class java/util/stream/ReduceOps$5 done
Event: 11.057 Loading class java/util/stream/ReduceOps$CountingSink$OfRef
Event: 11.058 Loading class java/util/stream/ReduceOps$CountingSink
Event: 11.058 Loading class java/util/stream/ReduceOps$CountingSink done
Event: 11.058 Loading class java/util/stream/ReduceOps$CountingSink$OfRef done

Classes unloaded (0 events):
No events

Classes redefined (0 events):
No events

Internal exceptions (20 events):
Event: 10.607 Thread 0x0000023d65377fd0 Exception <a 'java/lang/ClassNotFoundException'{0x00000000ec1f6238}: org/jetbrains/kotlin/gradle/targets/js/npm/DefaultPeerNpmDependencyExtension$delegate$1Customizer> (0x00000000ec1f6238) 
thrown [s\open\src\hotspot\share\classfile\systemDictionary.cpp, line 327]
Event: 10.820 Thread 0x0000023d65377fd0 Exception <a 'java/lang/ClassNotFoundException'{0x00000000eb40fb58}: org/gradle/api/internal/project/DefaultProject_DecoratedBeanInfo> (0x00000000eb40fb58) 
thrown [s\open\src\hotspot\share\classfile\systemDictionary.cpp, line 327]
Event: 10.820 Thread 0x0000023d65377fd0 Exception <a 'java/lang/ClassNotFoundException'{0x00000000eb422cf8}: org/gradle/api/internal/project/DefaultProjectBeanInfo> (0x00000000eb422cf8) 
thrown [s\open\src\hotspot\share\classfile\systemDictionary.cpp, line 327]
Event: 10.821 Thread 0x0000023d65377fd0 Exception <a 'java/lang/ClassNotFoundException'{0x00000000eb435e60}: org/gradle/api/internal/project/DefaultProjectCustomizer> (0x00000000eb435e60) 
thrown [s\open\src\hotspot\share\classfile\systemDictionary.cpp, line 327]
Event: 10.824 Thread 0x0000023d65377fd0 Exception <a 'java/lang/ClassNotFoundException'{0x00000000eb4f7128}: org/gradle/api/internal/project/DefaultProject_DecoratedCustomizer> (0x00000000eb4f7128) 
thrown [s\open\src\hotspot\share\classfile\systemDictionary.cpp, line 327]
Event: 10.831 Thread 0x0000023d65377fd0 Exception <a 'java/lang/ClassNotFoundException'{0x00000000eb5997a0}: org/gradle/api/internal/plugins/NaggingBasePluginConventionBeanInfo> (0x00000000eb5997a0) 
thrown [s\open\src\hotspot\share\classfile\systemDictionary.cpp, line 327]
Event: 10.831 Thread 0x0000023d65377fd0 Exception <a 'java/lang/ClassNotFoundException'{0x00000000eb5ae318}: org/gradle/api/plugins/BasePluginConventionBeanInfo> (0x00000000eb5ae318) 
thrown [s\open\src\hotspot\share\classfile\systemDictionary.cpp, line 327]
Event: 10.832 Thread 0x0000023d65377fd0 Exception <a 'java/lang/ClassNotFoundException'{0x00000000eb5c2e60}: org/gradle/api/plugins/BasePluginConventionCustomizer> (0x00000000eb5c2e60) 
thrown [s\open\src\hotspot\share\classfile\systemDictionary.cpp, line 327]
Event: 10.832 Thread 0x0000023d65377fd0 Exception <a 'java/lang/ClassNotFoundException'{0x00000000eb5e3780}: org/gradle/api/internal/plugins/NaggingBasePluginConventionCustomizer> (0x00000000eb5e3780) 
thrown [s\open\src\hotspot\share\classfile\systemDictionary.cpp, line 327]
Event: 10.834 Thread 0x0000023d65377fd0 Exception <a 'java/lang/ClassNotFoundException'{0x00000000eb6282c8}: org/gradle/api/plugins/internal/NaggingJavaPluginConventionBeanInfo> (0x00000000eb6282c8) 
thrown [s\open\src\hotspot\share\classfile\systemDictionary.cpp, line 327]
Event: 10.834 Thread 0x0000023d65377fd0 Exception <a 'java/lang/ClassNotFoundException'{0x00000000eb63ce48}: org/gradle/api/plugins/JavaPluginConventionBeanInfo> (0x00000000eb63ce48) 
thrown [s\open\src\hotspot\share\classfile\systemDictionary.cpp, line 327]
Event: 10.835 Thread 0x0000023d65377fd0 Exception <a 'java/lang/ClassNotFoundException'{0x00000000eb651988}: org/gradle/api/plugins/JavaPluginConventionCustomizer> (0x00000000eb651988) 
thrown [s\open\src\hotspot\share\classfile\systemDictionary.cpp, line 327]
Event: 10.836 Thread 0x0000023d65377fd0 Exception <a 'java/lang/ClassNotFoundException'{0x00000000eb67b980}: org/gradle/api/plugins/internal/NaggingJavaPluginConventionCustomizer> (0x00000000eb67b980) 
thrown [s\open\src\hotspot\share\classfile\systemDictionary.cpp, line 327]
Event: 10.838 Thread 0x0000023d65377fd0 Exception <a 'java/lang/ClassNotFoundException'{0x00000000eb7013b8}: org/gradle/api/plugins/internal/DefaultApplicationPluginConvention_DecoratedBeanInfo> (0x00000000eb7013b8) 
thrown [s\open\src\hotspot\share\classfile\systemDictionary.cpp, line 327]
Event: 10.839 Thread 0x0000023d65377fd0 Exception <a 'java/lang/ClassNotFoundException'{0x00000000eb7160d8}: org/gradle/api/plugins/internal/DefaultApplicationPluginConventionBeanInfo> (0x00000000eb7160d8) 
thrown [s\open\src\hotspot\share\classfile\systemDictionary.cpp, line 327]
Event: 10.839 Thread 0x0000023d65377fd0 Exception <a 'java/lang/ClassNotFoundException'{0x00000000eb72aef8}: org/gradle/api/plugins/ApplicationPluginConventionBeanInfo> (0x00000000eb72aef8) 
thrown [s\open\src\hotspot\share\classfile\systemDictionary.cpp, line 327]
Event: 10.839 Thread 0x0000023d65377fd0 Exception <a 'java/lang/ClassNotFoundException'{0x00000000eb73fad8}: org/gradle/api/plugins/ApplicationPluginConventionCustomizer> (0x00000000eb73fad8) 
thrown [s\open\src\hotspot\share\classfile\systemDictionary.cpp, line 327]
Event: 10.840 Thread 0x0000023d65377fd0 Exception <a 'java/lang/ClassNotFoundException'{0x00000000eb765250}: org/gradle/api/plugins/internal/DefaultApplicationPluginConventionCustomizer> (0x00000000eb765250) 
thrown [s\open\src\hotspot\share\classfile\systemDictionary.cpp, line 327]
Event: 10.841 Thread 0x0000023d65377fd0 Exception <a 'java/lang/ClassNotFoundException'{0x00000000eb795ad0}: org/gradle/api/plugins/internal/DefaultApplicationPluginConvention_DecoratedCustomizer> (0x00000000eb795ad0) 
thrown [s\open\src\hotspot\share\classfile\systemDictionary.cpp, line 327]
Event: 10.901 Thread 0x0000023d65377fd0 Exception <a 'java/lang/NoSuchMethodError'{0x00000000ebed4e68}: 'void java.lang.invoke.DirectMethodHandle$Holder.invokeStatic(java.lang.Object, java.lang.Object, java.lang.Object, java.lang.Object, java.lang.Object, java.lang.Object, java.lang.Object)'> (0x00000000ebed4e68) 
thrown [s\open\src\hotspot\share\interpreter\linkResolver.cpp, line 805]

VM Operations (20 events):
Event: 9.571 Executing VM operation: HandshakeAllThreads (Deoptimize)
Event: 9.572 Executing VM operation: HandshakeAllThreads (Deoptimize) done
Event: 9.572 Executing VM operation: HandshakeAllThreads (Deoptimize)
Event: 9.572 Executing VM operation: HandshakeAllThreads (Deoptimize) done
Event: 9.704 Executing VM operation: HandshakeAllThreads (Deoptimize)
Event: 9.704 Executing VM operation: HandshakeAllThreads (Deoptimize) done
Event: 9.942 Executing VM operation: ParallelCollectForAllocation (Allocation Failure)
Event: 9.943 Executing VM operation: ParallelCollectForAllocation (Allocation Failure) done
Event: 10.145 Executing VM operation: HandshakeAllThreads (Deoptimize)
Event: 10.146 Executing VM operation: HandshakeAllThreads (Deoptimize) done
Event: 10.194 Executing VM operation: HandshakeAllThreads (Deoptimize)
Event: 10.195 Executing VM operation: HandshakeAllThreads (Deoptimize) done
Event: 10.340 Executing VM operation: ParallelCollectForAllocation (Allocation Failure)
Event: 10.342 Executing VM operation: ParallelCollectForAllocation (Allocation Failure) done
Event: 10.743 Executing VM operation: ParallelCollectForAllocation (Allocation Failure)
Event: 10.747 Executing VM operation: ParallelCollectForAllocation (Allocation Failure) done
Event: 10.982 Executing VM operation: HandshakeAllThreads (Deoptimize)
Event: 10.982 Executing VM operation: HandshakeAllThreads (Deoptimize) done
Event: 11.048 Executing VM operation: ParallelCollectForAllocation (Allocation Failure)
Event: 11.050 Executing VM operation: ParallelCollectForAllocation (Allocation Failure) done

Memory protections (0 events):
No events

Nmethod flushes (20 events):
Event: 9.469 Thread 0x0000023d411e6000 flushing  nmethod 0x0000023d4ff11988
Event: 9.469 Thread 0x0000023d411e6000 flushing  nmethod 0x0000023d4ff16608
Event: 9.469 Thread 0x0000023d411e6000 flushing  nmethod 0x0000023d4ff16988
Event: 9.469 Thread 0x0000023d411e6000 flushing  nmethod 0x0000023d4ff22f08
Event: 9.469 Thread 0x0000023d411e6000 flushing  nmethod 0x0000023d4ff2bd88
Event: 9.469 Thread 0x0000023d411e6000 flushing  nmethod 0x0000023d4ff2cb88
Event: 9.469 Thread 0x0000023d411e6000 flushing  nmethod 0x0000023d4ff32188
Event: 9.469 Thread 0x0000023d411e6000 flushing  nmethod 0x0000023d4ff32c08
Event: 9.469 Thread 0x0000023d411e6000 flushing  nmethod 0x0000023d4ff33288
Event: 9.469 Thread 0x0000023d411e6000 flushing  nmethod 0x0000023d4ff33a88
Event: 9.469 Thread 0x0000023d411e6000 flushing  nmethod 0x0000023d4ff33e88
Event: 9.469 Thread 0x0000023d411e6000 flushing  nmethod 0x0000023d4ff35088
Event: 9.469 Thread 0x0000023d411e6000 flushing  nmethod 0x0000023d4ff3cd08
Event: 9.469 Thread 0x0000023d411e6000 flushing  nmethod 0x0000023d4ff40608
Event: 9.469 Thread 0x0000023d411e6000 flushing  nmethod 0x0000023d4ff41e88
Event: 9.469 Thread 0x0000023d411e6000 flushing  nmethod 0x0000023d4ff46508
Event: 9.469 Thread 0x0000023d411e6000 flushing  nmethod 0x0000023d4ff5f408
Event: 9.469 Thread 0x0000023d411e6000 flushing  nmethod 0x0000023d4ff73408
Event: 9.469 Thread 0x0000023d411e6000 flushing  nmethod 0x0000023d4ff81908
Event: 9.469 Thread 0x0000023d411e6000 flushing  nmethod 0x0000023d4ffdcf88

Events (20 events):
Event: 8.730 Thread 0x0000023d65377fd0 Thread added: 0x0000023d66139f30
Event: 8.792 Thread 0x0000023d65377fd0 Thread added: 0x0000023d6613a680
Event: 8.792 Thread 0x0000023d65377fd0 Thread added: 0x0000023d66137350
Event: 8.792 Thread 0x0000023d65377fd0 Thread added: 0x0000023d6613bc70
Event: 8.792 Thread 0x0000023d65377fd0 Thread added: 0x0000023d6613d260
Event: 8.793 Thread 0x0000023d65377fd0 Thread added: 0x0000023d6613b520
Event: 8.793 Thread 0x0000023d65377fd0 Thread added: 0x0000023d6613c3c0
Event: 8.793 Thread 0x0000023d65377fd0 Thread added: 0x0000023d6613add0
Event: 8.793 Thread 0x0000023d65377fd0 Thread added: 0x0000023d6613cb10
Event: 8.793 Thread 0x0000023d65377fd0 Thread added: 0x0000023d6613d9b0
Event: 8.794 Thread 0x0000023d65377fd0 Thread added: 0x0000023d6613e100
Event: 8.794 Thread 0x0000023d65377fd0 Thread added: 0x0000023d6613e850
Event: 9.238 Thread 0x0000023d65bac170 Thread exited: 0x0000023d65bac170
Event: 9.705 Thread 0x0000023d65377fd0 Thread added: 0x0000023d68e3dec0
Event: 9.997 Thread 0x0000023d427e1270 Thread exited: 0x0000023d427e1270
Event: 10.223 Thread 0x0000023d65377fd0 Thread added: 0x0000023d68e3c8d0
Event: 10.271 Thread 0x0000023d4706d870 Thread added: 0x0000023d427e1250
Event: 10.913 Thread 0x0000023d4706d870 Thread added: 0x0000023d43a56490
Event: 12.168 Thread 0x0000023d43a56490 Thread exited: 0x0000023d43a56490
Event: 12.168 Thread 0x0000023d427e1250 Thread exited: 0x0000023d427e1250


Dynamic libraries:
0x00007ff709ae0000 - 0x00007ff709aee000 	C:\Users\cesarr\.jdks\openjdk-24.0.2\bin\java.exe
0x00007ffe9d200000 - 0x00007ffe9d469000 	C:\WINDOWS\SYSTEM32\ntdll.dll
0x00007ffe9d0e0000 - 0x00007ffe9d1a9000 	C:\WINDOWS\System32\KERNEL32.DLL
0x00007ffe9a9f0000 - 0x00007ffe9ade3000 	C:\WINDOWS\System32\KERNELBASE.dll
0x00007ffe9a4f0000 - 0x00007ffe9a63b000 	C:\WINDOWS\System32\ucrtbase.dll
0x00007ffe571d0000 - 0x00007ffe571eb000 	C:\Users\cesarr\.jdks\openjdk-24.0.2\bin\VCRUNTIME140.dll
0x00007ffe52450000 - 0x00007ffe52466000 	C:\Users\cesarr\.jdks\openjdk-24.0.2\bin\jli.dll
0x00007ffe9cf10000 - 0x00007ffe9d0d4000 	C:\WINDOWS\System32\USER32.dll
0x00007ffe80620000 - 0x00007ffe808b3000 	C:\WINDOWS\WinSxS\amd64_microsoft.windows.common-controls_6595b64144ccf1df_6.0.26100.5074_none_3e0d6f78e32fd63f\COMCTL32.dll
0x00007ffe9a840000 - 0x00007ffe9a867000 	C:\WINDOWS\System32\win32u.dll
0x00007ffe9b050000 - 0x00007ffe9b0f9000 	C:\WINDOWS\System32\msvcrt.dll
0x00007ffe9b1e0000 - 0x00007ffe9b20b000 	C:\WINDOWS\System32\GDI32.dll
0x00007ffe9adf0000 - 0x00007ffe9af1d000 	C:\WINDOWS\System32\gdi32full.dll
0x00007ffe9af20000 - 0x00007ffe9afc3000 	C:\WINDOWS\System32\msvcp_win.dll
0x00007ffe9c170000 - 0x00007ffe9c19f000 	C:\WINDOWS\System32\IMM32.DLL
0x00007ffe71ae0000 - 0x00007ffe71bd2000 	C:\Program Files\Windhawk\Engine\1.6.1\64\windhawk.dll
0x00007ffe9b2a0000 - 0x00007ffe9b354000 	C:\WINDOWS\System32\ADVAPI32.dll
0x00007ffe9c0c0000 - 0x00007ffe9c166000 	C:\WINDOWS\System32\sechost.dll
0x00007ffe9c220000 - 0x00007ffe9c338000 	C:\WINDOWS\System32\RPCRT4.dll
0x00007ffe62aa0000 - 0x00007ffe62aac000 	C:\Users\cesarr\.jdks\openjdk-24.0.2\bin\vcruntime140_1.dll
0x00007ffe27380000 - 0x00007ffe2740e000 	C:\Users\cesarr\.jdks\openjdk-24.0.2\bin\msvcp140.dll
0x00007ffda5310000 - 0x00007ffda60b1000 	C:\Users\cesarr\.jdks\openjdk-24.0.2\bin\server\jvm.dll
0x00007ffe9c440000 - 0x00007ffe9c4b4000 	C:\WINDOWS\System32\WS2_32.dll
0x00007ffe9a1f0000 - 0x00007ffe9a24e000 	C:\WINDOWS\SYSTEM32\POWRPROF.dll
0x00007ffe90f50000 - 0x00007ffe90f5b000 	C:\WINDOWS\SYSTEM32\VERSION.dll
0x00007ffe8c6b0000 - 0x00007ffe8c6e5000 	C:\WINDOWS\SYSTEM32\WINMM.dll
0x00007ffe9a1d0000 - 0x00007ffe9a1e4000 	C:\WINDOWS\SYSTEM32\UMPDC.dll
0x00007ffe99170000 - 0x00007ffe9918b000 	C:\WINDOWS\SYSTEM32\kernel.appcore.dll
0x00007ffe52c30000 - 0x00007ffe52c3a000 	C:\Users\cesarr\.jdks\openjdk-24.0.2\bin\jimage.dll
0x00007ffe8b9d0000 - 0x00007ffe8bc12000 	C:\WINDOWS\SYSTEM32\DBGHELP.DLL
0x00007ffe9b360000 - 0x00007ffe9b6db000 	C:\WINDOWS\System32\combase.dll
0x00007ffe9b100000 - 0x00007ffe9b1d7000 	C:\WINDOWS\System32\OLEAUT32.dll
0x00007ffe758a0000 - 0x00007ffe758dd000 	C:\WINDOWS\SYSTEM32\dbgcore.DLL
0x00007ffe9a390000 - 0x00007ffe9a429000 	C:\WINDOWS\System32\bcryptPrimitives.dll
0x00007ffe7e760000 - 0x00007ffe7e76f000 	C:\Users\cesarr\.jdks\openjdk-24.0.2\bin\instrument.dll
0x00007ffe50320000 - 0x00007ffe5033e000 	C:\Users\cesarr\.jdks\openjdk-24.0.2\bin\java.dll
0x00007ffe9b840000 - 0x00007ffe9b9d8000 	C:\WINDOWS\System32\ole32.dll
0x00007ffe9c4c0000 - 0x00007ffe9cc0d000 	C:\WINDOWS\System32\SHELL32.dll
0x00007ffe9a640000 - 0x00007ffe9a7ac000 	C:\WINDOWS\System32\wintypes.dll
0x00007ffe97ff0000 - 0x00007ffe98849000 	C:\WINDOWS\SYSTEM32\windows.storage.dll
0x00007ffe9c340000 - 0x00007ffe9c430000 	C:\WINDOWS\System32\SHCORE.dll
0x00007ffe9c1b0000 - 0x00007ffe9c212000 	C:\WINDOWS\System32\shlwapi.dll
0x00007ffe9a2b0000 - 0x00007ffe9a2d9000 	C:\WINDOWS\SYSTEM32\profapi.dll
0x00007ffdf3e40000 - 0x00007ffdf3f17000 	C:\Users\cesarr\.jdks\openjdk-24.0.2\bin\jsvml.dll
0x00007ffe445a0000 - 0x00007ffe445b7000 	C:\Users\cesarr\.jdks\openjdk-24.0.2\bin\zip.dll
0x00007ffe4af40000 - 0x00007ffe4af50000 	C:\Users\cesarr\.jdks\openjdk-24.0.2\bin\net.dll
0x00007ffe996f0000 - 0x00007ffe9975b000 	C:\WINDOWS\system32\mswsock.dll
0x00007ffe44560000 - 0x00007ffe44576000 	C:\Users\cesarr\.jdks\openjdk-24.0.2\bin\nio.dll
0x00007ffe44590000 - 0x00007ffe445a0000 	C:\Users\cesarr\.jdks\openjdk-24.0.2\bin\verify.dll
0x00007ffe95170000 - 0x00007ffe95197000 	C:\Users\cesarr\.gradle\native\1def1411415f61bf3af743bc5b6707747c0891f09f0c88961ee8f79bc544acac\windows-amd64\native-platform.dll
0x00007ffe508a0000 - 0x00007ffe50918000 	C:\Users\cesarr\.gradle\native\0.2.7\x86_64-windows-gnu\gradle-fileevents.dll
0x00007ffe44550000 - 0x00007ffe4455a000 	C:\Users\cesarr\.jdks\openjdk-24.0.2\bin\management.dll
0x00007ffe442c0000 - 0x00007ffe442cb000 	C:\Users\cesarr\.jdks\openjdk-24.0.2\bin\management_ext.dll
0x00007ffe9aff0000 - 0x00007ffe9aff8000 	C:\WINDOWS\System32\PSAPI.DLL
0x00007ffe98c20000 - 0x00007ffe98c54000 	C:\WINDOWS\SYSTEM32\IPHLPAPI.DLL
0x00007ffe9ce80000 - 0x00007ffe9ce8a000 	C:\WINDOWS\System32\NSI.dll
0x00007ffe442b0000 - 0x00007ffe442b9000 	C:\Users\cesarr\.jdks\openjdk-24.0.2\bin\extnet.dll
0x00007ffe99990000 - 0x00007ffe999ab000 	C:\WINDOWS\SYSTEM32\CRYPTSP.dll
0x00007ffe990d0000 - 0x00007ffe9910b000 	C:\WINDOWS\system32\rsaenh.dll
0x00007ffe99790000 - 0x00007ffe997bb000 	C:\WINDOWS\SYSTEM32\USERENV.dll
0x00007ffe9a280000 - 0x00007ffe9a2a6000 	C:\WINDOWS\SYSTEM32\bcrypt.dll
0x00007ffe999b0000 - 0x00007ffe999bc000 	C:\WINDOWS\SYSTEM32\CRYPTBASE.dll
0x00007ffe78700000 - 0x00007ffe7870e000 	C:\Users\cesarr\.jdks\openjdk-24.0.2\bin\sunmscapi.dll
0x00007ffe99bb0000 - 0x00007ffe99be0000 	C:\WINDOWS\SYSTEM32\ncrypt.dll
0x0000023d44170000 - 0x0000023d442e7000 	C:\WINDOWS\System32\CRYPT32.dll
0x00007ffe99b60000 - 0x00007ffe99b9f000 	C:\WINDOWS\SYSTEM32\NTASN1.dll
0x00007ffe57040000 - 0x00007ffe57048000 	C:\WINDOWS\system32\wshunix.dll

JVMTI agents:
C:\Users\cesarr\.gradle\wrapper\dists\gradle-8.14.3-bin\cv11ve7ro1n3o1j4so8xd9n66\gradle-8.14.3\lib\agents\gradle-instrumentation-agent-8.14.3.jar path:C:\Users\cesarr\.jdks\openjdk-24.0.2\bin\instrument.dll, loaded, initialized, instrumentlib options:none

dbghelp: loaded successfully - version: 4.0.5 - missing functions: none
symbol engine: initialized successfully - sym options: 0x614 - pdb path: .;C:\Users\cesarr\.jdks\openjdk-24.0.2\bin;C:\WINDOWS\SYSTEM32;C:\WINDOWS\WinSxS\amd64_microsoft.windows.common-controls_6595b64144ccf1df_6.0.26100.5074_none_3e0d6f78e32fd63f;C:\Program Files\Windhawk\Engine\1.6.1\64;C:\Users\cesarr\.jdks\openjdk-24.0.2\bin\server;C:\Users\cesarr\.gradle\native\1def1411415f61bf3af743bc5b6707747c0891f09f0c88961ee8f79bc544acac\windows-amd64;C:\Users\cesarr\.gradle\native\0.2.7\x86_64-windows-gnu

VM Arguments:
jvm_args: --add-opens=java.base/java.lang=ALL-UNNAMED --add-opens=java.base/java.lang.invoke=ALL-UNNAMED --add-opens=java.base/java.util=ALL-UNNAMED --add-opens=java.prefs/java.util.prefs=ALL-UNNAMED --add-exports=jdk.compiler/com.sun.tools.javac.api=ALL-UNNAMED --add-exports=jdk.compiler/com.sun.tools.javac.util=ALL-UNNAMED --add-opens=java.base/java.util=ALL-UNNAMED --add-opens=java.prefs/java.util.prefs=ALL-UNNAMED --add-opens=java.base/java.nio.charset=ALL-UNNAMED --add-opens=java.base/java.net=ALL-UNNAMED --add-opens=java.base/java.util.concurrent.atomic=ALL-UNNAMED --add-opens=java.xml/javax.xml.namespace=ALL-UNNAMED --enable-native-access=ALL-UNNAMED -XX:+UseParallelGC -Xms128m -Xmx1024m -Dfile.encoding=UTF-8 -Duser.country=419 -Duser.language=es -Duser.variant -javaagent:C:\Users\cesarr\.gradle\wrapper\dists\gradle-8.14.3-bin\cv11ve7ro1n3o1j4so8xd9n66\gradle-8.14.3\lib\agents\gradle-instrumentation-agent-8.14.3.jar 
java_command: org.gradle.launcher.daemon.bootstrap.GradleDaemon 8.14.3
java_class_path (initial): C:\Users\cesarr\.gradle\wrapper\dists\gradle-8.14.3-bin\cv11ve7ro1n3o1j4so8xd9n66\gradle-8.14.3\lib\gradle-daemon-main-8.14.3.jar
Launcher Type: SUN_STANDARD

[Global flags]
     intx CICompilerCount                          = 4                                         {product} {ergonomic}
   size_t InitialHeapSize                          = 134217728                                 {product} {command line}
   size_t MaxHeapSize                              = 1073741824                                {product} {command line}
   size_t MaxNewSize                               = 357564416                                 {product} {ergonomic}
   size_t MinHeapDeltaBytes                        = 524288                                    {product} {ergonomic}
   size_t MinHeapSize                              = 134217728                                 {product} {command line}
   size_t NewSize                                  = 44564480                                  {product} {ergonomic}
    uintx NonNMethodCodeHeapSize                   = 5832704                                {pd product} {ergonomic}
    uintx NonProfiledCodeHeapSize                  = 122945536                              {pd product} {ergonomic}
    uintx ProfiledCodeHeapSize                     = 122880000                              {pd product} {ergonomic}
    uintx ReservedCodeCacheSize                    = 251658240                              {pd product} {ergonomic}
     bool SegmentedCodeCache                       = true                                      {product} {ergonomic}
   size_t SoftMaxHeapSize                          = 1073741824                             {manageable} {ergonomic}
     bool UseCompressedOops                        = true                           {product lp64_product} {ergonomic}
     bool UseLargePagesIndividualAllocation        = false                                  {pd product} {ergonomic}
     bool UseParallelGC                            = true                                      {product} {command line}

Logging:
Log output configuration:
 #0: stdout all=warning uptime,level,tags foldmultilines=false
 #1: stderr all=off uptime,level,tags foldmultilines=false

Environment Variables:
PATH=C:\Users\cesarr\AppData\Local\Programs\Python\Python313\Scripts\;C:\Users\cesarr\AppData\Local\Programs\Python\Python313\;C:\windows\system32;C:\windows;C:\windows\System32\Wbem;C:\windows\System32\WindowsPowerShell\v1.0\;C:\windows\System32\OpenSSH\;C:\Program Files (x86)\NVIDIA Corporation\PhysX\Common;C:\Program Files\NVIDIA Corporation\NVIDIA NvDLISR;C:\Users\Administrator\AppData\Local\Microsoft\WindowsApps;C:\Program Files\HP\OMEN-Broadcast\Common;C:\Program Files\PuTTY\;C:\WINDOWS\system32;C:\WINDOWS;C:\WINDOWS\System32\Wbem;C:\WINDOWS\System32\WindowsPowerShell\v1.0\;C:\WINDOWS\System32\OpenSSH\;C:\Program Files\Git\cmd;C:\Program Files\nodejs\;C:\ProgramData\chocolatey\bin;C:\Users\cesarr\AppData\Local\Programs\Eclipse Adoptium\jdk-21.0.7.6-hotspot\bin;C:\Users\cesarr\AppData\Local\Microsoft\WindowsApps;C:\Users\cesarr\AppData\Local\Programs\Microsoft VS Code\bin;C:\ruta\completa\hasta\bin;C:\Users\cesarr\Downloads\x86_64-8.1.0-release-posix-seh-rt_v6-rev0\mingw64\bin;C:\Users\cesarr\AppData\Roaming\npm
USERNAME=cesarr
OS=Windows_NT
PROCESSOR_IDENTIFIER=AMD64 Family 25 Model 117 Stepping 2, AuthenticAMD
TMP=C:\Users\cesarr\AppData\Local\Temp
TEMP=C:\Users\cesarr\AppData\Local\Temp




Periodic native trim disabled

---------------  S Y S T E M  ---------------

OS:
 Windows 11 , 64 bit Build 26100 (10.0.26100.5074)
OS uptime: 0 days 2:35 hours
Hyper-V role detected

CPU: total 12 (initial active 12) (12 cores per cpu, 2 threads per core) family 25 model 117 stepping 2 microcode 0xa70520a, cx8, cmov, fxsr, ht, mmx, 3dnowpref, sse, sse2, sse3, ssse3, sse4a, sse4.1, sse4.2, popcnt, lzcnt, tsc, tscinvbit, avx, avx2, aes, erms, clmul, bmi1, bmi2, adx, avx512f, avx512dq, avx512cd, avx512bw, avx512vl, sha, fma, vzeroupper, avx512_vpopcntdq, avx512_vpclmulqdq, avx512_vaes, avx512_vnni, clflush, clflushopt, avx512_vbmi2, avx512_vbmi, hv, rdtscp, rdpid, fsrm, gfni, avx512_bitalg, f16c, cet_ss, avx512_ifma
Processor Information for processor 0
  Max Mhz: 4301, Current Mhz: 2483, Mhz Limit: 4301
Processor Information for processor 1
  Max Mhz: 4301, Current Mhz: 2483, Mhz Limit: 4301
Processor Information for processor 2
  Max Mhz: 4301, Current Mhz: 2483, Mhz Limit: 4301
Processor Information for processor 3
  Max Mhz: 4301, Current Mhz: 3993, Mhz Limit: 4301
Processor Information for processor 4
  Max Mhz: 4301, Current Mhz: 2483, Mhz Limit: 4301
Processor Information for processor 5
  Max Mhz: 4301, Current Mhz: 2483, Mhz Limit: 4301
Processor Information for processor 6
  Max Mhz: 4301, Current Mhz: 2483, Mhz Limit: 4301
Processor Information for processor 7
  Max Mhz: 4301, Current Mhz: 3993, Mhz Limit: 4301
Processor Information for processor 8
  Max Mhz: 4301, Current Mhz: 3993, Mhz Limit: 4301
Processor Information for processor 9
  Max Mhz: 4301, Current Mhz: 3993, Mhz Limit: 4301
Processor Information for processor 10
  Max Mhz: 4301, Current Mhz: 3993, Mhz Limit: 4301
Processor Information for processor 11
  Max Mhz: 4301, Current Mhz: 2483, Mhz Limit: 4301

Memory: 4k page, system-wide physical 7439M (644M free)
TotalPageFile size 29967M (AvailPageFile size 7M)
current process WorkingSet (physical memory assigned to process): 338M, peak: 342M
current process commit charge ("private bytes"): 404M, peak: 407M

vm_info: OpenJDK 64-Bit Server VM (24.0.2+12-54) for windows-amd64 JRE (24.0.2+12-54), built on 2025-07-08T12:10:27Z with MS VC++ 17.6 (VS2022)

END.
