#
# There is insufficient memory for the Java Runtime Environment to continue.
# Native memory allocation (malloc) failed to allocate 3017680 bytes. Error detail: Chunk::new
# Possible reasons:
#   The system is out of physical RAM or swap space
#   This process is running with CompressedOops enabled, and the Java Heap may be blocking the growth of the native heap
# Possible solutions:
#   Reduce memory load on the system
#   Increase physical memory or swap space
#   Check if swap backing store is full
#   Decrease Java heap size (-Xmx/-Xms)
#   Decrease number of Java threads
#   Decrease Java thread stack sizes (-Xss)
#   Set larger code cache with -XX:ReservedCodeCacheSize=
#   JVM is running with Unscaled Compressed Oops mode in which the Java heap is
#     placed in the first 4GB address space. The Java Heap base address is the
#     maximum limit for the native heap growth. Please use -XX:HeapBaseMinAddress
#     to set the Java Heap base and to place the Java Heap above 4GB virtual address.
# This output file may be truncated or incomplete.
#
#  Out of Memory Error (arena.cpp:162), pid=27052, tid=5500
#
# JRE version: OpenJDK Runtime Environment (24.0.2+12) (build 24.0.2+12-54)
# Java VM: OpenJDK 64-Bit Server VM (24.0.2+12-54, mixed mode, sharing, tiered, compressed oops, compressed class ptrs, g1 gc, windows-amd64)
# No core dump will be written. Minidumps are not enabled by default on client versions of Windows
#

---------------  S U M M A R Y ------------

Command Line: --add-opens=java.base/java.lang=ALL-UNNAMED --add-opens=java.base/java.lang.invoke=ALL-UNNAMED --add-opens=java.base/java.util=ALL-UNNAMED --add-opens=java.prefs/java.util.prefs=ALL-UNNAMED --add-exports=jdk.compiler/com.sun.tools.javac.api=ALL-UNNAMED --add-exports=jdk.compiler/com.sun.tools.javac.util=ALL-UNNAMED --add-opens=java.base/java.util=ALL-UNNAMED --add-opens=java.prefs/java.util.prefs=ALL-UNNAMED --add-opens=java.base/java.nio.charset=ALL-UNNAMED --add-opens=java.base/java.net=ALL-UNNAMED --add-opens=java.base/java.util.concurrent.atomic=ALL-UNNAMED --add-opens=java.xml/javax.xml.namespace=ALL-UNNAMED --enable-native-access=ALL-UNNAMED -Xmx2048m -Dfile.encoding=UTF-8 -Duser.country=419 -Duser.language=es -Duser.variant -javaagent:C:\Users\cesarr\.gradle\wrapper\dists\gradle-8.14.3-bin\cv11ve7ro1n3o1j4so8xd9n66\gradle-8.14.3\lib\agents\gradle-instrumentation-agent-8.14.3.jar org.gradle.launcher.daemon.bootstrap.GradleDaemon 8.14.3

Host: AMD Ryzen 5 8645HS w/ Radeon 760M Graphics, 12 cores, 7G,  Windows 11 , 64 bit Build 26100 (10.0.26100.5074)
Time: Mon Dec  1 20:16:42 2025 Hora estándar central (México) elapsed time: 7.388185 seconds (0d 0h 0m 7s)

---------------  T H R E A D  ---------------

Current thread (0x000001bded1d77c0):  JavaThread "C2 CompilerThread0" daemon [_thread_in_native, id=5500, stack(0x000000a5f8a00000,0x000000a5f8b00000) (1024K)]


Current CompileTask:
C2:7388 8021   !   4       jdk.internal.classfile.impl.DirectCodeBuilder$4::tryGenerateStackMaps (48 bytes)

Stack: [0x000000a5f8a00000,0x000000a5f8b00000]
Native frames: (J=compiled Java code, j=interpreted, Vv=VM code, C=native code)
V  [jvm.dll+0x730829]  (no source info available)
V  [jvm.dll+0x8d9da3]  (no source info available)
V  [jvm.dll+0x8dc28d]  (no source info available)
V  [jvm.dll+0x8dc903]  (no source info available)
V  [jvm.dll+0x2a9f56]  (no source info available)
V  [jvm.dll+0xced7f]  (no source info available)
V  [jvm.dll+0xcefdf]  (no source info available)
V  [jvm.dll+0x154c83]  (no source info available)
V  [jvm.dll+0x73604f]  (no source info available)
V  [jvm.dll+0x26f8dc]  (no source info available)
V  [jvm.dll+0x26e8ff]  (no source info available)
V  [jvm.dll+0x1e9c90]  (no source info available)
V  [jvm.dll+0x27e0cb]  (no source info available)
V  [jvm.dll+0x27c36a]  (no source info available)
V  [jvm.dll+0x42f396]  (no source info available)
V  [jvm.dll+0x87d9eb]  (no source info available)
V  [jvm.dll+0x72ef45]  (no source info available)
C  [ucrtbase.dll+0x37b0]  (no source info available)
C  [KERNEL32.DLL+0x2e8d7]  (no source info available)
C  [ntdll.dll+0x8d9c]  (no source info available)

Lock stack of current Java thread (top to bottom):


---------------  P R O C E S S  ---------------

Threads class SMR info:
_java_thread_list=0x000001bdc87477e0, length=85, elements={
0x000001bdcd89c2e0, 0x000001bded1a1060, 0x000001bded1a17a0, 0x000001bded1a86f0,
0x000001bded1a9220, 0x000001bded1a9fb0, 0x000001bded1cae80, 0x000001bded1d77c0,
0x000001bded1da090, 0x000001bdc51e9cc0, 0x000001bdc52972f0, 0x000001bdc6af9b60,
0x000001bdc6bf40a0, 0x000001bdc6ecbe90, 0x000001bdc6b868a0, 0x000001bdc6ba84d0,
0x000001bdc6ba7d80, 0x000001bdc6ba8c20, 0x000001bdc6ba7630, 0x000001bdc6cd1b00,
0x000001bdc6cd2250, 0x000001bdc6cd29a0, 0x000001bdc6cd3840, 0x000001bdc6cd46e0,
0x000001bdc6cd3f90, 0x000001bdc6cd13b0, 0x000001bdc85590d0, 0x000001bdc855a6c0,
0x000001bdc8559820, 0x000001bdc8557390, 0x000001bdc855b560, 0x000001bdc8559f70,
0x000001bdc855d9f0, 0x000001bdc855c400, 0x000001bdc855e140, 0x000001bdc855d2a0,
0x000001bdc855e890, 0x000001bdc92dc1c0, 0x000001bdc92dba70, 0x000001bdc92da480,
0x000001bdc92dc910, 0x000001bdc92d95e0, 0x000001bdc92dd060, 0x000001bdc92d9d30,
0x000001bdc92db320, 0x000001bdc92dd7b0, 0x000001bdc92ddf00, 0x000001bdc92dabd0,
0x000001bdc92de650, 0x000001bdc92df4f0, 0x000001bdc92deda0, 0x000001bdc92dfc40,
0x000001bdc92e0390, 0x000001bdc92e0ae0, 0x000001bdc7753e00, 0x000001bdc7756290,
0x000001bdc77553f0, 0x000001bdc7755b40, 0x000001bdc7752f60, 0x000001bdc77536b0,
0x000001bdc7757130, 0x000001bdc77569e0, 0x000001bdc7757880, 0x000001bdc7754550,
0x000001bdc7757fd0, 0x000001bdc7754ca0, 0x000001bdc7758720, 0x000001bdc7758e70,
0x000001bdc77595c0, 0x000001bdc7759d10, 0x000001bdc775a460, 0x000001bdc872e920,
0x000001bdc872e1d0, 0x000001bdc872f070, 0x000001bdc872d330, 0x000001bdc872da80,
0x000001bdc872c490, 0x000001bdc8730660, 0x000001bdc872f7c0, 0x000001bdc8730db0,
0x000001bdc8731c50, 0x000001bdc8732af0, 0x000001bdc8733240, 0x000001bdc872ff10,
0x000001bdc87323a0
}

Java Threads: ( => current thread )
  0x000001bdcd89c2e0 JavaThread "main"                              [_thread_blocked, id=3496, stack(0x000000a5f7c00000,0x000000a5f7d00000) (1024K)]
  0x000001bded1a1060 JavaThread "Reference Handler"          daemon [_thread_blocked, id=16440, stack(0x000000a5f8400000,0x000000a5f8500000) (1024K)]
  0x000001bded1a17a0 JavaThread "Finalizer"                  daemon [_thread_blocked, id=23652, stack(0x000000a5f8500000,0x000000a5f8600000) (1024K)]
  0x000001bded1a86f0 JavaThread "Signal Dispatcher"          daemon [_thread_blocked, id=25116, stack(0x000000a5f8600000,0x000000a5f8700000) (1024K)]
  0x000001bded1a9220 JavaThread "Attach Listener"            daemon [_thread_blocked, id=16712, stack(0x000000a5f8700000,0x000000a5f8800000) (1024K)]
  0x000001bded1a9fb0 JavaThread "Service Thread"             daemon [_thread_blocked, id=19384, stack(0x000000a5f8800000,0x000000a5f8900000) (1024K)]
  0x000001bded1cae80 JavaThread "Monitor Deflation Thread"   daemon [_thread_blocked, id=3936, stack(0x000000a5f8900000,0x000000a5f8a00000) (1024K)]
=>0x000001bded1d77c0 JavaThread "C2 CompilerThread0"         daemon [_thread_in_native, id=5500, stack(0x000000a5f8a00000,0x000000a5f8b00000) (1024K)]
  0x000001bded1da090 JavaThread "C1 CompilerThread0"         daemon [_thread_blocked, id=19660, stack(0x000000a5f8b00000,0x000000a5f8c00000) (1024K)]
  0x000001bdc51e9cc0 JavaThread "Common-Cleaner"             daemon [_thread_blocked, id=33504, stack(0x000000a5f8c00000,0x000000a5f8d00000) (1024K)]
  0x000001bdc52972f0 JavaThread "Notification Thread"        daemon [_thread_blocked, id=2792, stack(0x000000a5f8d00000,0x000000a5f8e00000) (1024K)]
  0x000001bdc6af9b60 JavaThread "Daemon health stats"               [_thread_blocked, id=14520, stack(0x000000a5f8f00000,0x000000a5f9000000) (1024K)]
  0x000001bdc6bf40a0 JavaThread "Incoming local TCP Connector on port 64535"        [_thread_in_native, id=28724, stack(0x000000a5f9000000,0x000000a5f9100000) (1024K)]
  0x000001bdc6ecbe90 JavaThread "Daemon periodic checks"            [_thread_blocked, id=20108, stack(0x000000a5f9100000,0x000000a5f9200000) (1024K)]
  0x000001bdc6b868a0 JavaThread "Daemon"                            [_thread_blocked, id=24840, stack(0x000000a5f9200000,0x000000a5f9300000) (1024K)]
  0x000001bdc6ba84d0 JavaThread "Handler for socket connection from /127.0.0.1:64535 to /127.0.0.1:64536"        [_thread_in_native, id=2632, stack(0x000000a5f9300000,0x000000a5f9400000) (1024K)]
  0x000001bdc6ba7d80 JavaThread "Cancel handler"                    [_thread_blocked, id=4116, stack(0x000000a5f9400000,0x000000a5f9500000) (1024K)]
  0x000001bdc6ba8c20 JavaThread "Daemon worker"                     [_thread_in_vm, id=22048, stack(0x000000a5f9500000,0x000000a5f9600000) (1024K)]
  0x000001bdc6ba7630 JavaThread "Asynchronous log dispatcher for DefaultDaemonConnection: socket connection from /127.0.0.1:64535 to /127.0.0.1:64536"        [_thread_blocked, id=23716, stack(0x000000a5f9600000,0x000000a5f9700000) (1024K)]
  0x000001bdc6cd1b00 JavaThread "Stdin handler"                     [_thread_blocked, id=12228, stack(0x000000a5f9700000,0x000000a5f9800000) (1024K)]
  0x000001bdc6cd2250 JavaThread "Daemon client event forwarder"        [_thread_blocked, id=21788, stack(0x000000a5f9800000,0x000000a5f9900000) (1024K)]
  0x000001bdc6cd29a0 JavaThread "Cache worker for journal cache (C:\Users\cesarr\.gradle\caches\journal-1)"        [_thread_blocked, id=24272, stack(0x000000a5fa100000,0x000000a5fa200000) (1024K)]
  0x000001bdc6cd3840 JavaThread "File lock request listener"        [_thread_in_native, id=1472, stack(0x000000a5fa200000,0x000000a5fa300000) (1024K)]
  0x000001bdc6cd46e0 JavaThread "Cache worker for file hash cache (C:\Users\cesarr\.gradle\caches\8.14.3\fileHashes)"        [_thread_blocked, id=1568, stack(0x000000a5fa300000,0x000000a5fa400000) (1024K)]
  0x000001bdc6cd3f90 JavaThread "Cache worker for file hash cache (C:\Users\cesarr\Downloads\BIODEXXX\API-Biodex\.gradle\8.14.3\fileHashes)"        [_thread_blocked, id=12960, stack(0x000000a5fa600000,0x000000a5fa700000) (1024K)]
  0x000001bdc6cd13b0 JavaThread "Cache worker for Build Output Cleanup Cache (C:\Users\cesarr\Downloads\BIODEXXX\API-Biodex\.gradle\buildOutputCleanup)"        [_thread_blocked, id=20464, stack(0x000000a5fa700000,0x000000a5fa800000) (1024K)]
  0x000001bdc85590d0 JavaThread "File watcher server"        daemon [_thread_in_native, id=11260, stack(0x000000a5fa800000,0x000000a5fa900000) (1024K)]
  0x000001bdc855a6c0 JavaThread "File watcher consumer"      daemon [_thread_blocked, id=1508, stack(0x000000a5fa900000,0x000000a5faa00000) (1024K)]
  0x000001bdc8559820 JavaThread "jar transforms"                    [_thread_blocked, id=30016, stack(0x000000a5faa00000,0x000000a5fab00000) (1024K)]
  0x000001bdc8557390 JavaThread "jar transforms Thread 2"           [_thread_blocked, id=10880, stack(0x000000a5fab00000,0x000000a5fac00000) (1024K)]
  0x000001bdc855b560 JavaThread "Cache worker for checksums cache (C:\Users\cesarr\Downloads\BIODEXXX\API-Biodex\.gradle\8.14.3\checksums)"        [_thread_blocked, id=10760, stack(0x000000a5fac00000,0x000000a5fad00000) (1024K)]
  0x000001bdc8559f70 JavaThread "Cache worker for file content cache (C:\Users\cesarr\.gradle\caches\8.14.3\fileContent)"        [_thread_blocked, id=24024, stack(0x000000a5fad00000,0x000000a5fae00000) (1024K)]
  0x000001bdc855d9f0 JavaThread "jar transforms Thread 3"           [_thread_blocked, id=17904, stack(0x000000a5fae00000,0x000000a5faf00000) (1024K)]
  0x000001bdc855c400 JavaThread "Cache worker for cache directory md-supplier (C:\Users\cesarr\.gradle\caches\8.14.3\md-supplier)"        [_thread_blocked, id=18820, stack(0x000000a5faf00000,0x000000a5fb000000) (1024K)]
  0x000001bdc855e140 JavaThread "Cache worker for cache directory md-rule (C:\Users\cesarr\.gradle\caches\8.14.3\md-rule)"        [_thread_blocked, id=16188, stack(0x000000a5fb000000,0x000000a5fb100000) (1024K)]
  0x000001bdc855d2a0 JavaThread "Unconstrained build operations"        [_thread_blocked, id=12804, stack(0x000000a5fb100000,0x000000a5fb200000) (1024K)]
  0x000001bdc855e890 JavaThread "Unconstrained build operations Thread 2"        [_thread_blocked, id=3336, stack(0x000000a5fb200000,0x000000a5fb300000) (1024K)]
  0x000001bdc92dc1c0 JavaThread "Unconstrained build operations Thread 3"        [_thread_blocked, id=2300, stack(0x000000a5fb300000,0x000000a5fb400000) (1024K)]
  0x000001bdc92dba70 JavaThread "Unconstrained build operations Thread 4"        [_thread_blocked, id=32992, stack(0x000000a5fb400000,0x000000a5fb500000) (1024K)]
  0x000001bdc92da480 JavaThread "Unconstrained build operations Thread 5"        [_thread_blocked, id=33520, stack(0x000000a5fb500000,0x000000a5fb600000) (1024K)]
  0x000001bdc92dc910 JavaThread "Unconstrained build operations Thread 6"        [_thread_blocked, id=30548, stack(0x000000a5fb600000,0x000000a5fb700000) (1024K)]
  0x000001bdc92d95e0 JavaThread "Unconstrained build operations Thread 7"        [_thread_blocked, id=28960, stack(0x000000a5fb700000,0x000000a5fb800000) (1024K)]
  0x000001bdc92dd060 JavaThread "Unconstrained build operations Thread 8"        [_thread_blocked, id=13512, stack(0x000000a5fb800000,0x000000a5fb900000) (1024K)]
  0x000001bdc92d9d30 JavaThread "jar transforms Thread 4"           [_thread_blocked, id=22280, stack(0x000000a5fb900000,0x000000a5fba00000) (1024K)]
  0x000001bdc92db320 JavaThread "jar transforms Thread 5"           [_thread_blocked, id=2800, stack(0x000000a5fba00000,0x000000a5fbb00000) (1024K)]
  0x000001bdc92dd7b0 JavaThread "Unconstrained build operations Thread 9"        [_thread_blocked, id=21980, stack(0x000000a5fbb00000,0x000000a5fbc00000) (1024K)]
  0x000001bdc92ddf00 JavaThread "Unconstrained build operations Thread 10"        [_thread_blocked, id=4152, stack(0x000000a5fbc00000,0x000000a5fbd00000) (1024K)]
  0x000001bdc92dabd0 JavaThread "Unconstrained build operations Thread 11"        [_thread_blocked, id=26216, stack(0x000000a5fbd00000,0x000000a5fbe00000) (1024K)]
  0x000001bdc92de650 JavaThread "Unconstrained build operations Thread 12"        [_thread_blocked, id=28692, stack(0x000000a5fbe00000,0x000000a5fbf00000) (1024K)]
  0x000001bdc92df4f0 JavaThread "jar transforms Thread 6"           [_thread_blocked, id=8444, stack(0x000000a5fbf00000,0x000000a5fc000000) (1024K)]
  0x000001bdc92deda0 JavaThread "jar transforms Thread 7"           [_thread_blocked, id=21484, stack(0x000000a5fc000000,0x000000a5fc100000) (1024K)]
  0x000001bdc92dfc40 JavaThread "jar transforms Thread 8"           [_thread_blocked, id=3400, stack(0x000000a5fc100000,0x000000a5fc200000) (1024K)]
  0x000001bdc92e0390 JavaThread "Unconstrained build operations Thread 13"        [_thread_blocked, id=20428, stack(0x000000a5fc200000,0x000000a5fc300000) (1024K)]
  0x000001bdc92e0ae0 JavaThread "Unconstrained build operations Thread 14"        [_thread_blocked, id=22296, stack(0x000000a5fc300000,0x000000a5fc400000) (1024K)]
  0x000001bdc7753e00 JavaThread "Unconstrained build operations Thread 15"        [_thread_blocked, id=17764, stack(0x000000a5fc400000,0x000000a5fc500000) (1024K)]
  0x000001bdc7756290 JavaThread "Unconstrained build operations Thread 16"        [_thread_blocked, id=22560, stack(0x000000a5fc500000,0x000000a5fc600000) (1024K)]
  0x000001bdc77553f0 JavaThread "Unconstrained build operations Thread 17"        [_thread_blocked, id=19360, stack(0x000000a5fc600000,0x000000a5fc700000) (1024K)]
  0x000001bdc7755b40 JavaThread "Unconstrained build operations Thread 18"        [_thread_blocked, id=11200, stack(0x000000a5fc700000,0x000000a5fc800000) (1024K)]
  0x000001bdc7752f60 JavaThread "Unconstrained build operations Thread 19"        [_thread_blocked, id=14400, stack(0x000000a5fc800000,0x000000a5fc900000) (1024K)]
  0x000001bdc77536b0 JavaThread "Unconstrained build operations Thread 20"        [_thread_blocked, id=11732, stack(0x000000a5fc900000,0x000000a5fca00000) (1024K)]
  0x000001bdc7757130 JavaThread "Unconstrained build operations Thread 21"        [_thread_blocked, id=12936, stack(0x000000a5fca00000,0x000000a5fcb00000) (1024K)]
  0x000001bdc77569e0 JavaThread "Unconstrained build operations Thread 22"        [_thread_blocked, id=29396, stack(0x000000a5fcb00000,0x000000a5fcc00000) (1024K)]
  0x000001bdc7757880 JavaThread "Unconstrained build operations Thread 23"        [_thread_blocked, id=26260, stack(0x000000a5fcc00000,0x000000a5fcd00000) (1024K)]
  0x000001bdc7754550 JavaThread "Unconstrained build operations Thread 24"        [_thread_blocked, id=11748, stack(0x000000a5fcd00000,0x000000a5fce00000) (1024K)]
  0x000001bdc7757fd0 JavaThread "Unconstrained build operations Thread 25"        [_thread_blocked, id=3748, stack(0x000000a5fce00000,0x000000a5fcf00000) (1024K)]
  0x000001bdc7754ca0 JavaThread "Unconstrained build operations Thread 26"        [_thread_blocked, id=33536, stack(0x000000a5fcf00000,0x000000a5fd000000) (1024K)]
  0x000001bdc7758720 JavaThread "Unconstrained build operations Thread 27"        [_thread_blocked, id=26052, stack(0x000000a5fd000000,0x000000a5fd100000) (1024K)]
  0x000001bdc7758e70 JavaThread "Unconstrained build operations Thread 28"        [_thread_blocked, id=26424, stack(0x000000a5fd100000,0x000000a5fd200000) (1024K)]
  0x000001bdc77595c0 JavaThread "Unconstrained build operations Thread 29"        [_thread_blocked, id=13308, stack(0x000000a5fd200000,0x000000a5fd300000) (1024K)]
  0x000001bdc7759d10 JavaThread "Unconstrained build operations Thread 30"        [_thread_blocked, id=25580, stack(0x000000a5fd300000,0x000000a5fd400000) (1024K)]
  0x000001bdc775a460 JavaThread "Unconstrained build operations Thread 31"        [_thread_blocked, id=4940, stack(0x000000a5fd400000,0x000000a5fd500000) (1024K)]
  0x000001bdc872e920 JavaThread "Unconstrained build operations Thread 32"        [_thread_blocked, id=13952, stack(0x000000a5fd500000,0x000000a5fd600000) (1024K)]
  0x000001bdc872e1d0 JavaThread "Unconstrained build operations Thread 33"        [_thread_blocked, id=30128, stack(0x000000a5fd600000,0x000000a5fd700000) (1024K)]
  0x000001bdc872f070 JavaThread "Unconstrained build operations Thread 34"        [_thread_blocked, id=17820, stack(0x000000a5fd700000,0x000000a5fd800000) (1024K)]
  0x000001bdc872d330 JavaThread "Unconstrained build operations Thread 35"        [_thread_blocked, id=30296, stack(0x000000a5fd800000,0x000000a5fd900000) (1024K)]
  0x000001bdc872da80 JavaThread "Unconstrained build operations Thread 36"        [_thread_blocked, id=29796, stack(0x000000a5fd900000,0x000000a5fda00000) (1024K)]
  0x000001bdc872c490 JavaThread "Unconstrained build operations Thread 37"        [_thread_blocked, id=23228, stack(0x000000a5fda00000,0x000000a5fdb00000) (1024K)]
  0x000001bdc8730660 JavaThread "Unconstrained build operations Thread 38"        [_thread_blocked, id=29700, stack(0x000000a5fdb00000,0x000000a5fdc00000) (1024K)]
  0x000001bdc872f7c0 JavaThread "Unconstrained build operations Thread 39"        [_thread_blocked, id=15796, stack(0x000000a5fdc00000,0x000000a5fdd00000) (1024K)]
  0x000001bdc8730db0 JavaThread "Unconstrained build operations Thread 40"        [_thread_blocked, id=15080, stack(0x000000a5fdd00000,0x000000a5fde00000) (1024K)]
  0x000001bdc8731c50 JavaThread "Unconstrained build operations Thread 41"        [_thread_blocked, id=3960, stack(0x000000a5fde00000,0x000000a5fdf00000) (1024K)]
  0x000001bdc8732af0 JavaThread "Unconstrained build operations Thread 42"        [_thread_blocked, id=23496, stack(0x000000a5fdf00000,0x000000a5fe000000) (1024K)]
  0x000001bdc8733240 JavaThread "Unconstrained build operations Thread 43"        [_thread_blocked, id=14548, stack(0x000000a5fe000000,0x000000a5fe100000) (1024K)]
  0x000001bdc872ff10 JavaThread "Unconstrained build operations Thread 44"        [_thread_blocked, id=28356, stack(0x000000a5fe100000,0x000000a5fe200000) (1024K)]
  0x000001bdc87323a0 JavaThread "Unconstrained build operations Thread 45"        [_thread_blocked, id=18912, stack(0x000000a5fe200000,0x000000a5fe300000) (1024K)]
Total: 85

Other Threads:
  0x000001bded186010 VMThread "VM Thread"                           [id=14812, stack(0x000000a5f8300000,0x000000a5f8400000) (1024K)]
  0x000001bded17a9c0 WatcherThread "VM Periodic Task Thread"        [id=18644, stack(0x000000a5f8200000,0x000000a5f8300000) (1024K)]
  0x000001bdcff22de0 WorkerThread "GC Thread#0"                     [id=31204, stack(0x000000a5f7d00000,0x000000a5f7e00000) (1024K)]
  0x000001bdc607fda0 WorkerThread "GC Thread#1"                     [id=21276, stack(0x000000a5f8e00000,0x000000a5f8f00000) (1024K)]
  0x000001bdc6e63a80 WorkerThread "GC Thread#2"                     [id=30960, stack(0x000000a5f9900000,0x000000a5f9a00000) (1024K)]
  0x000001bdc70defd0 WorkerThread "GC Thread#3"                     [id=25904, stack(0x000000a5f9a00000,0x000000a5f9b00000) (1024K)]
  0x000001bdc70df380 WorkerThread "GC Thread#4"                     [id=15052, stack(0x000000a5f9b00000,0x000000a5f9c00000) (1024K)]
  0x000001bdc70df730 WorkerThread "GC Thread#5"                     [id=13660, stack(0x000000a5f9c00000,0x000000a5f9d00000) (1024K)]
  0x000001bdc70dfae0 WorkerThread "GC Thread#6"                     [id=20316, stack(0x000000a5f9d00000,0x000000a5f9e00000) (1024K)]
  0x000001bdc70fde00 WorkerThread "GC Thread#7"                     [id=27988, stack(0x000000a5f9e00000,0x000000a5f9f00000) (1024K)]
  0x000001bdc70fe1b0 WorkerThread "GC Thread#8"                     [id=17804, stack(0x000000a5f9f00000,0x000000a5fa000000) (1024K)]
  0x000001bdc70fda50 WorkerThread "GC Thread#9"                     [id=24408, stack(0x000000a5fa000000,0x000000a5fa100000) (1024K)]
  0x000001bdcff37d40 ConcurrentGCThread "G1 Main Marker"            [id=19728, stack(0x000000a5f7e00000,0x000000a5f7f00000) (1024K)]
  0x000001bdcff39650 WorkerThread "G1 Conc#0"                       [id=33232, stack(0x000000a5f7f00000,0x000000a5f8000000) (1024K)]
  0x000001bdc70fecc0 WorkerThread "G1 Conc#1"                       [id=20924, stack(0x000000a5fa400000,0x000000a5fa500000) (1024K)]
  0x000001bdc70ff070 WorkerThread "G1 Conc#2"                       [id=15156, stack(0x000000a5fa500000,0x000000a5fa600000) (1024K)]
  0x000001bded048a40 ConcurrentGCThread "G1 Refine#0"               [id=13672, stack(0x000000a5f8000000,0x000000a5f8100000) (1024K)]
  0x000001bded049270 ConcurrentGCThread "G1 Service"                [id=25068, stack(0x000000a5f8100000,0x000000a5f8200000) (1024K)]
Total: 18

Threads with active compile tasks:
C2 CompilerThread0  7477 8021   !   4       jdk.internal.classfile.impl.DirectCodeBuilder$4::tryGenerateStackMaps (48 bytes)
Total: 1

VM state: not at safepoint (normal execution)

VM Mutex/Monitor currently owned by a thread: None

Heap address: 0x0000000080000000, size: 2048 MB, Compressed Oops mode: 32-bit

CDS archive(s) mapped at: [0x000001bd80000000-0x000001bd80d40000-0x000001bd80d40000), size 13893632, SharedBaseAddress: 0x000001bd80000000, ArchiveRelocationMode: 1.
Compressed class space mapped at: 0x000001bd81000000-0x000001bdc1000000, reserved size: 1073741824
UseCompressedClassPointers 1, UseCompactObjectHeaders 0
Narrow klass pointer bits 32, Max shift 3
Narrow klass base: 0x000001bd80000000, Narrow klass shift: 0
Encoding Range: [0x000001bd80000000 - 0x000001be80000000), (4294967296 bytes)
Klass Range:    [0x000001bd80000000 - 0x000001bdc1000000), (1090519040 bytes)
Klass ID Range:  [8 - 1090519033) (1090519025)

GC Precious Log:
 CardTable entry size: 512
 Card Set container configuration: InlinePtr #cards 5 size 8 Array Of Cards #cards 10 size 36 Howl #buckets 4 coarsen threshold 1843 Howl Bitmap #cards 512 size 80 coarsen threshold 460 Card regions per heap region 1 cards per card region 2048
 CPUs: 12 total, 12 available
 Memory: 7439M
 Large Page Support: Disabled
 NUMA Support: Disabled
 Compressed Oops: Enabled (32-bit)
 Heap Region Size: 1M
 Heap Min Capacity: 8M
 Heap Initial Capacity: 118M
 Heap Max Capacity: 2G
 Pre-touch: Disabled
 Parallel Workers: 10
 Concurrent Workers: 3
 Concurrent Refinement Workers: 10
 Periodic GC: Disabled

Heap:
 garbage-first heap   total reserved 2097152K, committed 99328K, used 67568K [0x0000000080000000, 0x0000000100000000)
  region size 1024K, 12 young (12288K), 5 survivors (5120K)
 Metaspace       used 59093K, committed 60864K, reserved 1114112K
  class space    used 6705K, committed 7552K, reserved 1048576K

Heap Regions: E=young(eden), S=young(survivor), O=old, HS=humongous(starts), HC=humongous(continues), CS=collection set, F=free, TAMS=top-at-mark-start, PB=parsable bottom
|   0|0x0000000080000000, 0x0000000080100000, 0x0000000080100000|100%|HS|  |TAMS 0x0000000080000000| PB 0x0000000080000000| Complete |  0
|   1|0x0000000080100000, 0x0000000080200000, 0x0000000080200000|100%|HC|  |TAMS 0x0000000080100000| PB 0x0000000080100000| Complete |  0
|   2|0x0000000080200000, 0x0000000080300000, 0x0000000080300000|100%|HC|  |TAMS 0x0000000080200000| PB 0x0000000080200000| Complete |  0
|   3|0x0000000080300000, 0x0000000080400000, 0x0000000080400000|100%| O|  |TAMS 0x0000000080300000| PB 0x0000000080300000| Untracked |  0
|   4|0x0000000080400000, 0x0000000080500000, 0x0000000080500000|100%|HS|  |TAMS 0x0000000080400000| PB 0x0000000080400000| Complete |  0
|   5|0x0000000080500000, 0x0000000080600000, 0x0000000080600000|100%| O|  |TAMS 0x0000000080500000| PB 0x0000000080500000| Untracked |  0
|   6|0x0000000080600000, 0x0000000080700000, 0x0000000080700000|100%| O|  |TAMS 0x0000000080600000| PB 0x0000000080600000| Untracked |  0
|   7|0x0000000080700000, 0x0000000080800000, 0x0000000080800000|100%| O|  |TAMS 0x0000000080700000| PB 0x0000000080700000| Untracked |  0
|   8|0x0000000080800000, 0x0000000080900000, 0x0000000080900000|100%| O|  |TAMS 0x0000000080800000| PB 0x0000000080800000| Untracked |  0
|   9|0x0000000080900000, 0x0000000080a00000, 0x0000000080a00000|100%| O|  |TAMS 0x0000000080900000| PB 0x0000000080900000| Untracked |  0
|  10|0x0000000080a00000, 0x0000000080b00000, 0x0000000080b00000|100%| O|  |TAMS 0x0000000080a00000| PB 0x0000000080a00000| Untracked |  0
|  11|0x0000000080b00000, 0x0000000080c00000, 0x0000000080c00000|100%| O|  |TAMS 0x0000000080b00000| PB 0x0000000080b00000| Untracked |  0
|  12|0x0000000080c00000, 0x0000000080d00000, 0x0000000080d00000|100%| O|  |TAMS 0x0000000080c00000| PB 0x0000000080c00000| Untracked |  0
|  13|0x0000000080d00000, 0x0000000080e00000, 0x0000000080e00000|100%| O|  |TAMS 0x0000000080d00000| PB 0x0000000080d00000| Untracked |  0
|  14|0x0000000080e00000, 0x0000000080f00000, 0x0000000080f00000|100%| O|  |TAMS 0x0000000080e00000| PB 0x0000000080e00000| Untracked |  0
|  15|0x0000000080f00000, 0x0000000081000000, 0x0000000081000000|100%| O|  |TAMS 0x0000000080f00000| PB 0x0000000080f00000| Untracked |  0
|  16|0x0000000081000000, 0x0000000081100000, 0x0000000081100000|100%| O|  |TAMS 0x0000000081000000| PB 0x0000000081000000| Untracked |  0
|  17|0x0000000081100000, 0x0000000081200000, 0x0000000081200000|100%| O|  |TAMS 0x0000000081100000| PB 0x0000000081100000| Untracked |  0
|  18|0x0000000081200000, 0x0000000081300000, 0x0000000081300000|100%| O|  |TAMS 0x0000000081200000| PB 0x0000000081200000| Untracked |  0
|  19|0x0000000081300000, 0x0000000081400000, 0x0000000081400000|100%| O|  |TAMS 0x0000000081300000| PB 0x0000000081300000| Untracked |  0
|  20|0x0000000081400000, 0x0000000081500000, 0x0000000081500000|100%| O|  |TAMS 0x0000000081400000| PB 0x0000000081400000| Untracked |  0
|  21|0x0000000081500000, 0x0000000081600000, 0x0000000081600000|100%| O|  |TAMS 0x0000000081500000| PB 0x0000000081500000| Untracked |  0
|  22|0x0000000081600000, 0x0000000081700000, 0x0000000081700000|100%| O|  |TAMS 0x0000000081600000| PB 0x0000000081600000| Untracked |  0
|  23|0x0000000081700000, 0x0000000081800000, 0x0000000081800000|100%| O|  |TAMS 0x0000000081700000| PB 0x0000000081700000| Untracked |  0
|  24|0x0000000081800000, 0x0000000081900000, 0x0000000081900000|100%| O|Cm|TAMS 0x0000000081800000| PB 0x0000000081800000| Complete |  0
|  25|0x0000000081900000, 0x0000000081a00000, 0x0000000081a00000|100%| O|  |TAMS 0x0000000081900000| PB 0x0000000081900000| Untracked |  0
|  26|0x0000000081a00000, 0x0000000081b00000, 0x0000000081b00000|100%| O|  |TAMS 0x0000000081a00000| PB 0x0000000081a00000| Untracked |  0
|  27|0x0000000081b00000, 0x0000000081c00000, 0x0000000081c00000|100%| O|  |TAMS 0x0000000081b00000| PB 0x0000000081b00000| Untracked |  0
|  28|0x0000000081c00000, 0x0000000081d00000, 0x0000000081d00000|100%| O|  |TAMS 0x0000000081c00000| PB 0x0000000081c00000| Untracked |  0
|  29|0x0000000081d00000, 0x0000000081e00000, 0x0000000081e00000|100%| O|  |TAMS 0x0000000081d00000| PB 0x0000000081d00000| Untracked |  0
|  30|0x0000000081e00000, 0x0000000081f00000, 0x0000000081f00000|100%| O|  |TAMS 0x0000000081e00000| PB 0x0000000081e00000| Untracked |  0
|  31|0x0000000081f00000, 0x0000000082000000, 0x0000000082000000|100%| O|  |TAMS 0x0000000081f00000| PB 0x0000000081f00000| Untracked |  0
|  32|0x0000000082000000, 0x0000000082100000, 0x0000000082100000|100%| O|  |TAMS 0x0000000082000000| PB 0x0000000082000000| Untracked |  0
|  33|0x0000000082100000, 0x0000000082200000, 0x0000000082200000|100%| O|  |TAMS 0x0000000082100000| PB 0x0000000082100000| Untracked |  0
|  34|0x0000000082200000, 0x0000000082300000, 0x0000000082300000|100%| O|  |TAMS 0x0000000082200000| PB 0x0000000082200000| Untracked |  0
|  35|0x0000000082300000, 0x0000000082400000, 0x0000000082400000|100%| O|  |TAMS 0x0000000082300000| PB 0x0000000082300000| Untracked |  0
|  36|0x0000000082400000, 0x0000000082500000, 0x0000000082500000|100%| O|  |TAMS 0x0000000082400000| PB 0x0000000082400000| Untracked |  0
|  37|0x0000000082500000, 0x0000000082600000, 0x0000000082600000|100%| O|  |TAMS 0x0000000082500000| PB 0x0000000082500000| Untracked |  0
|  38|0x0000000082600000, 0x0000000082700000, 0x0000000082700000|100%| O|  |TAMS 0x0000000082600000| PB 0x0000000082600000| Untracked |  0
|  39|0x0000000082700000, 0x0000000082800000, 0x0000000082800000|100%| O|  |TAMS 0x0000000082700000| PB 0x0000000082700000| Untracked |  0
|  40|0x0000000082800000, 0x0000000082900000, 0x0000000082900000|100%| O|  |TAMS 0x0000000082800000| PB 0x0000000082800000| Untracked |  0
|  41|0x0000000082900000, 0x00000000829fc2f0, 0x0000000082a00000| 98%| O|  |TAMS 0x0000000082900000| PB 0x0000000082900000| Untracked |  0
|  42|0x0000000082a00000, 0x0000000082b00000, 0x0000000082b00000|100%| O|Cm|TAMS 0x0000000082a00000| PB 0x0000000082a00000| Complete |  0
|  43|0x0000000082b00000, 0x0000000082c00000, 0x0000000082c00000|100%| S|CS|TAMS 0x0000000082b00000| PB 0x0000000082b00000| Complete |  0
|  44|0x0000000082c00000, 0x0000000082d00000, 0x0000000082d00000|100%| O|  |TAMS 0x0000000082c00000| PB 0x0000000082c00000| Untracked |  0
|  45|0x0000000082d00000, 0x0000000082e00000, 0x0000000082e00000|100%| O|  |TAMS 0x0000000082d00000| PB 0x0000000082d00000| Untracked |  0
|  46|0x0000000082e00000, 0x0000000082f00000, 0x0000000082f00000|100%| O|  |TAMS 0x0000000082e00000| PB 0x0000000082e00000| Untracked |  0
|  47|0x0000000082f00000, 0x0000000083000000, 0x0000000083000000|100%| O|  |TAMS 0x0000000082f00000| PB 0x0000000082f00000| Untracked |  0
|  48|0x0000000083000000, 0x0000000083100000, 0x0000000083100000|100%| O|  |TAMS 0x0000000083000000| PB 0x0000000083000000| Untracked |  0
|  49|0x0000000083100000, 0x0000000083200000, 0x0000000083200000|100%|HS|  |TAMS 0x0000000083100000| PB 0x0000000083100000| Complete |  0
|  50|0x0000000083200000, 0x0000000083300000, 0x0000000083300000|100%|HC|  |TAMS 0x0000000083200000| PB 0x0000000083200000| Complete |  0
|  51|0x0000000083300000, 0x0000000083400000, 0x0000000083400000|100%|HS|  |TAMS 0x0000000083300000| PB 0x0000000083300000| Complete |  0
|  52|0x0000000083400000, 0x0000000083500000, 0x0000000083500000|100%|HC|  |TAMS 0x0000000083400000| PB 0x0000000083400000| Complete |  0
|  53|0x0000000083500000, 0x0000000083600000, 0x0000000083600000|100%| S|CS|TAMS 0x0000000083500000| PB 0x0000000083500000| Complete |  0
|  54|0x0000000083600000, 0x0000000083700000, 0x0000000083700000|100%| S|CS|TAMS 0x0000000083600000| PB 0x0000000083600000| Complete |  0
|  55|0x0000000083700000, 0x0000000083800000, 0x0000000083800000|100%| S|CS|TAMS 0x0000000083700000| PB 0x0000000083700000| Complete |  0
|  56|0x0000000083800000, 0x0000000083900000, 0x0000000083900000|100%| S|CS|TAMS 0x0000000083800000| PB 0x0000000083800000| Complete |  0
|  57|0x0000000083900000, 0x0000000083900000, 0x0000000083a00000|  0%| F|  |TAMS 0x0000000083900000| PB 0x0000000083900000| Untracked |  0
|  58|0x0000000083a00000, 0x0000000083a00000, 0x0000000083b00000|  0%| F|  |TAMS 0x0000000083a00000| PB 0x0000000083a00000| Untracked |  0
|  59|0x0000000083b00000, 0x0000000083b00000, 0x0000000083c00000|  0%| F|  |TAMS 0x0000000083b00000| PB 0x0000000083b00000| Untracked |  0
|  60|0x0000000083c00000, 0x0000000083c00000, 0x0000000083d00000|  0%| F|  |TAMS 0x0000000083c00000| PB 0x0000000083c00000| Untracked |  0
|  61|0x0000000083d00000, 0x0000000083d00000, 0x0000000083e00000|  0%| F|  |TAMS 0x0000000083d00000| PB 0x0000000083d00000| Untracked |  0
|  62|0x0000000083e00000, 0x0000000083e00000, 0x0000000083f00000|  0%| F|  |TAMS 0x0000000083e00000| PB 0x0000000083e00000| Untracked |  0
|  63|0x0000000083f00000, 0x0000000083f00000, 0x0000000084000000|  0%| F|  |TAMS 0x0000000083f00000| PB 0x0000000083f00000| Untracked |  0
|  64|0x0000000084000000, 0x0000000084000000, 0x0000000084100000|  0%| F|  |TAMS 0x0000000084000000| PB 0x0000000084000000| Untracked |  0
|  65|0x0000000084100000, 0x0000000084100000, 0x0000000084200000|  0%| F|  |TAMS 0x0000000084100000| PB 0x0000000084100000| Untracked |  0
|  66|0x0000000084200000, 0x0000000084200000, 0x0000000084300000|  0%| F|  |TAMS 0x0000000084200000| PB 0x0000000084200000| Untracked |  0
|  67|0x0000000084300000, 0x0000000084300000, 0x0000000084400000|  0%| F|  |TAMS 0x0000000084300000| PB 0x0000000084300000| Untracked |  0
|  68|0x0000000084400000, 0x0000000084400000, 0x0000000084500000|  0%| F|  |TAMS 0x0000000084400000| PB 0x0000000084400000| Untracked |  0
|  69|0x0000000084500000, 0x0000000084500000, 0x0000000084600000|  0%| F|  |TAMS 0x0000000084500000| PB 0x0000000084500000| Untracked |  0
|  70|0x0000000084600000, 0x0000000084600000, 0x0000000084700000|  0%| F|  |TAMS 0x0000000084600000| PB 0x0000000084600000| Untracked |  0
|  71|0x0000000084700000, 0x0000000084700000, 0x0000000084800000|  0%| F|  |TAMS 0x0000000084700000| PB 0x0000000084700000| Untracked |  0
|  72|0x0000000084800000, 0x0000000084800000, 0x0000000084900000|  0%| F|  |TAMS 0x0000000084800000| PB 0x0000000084800000| Untracked |  0
|  73|0x0000000084900000, 0x0000000084900000, 0x0000000084a00000|  0%| F|  |TAMS 0x0000000084900000| PB 0x0000000084900000| Untracked |  0
|  74|0x0000000084a00000, 0x0000000084a00000, 0x0000000084b00000|  0%| F|  |TAMS 0x0000000084a00000| PB 0x0000000084a00000| Untracked |  0
|  75|0x0000000084b00000, 0x0000000084b00000, 0x0000000084c00000|  0%| F|  |TAMS 0x0000000084b00000| PB 0x0000000084b00000| Untracked |  0
|  76|0x0000000084c00000, 0x0000000084c00000, 0x0000000084d00000|  0%| F|  |TAMS 0x0000000084c00000| PB 0x0000000084c00000| Untracked |  0
|  77|0x0000000084d00000, 0x0000000084d00000, 0x0000000084e00000|  0%| F|  |TAMS 0x0000000084d00000| PB 0x0000000084d00000| Untracked |  0
|  78|0x0000000084e00000, 0x0000000084e00000, 0x0000000084f00000|  0%| F|  |TAMS 0x0000000084e00000| PB 0x0000000084e00000| Untracked |  0
|  79|0x0000000084f00000, 0x0000000084f00000, 0x0000000085000000|  0%| F|  |TAMS 0x0000000084f00000| PB 0x0000000084f00000| Untracked |  0
|  80|0x0000000085000000, 0x0000000085000000, 0x0000000085100000|  0%| F|  |TAMS 0x0000000085000000| PB 0x0000000085000000| Untracked |  0
|  81|0x0000000085100000, 0x0000000085100000, 0x0000000085200000|  0%| F|  |TAMS 0x0000000085100000| PB 0x0000000085100000| Untracked |  0
|  82|0x0000000085200000, 0x0000000085200000, 0x0000000085300000|  0%| F|  |TAMS 0x0000000085200000| PB 0x0000000085200000| Untracked |  0
|  83|0x0000000085300000, 0x0000000085300000, 0x0000000085400000|  0%| F|  |TAMS 0x0000000085300000| PB 0x0000000085300000| Untracked |  0
|  84|0x0000000085400000, 0x0000000085400000, 0x0000000085500000|  0%| F|  |TAMS 0x0000000085400000| PB 0x0000000085400000| Untracked |  0
|  85|0x0000000085500000, 0x0000000085500000, 0x0000000085600000|  0%| F|  |TAMS 0x0000000085500000| PB 0x0000000085500000| Untracked |  0
|  86|0x0000000085600000, 0x0000000085600000, 0x0000000085700000|  0%| F|  |TAMS 0x0000000085600000| PB 0x0000000085600000| Untracked |  0
|  87|0x0000000085700000, 0x0000000085800000, 0x0000000085800000|100%| E|  |TAMS 0x0000000085700000| PB 0x0000000085700000| Complete |  0
|  88|0x0000000085800000, 0x0000000085900000, 0x0000000085900000|100%| E|CS|TAMS 0x0000000085800000| PB 0x0000000085800000| Complete |  0
|  89|0x0000000085900000, 0x0000000085a00000, 0x0000000085a00000|100%| E|CS|TAMS 0x0000000085900000| PB 0x0000000085900000| Complete |  0
|  90|0x0000000085a00000, 0x0000000085b00000, 0x0000000085b00000|100%| E|CS|TAMS 0x0000000085a00000| PB 0x0000000085a00000| Complete |  0
|  91|0x0000000085b00000, 0x0000000085c00000, 0x0000000085c00000|100%| E|CS|TAMS 0x0000000085b00000| PB 0x0000000085b00000| Complete |  0
| 117|0x0000000087500000, 0x0000000087600000, 0x0000000087600000|100%| E|CS|TAMS 0x0000000087500000| PB 0x0000000087500000| Complete |  0
|2044|0x00000000ffc00000, 0x00000000ffd00000, 0x00000000ffd00000|100%| O|  |TAMS 0x00000000ffc00000| PB 0x00000000ffc00000| Untracked |  0
|2045|0x00000000ffd00000, 0x00000000ffe00000, 0x00000000ffe00000|100%| O|  |TAMS 0x00000000ffd00000| PB 0x00000000ffd00000| Untracked |  0
|2046|0x00000000ffe00000, 0x00000000fff00000, 0x00000000fff00000|100%| O|  |TAMS 0x00000000ffe00000| PB 0x00000000ffe00000| Untracked |  0
|2047|0x00000000fff00000, 0x0000000100000000, 0x0000000100000000|100%| E|CS|TAMS 0x00000000fff00000| PB 0x00000000fff00000| Complete |  0

Card table byte_map: [0x000001bde80b0000,0x000001bde84b0000] _byte_map_base: 0x000001bde7cb0000

Marking Bits: (CMBitMap*) 0x000001bdcff23400
 Bits: [0x000001bde84b0000, 0x000001bdea4b0000)

Polling page: 0x000001bdcddf0000

Metaspace:

Usage:
  Non-class:     51.19 MB used.
      Class:      6.55 MB used.
       Both:     57.75 MB used.

Virtual space:
  Non-class space:       64.00 MB reserved,      52.12 MB ( 81%) committed,  1 nodes.
      Class space:        1.00 GB reserved,       7.38 MB ( <1%) committed,  1 nodes.
             Both:        1.06 GB reserved,      59.50 MB (  5%) committed. 

Chunk freelists:
   Non-Class:  11.00 MB
       Class:  8.51 MB
        Both:  19.51 MB

MaxMetaspaceSize: unlimited
CompressedClassSpaceSize: 1.00 GB
Initial GC threshold: 21.00 MB
Current GC threshold: 89.94 MB
CDS: on
 - commit_granule_bytes: 65536.
 - commit_granule_words: 8192.
 - virtual_space_node_default_size: 8388608.
 - enlarge_chunks_in_place: 1.
UseCompressedClassPointers 1, UseCompactObjectHeaders 0
Narrow klass pointer bits 32, Max shift 3
Narrow klass base: 0x000001bd80000000, Narrow klass shift: 0
Encoding Range: [0x000001bd80000000 - 0x000001be80000000), (4294967296 bytes)
Klass Range:    [0x000001bd80000000 - 0x000001bdc1000000), (1090519040 bytes)
Klass ID Range:  [8 - 1090519033) (1090519025)


Internal statistics:

num_allocs_failed_limit: 6.
num_arena_births: 3158.
num_arena_deaths: 0.
num_vsnodes_births: 2.
num_vsnodes_deaths: 0.
num_space_committed: 952.
num_space_uncommitted: 0.
num_chunks_returned_to_freelist: 6.
num_chunks_taken_from_freelist: 5770.
num_chunk_merges: 6.
num_chunk_splits: 3794.
num_chunks_enlarged: 2383.
num_inconsistent_stats: 0.

CodeHeap 'non-profiled nmethods': size=120064Kb used=2932Kb max_used=2960Kb free=117131Kb
 bounds [0x000001bde0220000, 0x000001bde0510000, 0x000001bde7760000]
CodeHeap 'profiled nmethods': size=120000Kb used=11652Kb max_used=11871Kb free=108347Kb
 bounds [0x000001bdd8760000, 0x000001bdd9300000, 0x000001bddfc90000]
CodeHeap 'non-nmethods': size=5696Kb used=2872Kb max_used=2968Kb free=2823Kb
 bounds [0x000001bddfc90000, 0x000001bddff90000, 0x000001bde0220000]
CodeCache: size=245760Kb, used=17456Kb, max_used=17799Kb, free=228301Kb
 total_blobs=8271, nmethods=7335, adapters=840, full_count=0
Compilation: enabled, stopped_count=0, restarted_count=0

Compilation events (20 events):
Event: 7.227 Thread 0x000001bded1da090 8035       3       java.lang.ClassValue$ClassValueMap::checkCacheLoad (16 bytes)
Event: 7.227 Thread 0x000001bded1da090 nmethod 8035 0x000001bdd88f7008 code [0x000001bdd88f7120, 0x000001bdd88f7280]
Event: 7.227 Thread 0x000001bded1da090 8036       3       java.lang.ClassValue$ClassValueMap::addToCache (92 bytes)
Event: 7.228 Thread 0x000001bded1da090 nmethod 8036 0x000001bdd888ef88 code [0x000001bdd888f200, 0x000001bdd8890c08]
Event: 7.235 Thread 0x000001bded1da090 8040       3       org.gradle.internal.reflect.JavaReflectionUtil::hasAnnotation (15 bytes)
Event: 7.235 Thread 0x000001bded1da090 nmethod 8040 0x000001bdd8905708 code [0x000001bdd8905820, 0x000001bdd8905988]
Event: 7.235 Thread 0x000001bded1da090 8041       3       org.gradle.internal.instantiation.generator.AsmBackedClassGenerator$ClassBuilderImpl::addLazyGetter (18 bytes)
Event: 7.235 Thread 0x000001bded1da090 nmethod 8041 0x000001bdd891aa88 code [0x000001bdd891aba0, 0x000001bdd891ad00]
Event: 7.235 Thread 0x000001bded1da090 8042   !   3       org.objectweb.asm.ClassWriter::getCommonSuperClass (141 bytes)
Event: 7.235 Thread 0x000001bded1da090 nmethod 8042 0x000001bdd87c7e08 code [0x000001bdd87c8060, 0x000001bdd87c90a0]
Event: 7.235 Thread 0x000001bded1da090 8043       3       org.objectweb.asm.ClassWriter::getClassLoader (8 bytes)
Event: 7.235 Thread 0x000001bded1da090 nmethod 8043 0x000001bdd8be7608 code [0x000001bdd8be7720, 0x000001bdd8be7970]
Event: 7.240 Thread 0x000001bded1da090 8045       3       org.gradle.internal.instantiation.generator.AbstractClassGenerator::assembleProperties (239 bytes)
Event: 7.241 Thread 0x000001bded1da090 nmethod 8045 0x000001bdd885fe88 code [0x000001bdd8860320, 0x000001bdd8862fd8]
Event: 7.241 Thread 0x000001bded1da090 8046       3       jdk.internal.classfile.impl.AbstractPoolEntry$AbstractNamedEntry::asInternalName (11 bytes)
Event: 7.241 Thread 0x000001bded1da090 nmethod 8046 0x000001bdd8c78c88 code [0x000001bdd8c78dc0, 0x000001bdd8c79130]
Event: 7.242 Thread 0x000001bded1da090 8047       3       com.google.common.collect.MapMakerInternalMap$WeakValueReferenceImpl::<init> (12 bytes)
Event: 7.242 Thread 0x000001bded1da090 nmethod 8047 0x000001bdd88a2888 code [0x000001bdd88a29c0, 0x000001bdd88a2d40]
Event: 7.242 Thread 0x000001bded1da090 8048       3       com.google.common.collect.MapMakerInternalMap$StrongKeyWeakValueEntry::access$402 (7 bytes)
Event: 7.242 Thread 0x000001bded1da090 nmethod 8048 0x000001bdd8966508 code [0x000001bdd8966620, 0x000001bdd8966768]

GC Heap History (20 events):
Event: 4.072 GC heap before
{Heap before GC invocations=6 (full 0):
 garbage-first heap   total reserved 2097152K, committed 99328K, used 74631K [0x0000000080000000, 0x0000000100000000)
  region size 1024K, 53 young (54272K), 7 survivors (7168K)
 Metaspace       used 33430K, committed 34432K, reserved 1114112K
  class space    used 3694K, committed 4160K, reserved 1048576K
}
Event: 4.077 GC heap after
{Heap after GC invocations=7 (full 0):
 garbage-first heap   total reserved 2097152K, committed 99328K, used 32989K [0x0000000080000000, 0x0000000100000000)
  region size 1024K, 7 young (7168K), 7 survivors (7168K)
 Metaspace       used 33430K, committed 34432K, reserved 1114112K
  class space    used 3694K, committed 4160K, reserved 1048576K
}
Event: 4.201 GC heap before
{Heap before GC invocations=7 (full 0):
 garbage-first heap   total reserved 2097152K, committed 99328K, used 45277K [0x0000000080000000, 0x0000000100000000)
  region size 1024K, 16 young (16384K), 7 survivors (7168K)
 Metaspace       used 34928K, committed 35968K, reserved 1114112K
  class space    used 3777K, committed 4288K, reserved 1048576K
}
Event: 4.204 GC heap after
{Heap after GC invocations=8 (full 0):
 garbage-first heap   total reserved 2097152K, committed 99328K, used 35171K [0x0000000080000000, 0x0000000100000000)
  region size 1024K, 2 young (2048K), 2 survivors (2048K)
 Metaspace       used 34928K, committed 35968K, reserved 1114112K
  class space    used 3777K, committed 4288K, reserved 1048576K
}
Event: 4.556 GC heap before
{Heap before GC invocations=9 (full 0):
 garbage-first heap   total reserved 2097152K, committed 99328K, used 80227K [0x0000000080000000, 0x0000000100000000)
  region size 1024K, 46 young (47104K), 2 survivors (2048K)
 Metaspace       used 38934K, committed 40384K, reserved 1114112K
  class space    used 4352K, committed 5056K, reserved 1048576K
}
Event: 4.558 GC heap after
{Heap after GC invocations=10 (full 0):
 garbage-first heap   total reserved 2097152K, committed 99328K, used 37039K [0x0000000080000000, 0x0000000100000000)
  region size 1024K, 4 young (4096K), 4 survivors (4096K)
 Metaspace       used 38934K, committed 40384K, reserved 1114112K
  class space    used 4352K, committed 5056K, reserved 1048576K
}
Event: 5.033 GC heap before
{Heap before GC invocations=10 (full 0):
 garbage-first heap   total reserved 2097152K, committed 99328K, used 82095K [0x0000000080000000, 0x0000000100000000)
  region size 1024K, 49 young (50176K), 4 survivors (4096K)
 Metaspace       used 43189K, committed 44800K, reserved 1114112K
  class space    used 4990K, committed 5760K, reserved 1048576K
}
Event: 5.037 GC heap after
{Heap after GC invocations=11 (full 0):
 garbage-first heap   total reserved 2097152K, committed 99328K, used 40990K [0x0000000080000000, 0x0000000100000000)
  region size 1024K, 7 young (7168K), 7 survivors (7168K)
 Metaspace       used 43189K, committed 44800K, reserved 1114112K
  class space    used 4990K, committed 5760K, reserved 1048576K
}
Event: 5.343 GC heap before
{Heap before GC invocations=11 (full 0):
 garbage-first heap   total reserved 2097152K, committed 99328K, used 85022K [0x0000000080000000, 0x0000000100000000)
  region size 1024K, 49 young (50176K), 7 survivors (7168K)
 Metaspace       used 45473K, committed 47104K, reserved 1114112K
  class space    used 5176K, committed 5952K, reserved 1048576K
}
Event: 5.346 GC heap after
{Heap after GC invocations=12 (full 0):
 garbage-first heap   total reserved 2097152K, committed 99328K, used 43077K [0x0000000080000000, 0x0000000100000000)
  region size 1024K, 3 young (3072K), 3 survivors (3072K)
 Metaspace       used 45473K, committed 47104K, reserved 1114112K
  class space    used 5176K, committed 5952K, reserved 1048576K
}
Event: 5.825 GC heap before
{Heap before GC invocations=12 (full 0):
 garbage-first heap   total reserved 2097152K, committed 99328K, used 86085K [0x0000000080000000, 0x0000000100000000)
  region size 1024K, 45 young (46080K), 3 survivors (3072K)
 Metaspace       used 50445K, committed 52160K, reserved 1114112K
  class space    used 5848K, committed 6656K, reserved 1048576K
}
Event: 5.827 GC heap after
{Heap after GC invocations=13 (full 0):
 garbage-first heap   total reserved 2097152K, committed 99328K, used 44736K [0x0000000080000000, 0x0000000100000000)
  region size 1024K, 4 young (4096K), 4 survivors (4096K)
 Metaspace       used 50445K, committed 52160K, reserved 1114112K
  class space    used 5848K, committed 6656K, reserved 1048576K
}
Event: 6.458 GC heap before
{Heap before GC invocations=13 (full 0):
 garbage-first heap   total reserved 2097152K, committed 99328K, used 87744K [0x0000000080000000, 0x0000000100000000)
  region size 1024K, 47 young (48128K), 4 survivors (4096K)
 Metaspace       used 53038K, committed 54848K, reserved 1114112K
  class space    used 6125K, committed 6976K, reserved 1048576K
}
Event: 6.463 GC heap after
{Heap after GC invocations=14 (full 0):
 garbage-first heap   total reserved 2097152K, committed 99328K, used 50042K [0x0000000080000000, 0x0000000100000000)
  region size 1024K, 6 young (6144K), 6 survivors (6144K)
 Metaspace       used 53038K, committed 54848K, reserved 1114112K
  class space    used 6125K, committed 6976K, reserved 1048576K
}
Event: 6.638 GC heap before
{Heap before GC invocations=14 (full 0):
 garbage-first heap   total reserved 2097152K, committed 99328K, used 85882K [0x0000000080000000, 0x0000000100000000)
  region size 1024K, 42 young (43008K), 6 survivors (6144K)
 Metaspace       used 53324K, committed 55168K, reserved 1114112K
  class space    used 6125K, committed 6976K, reserved 1048576K
}
Event: 6.642 GC heap after
{Heap after GC invocations=15 (full 0):
 garbage-first heap   total reserved 2097152K, committed 99328K, used 52580K [0x0000000080000000, 0x0000000100000000)
  region size 1024K, 4 young (4096K), 4 survivors (4096K)
 Metaspace       used 53324K, committed 55168K, reserved 1114112K
  class space    used 6125K, committed 6976K, reserved 1048576K
}
Event: 6.758 GC heap before
{Heap before GC invocations=15 (full 0):
 garbage-first heap   total reserved 2097152K, committed 99328K, used 67940K [0x0000000080000000, 0x0000000100000000)
  region size 1024K, 21 young (21504K), 4 survivors (4096K)
 Metaspace       used 53406K, committed 55232K, reserved 1114112K
  class space    used 6126K, committed 6976K, reserved 1048576K
}
Event: 6.760 GC heap after
{Heap after GC invocations=16 (full 0):
 garbage-first heap   total reserved 2097152K, committed 99328K, used 54122K [0x0000000080000000, 0x0000000100000000)
  region size 1024K, 3 young (3072K), 3 survivors (3072K)
 Metaspace       used 53406K, committed 55232K, reserved 1114112K
  class space    used 6126K, committed 6976K, reserved 1048576K
}
Event: 7.195 GC heap before
{Heap before GC invocations=17 (full 0):
 garbage-first heap   total reserved 2097152K, committed 99328K, used 92010K [0x0000000080000000, 0x0000000100000000)
  region size 1024K, 37 young (37888K), 3 survivors (3072K)
 Metaspace       used 57561K, committed 59392K, reserved 1114112K
  class space    used 6556K, committed 7424K, reserved 1048576K
}
Event: 7.198 GC heap after
{Heap after GC invocations=18 (full 0):
 garbage-first heap   total reserved 2097152K, committed 99328K, used 61424K [0x0000000080000000, 0x0000000100000000)
  region size 1024K, 5 young (5120K), 5 survivors (5120K)
 Metaspace       used 57561K, committed 59392K, reserved 1114112K
  class space    used 6556K, committed 7424K, reserved 1048576K
}

Dll operation events (15 events):
Event: 0.011 Loaded shared library C:\Users\cesarr\.jdks\openjdk-24.0.2\bin\java.dll
Event: 0.032 Loaded shared library C:\Users\cesarr\.jdks\openjdk-24.0.2\bin\jsvml.dll
Event: 0.065 Loaded shared library C:\Users\cesarr\.jdks\openjdk-24.0.2\bin\zip.dll
Event: 0.069 Loaded shared library C:\Users\cesarr\.jdks\openjdk-24.0.2\bin\instrument.dll
Event: 0.074 Loaded shared library C:\Users\cesarr\.jdks\openjdk-24.0.2\bin\net.dll
Event: 0.077 Loaded shared library C:\Users\cesarr\.jdks\openjdk-24.0.2\bin\nio.dll
Event: 0.079 Loaded shared library C:\Users\cesarr\.jdks\openjdk-24.0.2\bin\zip.dll
Event: 0.322 Loaded shared library C:\Users\cesarr\.jdks\openjdk-24.0.2\bin\jimage.dll
Event: 0.495 Loaded shared library C:\Users\cesarr\.jdks\openjdk-24.0.2\bin\verify.dll
Event: 0.602 Loaded shared library C:\Users\cesarr\.gradle\native\1def1411415f61bf3af743bc5b6707747c0891f09f0c88961ee8f79bc544acac\windows-amd64\native-platform.dll
Event: 0.612 Loaded shared library C:\Users\cesarr\.gradle\native\0.2.7\x86_64-windows-gnu\gradle-fileevents.dll
Event: 1.600 Loaded shared library C:\Users\cesarr\.jdks\openjdk-24.0.2\bin\management.dll
Event: 1.604 Loaded shared library C:\Users\cesarr\.jdks\openjdk-24.0.2\bin\management_ext.dll
Event: 1.737 Loaded shared library C:\Users\cesarr\.jdks\openjdk-24.0.2\bin\extnet.dll
Event: 2.017 Loaded shared library C:\Users\cesarr\.jdks\openjdk-24.0.2\bin\sunmscapi.dll

Deoptimization events (20 events):
Event: 6.658 Thread 0x000001bdc872ff10 DEOPT PACKING pc=0x000001bde036813c sp=0x000000a5fe1fdd40
Event: 6.658 Thread 0x000001bdc872ff10 DEOPT UNPACKING pc=0x000001bddfdb5e02 sp=0x000000a5fe1fdca0 mode 2
Event: 6.658 Thread 0x000001bdc872ff10 Uncommon trap: trap_request=0xffffff4d fr.pc=0x000001bde045e5bc relative=0x000000000000025c
Event: 6.658 Thread 0x000001bdc872ff10 Uncommon trap: reason=unstable_if action=reinterpret pc=0x000001bde045e5bc method=java.util.concurrent.ConcurrentHashMap.addCount(JI)V @ 171 c2
Event: 6.658 Thread 0x000001bdc872ff10 DEOPT PACKING pc=0x000001bde045e5bc sp=0x000000a5fe1fde10
Event: 6.658 Thread 0x000001bdc872ff10 DEOPT UNPACKING pc=0x000001bddfdb5e02 sp=0x000000a5fe1fdd50 mode 2
Event: 6.708 Thread 0x000001bdc6ba8c20 DEOPT PACKING pc=0x000001bdd901a3dd sp=0x000000a5f95f8cf0
Event: 6.708 Thread 0x000001bdc6ba8c20 DEOPT UNPACKING pc=0x000001bddfce6642 sp=0x000000a5f95f81d8 mode 0
Event: 6.709 Thread 0x000001bdc6ba8c20 DEOPT PACKING pc=0x000001bdd901a3dd sp=0x000000a5f95f8cf0
Event: 6.709 Thread 0x000001bdc6ba8c20 DEOPT UNPACKING pc=0x000001bddfce6642 sp=0x000000a5f95f81d8 mode 0
Event: 6.723 Thread 0x000001bdc6ba8c20 DEOPT PACKING pc=0x000001bdd8840eaf sp=0x000000a5f95f86b0
Event: 6.723 Thread 0x000001bdc6ba8c20 DEOPT UNPACKING pc=0x000001bddfce6642 sp=0x000000a5f95f7b38 mode 0
Event: 6.854 Thread 0x000001bdc6ba8c20 Uncommon trap: trap_request=0xffffff4d fr.pc=0x000001bde02e5270 relative=0x0000000000000790
Event: 6.854 Thread 0x000001bdc6ba8c20 Uncommon trap: reason=unstable_if action=reinterpret pc=0x000001bde02e5270 method=java.util.BitSet.previousSetBit(I)I @ 52 c2
Event: 6.854 Thread 0x000001bdc6ba8c20 DEOPT PACKING pc=0x000001bde02e5270 sp=0x000000a5f95f5c60
Event: 6.854 Thread 0x000001bdc6ba8c20 DEOPT UNPACKING pc=0x000001bddfdb5e02 sp=0x000000a5f95f5b98 mode 2
Event: 6.854 Thread 0x000001bdc6ba8c20 Uncommon trap: trap_request=0xffffff4d fr.pc=0x000001bde0271090 relative=0x0000000000000dd0
Event: 6.854 Thread 0x000001bdc6ba8c20 Uncommon trap: reason=unstable_if action=reinterpret pc=0x000001bde0271090 method=java.util.jar.JarFile.getEntry(Ljava/lang/String;)Ljava/util/zip/ZipEntry; @ 15 c2
Event: 6.854 Thread 0x000001bdc6ba8c20 DEOPT PACKING pc=0x000001bde0271090 sp=0x000000a5f95f5ce0
Event: 6.854 Thread 0x000001bdc6ba8c20 DEOPT UNPACKING pc=0x000001bddfdb5e02 sp=0x000000a5f95f5cd8 mode 2

Classes loaded (20 events):
Event: 7.231 Loading class jdk/internal/logger/LoggerFinderLoader
Event: 7.231 Loading class jdk/internal/logger/LoggerFinderLoader done
Event: 7.231 Loading class jdk/internal/logger/LoggerFinderLoader$TemporaryLoggerFinder
Event: 7.231 Loading class jdk/internal/logger/LoggerFinderLoader$TemporaryLoggerFinder done
Event: 7.231 Loading class sun/util/logging/internal/LoggingProviderImpl$JULWrapper
Event: 7.232 Loading class sun/util/logging/PlatformLogger$ConfigurableBridge$LoggerConfiguration
Event: 7.232 Loading class sun/util/logging/PlatformLogger$ConfigurableBridge$LoggerConfiguration done
Event: 7.232 Loading class sun/util/logging/internal/LoggingProviderImpl$JULWrapper done
Event: 7.232 Loading class java/io/ObjectInputFilter$Config$BuiltinFilterFactory
Event: 7.232 Loading class java/io/ObjectInputFilter$Config$BuiltinFilterFactory done
Event: 7.232 Loading class jdk/internal/access/JavaObjectInputFilterAccess
Event: 7.232 Loading class jdk/internal/access/JavaObjectInputFilterAccess done
Event: 7.232 Loading class java/lang/System$Logger$Level
Event: 7.233 Loading class java/lang/System$Logger$Level done
Event: 7.233 Loading class jdk/internal/event/DeserializationEvent
Event: 7.234 Loading class jdk/internal/event/DeserializationEvent done
Event: 7.234 Loading class java/io/ObjectInputStream$FieldValues
Event: 7.234 Loading class java/io/ObjectInputStream$GetField
Event: 7.234 Loading class java/io/ObjectInputStream$GetField done
Event: 7.234 Loading class java/io/ObjectInputStream$FieldValues done

Classes unloaded (0 events):
No events

Classes redefined (0 events):
No events

Internal exceptions (20 events):
Event: 5.672 Thread 0x000001bdc6ba8c20 Exception <a 'java/lang/NoSuchMethodError'{0x00000000841c8d10}: 'void java.lang.invoke.Invokers$Holder.invokeExact_MT(java.lang.Object, java.lang.Object, int, java.lang.Object)'> (0x00000000841c8d10) 
thrown [s\open\src\hotspot\share\interpreter\linkResolver.cpp, line 805]
Event: 5.674 Thread 0x000001bdc6ba8c20 Exception <a 'java/lang/NoSuchMethodError'{0x0000000084004990}: 'void java.lang.invoke.Invokers$Holder.invokeExact_MT(java.lang.Object, java.lang.Object, long, java.lang.Object)'> (0x0000000084004990) 
thrown [s\open\src\hotspot\share\interpreter\linkResolver.cpp, line 805]
Event: 5.745 Thread 0x000001bdc6ba8c20 Exception <a 'java/lang/NoSuchMethodError'{0x0000000083beae40}: 'long java.lang.invoke.DirectMethodHandle$Holder.invokeStatic(java.lang.Object, long)'> (0x0000000083beae40) 
thrown [s\open\src\hotspot\share\interpreter\linkResolver.cpp, line 805]
Event: 5.798 Thread 0x000001bdc6ba8c20 Exception <a 'java/lang/NoSuchMethodError'{0x00000000836b6ad8}: 'java.lang.Object java.lang.invoke.DirectMethodHandle$Holder.invokeVirtual(java.lang.Object, java.lang.Object, java.lang.Object, java.lang.Object, java.lang.Object, java.lang.Object, java.lang.Object, java.lang.Object, java.lang.Object, java.lang.Object, java.lang.Object, java.lang.Object, java.lang.Object, java.lang.Object, java.lang.Object, java.lang.Object, java.lang.Object)'> (0x00000000836b6ad8) 
thrown [s\open\src\hotspot\share\interpret
Event: 5.799 Thread 0x000001bdc6ba8c20 Exception <a 'java/lang/NoSuchMethodError'{0x00000000836c1780}: 'java.lang.Object java.lang.invoke.DirectMethodHandle$Holder.invokeSpecial(java.lang.Object, java.lang.Object, java.lang.Object, java.lang.Object, java.lang.Object, java.lang.Object, java.lang.Object, java.lang.Object, java.lang.Object, java.lang.Object, java.lang.Object, java.lang.Object, java.lang.Object, java.lang.Object, java.lang.Object, java.lang.Object, java.lang.Object, java.lang.Object)'> (0x00000000836c1780) 
thrown [s\open\src\hotsp
Event: 5.799 Thread 0x000001bdc6ba8c20 Exception <a 'java/lang/NoSuchMethodError'{0x00000000836cb9d8}: 'java.lang.Object java.lang.invoke.DelegatingMethodHandle$Holder.reinvoke_L(java.lang.Object, java.lang.Object, java.lang.Object, java.lang.Object, java.lang.Object, java.lang.Object, java.lang.Object, java.lang.Object, java.lang.Object, java.lang.Object, java.lang.Object, java.lang.Object, java.lang.Object, java.lang.Object, java.lang.Object, java.lang.Object, java.lang.Object)'> (0x00000000836cb9d8) 
thrown [s\open\src\hotspot\share\interpre
Event: 5.966 Thread 0x000001bdc6ba8c20 Exception <a 'java/lang/NoSuchMethodError'{0x00000000854bea80}: 'int java.lang.invoke.DirectMethodHandle$Holder.invokeSpecialIFC(java.lang.Object, java.lang.Object, java.lang.Object)'> (0x00000000854bea80) 
thrown [s\open\src\hotspot\share\interpreter\linkResolver.cpp, line 805]
Event: 6.004 Thread 0x000001bdc6ba8c20 Exception <a 'java/lang/NoSuchMethodError'{0x000000008504f888}: 'java.lang.Object java.lang.invoke.DirectMethodHandle$Holder.newInvokeSpecial(java.lang.Object, java.lang.Object, long, java.lang.Object)'> (0x000000008504f888) 
thrown [s\open\src\hotspot\share\interpreter\linkResolver.cpp, line 805]
Event: 6.005 Thread 0x000001bdc6ba8c20 Exception <a 'java/lang/NoSuchMethodError'{0x00000000850590d8}: 'java.lang.Object java.lang.invoke.DirectMethodHandle$Holder.invokeSpecial(java.lang.Object, java.lang.Object, java.lang.Object, long, java.lang.Object)'> (0x00000000850590d8) 
thrown [s\open\src\hotspot\share\interpreter\linkResolver.cpp, line 805]
Event: 6.005 Thread 0x000001bdc6ba8c20 Exception <a 'java/lang/NoSuchMethodError'{0x0000000085062120}: 'java.lang.Object java.lang.invoke.Invokers$Holder.linkToTargetMethod(java.lang.Object, long, java.lang.Object, java.lang.Object)'> (0x0000000085062120) 
thrown [s\open\src\hotspot\share\interpreter\linkResolver.cpp, line 805]
Event: 6.006 Thread 0x000001bdc6ba8c20 Exception <a 'java/lang/NoSuchMethodError'{0x0000000085080e68}: 'void java.lang.invoke.DirectMethodHandle$Holder.invokeStatic(java.lang.Object, java.lang.Object, java.lang.Object, int, java.lang.Object)'> (0x0000000085080e68) 
thrown [s\open\src\hotspot\share\interpreter\linkResolver.cpp, line 805]
Event: 6.294 Thread 0x000001bdc6ba8c20 Exception <a 'java/lang/IncompatibleClassChangeError'{0x000000008456c758}: Found class java.lang.Object, but interface was expected> (0x000000008456c758) 
thrown [s\open\src\hotspot\share\interpreter\linkResolver.cpp, line 872]
Event: 6.307 Thread 0x000001bdc7757130 Exception <a 'java/lang/NoSuchMethodError'{0x00000000844a1590}: 'void java.lang.invoke.DirectMethodHandle$Holder.invokeVirtual(java.lang.Object, java.lang.Object)'> (0x00000000844a1590) 
thrown [s\open\src\hotspot\share\interpreter\linkResolver.cpp, line 805]
Event: 7.133 Thread 0x000001bdc6ba8c20 Exception <a 'java/lang/NoClassDefFoundError'{0x0000000083efe3d0}: com/android/Version> (0x0000000083efe3d0) 
thrown [s\open\src\hotspot\share\classfile\systemDictionary.cpp, line 316]
Event: 7.222 Thread 0x000001bdc6ba8c20 Exception <a 'java/lang/NoSuchMethodError'{0x00000000875d5950}: static Lorg/jetbrains/kotlin/gradle/plugin/internal/DefaultProjectIsolationStartParameterAccessor$Factory;.<clinit>()V> (0x00000000875d5950) 
thrown [s\open\src\hotspot\share\prims\jni.cpp, line 1108]
Event: 7.225 Thread 0x000001bdc6ba8c20 Exception <a 'java/lang/NoSuchMethodError'{0x0000000085b08fa0}: static Lorg/jetbrains/kotlin/gradle/plugin/internal/DefaultJavaExecTaskParametersCompatibility$Factory;.<clinit>()V> (0x0000000085b08fa0) 
thrown [s\open\src\hotspot\share\prims\jni.cpp, line 1108]
Event: 7.226 Thread 0x000001bdc6ba8c20 Exception <a 'java/lang/NoSuchMethodError'{0x0000000085b2d0b0}: static Lorg/jetbrains/kotlin/gradle/plugin/internal/DefaultMavenPublicationComponentAccessorFactory;.<clinit>()V> (0x0000000085b2d0b0) 
thrown [s\open\src\hotspot\share\prims\jni.cpp, line 1108]
Event: 7.227 Thread 0x000001bdc6ba8c20 Exception <a 'java/lang/NoSuchMethodError'{0x0000000085b47550}: static Lorg/jetbrains/kotlin/gradle/plugin/diagnostics/DefaultProblemsReporter$Factory;.<clinit>()V> (0x0000000085b47550) 
thrown [s\open\src\hotspot\share\prims\jni.cpp, line 1108]
Event: 7.228 Thread 0x000001bdc6ba8c20 Exception <a 'java/lang/NoSuchMethodError'{0x0000000085b67ab0}: static Lorg/jetbrains/kotlin/gradle/plugin/internal/DefaultCompatibilityConventionRegistrar$Factory;.<clinit>()V> (0x0000000085b67ab0) 
thrown [s\open\src\hotspot\share\prims\jni.cpp, line 1108]
Event: 7.228 Thread 0x000001bdc6ba8c20 Exception <a 'java/lang/NoSuchMethodError'{0x0000000085b80868}: static Lorg/jetbrains/kotlin/gradle/plugin/internal/DefaultConfigurationCacheStartParameterAccessorVariantFactory;.<clinit>()V> (0x0000000085b80868) 
thrown [s\open\src\hotspot\share\prims\jni.cpp, line 1108]

VM Operations (20 events):
Event: 5.453 Executing VM operation: HandshakeAllThreads (Deoptimize)
Event: 5.453 Executing VM operation: HandshakeAllThreads (Deoptimize) done
Event: 5.553 Executing VM operation: HandshakeAllThreads (Deoptimize)
Event: 5.554 Executing VM operation: HandshakeAllThreads (Deoptimize) done
Event: 5.825 Executing VM operation: G1CollectForAllocation (G1 Evacuation Pause)
Event: 5.827 Executing VM operation: G1CollectForAllocation (G1 Evacuation Pause) done
Event: 5.977 Executing VM operation: HandshakeAllThreads (Deoptimize)
Event: 5.978 Executing VM operation: HandshakeAllThreads (Deoptimize) done
Event: 6.458 Executing VM operation: G1CollectForAllocation (G1 Evacuation Pause)
Event: 6.463 Executing VM operation: G1CollectForAllocation (G1 Evacuation Pause) done
Event: 6.638 Executing VM operation: G1CollectForAllocation (G1 Evacuation Pause)
Event: 6.642 Executing VM operation: G1CollectForAllocation (G1 Evacuation Pause) done
Event: 6.758 Executing VM operation: G1TryInitiateConcMark (G1 Humongous Allocation)
Event: 6.760 Executing VM operation: G1TryInitiateConcMark (G1 Humongous Allocation) done
Event: 6.775 Executing VM operation: G1PauseRemark
Event: 6.778 Executing VM operation: G1PauseRemark done
Event: 6.782 Executing VM operation: G1PauseCleanup
Event: 6.782 Executing VM operation: G1PauseCleanup done
Event: 7.195 Executing VM operation: G1CollectForAllocation (G1 Evacuation Pause)
Event: 7.198 Executing VM operation: G1CollectForAllocation (G1 Evacuation Pause) done

Memory protections (0 events):
No events

Nmethod flushes (20 events):
Event: 6.777 Thread 0x000001bded186010 flushing  nmethod 0x000001bdd8a8bc08
Event: 6.777 Thread 0x000001bded186010 flushing  nmethod 0x000001bdd8a8eb88
Event: 6.777 Thread 0x000001bded186010 flushing  nmethod 0x000001bdd8a8f088
Event: 6.777 Thread 0x000001bded186010 flushing  nmethod 0x000001bdd8a91088
Event: 6.777 Thread 0x000001bded186010 flushing  nmethod 0x000001bdd8acaa08
Event: 6.777 Thread 0x000001bded186010 flushing  nmethod 0x000001bdd8b5dd88
Event: 6.777 Thread 0x000001bded186010 flushing osr nmethod 0x000001bdd8b60808
Event: 6.777 Thread 0x000001bded186010 flushing  nmethod 0x000001bdd8be7608
Event: 6.777 Thread 0x000001bded186010 flushing  nmethod 0x000001bdd8c78c88
Event: 6.777 Thread 0x000001bded186010 flushing  nmethod 0x000001bdd8d2d788
Event: 6.777 Thread 0x000001bded186010 flushing  nmethod 0x000001bdd8da5208
Event: 6.777 Thread 0x000001bded186010 flushing  nmethod 0x000001bdd8e20988
Event: 6.777 Thread 0x000001bded186010 flushing  nmethod 0x000001bdd8e21288
Event: 6.777 Thread 0x000001bded186010 flushing  nmethod 0x000001bdd8e64388
Event: 6.777 Thread 0x000001bded186010 flushing  nmethod 0x000001bdd8e66508
Event: 6.777 Thread 0x000001bded186010 flushing  nmethod 0x000001bdd8e66f88
Event: 6.777 Thread 0x000001bded186010 flushing  nmethod 0x000001bdd8e67388
Event: 6.777 Thread 0x000001bded186010 flushing  nmethod 0x000001bdd8e67a08
Event: 6.777 Thread 0x000001bded186010 flushing  nmethod 0x000001bdd8e68788
Event: 6.777 Thread 0x000001bded186010 flushing  nmethod 0x000001bdd8e68c08

Events (20 events):
Event: 6.348 Thread 0x000001bdc6ba8c20 Thread added: 0x000001bdc7754ca0
Event: 6.349 Thread 0x000001bdc6ba8c20 Thread added: 0x000001bdc7758720
Event: 6.351 Thread 0x000001bdc6ba8c20 Thread added: 0x000001bdc7758e70
Event: 6.352 Thread 0x000001bdc6ba8c20 Thread added: 0x000001bdc77595c0
Event: 6.354 Thread 0x000001bdc6ba8c20 Thread added: 0x000001bdc7759d10
Event: 6.358 Thread 0x000001bdc6ba8c20 Thread added: 0x000001bdc775a460
Event: 6.361 Thread 0x000001bdc6ba8c20 Thread added: 0x000001bdc872e920
Event: 6.364 Thread 0x000001bdc6ba8c20 Thread added: 0x000001bdc872e1d0
Event: 6.365 Thread 0x000001bdc6ba8c20 Thread added: 0x000001bdc872f070
Event: 6.472 Thread 0x000001bdc6ba8c20 Thread added: 0x000001bdc872d330
Event: 6.472 Thread 0x000001bdc6ba8c20 Thread added: 0x000001bdc872da80
Event: 6.472 Thread 0x000001bdc6ba8c20 Thread added: 0x000001bdc872c490
Event: 6.473 Thread 0x000001bdc6ba8c20 Thread added: 0x000001bdc8730660
Event: 6.473 Thread 0x000001bdc6ba8c20 Thread added: 0x000001bdc872f7c0
Event: 6.473 Thread 0x000001bdc6ba8c20 Thread added: 0x000001bdc8730db0
Event: 6.473 Thread 0x000001bdc6ba8c20 Thread added: 0x000001bdc8731c50
Event: 6.473 Thread 0x000001bdc6ba8c20 Thread added: 0x000001bdc8732af0
Event: 6.474 Thread 0x000001bdc6ba8c20 Thread added: 0x000001bdc8733240
Event: 6.474 Thread 0x000001bdc6ba8c20 Thread added: 0x000001bdc872ff10
Event: 6.474 Thread 0x000001bdc6ba8c20 Thread added: 0x000001bdc87323a0


Dynamic libraries:
0x00007ff70c690000 - 0x00007ff70c69e000 	C:\Users\cesarr\.jdks\openjdk-24.0.2\bin\java.exe
0x00007ffeb2f80000 - 0x00007ffeb31e9000 	C:\WINDOWS\SYSTEM32\ntdll.dll
0x00007ffeb1860000 - 0x00007ffeb1929000 	C:\WINDOWS\System32\KERNEL32.DLL
0x00007ffeb0770000 - 0x00007ffeb0b63000 	C:\WINDOWS\System32\KERNELBASE.dll
0x00007ffeb04a0000 - 0x00007ffeb05eb000 	C:\WINDOWS\System32\ucrtbase.dll
0x00007ffe6cfa0000 - 0x00007ffe6cfb6000 	C:\Users\cesarr\.jdks\openjdk-24.0.2\bin\jli.dll
0x00007ffe6cb40000 - 0x00007ffe6cb5b000 	C:\Users\cesarr\.jdks\openjdk-24.0.2\bin\VCRUNTIME140.dll
0x00007ffeb23b0000 - 0x00007ffeb2574000 	C:\WINDOWS\System32\USER32.dll
0x00007ffeb0470000 - 0x00007ffeb0497000 	C:\WINDOWS\System32\win32u.dll
0x00007ffeaf370000 - 0x00007ffeaf603000 	C:\WINDOWS\WinSxS\amd64_microsoft.windows.common-controls_6595b64144ccf1df_6.0.26100.5074_none_3e0d6f78e32fd63f\COMCTL32.dll
0x00007ffeb2dd0000 - 0x00007ffeb2dfb000 	C:\WINDOWS\System32\GDI32.dll
0x00007ffeb2e10000 - 0x00007ffeb2eb9000 	C:\WINDOWS\System32\msvcrt.dll
0x00007ffeb0c20000 - 0x00007ffeb0d4d000 	C:\WINDOWS\System32\gdi32full.dll
0x00007ffeb0b70000 - 0x00007ffeb0c13000 	C:\WINDOWS\System32\msvcp_win.dll
0x00007ffeb1090000 - 0x00007ffeb10bf000 	C:\WINDOWS\System32\IMM32.DLL
0x00007ffe85fd0000 - 0x00007ffe860c2000 	C:\Program Files\Windhawk\Engine\1.6.1\64\windhawk.dll
0x00007ffeb2680000 - 0x00007ffeb2734000 	C:\WINDOWS\System32\ADVAPI32.dll
0x00007ffeb0fe0000 - 0x00007ffeb1086000 	C:\WINDOWS\System32\sechost.dll
0x00007ffeb2cb0000 - 0x00007ffeb2dc8000 	C:\WINDOWS\System32\RPCRT4.dll
0x00007ffe71410000 - 0x00007ffe7141c000 	C:\Users\cesarr\.jdks\openjdk-24.0.2\bin\vcruntime140_1.dll
0x00007ffe3fa60000 - 0x00007ffe3faee000 	C:\Users\cesarr\.jdks\openjdk-24.0.2\bin\msvcp140.dll
0x00007ffe11860000 - 0x00007ffe12601000 	C:\Users\cesarr\.jdks\openjdk-24.0.2\bin\server\jvm.dll
0x00007ffeb1a60000 - 0x00007ffeb1ad4000 	C:\WINDOWS\System32\WS2_32.dll
0x00007ffeaff70000 - 0x00007ffeaffce000 	C:\WINDOWS\SYSTEM32\POWRPROF.dll
0x00007ffea6370000 - 0x00007ffea637b000 	C:\WINDOWS\SYSTEM32\VERSION.dll
0x00007ffea1bf0000 - 0x00007ffea1c25000 	C:\WINDOWS\SYSTEM32\WINMM.dll
0x00007ffeaff50000 - 0x00007ffeaff64000 	C:\WINDOWS\SYSTEM32\UMPDC.dll
0x00007ffeae5c0000 - 0x00007ffeae5db000 	C:\WINDOWS\SYSTEM32\kernel.appcore.dll
0x00007ffe6e7c0000 - 0x00007ffe6e7ca000 	C:\Users\cesarr\.jdks\openjdk-24.0.2\bin\jimage.dll
0x00007ffeaf8e0000 - 0x00007ffeafb22000 	C:\WINDOWS\SYSTEM32\DBGHELP.DLL
0x00007ffeb1af0000 - 0x00007ffeb1e6b000 	C:\WINDOWS\System32\combase.dll
0x00007ffeb2bd0000 - 0x00007ffeb2ca7000 	C:\WINDOWS\System32\OLEAUT32.dll
0x00007ffeaf7d0000 - 0x00007ffeaf80d000 	C:\WINDOWS\SYSTEM32\dbgcore.DLL
0x00007ffeb03d0000 - 0x00007ffeb0469000 	C:\WINDOWS\System32\bcryptPrimitives.dll
0x00007ffe6dce0000 - 0x00007ffe6dcef000 	C:\Users\cesarr\.jdks\openjdk-24.0.2\bin\instrument.dll
0x00007ffe625d0000 - 0x00007ffe625ee000 	C:\Users\cesarr\.jdks\openjdk-24.0.2\bin\java.dll
0x00007ffeb2050000 - 0x00007ffeb21e8000 	C:\WINDOWS\System32\ole32.dll
0x00007ffeb1100000 - 0x00007ffeb184d000 	C:\WINDOWS\System32\SHELL32.dll
0x00007ffeb0260000 - 0x00007ffeb03cc000 	C:\WINDOWS\System32\wintypes.dll
0x00007ffead310000 - 0x00007ffeadb69000 	C:\WINDOWS\SYSTEM32\windows.storage.dll
0x00007ffeb2580000 - 0x00007ffeb2670000 	C:\WINDOWS\System32\SHCORE.dll
0x00007ffeb0d50000 - 0x00007ffeb0db2000 	C:\WINDOWS\System32\shlwapi.dll
0x00007ffeb0030000 - 0x00007ffeb0059000 	C:\WINDOWS\SYSTEM32\profapi.dll
0x00007ffe34650000 - 0x00007ffe34727000 	C:\Users\cesarr\.jdks\openjdk-24.0.2\bin\jsvml.dll
0x00007ffe5d3c0000 - 0x00007ffe5d3d7000 	C:\Users\cesarr\.jdks\openjdk-24.0.2\bin\zip.dll
0x00007ffe6cf50000 - 0x00007ffe6cf60000 	C:\Users\cesarr\.jdks\openjdk-24.0.2\bin\net.dll
0x00007ffeaeb00000 - 0x00007ffeaeb6b000 	C:\WINDOWS\system32\mswsock.dll
0x00007ffe5d030000 - 0x00007ffe5d046000 	C:\Users\cesarr\.jdks\openjdk-24.0.2\bin\nio.dll
0x00007ffe6c9b0000 - 0x00007ffe6c9c0000 	C:\Users\cesarr\.jdks\openjdk-24.0.2\bin\verify.dll
0x00007ffe72e30000 - 0x00007ffe72e57000 	C:\Users\cesarr\.gradle\native\1def1411415f61bf3af743bc5b6707747c0891f09f0c88961ee8f79bc544acac\windows-amd64\native-platform.dll
0x00007ffe52830000 - 0x00007ffe528a8000 	C:\Users\cesarr\.gradle\native\0.2.7\x86_64-windows-gnu\gradle-fileevents.dll
0x00007ffe625b0000 - 0x00007ffe625ba000 	C:\Users\cesarr\.jdks\openjdk-24.0.2\bin\management.dll
0x00007ffe5d020000 - 0x00007ffe5d02b000 	C:\Users\cesarr\.jdks\openjdk-24.0.2\bin\management_ext.dll
0x00007ffeb1850000 - 0x00007ffeb1858000 	C:\WINDOWS\System32\PSAPI.DLL
0x00007ffeae0b0000 - 0x00007ffeae0e4000 	C:\WINDOWS\SYSTEM32\IPHLPAPI.DLL
0x00007ffeb2e00000 - 0x00007ffeb2e0a000 	C:\WINDOWS\System32\NSI.dll
0x00007ffe5cfe0000 - 0x00007ffe5cfe9000 	C:\Users\cesarr\.jdks\openjdk-24.0.2\bin\extnet.dll
0x00007ffeafc50000 - 0x00007ffeafc6b000 	C:\WINDOWS\SYSTEM32\CRYPTSP.dll
0x00007ffeaeb70000 - 0x00007ffeaebab000 	C:\WINDOWS\system32\rsaenh.dll
0x00007ffeaebe0000 - 0x00007ffeaec0b000 	C:\WINDOWS\SYSTEM32\USERENV.dll
0x00007ffeb0000000 - 0x00007ffeb0026000 	C:\WINDOWS\SYSTEM32\bcrypt.dll
0x00007ffeaee10000 - 0x00007ffeaee1c000 	C:\WINDOWS\SYSTEM32\CRYPTBASE.dll
0x00007ffe5cfd0000 - 0x00007ffe5cfde000 	C:\Users\cesarr\.jdks\openjdk-24.0.2\bin\sunmscapi.dll
0x00007ffeaf1f0000 - 0x00007ffeaf220000 	C:\WINDOWS\SYSTEM32\ncrypt.dll
0x000001bdc7ef0000 - 0x000001bdc8067000 	C:\WINDOWS\System32\CRYPT32.dll
0x00007ffeaf0e0000 - 0x00007ffeaf11f000 	C:\WINDOWS\SYSTEM32\NTASN1.dll
0x00007ffe360d0000 - 0x00007ffe360d8000 	C:\WINDOWS\system32\wshunix.dll

JVMTI agents:
C:\Users\cesarr\.gradle\wrapper\dists\gradle-8.14.3-bin\cv11ve7ro1n3o1j4so8xd9n66\gradle-8.14.3\lib\agents\gradle-instrumentation-agent-8.14.3.jar path:C:\Users\cesarr\.jdks\openjdk-24.0.2\bin\instrument.dll, loaded, initialized, instrumentlib options:none

dbghelp: loaded successfully - version: 4.0.5 - missing functions: none
symbol engine: initialized successfully - sym options: 0x614 - pdb path: .;C:\Users\cesarr\.jdks\openjdk-24.0.2\bin;C:\WINDOWS\SYSTEM32;C:\WINDOWS\WinSxS\amd64_microsoft.windows.common-controls_6595b64144ccf1df_6.0.26100.5074_none_3e0d6f78e32fd63f;C:\Program Files\Windhawk\Engine\1.6.1\64;C:\Users\cesarr\.jdks\openjdk-24.0.2\bin\server;C:\Users\cesarr\.gradle\native\1def1411415f61bf3af743bc5b6707747c0891f09f0c88961ee8f79bc544acac\windows-amd64;C:\Users\cesarr\.gradle\native\0.2.7\x86_64-windows-gnu

VM Arguments:
jvm_args: --add-opens=java.base/java.lang=ALL-UNNAMED --add-opens=java.base/java.lang.invoke=ALL-UNNAMED --add-opens=java.base/java.util=ALL-UNNAMED --add-opens=java.prefs/java.util.prefs=ALL-UNNAMED --add-exports=jdk.compiler/com.sun.tools.javac.api=ALL-UNNAMED --add-exports=jdk.compiler/com.sun.tools.javac.util=ALL-UNNAMED --add-opens=java.base/java.util=ALL-UNNAMED --add-opens=java.prefs/java.util.prefs=ALL-UNNAMED --add-opens=java.base/java.nio.charset=ALL-UNNAMED --add-opens=java.base/java.net=ALL-UNNAMED --add-opens=java.base/java.util.concurrent.atomic=ALL-UNNAMED --add-opens=java.xml/javax.xml.namespace=ALL-UNNAMED --enable-native-access=ALL-UNNAMED -Xmx2048m -Dfile.encoding=UTF-8 -Duser.country=419 -Duser.language=es -Duser.variant -javaagent:C:\Users\cesarr\.gradle\wrapper\dists\gradle-8.14.3-bin\cv11ve7ro1n3o1j4so8xd9n66\gradle-8.14.3\lib\agents\gradle-instrumentation-agent-8.14.3.jar 
java_command: org.gradle.launcher.daemon.bootstrap.GradleDaemon 8.14.3
java_class_path (initial): C:\Users\cesarr\.gradle\wrapper\dists\gradle-8.14.3-bin\cv11ve7ro1n3o1j4so8xd9n66\gradle-8.14.3\lib\gradle-daemon-main-8.14.3.jar
Launcher Type: SUN_STANDARD

[Global flags]
     intx CICompilerCount                          = 4                                         {product} {ergonomic}
     uint ConcGCThreads                            = 3                                         {product} {ergonomic}
     uint G1ConcRefinementThreads                  = 10                                        {product} {ergonomic}
   size_t G1HeapRegionSize                         = 1048576                                   {product} {ergonomic}
   size_t InitialHeapSize                          = 123731968                                 {product} {ergonomic}
   size_t MarkStackSize                            = 4194304                                   {product} {ergonomic}
   size_t MarkStackSizeMax                         = 536870912                                 {product} {ergonomic}
   size_t MaxHeapSize                              = 2147483648                                {product} {command line}
   size_t MaxNewSize                               = 1287651328                                {product} {ergonomic}
   size_t MinHeapDeltaBytes                        = 1048576                                   {product} {ergonomic}
   size_t MinHeapSize                              = 8388608                                   {product} {ergonomic}
    uintx NonNMethodCodeHeapSize                   = 5832704                                {pd product} {ergonomic}
    uintx NonProfiledCodeHeapSize                  = 122945536                              {pd product} {ergonomic}
    uintx ProfiledCodeHeapSize                     = 122880000                              {pd product} {ergonomic}
    uintx ReservedCodeCacheSize                    = 251658240                              {pd product} {ergonomic}
     bool SegmentedCodeCache                       = true                                      {product} {ergonomic}
   size_t SoftMaxHeapSize                          = 2147483648                             {manageable} {ergonomic}
     bool UseCompressedOops                        = true                           {product lp64_product} {ergonomic}
     bool UseG1GC                                  = true                                      {product} {ergonomic}
     bool UseLargePagesIndividualAllocation        = false                                  {pd product} {ergonomic}

Logging:
Log output configuration:
 #0: stdout all=warning uptime,level,tags foldmultilines=false
 #1: stderr all=off uptime,level,tags foldmultilines=false

Environment Variables:
PATH=C:\Users\cesarr\AppData\Local\Programs\Python\Python313\Scripts\;C:\Users\cesarr\AppData\Local\Programs\Python\Python313\;C:\windows\system32;C:\windows;C:\windows\System32\Wbem;C:\windows\System32\WindowsPowerShell\v1.0\;C:\windows\System32\OpenSSH\;C:\Program Files (x86)\NVIDIA Corporation\PhysX\Common;C:\Program Files\NVIDIA Corporation\NVIDIA NvDLISR;C:\Users\Administrator\AppData\Local\Microsoft\WindowsApps;C:\Program Files\HP\OMEN-Broadcast\Common;C:\Program Files\PuTTY\;C:\WINDOWS\system32;C:\WINDOWS;C:\WINDOWS\System32\Wbem;C:\WINDOWS\System32\WindowsPowerShell\v1.0\;C:\WINDOWS\System32\OpenSSH\;C:\Program Files\Git\cmd;C:\Program Files\nodejs\;C:\ProgramData\chocolatey\bin;C:\Users\cesarr\AppData\Local\Programs\Eclipse Adoptium\jdk-21.0.7.6-hotspot\bin;C:\Users\cesarr\AppData\Local\Microsoft\WindowsApps;C:\Users\cesarr\AppData\Local\Programs\Microsoft VS Code\bin;C:\ruta\completa\hasta\bin;C:\Users\cesarr\Downloads\x86_64-8.1.0-release-posix-seh-rt_v6-rev0\mingw64\bin;C:\Users\cesarr\AppData\Roaming\npm
USERNAME=cesarr
OS=Windows_NT
PROCESSOR_IDENTIFIER=AMD64 Family 25 Model 117 Stepping 2, AuthenticAMD
TMP=C:\Users\cesarr\AppData\Local\Temp
TEMP=C:\Users\cesarr\AppData\Local\Temp




Periodic native trim disabled

---------------  S Y S T E M  ---------------

OS:
 Windows 11 , 64 bit Build 26100 (10.0.26100.5074)
OS uptime: 1 days 21:09 hours
Hyper-V role detected

CPU: total 12 (initial active 12) (12 cores per cpu, 2 threads per core) family 25 model 117 stepping 2 microcode 0xa70520a, cx8, cmov, fxsr, ht, mmx, 3dnowpref, sse, sse2, sse3, ssse3, sse4a, sse4.1, sse4.2, popcnt, lzcnt, tsc, tscinvbit, avx, avx2, aes, erms, clmul, bmi1, bmi2, adx, avx512f, avx512dq, avx512cd, avx512bw, avx512vl, sha, fma, vzeroupper, avx512_vpopcntdq, avx512_vpclmulqdq, avx512_vaes, avx512_vnni, clflush, clflushopt, avx512_vbmi2, avx512_vbmi, hv, rdtscp, rdpid, fsrm, gfni, avx512_bitalg, f16c, cet_ss, avx512_ifma
Processor Information for processor 0
  Max Mhz: 4301, Current Mhz: 4301, Mhz Limit: 4301
Processor Information for processor 1
  Max Mhz: 4301, Current Mhz: 4301, Mhz Limit: 4301
Processor Information for processor 2
  Max Mhz: 4301, Current Mhz: 4301, Mhz Limit: 4301
Processor Information for processor 3
  Max Mhz: 4301, Current Mhz: 3430, Mhz Limit: 4301
Processor Information for processor 4
  Max Mhz: 4301, Current Mhz: 4301, Mhz Limit: 4301
Processor Information for processor 5
  Max Mhz: 4301, Current Mhz: 4301, Mhz Limit: 4301
Processor Information for processor 6
  Max Mhz: 4301, Current Mhz: 4301, Mhz Limit: 4301
Processor Information for processor 7
  Max Mhz: 4301, Current Mhz: 4301, Mhz Limit: 4301
Processor Information for processor 8
  Max Mhz: 4301, Current Mhz: 4301, Mhz Limit: 4301
Processor Information for processor 9
  Max Mhz: 4301, Current Mhz: 4301, Mhz Limit: 4301
Processor Information for processor 10
  Max Mhz: 4301, Current Mhz: 4301, Mhz Limit: 4301
Processor Information for processor 11
  Max Mhz: 4301, Current Mhz: 4301, Mhz Limit: 4301

Memory: 4k page, system-wide physical 7439M (293M free)
TotalPageFile size 29967M (AvailPageFile size 7M)
current process WorkingSet (physical memory assigned to process): 280M, peak: 283M
current process commit charge ("private bytes"): 336M, peak: 338M

vm_info: OpenJDK 64-Bit Server VM (24.0.2+12-54) for windows-amd64 JRE (24.0.2+12-54), built on 2025-07-08T12:10:27Z with MS VC++ 17.6 (VS2022)

END.
