#
# There is insufficient memory for the Java Runtime Environment to continue.
# Native memory allocation (malloc) failed to allocate 2043200 bytes. Error detail: Chunk::new
# Possible reasons:
#   The system is out of physical RAM or swap space
#   This process is running with CompressedOops enabled, and the Java Heap may be blocking the growth of the native heap
# Possible solutions:
#   Reduce memory load on the system
#   Increase physical memory or swap space
#   Check if swap backing store is full
#   Decrease Java heap size (-Xmx/-Xms)
#   Decrease number of Java threads
#   Decrease Java thread stack sizes (-Xss)
#   Set larger code cache with -XX:ReservedCodeCacheSize=
#   JVM is running with Unscaled Compressed Oops mode in which the Java heap is
#     placed in the first 4GB address space. The Java Heap base address is the
#     maximum limit for the native heap growth. Please use -XX:HeapBaseMinAddress
#     to set the Java Heap base and to place the Java Heap above 4GB virtual address.
# This output file may be truncated or incomplete.
#
#  Out of Memory Error (arena.cpp:168), pid=30912, tid=31604
#
# JRE version: OpenJDK Runtime Environment Temurin-21.0.7+6 (21.0.7+6) (build 21.0.7+6-LTS)
# Java VM: OpenJDK 64-Bit Server VM Temurin-21.0.7+6 (21.0.7+6-LTS, mixed mode, sharing, tiered, compressed oops, compressed class ptrs, g1 gc, windows-amd64)
# No core dump will be written. Minidumps are not enabled by default on client versions of Windows
#

---------------  S U M M A R Y ------------

Command Line: --add-opens=java.base/java.lang=ALL-UNNAMED --add-opens=java.base/java.lang.invoke=ALL-UNNAMED --add-opens=java.base/java.util=ALL-UNNAMED --add-opens=java.prefs/java.util.prefs=ALL-UNNAMED --add-exports=jdk.compiler/com.sun.tools.javac.api=ALL-UNNAMED --add-exports=jdk.compiler/com.sun.tools.javac.util=ALL-UNNAMED --add-opens=java.base/java.util=ALL-UNNAMED --add-opens=java.prefs/java.util.prefs=ALL-UNNAMED --add-opens=java.base/java.nio.charset=ALL-UNNAMED --add-opens=java.base/java.net=ALL-UNNAMED --add-opens=java.base/java.util.concurrent.atomic=ALL-UNNAMED --add-opens=java.xml/javax.xml.namespace=ALL-UNNAMED -XX:MaxMetaspaceSize=384m -XX:+HeapDumpOnOutOfMemoryError -Xms256m -Xmx512m -Dfile.encoding=UTF-8 -Duser.country=419 -Duser.language=es -Duser.variant -javaagent:C:\Users\cesarr\.gradle\wrapper\dists\gradle-8.14.3-bin\cv11ve7ro1n3o1j4so8xd9n66\gradle-8.14.3\lib\agents\gradle-instrumentation-agent-8.14.3.jar org.gradle.launcher.daemon.bootstrap.GradleDaemon 8.14.3

Host: AMD Ryzen 5 8645HS w/ Radeon 760M Graphics, 12 cores, 7G,  Windows 11 , 64 bit Build 26100 (10.0.26100.5074)
Time: Sun Nov 30 02:26:33 2025 Hora estándar central (México) elapsed time: 6.738257 seconds (0d 0h 0m 6s)

---------------  T H R E A D  ---------------

Current thread (0x000001a2702cff40):  JavaThread "C2 CompilerThread0" daemon [_thread_in_native, id=31604, stack(0x0000006494600000,0x0000006494700000) (1024K)]


Current CompileTask:
C2:6738 4039   !   4       java.net.URLClassLoader::findClass (47 bytes)

Stack: [0x0000006494600000,0x0000006494700000]
Native frames: (J=compiled Java code, j=interpreted, Vv=VM code, C=native code)
V  [jvm.dll+0x6ce119]
V  [jvm.dll+0x8a84a1]
V  [jvm.dll+0x8aa9ce]
V  [jvm.dll+0x8ab0b3]
V  [jvm.dll+0x27f8a6]
V  [jvm.dll+0xc507d]
V  [jvm.dll+0xc55b3]
V  [jvm.dll+0x3b692c]
V  [jvm.dll+0x382aa5]
V  [jvm.dll+0x381f0a]
V  [jvm.dll+0x247af0]
V  [jvm.dll+0x2470cf]
V  [jvm.dll+0x1c760e]
V  [jvm.dll+0x25695a]
V  [jvm.dll+0x254efa]
V  [jvm.dll+0x3f03f6]
V  [jvm.dll+0x851f6b]
V  [jvm.dll+0x6cc7dd]
C  [ucrtbase.dll+0x37b0]
C  [KERNEL32.DLL+0x2e8d7]
C  [ntdll.dll+0x8d9c]


---------------  P R O C E S S  ---------------

Threads class SMR info:
_java_thread_list=0x000001a276dd6f40, length=29, elements={
0x000001a252beea20, 0x000001a2702bb480, 0x000001a2702bdee0, 0x000001a2702c6100,
0x000001a2702c6b50, 0x000001a2702c7d40, 0x000001a2702c8790, 0x000001a2702cff40,
0x000001a2702d88b0, 0x000001a270435e80, 0x000001a2705770f0, 0x000001a275ecb450,
0x000001a275e374b0, 0x000001a275d720a0, 0x000001a275f5db30, 0x000001a275f5e190,
0x000001a2760549e0, 0x000001a276055f30, 0x000001a27606d520, 0x000001a276087c50,
0x000001a2760882e0, 0x000001a276088970, 0x000001a276089000, 0x000001a27608a3b0,
0x000001a276386f30, 0x000001a2760875c0, 0x000001a276089690, 0x000001a276089d20,
0x000001a276086f30
}

Java Threads: ( => current thread )
  0x000001a252beea20 JavaThread "main"                              [_thread_blocked, id=23708, stack(0x0000006493800000,0x0000006493900000) (1024K)]
  0x000001a2702bb480 JavaThread "Reference Handler"          daemon [_thread_blocked, id=3392, stack(0x0000006494000000,0x0000006494100000) (1024K)]
  0x000001a2702bdee0 JavaThread "Finalizer"                  daemon [_thread_blocked, id=28732, stack(0x0000006494100000,0x0000006494200000) (1024K)]
  0x000001a2702c6100 JavaThread "Signal Dispatcher"          daemon [_thread_blocked, id=2408, stack(0x0000006494200000,0x0000006494300000) (1024K)]
  0x000001a2702c6b50 JavaThread "Attach Listener"            daemon [_thread_blocked, id=32176, stack(0x0000006494300000,0x0000006494400000) (1024K)]
  0x000001a2702c7d40 JavaThread "Service Thread"             daemon [_thread_blocked, id=15208, stack(0x0000006494400000,0x0000006494500000) (1024K)]
  0x000001a2702c8790 JavaThread "Monitor Deflation Thread"   daemon [_thread_blocked, id=21620, stack(0x0000006494500000,0x0000006494600000) (1024K)]
=>0x000001a2702cff40 JavaThread "C2 CompilerThread0"         daemon [_thread_in_native, id=31604, stack(0x0000006494600000,0x0000006494700000) (1024K)]
  0x000001a2702d88b0 JavaThread "C1 CompilerThread0"         daemon [_thread_blocked, id=29492, stack(0x0000006494700000,0x0000006494800000) (1024K)]
  0x000001a270435e80 JavaThread "Common-Cleaner"             daemon [_thread_blocked, id=29732, stack(0x0000006494800000,0x0000006494900000) (1024K)]
  0x000001a2705770f0 JavaThread "Notification Thread"        daemon [_thread_blocked, id=28628, stack(0x0000006494900000,0x0000006494a00000) (1024K)]
  0x000001a275ecb450 JavaThread "Daemon health stats"               [_thread_blocked, id=32164, stack(0x0000006495000000,0x0000006495100000) (1024K)]
  0x000001a275e374b0 JavaThread "Incoming local TCP Connector on port 60664"        [_thread_in_native, id=22796, stack(0x0000006495100000,0x0000006495200000) (1024K)]
  0x000001a275d720a0 JavaThread "Daemon periodic checks"            [_thread_blocked, id=19728, stack(0x0000006495200000,0x0000006495300000) (1024K)]
  0x000001a275f5db30 JavaThread "Daemon"                            [_thread_blocked, id=23928, stack(0x0000006495300000,0x0000006495400000) (1024K)]
  0x000001a275f5e190 JavaThread "Handler for socket connection from /127.0.0.1:60664 to /127.0.0.1:60665"        [_thread_in_native, id=13852, stack(0x0000006495400000,0x0000006495500000) (1024K)]
  0x000001a2760549e0 JavaThread "Cancel handler"                    [_thread_blocked, id=22836, stack(0x0000006494a00000,0x0000006494b00000) (1024K)]
  0x000001a276055f30 JavaThread "Daemon worker"                     [_thread_in_native, id=6176, stack(0x0000006495500000,0x0000006495600000) (1024K)]
  0x000001a27606d520 JavaThread "Asynchronous log dispatcher for DefaultDaemonConnection: socket connection from /127.0.0.1:60664 to /127.0.0.1:60665"        [_thread_blocked, id=10928, stack(0x0000006495600000,0x0000006495700000) (1024K)]
  0x000001a276087c50 JavaThread "Stdin handler"                     [_thread_blocked, id=7028, stack(0x0000006495700000,0x0000006495800000) (1024K)]
  0x000001a2760882e0 JavaThread "Daemon client event forwarder"        [_thread_blocked, id=21116, stack(0x0000006495800000,0x0000006495900000) (1024K)]
  0x000001a276088970 JavaThread "Cache worker for journal cache (C:\Users\cesarr\.gradle\caches\journal-1)"        [_thread_blocked, id=31472, stack(0x0000006495900000,0x0000006495a00000) (1024K)]
  0x000001a276089000 JavaThread "File lock request listener"        [_thread_in_native, id=25116, stack(0x0000006495a00000,0x0000006495b00000) (1024K)]
  0x000001a27608a3b0 JavaThread "Cache worker for file hash cache (C:\Users\cesarr\.gradle\caches\8.14.3\fileHashes)"        [_thread_blocked, id=31648, stack(0x0000006495b00000,0x0000006495c00000) (1024K)]
  0x000001a276386f30 JavaThread "C2 CompilerThread1"         daemon [_thread_in_native, id=14244, stack(0x0000006495c00000,0x0000006495d00000) (1024K)]
  0x000001a2760875c0 JavaThread "Cache worker for file hash cache (C:\Users\cesarr\Downloads\BIODEXXX\API poryect\.gradle\8.14.3\fileHashes)"        [_thread_blocked, id=28676, stack(0x0000006496300000,0x0000006496400000) (1024K)]
  0x000001a276089690 JavaThread "Cache worker for Build Output Cleanup Cache (C:\Users\cesarr\Downloads\BIODEXXX\API poryect\.gradle\buildOutputCleanup)"        [_thread_blocked, id=32156, stack(0x0000006496400000,0x0000006496500000) (1024K)]
  0x000001a276089d20 JavaThread "File watcher server"        daemon [_thread_in_native, id=25380, stack(0x0000006496500000,0x0000006496600000) (1024K)]
  0x000001a276086f30 JavaThread "File watcher consumer"      daemon [_thread_blocked, id=28916, stack(0x0000006496600000,0x0000006496700000) (1024K)]
Total: 29

Other Threads:
  0x000001a27029f6a0 VMThread "VM Thread"                           [id=23536, stack(0x0000006493f00000,0x0000006494000000) (1024K)]
  0x000001a270391080 WatcherThread "VM Periodic Task Thread"        [id=11808, stack(0x0000006493e00000,0x0000006493f00000) (1024K)]
  0x000001a25505aa40 WorkerThread "GC Thread#0"                     [id=7132, stack(0x0000006493900000,0x0000006493a00000) (1024K)]
  0x000001a2706fe290 WorkerThread "GC Thread#1"                     [id=22188, stack(0x0000006494b00000,0x0000006494c00000) (1024K)]
  0x000001a270925950 WorkerThread "GC Thread#2"                     [id=8652, stack(0x0000006494c00000,0x0000006494d00000) (1024K)]
  0x000001a270655190 WorkerThread "GC Thread#3"                     [id=28864, stack(0x0000006494d00000,0x0000006494e00000) (1024K)]
  0x000001a270655530 WorkerThread "GC Thread#4"                     [id=11748, stack(0x0000006494e00000,0x0000006494f00000) (1024K)]
  0x000001a270655ce0 WorkerThread "GC Thread#5"                     [id=15136, stack(0x0000006494f00000,0x0000006495000000) (1024K)]
  0x000001a27914cd50 WorkerThread "GC Thread#6"                     [id=32148, stack(0x0000006495d00000,0x0000006495e00000) (1024K)]
  0x000001a27914d0f0 WorkerThread "GC Thread#7"                     [id=4724, stack(0x0000006495e00000,0x0000006495f00000) (1024K)]
  0x000001a27914d490 WorkerThread "GC Thread#8"                     [id=22020, stack(0x0000006495f00000,0x0000006496000000) (1024K)]
  0x000001a27914bb30 WorkerThread "GC Thread#9"                     [id=32584, stack(0x0000006496000000,0x0000006496100000) (1024K)]
  0x000001a25505f930 ConcurrentGCThread "G1 Main Marker"            [id=17180, stack(0x0000006493a00000,0x0000006493b00000) (1024K)]
  0x000001a2550611c0 WorkerThread "G1 Conc#0"                       [id=22300, stack(0x0000006493b00000,0x0000006493c00000) (1024K)]
  0x000001a27914bed0 WorkerThread "G1 Conc#1"                       [id=20384, stack(0x0000006496100000,0x0000006496200000) (1024K)]
  0x000001a27914c270 WorkerThread "G1 Conc#2"                       [id=28312, stack(0x0000006496200000,0x0000006496300000) (1024K)]
  0x000001a2701dd670 ConcurrentGCThread "G1 Refine#0"               [id=26696, stack(0x0000006493c00000,0x0000006493d00000) (1024K)]
  0x000001a2701deea0 ConcurrentGCThread "G1 Service"                [id=20304, stack(0x0000006493d00000,0x0000006493e00000) (1024K)]
Total: 18

Threads with active compile tasks:
C2 CompilerThread0  7773 4039   !   4       java.net.URLClassLoader::findClass (47 bytes)
C2 CompilerThread1  7773 4036   !   4       java.lang.ClassLoader::loadClass (121 bytes)
Total: 2

VM state: not at safepoint (normal execution)

VM Mutex/Monitor currently owned by a thread: None

Heap address: 0x00000000e0000000, size: 512 MB, Compressed Oops mode: 32-bit

CDS archive(s) mapped at: [0x000001a200000000-0x000001a200c80000-0x000001a200c80000), size 13107200, SharedBaseAddress: 0x000001a200000000, ArchiveRelocationMode: 1.
Compressed class space mapped at: 0x000001a201000000-0x000001a215000000, reserved size: 335544320
Narrow klass base: 0x000001a200000000, Narrow klass shift: 0, Narrow klass range: 0x100000000

GC Precious Log:
 CardTable entry size: 512
 Card Set container configuration: InlinePtr #cards 5 size 8 Array Of Cards #cards 12 size 40 Howl #buckets 4 coarsen threshold 1843 Howl Bitmap #cards 512 size 80 coarsen threshold 460 Card regions per heap region 1 cards per card region 2048
 CPUs: 12 total, 12 available
 Memory: 7439M
 Large Page Support: Disabled
 NUMA Support: Disabled
 Compressed Oops: Enabled (32-bit)
 Heap Region Size: 1M
 Heap Min Capacity: 256M
 Heap Initial Capacity: 256M
 Heap Max Capacity: 512M
 Pre-touch: Disabled
 Parallel Workers: 10
 Concurrent Workers: 3
 Concurrent Refinement Workers: 10
 Periodic GC: Disabled

Heap:
 garbage-first heap   total 262144K, used 119520K [0x00000000e0000000, 0x0000000100000000)
  region size 1024K, 105 young (107520K), 12 survivors (12288K)
 Metaspace       used 33852K, committed 34880K, reserved 393216K
  class space    used 4598K, committed 5120K, reserved 327680K

Heap Regions: E=young(eden), S=young(survivor), O=old, HS=humongous(starts), HC=humongous(continues), CS=collection set, F=free, TAMS=top-at-mark-start, PB=parsable bottom
|   0|0x00000000e0000000, 0x00000000e0100000, 0x00000000e0100000|100%|HS|  |TAMS 0x00000000e0000000| PB 0x00000000e0000000| Complete 
|   1|0x00000000e0100000, 0x00000000e0200000, 0x00000000e0200000|100%|HC|  |TAMS 0x00000000e0100000| PB 0x00000000e0100000| Complete 
|   2|0x00000000e0200000, 0x00000000e0300000, 0x00000000e0300000|100%|HC|  |TAMS 0x00000000e0200000| PB 0x00000000e0200000| Complete 
|   3|0x00000000e0300000, 0x00000000e0400000, 0x00000000e0400000|100%| O|  |TAMS 0x00000000e0300000| PB 0x00000000e0300000| Untracked 
|   4|0x00000000e0400000, 0x00000000e0500000, 0x00000000e0500000|100%| O|  |TAMS 0x00000000e0400000| PB 0x00000000e0400000| Untracked 
|   5|0x00000000e0500000, 0x00000000e0600000, 0x00000000e0600000|100%| O|  |TAMS 0x00000000e0500000| PB 0x00000000e0500000| Untracked 
|   6|0x00000000e0600000, 0x00000000e0700000, 0x00000000e0700000|100%|HS|  |TAMS 0x00000000e0600000| PB 0x00000000e0600000| Complete 
|   7|0x00000000e0700000, 0x00000000e0800000, 0x00000000e0800000|100%|HS|  |TAMS 0x00000000e0700000| PB 0x00000000e0700000| Complete 
|   8|0x00000000e0800000, 0x00000000e0900000, 0x00000000e0900000|100%| O|  |TAMS 0x00000000e0800000| PB 0x00000000e0800000| Untracked 
|   9|0x00000000e0900000, 0x00000000e0a00000, 0x00000000e0a00000|100%| O|  |TAMS 0x00000000e0900000| PB 0x00000000e0900000| Untracked 
|  10|0x00000000e0a00000, 0x00000000e0b00000, 0x00000000e0b00000|100%| O|  |TAMS 0x00000000e0a00000| PB 0x00000000e0a00000| Untracked 
|  11|0x00000000e0b00000, 0x00000000e0c00000, 0x00000000e0c00000|100%| O|Cm|TAMS 0x00000000e0b00000| PB 0x00000000e0b00000| Complete 
|  12|0x00000000e0c00000, 0x00000000e0d00000, 0x00000000e0d00000|100%| O|  |TAMS 0x00000000e0c00000| PB 0x00000000e0c00000| Untracked 
|  13|0x00000000e0d00000, 0x00000000e0d2dc00, 0x00000000e0e00000| 17%| O|  |TAMS 0x00000000e0d00000| PB 0x00000000e0d00000| Untracked 
|  14|0x00000000e0e00000, 0x00000000e0f00000, 0x00000000e0f00000|100%|HS|  |TAMS 0x00000000e0e00000| PB 0x00000000e0e00000| Complete 
|  15|0x00000000e0f00000, 0x00000000e0f00000, 0x00000000e1000000|  0%| F|  |TAMS 0x00000000e0f00000| PB 0x00000000e0f00000| Untracked 
|  16|0x00000000e1000000, 0x00000000e1000000, 0x00000000e1100000|  0%| F|  |TAMS 0x00000000e1000000| PB 0x00000000e1000000| Untracked 
|  17|0x00000000e1100000, 0x00000000e1100000, 0x00000000e1200000|  0%| F|  |TAMS 0x00000000e1100000| PB 0x00000000e1100000| Untracked 
|  18|0x00000000e1200000, 0x00000000e1200000, 0x00000000e1300000|  0%| F|  |TAMS 0x00000000e1200000| PB 0x00000000e1200000| Untracked 
|  19|0x00000000e1300000, 0x00000000e1300000, 0x00000000e1400000|  0%| F|  |TAMS 0x00000000e1300000| PB 0x00000000e1300000| Untracked 
|  20|0x00000000e1400000, 0x00000000e1400000, 0x00000000e1500000|  0%| F|  |TAMS 0x00000000e1400000| PB 0x00000000e1400000| Untracked 
|  21|0x00000000e1500000, 0x00000000e1500000, 0x00000000e1600000|  0%| F|  |TAMS 0x00000000e1500000| PB 0x00000000e1500000| Untracked 
|  22|0x00000000e1600000, 0x00000000e1600000, 0x00000000e1700000|  0%| F|  |TAMS 0x00000000e1600000| PB 0x00000000e1600000| Untracked 
|  23|0x00000000e1700000, 0x00000000e1700000, 0x00000000e1800000|  0%| F|  |TAMS 0x00000000e1700000| PB 0x00000000e1700000| Untracked 
|  24|0x00000000e1800000, 0x00000000e1800000, 0x00000000e1900000|  0%| F|  |TAMS 0x00000000e1800000| PB 0x00000000e1800000| Untracked 
|  25|0x00000000e1900000, 0x00000000e1900000, 0x00000000e1a00000|  0%| F|  |TAMS 0x00000000e1900000| PB 0x00000000e1900000| Untracked 
|  26|0x00000000e1a00000, 0x00000000e1a00000, 0x00000000e1b00000|  0%| F|  |TAMS 0x00000000e1a00000| PB 0x00000000e1a00000| Untracked 
|  27|0x00000000e1b00000, 0x00000000e1b00000, 0x00000000e1c00000|  0%| F|  |TAMS 0x00000000e1b00000| PB 0x00000000e1b00000| Untracked 
|  28|0x00000000e1c00000, 0x00000000e1c00000, 0x00000000e1d00000|  0%| F|  |TAMS 0x00000000e1c00000| PB 0x00000000e1c00000| Untracked 
|  29|0x00000000e1d00000, 0x00000000e1d00000, 0x00000000e1e00000|  0%| F|  |TAMS 0x00000000e1d00000| PB 0x00000000e1d00000| Untracked 
|  30|0x00000000e1e00000, 0x00000000e1e00000, 0x00000000e1f00000|  0%| F|  |TAMS 0x00000000e1e00000| PB 0x00000000e1e00000| Untracked 
|  31|0x00000000e1f00000, 0x00000000e1f00000, 0x00000000e2000000|  0%| F|  |TAMS 0x00000000e1f00000| PB 0x00000000e1f00000| Untracked 
|  32|0x00000000e2000000, 0x00000000e2000000, 0x00000000e2100000|  0%| F|  |TAMS 0x00000000e2000000| PB 0x00000000e2000000| Untracked 
|  33|0x00000000e2100000, 0x00000000e2100000, 0x00000000e2200000|  0%| F|  |TAMS 0x00000000e2100000| PB 0x00000000e2100000| Untracked 
|  34|0x00000000e2200000, 0x00000000e2200000, 0x00000000e2300000|  0%| F|  |TAMS 0x00000000e2200000| PB 0x00000000e2200000| Untracked 
|  35|0x00000000e2300000, 0x00000000e2300000, 0x00000000e2400000|  0%| F|  |TAMS 0x00000000e2300000| PB 0x00000000e2300000| Untracked 
|  36|0x00000000e2400000, 0x00000000e2400000, 0x00000000e2500000|  0%| F|  |TAMS 0x00000000e2400000| PB 0x00000000e2400000| Untracked 
|  37|0x00000000e2500000, 0x00000000e2500000, 0x00000000e2600000|  0%| F|  |TAMS 0x00000000e2500000| PB 0x00000000e2500000| Untracked 
|  38|0x00000000e2600000, 0x00000000e2600000, 0x00000000e2700000|  0%| F|  |TAMS 0x00000000e2600000| PB 0x00000000e2600000| Untracked 
|  39|0x00000000e2700000, 0x00000000e2700000, 0x00000000e2800000|  0%| F|  |TAMS 0x00000000e2700000| PB 0x00000000e2700000| Untracked 
|  40|0x00000000e2800000, 0x00000000e2800000, 0x00000000e2900000|  0%| F|  |TAMS 0x00000000e2800000| PB 0x00000000e2800000| Untracked 
|  41|0x00000000e2900000, 0x00000000e2900000, 0x00000000e2a00000|  0%| F|  |TAMS 0x00000000e2900000| PB 0x00000000e2900000| Untracked 
|  42|0x00000000e2a00000, 0x00000000e2a00000, 0x00000000e2b00000|  0%| F|  |TAMS 0x00000000e2a00000| PB 0x00000000e2a00000| Untracked 
|  43|0x00000000e2b00000, 0x00000000e2b00000, 0x00000000e2c00000|  0%| F|  |TAMS 0x00000000e2b00000| PB 0x00000000e2b00000| Untracked 
|  44|0x00000000e2c00000, 0x00000000e2c00000, 0x00000000e2d00000|  0%| F|  |TAMS 0x00000000e2c00000| PB 0x00000000e2c00000| Untracked 
|  45|0x00000000e2d00000, 0x00000000e2d00000, 0x00000000e2e00000|  0%| F|  |TAMS 0x00000000e2d00000| PB 0x00000000e2d00000| Untracked 
|  46|0x00000000e2e00000, 0x00000000e2e00000, 0x00000000e2f00000|  0%| F|  |TAMS 0x00000000e2e00000| PB 0x00000000e2e00000| Untracked 
|  47|0x00000000e2f00000, 0x00000000e2f00000, 0x00000000e3000000|  0%| F|  |TAMS 0x00000000e2f00000| PB 0x00000000e2f00000| Untracked 
|  48|0x00000000e3000000, 0x00000000e3000000, 0x00000000e3100000|  0%| F|  |TAMS 0x00000000e3000000| PB 0x00000000e3000000| Untracked 
|  49|0x00000000e3100000, 0x00000000e3100000, 0x00000000e3200000|  0%| F|  |TAMS 0x00000000e3100000| PB 0x00000000e3100000| Untracked 
|  50|0x00000000e3200000, 0x00000000e3200000, 0x00000000e3300000|  0%| F|  |TAMS 0x00000000e3200000| PB 0x00000000e3200000| Untracked 
|  51|0x00000000e3300000, 0x00000000e3300000, 0x00000000e3400000|  0%| F|  |TAMS 0x00000000e3300000| PB 0x00000000e3300000| Untracked 
|  52|0x00000000e3400000, 0x00000000e3400000, 0x00000000e3500000|  0%| F|  |TAMS 0x00000000e3400000| PB 0x00000000e3400000| Untracked 
|  53|0x00000000e3500000, 0x00000000e3500000, 0x00000000e3600000|  0%| F|  |TAMS 0x00000000e3500000| PB 0x00000000e3500000| Untracked 
|  54|0x00000000e3600000, 0x00000000e3600000, 0x00000000e3700000|  0%| F|  |TAMS 0x00000000e3600000| PB 0x00000000e3600000| Untracked 
|  55|0x00000000e3700000, 0x00000000e3700000, 0x00000000e3800000|  0%| F|  |TAMS 0x00000000e3700000| PB 0x00000000e3700000| Untracked 
|  56|0x00000000e3800000, 0x00000000e3800000, 0x00000000e3900000|  0%| F|  |TAMS 0x00000000e3800000| PB 0x00000000e3800000| Untracked 
|  57|0x00000000e3900000, 0x00000000e3900000, 0x00000000e3a00000|  0%| F|  |TAMS 0x00000000e3900000| PB 0x00000000e3900000| Untracked 
|  58|0x00000000e3a00000, 0x00000000e3a00000, 0x00000000e3b00000|  0%| F|  |TAMS 0x00000000e3a00000| PB 0x00000000e3a00000| Untracked 
|  59|0x00000000e3b00000, 0x00000000e3b00000, 0x00000000e3c00000|  0%| F|  |TAMS 0x00000000e3b00000| PB 0x00000000e3b00000| Untracked 
|  60|0x00000000e3c00000, 0x00000000e3c00000, 0x00000000e3d00000|  0%| F|  |TAMS 0x00000000e3c00000| PB 0x00000000e3c00000| Untracked 
|  61|0x00000000e3d00000, 0x00000000e3d00000, 0x00000000e3e00000|  0%| F|  |TAMS 0x00000000e3d00000| PB 0x00000000e3d00000| Untracked 
|  62|0x00000000e3e00000, 0x00000000e3e00000, 0x00000000e3f00000|  0%| F|  |TAMS 0x00000000e3e00000| PB 0x00000000e3e00000| Untracked 
|  63|0x00000000e3f00000, 0x00000000e3f00000, 0x00000000e4000000|  0%| F|  |TAMS 0x00000000e3f00000| PB 0x00000000e3f00000| Untracked 
|  64|0x00000000e4000000, 0x00000000e4000000, 0x00000000e4100000|  0%| F|  |TAMS 0x00000000e4000000| PB 0x00000000e4000000| Untracked 
|  65|0x00000000e4100000, 0x00000000e4100000, 0x00000000e4200000|  0%| F|  |TAMS 0x00000000e4100000| PB 0x00000000e4100000| Untracked 
|  66|0x00000000e4200000, 0x00000000e4200000, 0x00000000e4300000|  0%| F|  |TAMS 0x00000000e4200000| PB 0x00000000e4200000| Untracked 
|  67|0x00000000e4300000, 0x00000000e4300000, 0x00000000e4400000|  0%| F|  |TAMS 0x00000000e4300000| PB 0x00000000e4300000| Untracked 
|  68|0x00000000e4400000, 0x00000000e4400000, 0x00000000e4500000|  0%| F|  |TAMS 0x00000000e4400000| PB 0x00000000e4400000| Untracked 
|  69|0x00000000e4500000, 0x00000000e4500000, 0x00000000e4600000|  0%| F|  |TAMS 0x00000000e4500000| PB 0x00000000e4500000| Untracked 
|  70|0x00000000e4600000, 0x00000000e4600000, 0x00000000e4700000|  0%| F|  |TAMS 0x00000000e4600000| PB 0x00000000e4600000| Untracked 
|  71|0x00000000e4700000, 0x00000000e4700000, 0x00000000e4800000|  0%| F|  |TAMS 0x00000000e4700000| PB 0x00000000e4700000| Untracked 
|  72|0x00000000e4800000, 0x00000000e4800000, 0x00000000e4900000|  0%| F|  |TAMS 0x00000000e4800000| PB 0x00000000e4800000| Untracked 
|  73|0x00000000e4900000, 0x00000000e4900000, 0x00000000e4a00000|  0%| F|  |TAMS 0x00000000e4900000| PB 0x00000000e4900000| Untracked 
|  74|0x00000000e4a00000, 0x00000000e4a00000, 0x00000000e4b00000|  0%| F|  |TAMS 0x00000000e4a00000| PB 0x00000000e4a00000| Untracked 
|  75|0x00000000e4b00000, 0x00000000e4b00000, 0x00000000e4c00000|  0%| F|  |TAMS 0x00000000e4b00000| PB 0x00000000e4b00000| Untracked 
|  76|0x00000000e4c00000, 0x00000000e4c00000, 0x00000000e4d00000|  0%| F|  |TAMS 0x00000000e4c00000| PB 0x00000000e4c00000| Untracked 
|  77|0x00000000e4d00000, 0x00000000e4d00000, 0x00000000e4e00000|  0%| F|  |TAMS 0x00000000e4d00000| PB 0x00000000e4d00000| Untracked 
|  78|0x00000000e4e00000, 0x00000000e4e00000, 0x00000000e4f00000|  0%| F|  |TAMS 0x00000000e4e00000| PB 0x00000000e4e00000| Untracked 
|  79|0x00000000e4f00000, 0x00000000e4f00000, 0x00000000e5000000|  0%| F|  |TAMS 0x00000000e4f00000| PB 0x00000000e4f00000| Untracked 
|  80|0x00000000e5000000, 0x00000000e5000000, 0x00000000e5100000|  0%| F|  |TAMS 0x00000000e5000000| PB 0x00000000e5000000| Untracked 
|  81|0x00000000e5100000, 0x00000000e5100000, 0x00000000e5200000|  0%| F|  |TAMS 0x00000000e5100000| PB 0x00000000e5100000| Untracked 
|  82|0x00000000e5200000, 0x00000000e5200000, 0x00000000e5300000|  0%| F|  |TAMS 0x00000000e5200000| PB 0x00000000e5200000| Untracked 
|  83|0x00000000e5300000, 0x00000000e5300000, 0x00000000e5400000|  0%| F|  |TAMS 0x00000000e5300000| PB 0x00000000e5300000| Untracked 
|  84|0x00000000e5400000, 0x00000000e5400000, 0x00000000e5500000|  0%| F|  |TAMS 0x00000000e5400000| PB 0x00000000e5400000| Untracked 
|  85|0x00000000e5500000, 0x00000000e5500000, 0x00000000e5600000|  0%| F|  |TAMS 0x00000000e5500000| PB 0x00000000e5500000| Untracked 
|  86|0x00000000e5600000, 0x00000000e5600000, 0x00000000e5700000|  0%| F|  |TAMS 0x00000000e5600000| PB 0x00000000e5600000| Untracked 
|  87|0x00000000e5700000, 0x00000000e5700000, 0x00000000e5800000|  0%| F|  |TAMS 0x00000000e5700000| PB 0x00000000e5700000| Untracked 
|  88|0x00000000e5800000, 0x00000000e5800000, 0x00000000e5900000|  0%| F|  |TAMS 0x00000000e5800000| PB 0x00000000e5800000| Untracked 
|  89|0x00000000e5900000, 0x00000000e5900000, 0x00000000e5a00000|  0%| F|  |TAMS 0x00000000e5900000| PB 0x00000000e5900000| Untracked 
|  90|0x00000000e5a00000, 0x00000000e5a00000, 0x00000000e5b00000|  0%| F|  |TAMS 0x00000000e5a00000| PB 0x00000000e5a00000| Untracked 
|  91|0x00000000e5b00000, 0x00000000e5b00000, 0x00000000e5c00000|  0%| F|  |TAMS 0x00000000e5b00000| PB 0x00000000e5b00000| Untracked 
|  92|0x00000000e5c00000, 0x00000000e5c00000, 0x00000000e5d00000|  0%| F|  |TAMS 0x00000000e5c00000| PB 0x00000000e5c00000| Untracked 
|  93|0x00000000e5d00000, 0x00000000e5d00000, 0x00000000e5e00000|  0%| F|  |TAMS 0x00000000e5d00000| PB 0x00000000e5d00000| Untracked 
|  94|0x00000000e5e00000, 0x00000000e5e00000, 0x00000000e5f00000|  0%| F|  |TAMS 0x00000000e5e00000| PB 0x00000000e5e00000| Untracked 
|  95|0x00000000e5f00000, 0x00000000e5f00000, 0x00000000e6000000|  0%| F|  |TAMS 0x00000000e5f00000| PB 0x00000000e5f00000| Untracked 
|  96|0x00000000e6000000, 0x00000000e6000000, 0x00000000e6100000|  0%| F|  |TAMS 0x00000000e6000000| PB 0x00000000e6000000| Untracked 
|  97|0x00000000e6100000, 0x00000000e6100000, 0x00000000e6200000|  0%| F|  |TAMS 0x00000000e6100000| PB 0x00000000e6100000| Untracked 
|  98|0x00000000e6200000, 0x00000000e6200000, 0x00000000e6300000|  0%| F|  |TAMS 0x00000000e6200000| PB 0x00000000e6200000| Untracked 
|  99|0x00000000e6300000, 0x00000000e6300000, 0x00000000e6400000|  0%| F|  |TAMS 0x00000000e6300000| PB 0x00000000e6300000| Untracked 
| 100|0x00000000e6400000, 0x00000000e6400000, 0x00000000e6500000|  0%| F|  |TAMS 0x00000000e6400000| PB 0x00000000e6400000| Untracked 
| 101|0x00000000e6500000, 0x00000000e6500000, 0x00000000e6600000|  0%| F|  |TAMS 0x00000000e6500000| PB 0x00000000e6500000| Untracked 
| 102|0x00000000e6600000, 0x00000000e6600000, 0x00000000e6700000|  0%| F|  |TAMS 0x00000000e6600000| PB 0x00000000e6600000| Untracked 
| 103|0x00000000e6700000, 0x00000000e6700000, 0x00000000e6800000|  0%| F|  |TAMS 0x00000000e6700000| PB 0x00000000e6700000| Untracked 
| 104|0x00000000e6800000, 0x00000000e6800000, 0x00000000e6900000|  0%| F|  |TAMS 0x00000000e6800000| PB 0x00000000e6800000| Untracked 
| 105|0x00000000e6900000, 0x00000000e6900000, 0x00000000e6a00000|  0%| F|  |TAMS 0x00000000e6900000| PB 0x00000000e6900000| Untracked 
| 106|0x00000000e6a00000, 0x00000000e6a00000, 0x00000000e6b00000|  0%| F|  |TAMS 0x00000000e6a00000| PB 0x00000000e6a00000| Untracked 
| 107|0x00000000e6b00000, 0x00000000e6b00000, 0x00000000e6c00000|  0%| F|  |TAMS 0x00000000e6b00000| PB 0x00000000e6b00000| Untracked 
| 108|0x00000000e6c00000, 0x00000000e6c00000, 0x00000000e6d00000|  0%| F|  |TAMS 0x00000000e6c00000| PB 0x00000000e6c00000| Untracked 
| 109|0x00000000e6d00000, 0x00000000e6d00000, 0x00000000e6e00000|  0%| F|  |TAMS 0x00000000e6d00000| PB 0x00000000e6d00000| Untracked 
| 110|0x00000000e6e00000, 0x00000000e6e00000, 0x00000000e6f00000|  0%| F|  |TAMS 0x00000000e6e00000| PB 0x00000000e6e00000| Untracked 
| 111|0x00000000e6f00000, 0x00000000e6f00000, 0x00000000e7000000|  0%| F|  |TAMS 0x00000000e6f00000| PB 0x00000000e6f00000| Untracked 
| 112|0x00000000e7000000, 0x00000000e7000000, 0x00000000e7100000|  0%| F|  |TAMS 0x00000000e7000000| PB 0x00000000e7000000| Untracked 
| 113|0x00000000e7100000, 0x00000000e7100000, 0x00000000e7200000|  0%| F|  |TAMS 0x00000000e7100000| PB 0x00000000e7100000| Untracked 
| 114|0x00000000e7200000, 0x00000000e7200000, 0x00000000e7300000|  0%| F|  |TAMS 0x00000000e7200000| PB 0x00000000e7200000| Untracked 
| 115|0x00000000e7300000, 0x00000000e7300000, 0x00000000e7400000|  0%| F|  |TAMS 0x00000000e7300000| PB 0x00000000e7300000| Untracked 
| 116|0x00000000e7400000, 0x00000000e7400000, 0x00000000e7500000|  0%| F|  |TAMS 0x00000000e7400000| PB 0x00000000e7400000| Untracked 
| 117|0x00000000e7500000, 0x00000000e7500000, 0x00000000e7600000|  0%| F|  |TAMS 0x00000000e7500000| PB 0x00000000e7500000| Untracked 
| 118|0x00000000e7600000, 0x00000000e7600000, 0x00000000e7700000|  0%| F|  |TAMS 0x00000000e7600000| PB 0x00000000e7600000| Untracked 
| 119|0x00000000e7700000, 0x00000000e7700000, 0x00000000e7800000|  0%| F|  |TAMS 0x00000000e7700000| PB 0x00000000e7700000| Untracked 
| 120|0x00000000e7800000, 0x00000000e7800000, 0x00000000e7900000|  0%| F|  |TAMS 0x00000000e7800000| PB 0x00000000e7800000| Untracked 
| 121|0x00000000e7900000, 0x00000000e7900000, 0x00000000e7a00000|  0%| F|  |TAMS 0x00000000e7900000| PB 0x00000000e7900000| Untracked 
| 122|0x00000000e7a00000, 0x00000000e7a00000, 0x00000000e7b00000|  0%| F|  |TAMS 0x00000000e7a00000| PB 0x00000000e7a00000| Untracked 
| 123|0x00000000e7b00000, 0x00000000e7b00000, 0x00000000e7c00000|  0%| F|  |TAMS 0x00000000e7b00000| PB 0x00000000e7b00000| Untracked 
| 124|0x00000000e7c00000, 0x00000000e7c00000, 0x00000000e7d00000|  0%| F|  |TAMS 0x00000000e7c00000| PB 0x00000000e7c00000| Untracked 
| 125|0x00000000e7d00000, 0x00000000e7d00000, 0x00000000e7e00000|  0%| F|  |TAMS 0x00000000e7d00000| PB 0x00000000e7d00000| Untracked 
| 126|0x00000000e7e00000, 0x00000000e7e00000, 0x00000000e7f00000|  0%| F|  |TAMS 0x00000000e7e00000| PB 0x00000000e7e00000| Untracked 
| 127|0x00000000e7f00000, 0x00000000e7f00000, 0x00000000e8000000|  0%| F|  |TAMS 0x00000000e7f00000| PB 0x00000000e7f00000| Untracked 
| 128|0x00000000e8000000, 0x00000000e8000000, 0x00000000e8100000|  0%| F|  |TAMS 0x00000000e8000000| PB 0x00000000e8000000| Untracked 
| 129|0x00000000e8100000, 0x00000000e8100000, 0x00000000e8200000|  0%| F|  |TAMS 0x00000000e8100000| PB 0x00000000e8100000| Untracked 
| 130|0x00000000e8200000, 0x00000000e8200000, 0x00000000e8300000|  0%| F|  |TAMS 0x00000000e8200000| PB 0x00000000e8200000| Untracked 
| 131|0x00000000e8300000, 0x00000000e8300000, 0x00000000e8400000|  0%| F|  |TAMS 0x00000000e8300000| PB 0x00000000e8300000| Untracked 
| 132|0x00000000e8400000, 0x00000000e8400000, 0x00000000e8500000|  0%| F|  |TAMS 0x00000000e8400000| PB 0x00000000e8400000| Untracked 
| 133|0x00000000e8500000, 0x00000000e8500000, 0x00000000e8600000|  0%| F|  |TAMS 0x00000000e8500000| PB 0x00000000e8500000| Untracked 
| 134|0x00000000e8600000, 0x00000000e8600000, 0x00000000e8700000|  0%| F|  |TAMS 0x00000000e8600000| PB 0x00000000e8600000| Untracked 
| 135|0x00000000e8700000, 0x00000000e8700000, 0x00000000e8800000|  0%| F|  |TAMS 0x00000000e8700000| PB 0x00000000e8700000| Untracked 
| 136|0x00000000e8800000, 0x00000000e8800000, 0x00000000e8900000|  0%| F|  |TAMS 0x00000000e8800000| PB 0x00000000e8800000| Untracked 
| 137|0x00000000e8900000, 0x00000000e8900000, 0x00000000e8a00000|  0%| F|  |TAMS 0x00000000e8900000| PB 0x00000000e8900000| Untracked 
| 138|0x00000000e8a00000, 0x00000000e8a00000, 0x00000000e8b00000|  0%| F|  |TAMS 0x00000000e8a00000| PB 0x00000000e8a00000| Untracked 
| 139|0x00000000e8b00000, 0x00000000e8b00000, 0x00000000e8c00000|  0%| F|  |TAMS 0x00000000e8b00000| PB 0x00000000e8b00000| Untracked 
| 140|0x00000000e8c00000, 0x00000000e8c00000, 0x00000000e8d00000|  0%| F|  |TAMS 0x00000000e8c00000| PB 0x00000000e8c00000| Untracked 
| 141|0x00000000e8d00000, 0x00000000e8d00000, 0x00000000e8e00000|  0%| F|  |TAMS 0x00000000e8d00000| PB 0x00000000e8d00000| Untracked 
| 142|0x00000000e8e00000, 0x00000000e8e00000, 0x00000000e8f00000|  0%| F|  |TAMS 0x00000000e8e00000| PB 0x00000000e8e00000| Untracked 
| 143|0x00000000e8f00000, 0x00000000e8f00000, 0x00000000e9000000|  0%| F|  |TAMS 0x00000000e8f00000| PB 0x00000000e8f00000| Untracked 
| 144|0x00000000e9000000, 0x00000000e9000000, 0x00000000e9100000|  0%| F|  |TAMS 0x00000000e9000000| PB 0x00000000e9000000| Untracked 
| 145|0x00000000e9100000, 0x00000000e9100000, 0x00000000e9200000|  0%| F|  |TAMS 0x00000000e9100000| PB 0x00000000e9100000| Untracked 
| 146|0x00000000e9200000, 0x00000000e9200000, 0x00000000e9300000|  0%| F|  |TAMS 0x00000000e9200000| PB 0x00000000e9200000| Untracked 
| 147|0x00000000e9300000, 0x00000000e9300000, 0x00000000e9400000|  0%| F|  |TAMS 0x00000000e9300000| PB 0x00000000e9300000| Untracked 
| 148|0x00000000e9400000, 0x00000000e948a6b0, 0x00000000e9500000| 54%| S|CS|TAMS 0x00000000e9400000| PB 0x00000000e9400000| Complete 
| 149|0x00000000e9500000, 0x00000000e9600000, 0x00000000e9600000|100%| S|CS|TAMS 0x00000000e9500000| PB 0x00000000e9500000| Complete 
| 150|0x00000000e9600000, 0x00000000e9700000, 0x00000000e9700000|100%| S|CS|TAMS 0x00000000e9600000| PB 0x00000000e9600000| Complete 
| 151|0x00000000e9700000, 0x00000000e9800000, 0x00000000e9800000|100%| S|CS|TAMS 0x00000000e9700000| PB 0x00000000e9700000| Complete 
| 152|0x00000000e9800000, 0x00000000e9900000, 0x00000000e9900000|100%| S|CS|TAMS 0x00000000e9800000| PB 0x00000000e9800000| Complete 
| 153|0x00000000e9900000, 0x00000000e9a00000, 0x00000000e9a00000|100%| S|CS|TAMS 0x00000000e9900000| PB 0x00000000e9900000| Complete 
| 154|0x00000000e9a00000, 0x00000000e9b00000, 0x00000000e9b00000|100%| S|CS|TAMS 0x00000000e9a00000| PB 0x00000000e9a00000| Complete 
| 155|0x00000000e9b00000, 0x00000000e9c00000, 0x00000000e9c00000|100%| S|CS|TAMS 0x00000000e9b00000| PB 0x00000000e9b00000| Complete 
| 156|0x00000000e9c00000, 0x00000000e9d00000, 0x00000000e9d00000|100%| S|CS|TAMS 0x00000000e9c00000| PB 0x00000000e9c00000| Complete 
| 157|0x00000000e9d00000, 0x00000000e9e00000, 0x00000000e9e00000|100%| S|CS|TAMS 0x00000000e9d00000| PB 0x00000000e9d00000| Complete 
| 158|0x00000000e9e00000, 0x00000000e9f00000, 0x00000000e9f00000|100%| S|CS|TAMS 0x00000000e9e00000| PB 0x00000000e9e00000| Complete 
| 159|0x00000000e9f00000, 0x00000000ea000000, 0x00000000ea000000|100%| S|CS|TAMS 0x00000000e9f00000| PB 0x00000000e9f00000| Complete 
| 160|0x00000000ea000000, 0x00000000ea000000, 0x00000000ea100000|  0%| F|  |TAMS 0x00000000ea000000| PB 0x00000000ea000000| Untracked 
| 161|0x00000000ea100000, 0x00000000ea100000, 0x00000000ea200000|  0%| F|  |TAMS 0x00000000ea100000| PB 0x00000000ea100000| Untracked 
| 162|0x00000000ea200000, 0x00000000ea280000, 0x00000000ea300000| 50%| E|  |TAMS 0x00000000ea200000| PB 0x00000000ea200000| Complete 
| 163|0x00000000ea300000, 0x00000000ea400000, 0x00000000ea400000|100%| E|CS|TAMS 0x00000000ea300000| PB 0x00000000ea300000| Complete 
| 164|0x00000000ea400000, 0x00000000ea500000, 0x00000000ea500000|100%| E|CS|TAMS 0x00000000ea400000| PB 0x00000000ea400000| Complete 
| 165|0x00000000ea500000, 0x00000000ea600000, 0x00000000ea600000|100%| E|CS|TAMS 0x00000000ea500000| PB 0x00000000ea500000| Complete 
| 166|0x00000000ea600000, 0x00000000ea700000, 0x00000000ea700000|100%| E|CS|TAMS 0x00000000ea600000| PB 0x00000000ea600000| Complete 
| 167|0x00000000ea700000, 0x00000000ea800000, 0x00000000ea800000|100%| E|CS|TAMS 0x00000000ea700000| PB 0x00000000ea700000| Complete 
| 168|0x00000000ea800000, 0x00000000ea900000, 0x00000000ea900000|100%| E|CS|TAMS 0x00000000ea800000| PB 0x00000000ea800000| Complete 
| 169|0x00000000ea900000, 0x00000000eaa00000, 0x00000000eaa00000|100%| E|CS|TAMS 0x00000000ea900000| PB 0x00000000ea900000| Complete 
| 170|0x00000000eaa00000, 0x00000000eab00000, 0x00000000eab00000|100%| E|CS|TAMS 0x00000000eaa00000| PB 0x00000000eaa00000| Complete 
| 171|0x00000000eab00000, 0x00000000eac00000, 0x00000000eac00000|100%| E|CS|TAMS 0x00000000eab00000| PB 0x00000000eab00000| Complete 
| 172|0x00000000eac00000, 0x00000000ead00000, 0x00000000ead00000|100%| E|CS|TAMS 0x00000000eac00000| PB 0x00000000eac00000| Complete 
| 173|0x00000000ead00000, 0x00000000eae00000, 0x00000000eae00000|100%| E|CS|TAMS 0x00000000ead00000| PB 0x00000000ead00000| Complete 
| 174|0x00000000eae00000, 0x00000000eaf00000, 0x00000000eaf00000|100%| E|CS|TAMS 0x00000000eae00000| PB 0x00000000eae00000| Complete 
| 175|0x00000000eaf00000, 0x00000000eb000000, 0x00000000eb000000|100%| E|CS|TAMS 0x00000000eaf00000| PB 0x00000000eaf00000| Complete 
| 176|0x00000000eb000000, 0x00000000eb100000, 0x00000000eb100000|100%| E|CS|TAMS 0x00000000eb000000| PB 0x00000000eb000000| Complete 
| 177|0x00000000eb100000, 0x00000000eb200000, 0x00000000eb200000|100%| E|CS|TAMS 0x00000000eb100000| PB 0x00000000eb100000| Complete 
| 178|0x00000000eb200000, 0x00000000eb300000, 0x00000000eb300000|100%| E|CS|TAMS 0x00000000eb200000| PB 0x00000000eb200000| Complete 
| 179|0x00000000eb300000, 0x00000000eb400000, 0x00000000eb400000|100%| E|CS|TAMS 0x00000000eb300000| PB 0x00000000eb300000| Complete 
| 180|0x00000000eb400000, 0x00000000eb500000, 0x00000000eb500000|100%| E|CS|TAMS 0x00000000eb400000| PB 0x00000000eb400000| Complete 
| 181|0x00000000eb500000, 0x00000000eb600000, 0x00000000eb600000|100%| E|CS|TAMS 0x00000000eb500000| PB 0x00000000eb500000| Complete 
| 182|0x00000000eb600000, 0x00000000eb700000, 0x00000000eb700000|100%| E|CS|TAMS 0x00000000eb600000| PB 0x00000000eb600000| Complete 
| 183|0x00000000eb700000, 0x00000000eb800000, 0x00000000eb800000|100%| E|CS|TAMS 0x00000000eb700000| PB 0x00000000eb700000| Complete 
| 184|0x00000000eb800000, 0x00000000eb900000, 0x00000000eb900000|100%| E|CS|TAMS 0x00000000eb800000| PB 0x00000000eb800000| Complete 
| 185|0x00000000eb900000, 0x00000000eba00000, 0x00000000eba00000|100%| E|CS|TAMS 0x00000000eb900000| PB 0x00000000eb900000| Complete 
| 186|0x00000000eba00000, 0x00000000ebb00000, 0x00000000ebb00000|100%| E|CS|TAMS 0x00000000eba00000| PB 0x00000000eba00000| Complete 
| 187|0x00000000ebb00000, 0x00000000ebc00000, 0x00000000ebc00000|100%| E|CS|TAMS 0x00000000ebb00000| PB 0x00000000ebb00000| Complete 
| 188|0x00000000ebc00000, 0x00000000ebd00000, 0x00000000ebd00000|100%| E|CS|TAMS 0x00000000ebc00000| PB 0x00000000ebc00000| Complete 
| 189|0x00000000ebd00000, 0x00000000ebe00000, 0x00000000ebe00000|100%| E|CS|TAMS 0x00000000ebd00000| PB 0x00000000ebd00000| Complete 
| 190|0x00000000ebe00000, 0x00000000ebf00000, 0x00000000ebf00000|100%| E|CS|TAMS 0x00000000ebe00000| PB 0x00000000ebe00000| Complete 
| 191|0x00000000ebf00000, 0x00000000ec000000, 0x00000000ec000000|100%| E|CS|TAMS 0x00000000ebf00000| PB 0x00000000ebf00000| Complete 
| 192|0x00000000ec000000, 0x00000000ec100000, 0x00000000ec100000|100%| E|CS|TAMS 0x00000000ec000000| PB 0x00000000ec000000| Complete 
| 193|0x00000000ec100000, 0x00000000ec200000, 0x00000000ec200000|100%| E|CS|TAMS 0x00000000ec100000| PB 0x00000000ec100000| Complete 
| 194|0x00000000ec200000, 0x00000000ec300000, 0x00000000ec300000|100%| E|CS|TAMS 0x00000000ec200000| PB 0x00000000ec200000| Complete 
| 195|0x00000000ec300000, 0x00000000ec400000, 0x00000000ec400000|100%| E|CS|TAMS 0x00000000ec300000| PB 0x00000000ec300000| Complete 
| 196|0x00000000ec400000, 0x00000000ec500000, 0x00000000ec500000|100%| E|CS|TAMS 0x00000000ec400000| PB 0x00000000ec400000| Complete 
| 197|0x00000000ec500000, 0x00000000ec600000, 0x00000000ec600000|100%| E|  |TAMS 0x00000000ec500000| PB 0x00000000ec500000| Complete 
| 198|0x00000000ec600000, 0x00000000ec700000, 0x00000000ec700000|100%| E|CS|TAMS 0x00000000ec600000| PB 0x00000000ec600000| Complete 
| 199|0x00000000ec700000, 0x00000000ec800000, 0x00000000ec800000|100%| E|CS|TAMS 0x00000000ec700000| PB 0x00000000ec700000| Complete 
| 200|0x00000000ec800000, 0x00000000ec900000, 0x00000000ec900000|100%| E|CS|TAMS 0x00000000ec800000| PB 0x00000000ec800000| Complete 
| 201|0x00000000ec900000, 0x00000000eca00000, 0x00000000eca00000|100%| E|CS|TAMS 0x00000000ec900000| PB 0x00000000ec900000| Complete 
| 202|0x00000000eca00000, 0x00000000ecb00000, 0x00000000ecb00000|100%| E|CS|TAMS 0x00000000eca00000| PB 0x00000000eca00000| Complete 
| 203|0x00000000ecb00000, 0x00000000ecc00000, 0x00000000ecc00000|100%| E|CS|TAMS 0x00000000ecb00000| PB 0x00000000ecb00000| Complete 
| 204|0x00000000ecc00000, 0x00000000ecd00000, 0x00000000ecd00000|100%| E|CS|TAMS 0x00000000ecc00000| PB 0x00000000ecc00000| Complete 
| 205|0x00000000ecd00000, 0x00000000ece00000, 0x00000000ece00000|100%| E|CS|TAMS 0x00000000ecd00000| PB 0x00000000ecd00000| Complete 
| 206|0x00000000ece00000, 0x00000000ecf00000, 0x00000000ecf00000|100%| E|CS|TAMS 0x00000000ece00000| PB 0x00000000ece00000| Complete 
| 207|0x00000000ecf00000, 0x00000000ed000000, 0x00000000ed000000|100%| E|CS|TAMS 0x00000000ecf00000| PB 0x00000000ecf00000| Complete 
| 208|0x00000000ed000000, 0x00000000ed100000, 0x00000000ed100000|100%| E|CS|TAMS 0x00000000ed000000| PB 0x00000000ed000000| Complete 
| 209|0x00000000ed100000, 0x00000000ed200000, 0x00000000ed200000|100%| E|CS|TAMS 0x00000000ed100000| PB 0x00000000ed100000| Complete 
| 210|0x00000000ed200000, 0x00000000ed300000, 0x00000000ed300000|100%| E|CS|TAMS 0x00000000ed200000| PB 0x00000000ed200000| Complete 
| 211|0x00000000ed300000, 0x00000000ed400000, 0x00000000ed400000|100%| E|CS|TAMS 0x00000000ed300000| PB 0x00000000ed300000| Complete 
| 212|0x00000000ed400000, 0x00000000ed500000, 0x00000000ed500000|100%| E|CS|TAMS 0x00000000ed400000| PB 0x00000000ed400000| Complete 
| 213|0x00000000ed500000, 0x00000000ed600000, 0x00000000ed600000|100%| E|CS|TAMS 0x00000000ed500000| PB 0x00000000ed500000| Complete 
| 214|0x00000000ed600000, 0x00000000ed700000, 0x00000000ed700000|100%| E|CS|TAMS 0x00000000ed600000| PB 0x00000000ed600000| Complete 
| 215|0x00000000ed700000, 0x00000000ed800000, 0x00000000ed800000|100%| E|CS|TAMS 0x00000000ed700000| PB 0x00000000ed700000| Complete 
| 216|0x00000000ed800000, 0x00000000ed900000, 0x00000000ed900000|100%| E|CS|TAMS 0x00000000ed800000| PB 0x00000000ed800000| Complete 
| 217|0x00000000ed900000, 0x00000000eda00000, 0x00000000eda00000|100%| E|CS|TAMS 0x00000000ed900000| PB 0x00000000ed900000| Complete 
| 218|0x00000000eda00000, 0x00000000edb00000, 0x00000000edb00000|100%| E|CS|TAMS 0x00000000eda00000| PB 0x00000000eda00000| Complete 
| 219|0x00000000edb00000, 0x00000000edc00000, 0x00000000edc00000|100%| E|CS|TAMS 0x00000000edb00000| PB 0x00000000edb00000| Complete 
| 220|0x00000000edc00000, 0x00000000edd00000, 0x00000000edd00000|100%| E|CS|TAMS 0x00000000edc00000| PB 0x00000000edc00000| Complete 
| 221|0x00000000edd00000, 0x00000000ede00000, 0x00000000ede00000|100%| E|CS|TAMS 0x00000000edd00000| PB 0x00000000edd00000| Complete 
| 222|0x00000000ede00000, 0x00000000edf00000, 0x00000000edf00000|100%| E|CS|TAMS 0x00000000ede00000| PB 0x00000000ede00000| Complete 
| 223|0x00000000edf00000, 0x00000000ee000000, 0x00000000ee000000|100%| E|CS|TAMS 0x00000000edf00000| PB 0x00000000edf00000| Complete 
| 224|0x00000000ee000000, 0x00000000ee100000, 0x00000000ee100000|100%| E|CS|TAMS 0x00000000ee000000| PB 0x00000000ee000000| Complete 
| 225|0x00000000ee100000, 0x00000000ee200000, 0x00000000ee200000|100%| E|CS|TAMS 0x00000000ee100000| PB 0x00000000ee100000| Complete 
| 226|0x00000000ee200000, 0x00000000ee300000, 0x00000000ee300000|100%| E|CS|TAMS 0x00000000ee200000| PB 0x00000000ee200000| Complete 
| 227|0x00000000ee300000, 0x00000000ee400000, 0x00000000ee400000|100%| E|CS|TAMS 0x00000000ee300000| PB 0x00000000ee300000| Complete 
| 228|0x00000000ee400000, 0x00000000ee500000, 0x00000000ee500000|100%| E|CS|TAMS 0x00000000ee400000| PB 0x00000000ee400000| Complete 
| 229|0x00000000ee500000, 0x00000000ee600000, 0x00000000ee600000|100%| E|CS|TAMS 0x00000000ee500000| PB 0x00000000ee500000| Complete 
| 230|0x00000000ee600000, 0x00000000ee700000, 0x00000000ee700000|100%| E|CS|TAMS 0x00000000ee600000| PB 0x00000000ee600000| Complete 
| 231|0x00000000ee700000, 0x00000000ee800000, 0x00000000ee800000|100%| E|CS|TAMS 0x00000000ee700000| PB 0x00000000ee700000| Complete 
| 232|0x00000000ee800000, 0x00000000ee900000, 0x00000000ee900000|100%| E|CS|TAMS 0x00000000ee800000| PB 0x00000000ee800000| Complete 
| 233|0x00000000ee900000, 0x00000000eea00000, 0x00000000eea00000|100%| E|CS|TAMS 0x00000000ee900000| PB 0x00000000ee900000| Complete 
| 234|0x00000000eea00000, 0x00000000eeb00000, 0x00000000eeb00000|100%| E|CS|TAMS 0x00000000eea00000| PB 0x00000000eea00000| Complete 
| 235|0x00000000eeb00000, 0x00000000eec00000, 0x00000000eec00000|100%| E|CS|TAMS 0x00000000eeb00000| PB 0x00000000eeb00000| Complete 
| 236|0x00000000eec00000, 0x00000000eed00000, 0x00000000eed00000|100%| E|CS|TAMS 0x00000000eec00000| PB 0x00000000eec00000| Complete 
| 237|0x00000000eed00000, 0x00000000eee00000, 0x00000000eee00000|100%| E|CS|TAMS 0x00000000eed00000| PB 0x00000000eed00000| Complete 
| 238|0x00000000eee00000, 0x00000000eef00000, 0x00000000eef00000|100%| E|CS|TAMS 0x00000000eee00000| PB 0x00000000eee00000| Complete 
| 239|0x00000000eef00000, 0x00000000ef000000, 0x00000000ef000000|100%| E|CS|TAMS 0x00000000eef00000| PB 0x00000000eef00000| Complete 
| 240|0x00000000ef000000, 0x00000000ef100000, 0x00000000ef100000|100%| E|CS|TAMS 0x00000000ef000000| PB 0x00000000ef000000| Complete 
| 241|0x00000000ef100000, 0x00000000ef200000, 0x00000000ef200000|100%| E|CS|TAMS 0x00000000ef100000| PB 0x00000000ef100000| Complete 
| 242|0x00000000ef200000, 0x00000000ef300000, 0x00000000ef300000|100%| E|CS|TAMS 0x00000000ef200000| PB 0x00000000ef200000| Complete 
| 243|0x00000000ef300000, 0x00000000ef400000, 0x00000000ef400000|100%| E|CS|TAMS 0x00000000ef300000| PB 0x00000000ef300000| Complete 
| 244|0x00000000ef400000, 0x00000000ef500000, 0x00000000ef500000|100%| E|CS|TAMS 0x00000000ef400000| PB 0x00000000ef400000| Complete 
| 245|0x00000000ef500000, 0x00000000ef600000, 0x00000000ef600000|100%| E|CS|TAMS 0x00000000ef500000| PB 0x00000000ef500000| Complete 
| 246|0x00000000ef600000, 0x00000000ef700000, 0x00000000ef700000|100%| E|CS|TAMS 0x00000000ef600000| PB 0x00000000ef600000| Complete 
| 247|0x00000000ef700000, 0x00000000ef800000, 0x00000000ef800000|100%| E|CS|TAMS 0x00000000ef700000| PB 0x00000000ef700000| Complete 
| 248|0x00000000ef800000, 0x00000000ef900000, 0x00000000ef900000|100%| E|CS|TAMS 0x00000000ef800000| PB 0x00000000ef800000| Complete 
| 249|0x00000000ef900000, 0x00000000efa00000, 0x00000000efa00000|100%| E|CS|TAMS 0x00000000ef900000| PB 0x00000000ef900000| Complete 
| 250|0x00000000efa00000, 0x00000000efb00000, 0x00000000efb00000|100%| E|CS|TAMS 0x00000000efa00000| PB 0x00000000efa00000| Complete 
| 251|0x00000000efb00000, 0x00000000efc00000, 0x00000000efc00000|100%| E|CS|TAMS 0x00000000efb00000| PB 0x00000000efb00000| Complete 
| 252|0x00000000efc00000, 0x00000000efd00000, 0x00000000efd00000|100%| E|CS|TAMS 0x00000000efc00000| PB 0x00000000efc00000| Complete 
| 253|0x00000000efd00000, 0x00000000efe00000, 0x00000000efe00000|100%| E|CS|TAMS 0x00000000efd00000| PB 0x00000000efd00000| Complete 
| 254|0x00000000efe00000, 0x00000000eff00000, 0x00000000eff00000|100%| E|CS|TAMS 0x00000000efe00000| PB 0x00000000efe00000| Complete 
| 255|0x00000000eff00000, 0x00000000f0000000, 0x00000000f0000000|100%| E|CS|TAMS 0x00000000eff00000| PB 0x00000000eff00000| Complete 

Card table byte_map: [0x000001a26cd60000,0x000001a26ce60000] _byte_map_base: 0x000001a26c660000

Marking Bits: (CMBitMap*) 0x000001a25505b050
 Bits: [0x000001a26ce60000, 0x000001a26d660000)

Polling page: 0x000001a252b70000

Metaspace:

Usage:
  Non-class:     28.63 MB used.
      Class:      4.50 MB used.
       Both:     33.14 MB used.

Virtual space:
  Non-class space:       64.00 MB reserved,      29.12 MB ( 46%) committed,  1 nodes.
      Class space:      320.00 MB reserved,       5.00 MB (  2%) committed,  1 nodes.
             Both:      384.00 MB reserved,      34.12 MB (  9%) committed. 

Chunk freelists:
   Non-Class:  2.31 MB
       Class:  10.81 MB
        Both:  13.12 MB

MaxMetaspaceSize: 384.00 MB
CompressedClassSpaceSize: 320.00 MB
Initial GC threshold: 21.00 MB
Current GC threshold: 35.12 MB
CDS: on
 - commit_granule_bytes: 65536.
 - commit_granule_words: 8192.
 - virtual_space_node_default_size: 8388608.
 - enlarge_chunks_in_place: 1.
 - use_allocation_guard: 0.


Internal statistics:

num_allocs_failed_limit: 3.
num_arena_births: 1666.
num_arena_deaths: 0.
num_vsnodes_births: 2.
num_vsnodes_deaths: 0.
num_space_committed: 546.
num_space_uncommitted: 0.
num_chunks_returned_to_freelist: 3.
num_chunks_taken_from_freelist: 3106.
num_chunk_merges: 3.
num_chunk_splits: 2020.
num_chunks_enlarged: 1265.
num_inconsistent_stats: 0.

CodeHeap 'non-profiled nmethods': size=120000Kb used=2214Kb max_used=2214Kb free=117785Kb
 bounds [0x000001a2651e0000, 0x000001a265450000, 0x000001a26c710000]
CodeHeap 'profiled nmethods': size=120000Kb used=8066Kb max_used=8066Kb free=111933Kb
 bounds [0x000001a25d710000, 0x000001a25df00000, 0x000001a264c40000]
CodeHeap 'non-nmethods': size=5760Kb used=2121Kb max_used=2131Kb free=3638Kb
 bounds [0x000001a264c40000, 0x000001a264eb0000, 0x000001a2651e0000]
 total_blobs=4769 nmethods=4074 adapters=598
 compilation: enabled
              stopped_count=0, restarted_count=0
 full_count=0

Compilation events (20 events):
Event: 5.930 Thread 0x000001a2702d88b0 4069       3       java.lang.Thread::isVirtual (5 bytes)
Event: 5.930 Thread 0x000001a2702d88b0 nmethod 4069 0x000001a25dee5690 code [0x000001a25dee5840, 0x000001a25dee5a48]
Event: 5.961 Thread 0x000001a2702d88b0 4070       3       java.util.concurrent.locks.AbstractQueuedSynchronizer$Node::<init> (5 bytes)
Event: 5.961 Thread 0x000001a2702d88b0 nmethod 4070 0x000001a25dee5b10 code [0x000001a25dee5cc0, 0x000001a25dee5e28]
Event: 6.255 Thread 0x000001a2702d88b0 4071       3       java.util.concurrent.locks.ReentrantLock$NonfairSync::tryAcquire (27 bytes)
Event: 6.255 Thread 0x000001a2702d88b0 nmethod 4071 0x000001a25dee5f10 code [0x000001a25dee60e0, 0x000001a25dee6360]
Event: 6.270 Thread 0x000001a2702d88b0 4072   !   3       java.util.concurrent.locks.AbstractQueuedSynchronizer::tryInitializeHead (66 bytes)
Event: 6.270 Thread 0x000001a2702d88b0 nmethod 4072 0x000001a25dee6410 code [0x000001a25dee6600, 0x000001a25dee6ba0]
Event: 6.301 Thread 0x000001a2702d88b0 4073   !   3       java.util.concurrent.locks.AbstractQueuedSynchronizer$ConditionObject::newConditionNode (78 bytes)
Event: 6.301 Thread 0x000001a2702d88b0 nmethod 4073 0x000001a25dee6d10 code [0x000001a25dee6f80, 0x000001a25dee7760]
Event: 6.301 Thread 0x000001a2702d88b0 4074       3       java.util.concurrent.locks.AbstractQueuedSynchronizer$ConditionNode::<init> (5 bytes)
Event: 6.301 Thread 0x000001a2702d88b0 nmethod 4074 0x000001a25dee7a10 code [0x000001a25dee7bc0, 0x000001a25dee7d88]
Event: 6.331 Thread 0x000001a2702d88b0 4075       3       jdk.internal.misc.Unsafe::getAndBitwiseAndInt (27 bytes)
Event: 6.331 Thread 0x000001a2702d88b0 nmethod 4075 0x000001a25dee7e90 code [0x000001a25dee8040, 0x000001a25dee8270]
Event: 6.331 Thread 0x000001a2702d88b0 4076       3       java.lang.ThreadLocal::set (18 bytes)
Event: 6.332 Thread 0x000001a2702d88b0 nmethod 4076 0x000001a25dee8390 code [0x000001a25dee8560, 0x000001a25dee8938]
Event: 6.362 Thread 0x000001a2702d88b0 4077       3       java.util.concurrent.locks.AbstractQueuedSynchronizer$Node::getAndUnsetStatus (14 bytes)
Event: 6.362 Thread 0x000001a2702d88b0 nmethod 4077 0x000001a25dee8a90 code [0x000001a25dee8c60, 0x000001a25dee8f00]
Event: 6.408 Thread 0x000001a2702d88b0 4078   !   3       java.util.concurrent.locks.AbstractQueuedSynchronizer::acquire (424 bytes)
Event: 6.735 Thread 0x000001a2702d88b0 nmethod 4078 0x000001a25dee9010 code [0x000001a25dee93e0, 0x000001a25deead40]

GC Heap History (8 events):
Event: 0.245 GC heap before
{Heap before GC invocations=0 (full 0):
 garbage-first heap   total 262144K, used 22528K [0x00000000e0000000, 0x0000000100000000)
  region size 1024K, 23 young (23552K), 0 survivors (0K)
 Metaspace       used 916K, committed 1024K, reserved 393216K
  class space    used 69K, committed 128K, reserved 327680K
}
Event: 0.248 GC heap after
{Heap after GC invocations=1 (full 0):
 garbage-first heap   total 262144K, used 1618K [0x00000000e0000000, 0x0000000100000000)
  region size 1024K, 2 young (2048K), 2 survivors (2048K)
 Metaspace       used 916K, committed 1024K, reserved 393216K
  class space    used 69K, committed 128K, reserved 327680K
}
Event: 0.656 GC heap before
{Heap before GC invocations=1 (full 0):
 garbage-first heap   total 262144K, used 40530K [0x00000000e0000000, 0x0000000100000000)
  region size 1024K, 38 young (38912K), 2 survivors (2048K)
 Metaspace       used 4364K, committed 4544K, reserved 393216K
  class space    used 539K, committed 640K, reserved 327680K
}
Event: 0.660 GC heap after
{Heap after GC invocations=2 (full 0):
 garbage-first heap   total 262144K, used 11122K [0x00000000e0000000, 0x0000000100000000)
  region size 1024K, 5 young (5120K), 5 survivors (5120K)
 Metaspace       used 4364K, committed 4544K, reserved 393216K
  class space    used 539K, committed 640K, reserved 327680K
}
Event: 1.189 GC heap before
{Heap before GC invocations=2 (full 0):
 garbage-first heap   total 262144K, used 64370K [0x00000000e0000000, 0x0000000100000000)
  region size 1024K, 55 young (56320K), 5 survivors (5120K)
 Metaspace       used 5489K, committed 5696K, reserved 393216K
  class space    used 716K, committed 832K, reserved 327680K
}
Event: 1.195 GC heap after
{Heap after GC invocations=3 (full 0):
 garbage-first heap   total 262144K, used 17552K [0x00000000e0000000, 0x0000000100000000)
  region size 1024K, 5 young (5120K), 5 survivors (5120K)
 Metaspace       used 5489K, committed 5696K, reserved 393216K
  class space    used 716K, committed 832K, reserved 327680K
}
Event: 4.832 GC heap before
{Heap before GC invocations=3 (full 0):
 garbage-first heap   total 262144K, used 109712K [0x00000000e0000000, 0x0000000100000000)
  region size 1024K, 96 young (98304K), 5 survivors (5120K)
 Metaspace       used 20823K, committed 21504K, reserved 393216K
  class space    used 2984K, committed 3328K, reserved 327680K
}
Event: 4.838 GC heap after
{Heap after GC invocations=4 (full 0):
 garbage-first heap   total 262144K, used 24288K [0x00000000e0000000, 0x0000000100000000)
  region size 1024K, 12 young (12288K), 12 survivors (12288K)
 Metaspace       used 20823K, committed 21504K, reserved 393216K
  class space    used 2984K, committed 3328K, reserved 327680K
}

Dll operation events (15 events):
Event: 0.010 Loaded shared library C:\Users\cesarr\AppData\Local\Programs\Eclipse Adoptium\jdk-21.0.7.6-hotspot\bin\java.dll
Event: 0.030 Loaded shared library C:\Users\cesarr\AppData\Local\Programs\Eclipse Adoptium\jdk-21.0.7.6-hotspot\bin\jsvml.dll
Event: 0.057 Loaded shared library C:\Users\cesarr\AppData\Local\Programs\Eclipse Adoptium\jdk-21.0.7.6-hotspot\bin\zip.dll
Event: 0.061 Loaded shared library C:\Users\cesarr\AppData\Local\Programs\Eclipse Adoptium\jdk-21.0.7.6-hotspot\bin\instrument.dll
Event: 0.065 Loaded shared library C:\Users\cesarr\AppData\Local\Programs\Eclipse Adoptium\jdk-21.0.7.6-hotspot\bin\net.dll
Event: 0.066 Loaded shared library C:\Users\cesarr\AppData\Local\Programs\Eclipse Adoptium\jdk-21.0.7.6-hotspot\bin\nio.dll
Event: 0.068 Loaded shared library C:\Users\cesarr\AppData\Local\Programs\Eclipse Adoptium\jdk-21.0.7.6-hotspot\bin\zip.dll
Event: 0.232 Loaded shared library C:\Users\cesarr\AppData\Local\Programs\Eclipse Adoptium\jdk-21.0.7.6-hotspot\bin\jimage.dll
Event: 0.316 Loaded shared library C:\Users\cesarr\AppData\Local\Programs\Eclipse Adoptium\jdk-21.0.7.6-hotspot\bin\verify.dll
Event: 0.371 Loaded shared library C:\Users\cesarr\.gradle\native\1def1411415f61bf3af743bc5b6707747c0891f09f0c88961ee8f79bc544acac\windows-amd64\native-platform.dll
Event: 0.384 Loaded shared library C:\Users\cesarr\.gradle\native\0.2.7\x86_64-windows-gnu\gradle-fileevents.dll
Event: 1.292 Loaded shared library C:\Users\cesarr\AppData\Local\Programs\Eclipse Adoptium\jdk-21.0.7.6-hotspot\bin\management.dll
Event: 1.293 Loaded shared library C:\Users\cesarr\AppData\Local\Programs\Eclipse Adoptium\jdk-21.0.7.6-hotspot\bin\management_ext.dll
Event: 1.412 Loaded shared library C:\Users\cesarr\AppData\Local\Programs\Eclipse Adoptium\jdk-21.0.7.6-hotspot\bin\extnet.dll
Event: 1.557 Loaded shared library C:\Users\cesarr\AppData\Local\Programs\Eclipse Adoptium\jdk-21.0.7.6-hotspot\bin\sunmscapi.dll

Deoptimization events (20 events):
Event: 5.539 Thread 0x000001a276055f30 Uncommon trap: trap_request=0xffffff6e fr.pc=0x000001a2653f2ac8 relative=0x0000000000000808
Event: 5.539 Thread 0x000001a276055f30 Uncommon trap: reason=loop_limit_check action=maybe_recompile pc=0x000001a2653f2ac8 method=java.util.regex.Pattern$Start.match(Ljava/util/regex/Matcher;ILjava/lang/CharSequence;)Z @ 34 c2
Event: 5.539 Thread 0x000001a276055f30 DEOPT PACKING pc=0x000001a2653f2ac8 sp=0x00000064955f8e00
Event: 5.539 Thread 0x000001a276055f30 DEOPT UNPACKING pc=0x000001a264c97da2 sp=0x00000064955f8d70 mode 2
Event: 5.670 Thread 0x000001a276055f30 Uncommon trap: trap_request=0xffffffc6 fr.pc=0x000001a265401b58 relative=0x0000000000000238
Event: 5.670 Thread 0x000001a276055f30 Uncommon trap: reason=bimorphic_or_optimized_type_check action=maybe_recompile pc=0x000001a265401b58 method=java.util.stream.ReferencePipeline.forEachWithCancel(Ljava/util/Spliterator;Ljava/util/stream/Sink;)Z @ 1 c2
Event: 5.670 Thread 0x000001a276055f30 DEOPT PACKING pc=0x000001a265401b58 sp=0x00000064955f9c90
Event: 5.670 Thread 0x000001a276055f30 DEOPT UNPACKING pc=0x000001a264c97da2 sp=0x00000064955f9c20 mode 2
Event: 5.721 Thread 0x000001a276055f30 Uncommon trap: trap_request=0xffffffde fr.pc=0x000001a2651f0fc8 relative=0x00000000000001a8
Event: 5.721 Thread 0x000001a276055f30 Uncommon trap: reason=class_check action=maybe_recompile pc=0x000001a2651f0fc8 method=java.lang.String.equals(Ljava/lang/Object;)Z @ 8 c2
Event: 5.721 Thread 0x000001a276055f30 DEOPT PACKING pc=0x000001a2651f0fc8 sp=0x00000064955fada0
Event: 5.721 Thread 0x000001a276055f30 DEOPT UNPACKING pc=0x000001a264c97da2 sp=0x00000064955fad38 mode 2
Event: 5.722 Thread 0x000001a276055f30 Uncommon trap: trap_request=0xffffffde fr.pc=0x000001a2651f0fc8 relative=0x00000000000001a8
Event: 5.722 Thread 0x000001a276055f30 Uncommon trap: reason=class_check action=maybe_recompile pc=0x000001a2651f0fc8 method=java.lang.String.equals(Ljava/lang/Object;)Z @ 8 c2
Event: 5.722 Thread 0x000001a276055f30 DEOPT PACKING pc=0x000001a2651f0fc8 sp=0x00000064955faad0
Event: 5.722 Thread 0x000001a276055f30 DEOPT UNPACKING pc=0x000001a264c97da2 sp=0x00000064955faa68 mode 2
Event: 6.331 Thread 0x000001a275ecb450 Uncommon trap: trap_request=0xffffffc6 fr.pc=0x000001a265401b88 relative=0x0000000000000268
Event: 6.331 Thread 0x000001a275ecb450 Uncommon trap: reason=bimorphic_or_optimized_type_check action=maybe_recompile pc=0x000001a265401b88 method=java.util.stream.Sink$ChainedReference.cancellationRequested()Z @ 4 c2
Event: 6.331 Thread 0x000001a275ecb450 DEOPT PACKING pc=0x000001a265401b88 sp=0x00000064950fe900
Event: 6.735 Thread 0x000001a275ecb450 DEOPT UNPACKING pc=0x000001a264c97da2 sp=0x00000064950fe830 mode 2

Classes loaded (20 events):
Event: 5.545 Loading class java/util/function/BooleanSupplier
Event: 5.545 Loading class java/util/function/BooleanSupplier done
Event: 5.545 Loading class jdk/internal/jimage/ImageReader$Resource
Event: 5.545 Loading class jdk/internal/jimage/ImageReader$Resource done
Event: 5.582 Loading class java/util/WeakHashMap$KeyIterator
Event: 5.583 Loading class java/util/WeakHashMap$HashIterator
Event: 5.583 Loading class java/util/WeakHashMap$HashIterator done
Event: 5.583 Loading class java/util/WeakHashMap$KeyIterator done
Event: 5.608 Loading class sun/nio/fs/WindowsPath$1
Event: 5.608 Loading class sun/nio/fs/WindowsPath$1 done
Event: 5.608 Loading class sun/nio/fs/WindowsException
Event: 5.608 Loading class sun/nio/fs/WindowsException done
Event: 5.632 Loading class java/util/Collections$SynchronizedRandomAccessList
Event: 5.632 Loading class java/util/Collections$SynchronizedList
Event: 5.632 Loading class java/util/Collections$SynchronizedList done
Event: 5.632 Loading class java/util/Collections$SynchronizedRandomAccessList done
Event: 5.644 Loading class java/lang/invoke/BoundMethodHandle$Species_LLLLLLLLLLLLLLLLLLLLLLLLL
Event: 5.644 Loading class java/lang/invoke/BoundMethodHandle$Species_LLLLLLLLLLLLLLLLLLLLLLLLL done
Event: 5.645 Loading class java/lang/invoke/BoundMethodHandle$Species_LLLLLLLLLLLLLLLLLLLLLLLLLL
Event: 5.645 Loading class java/lang/invoke/BoundMethodHandle$Species_LLLLLLLLLLLLLLLLLLLLLLLLLL done

Classes unloaded (0 events):
No events

Classes redefined (0 events):
No events

Internal exceptions (20 events):
Event: 5.453 Thread 0x000001a276055f30 Exception <a 'java/lang/ClassNotFoundException'{0x00000000ec940b88}: java/lang/ObjectCustomizer> (0x00000000ec940b88) 
thrown [s\src\hotspot\share\classfile\systemDictionary.cpp, line 312]
Event: 5.457 Thread 0x000001a276055f30 Exception <a 'java/lang/IncompatibleClassChangeError'{0x00000000ec950e70}: Found class java.lang.Object, but interface was expected> (0x00000000ec950e70) 
thrown [s\src\hotspot\share\interpreter\linkResolver.cpp, line 840]
Event: 5.460 Thread 0x000001a276055f30 Exception <a 'java/lang/ClassNotFoundException'{0x00000000ec96cbf8}: groovy/lang/MetaClassImplCustomizer> (0x00000000ec96cbf8) 
thrown [s\src\hotspot\share\classfile\systemDictionary.cpp, line 312]
Event: 5.461 Thread 0x000001a276055f30 Exception <a 'java/lang/ClassNotFoundException'{0x00000000ec995600}: groovy/lang/ExpandoMetaClassCustomizer> (0x00000000ec995600) 
thrown [s\src\hotspot\share\classfile\systemDictionary.cpp, line 312]
Event: 5.586 Thread 0x000001a276055f30 Exception <a 'java/lang/ClassNotFoundException'{0x00000000eaf37ad0}: org/gradle/internal/extensibility/DefaultExtraPropertiesExtensionBeanInfo> (0x00000000eaf37ad0) 
thrown [s\src\hotspot\share\classfile\systemDictionary.cpp, line 312]
Event: 5.586 Thread 0x000001a276055f30 Exception <a 'java/lang/ClassNotFoundException'{0x00000000eaf40478}: groovy/lang/GroovyObjectSupportBeanInfo> (0x00000000eaf40478) 
thrown [s\src\hotspot\share\classfile\systemDictionary.cpp, line 312]
Event: 5.586 Thread 0x000001a276055f30 Exception <a 'java/lang/ClassNotFoundException'{0x00000000eaf48e28}: groovy/lang/GroovyObjectSupportCustomizer> (0x00000000eaf48e28) 
thrown [s\src\hotspot\share\classfile\systemDictionary.cpp, line 312]
Event: 5.588 Thread 0x000001a276055f30 Exception <a 'java/lang/ClassNotFoundException'{0x00000000eaf634a8}: org/gradle/internal/extensibility/DefaultExtraPropertiesExtensionCustomizer> (0x00000000eaf634a8) 
thrown [s\src\hotspot\share\classfile\systemDictionary.cpp, line 312]
Event: 5.590 Thread 0x000001a276055f30 Exception <a 'java/lang/IncompatibleClassChangeError'{0x00000000eaf85438}: Found class java.lang.Object, but interface was expected> (0x00000000eaf85438) 
thrown [s\src\hotspot\share\interpreter\linkResolver.cpp, line 840]
Event: 5.608 Thread 0x000001a276055f30 Exception <a 'sun/nio/fs/WindowsException'{0x00000000eae67998}> (0x00000000eae67998) 
thrown [s\src\hotspot\share\prims\jni.cpp, line 520]
Event: 5.609 Thread 0x000001a276055f30 Exception <a 'sun/nio/fs/WindowsException'{0x00000000eae68ec0}> (0x00000000eae68ec0) 
thrown [s\src\hotspot\share\prims\jni.cpp, line 520]
Event: 5.609 Thread 0x000001a276055f30 Exception <a 'sun/nio/fs/WindowsException'{0x00000000eae6a390}> (0x00000000eae6a390) 
thrown [s\src\hotspot\share\prims\jni.cpp, line 520]
Event: 5.609 Thread 0x000001a276055f30 Exception <a 'sun/nio/fs/WindowsException'{0x00000000eae6b488}> (0x00000000eae6b488) 
thrown [s\src\hotspot\share\prims\jni.cpp, line 520]
Event: 5.624 Thread 0x000001a276055f30 Exception <a 'java/lang/NoSuchMethodError'{0x00000000eadad0a0}: 'java.lang.Object java.lang.invoke.Invokers$Holder.invoker(java.lang.Object, java.lang.Object, java.lang.Object, java.lang.Object, java.lang.Object, java.lang.Object)'> (0x00000000eadad0a0) 
thrown [s\src\hotspot\share\interpreter\linkResolver.cpp, line 773]
Event: 5.642 Thread 0x000001a276055f30 Exception <a 'java/lang/NoSuchMethodError'{0x00000000eaccddb8}: 'java.lang.Object java.lang.invoke.DirectMethodHandle$Holder.invokeSpecial(java.lang.Object, java.lang.Object, java.lang.Object, java.lang.Object, java.lang.Object, java.lang.Object, java.lang.Object, java.lang.Object, java.lang.Object, java.lang.Object, java.lang.Object, java.lang.Object, java.lang.Object, java.lang.Object, java.lang.Object, java.lang.Object, java.lang.Object, java.lang.Object, java.lang.Object, java.lang.Object, java.lang.Ob
Event: 5.642 Thread 0x000001a276055f30 Exception <a 'java/lang/NoSuchMethodError'{0x00000000eacd3e90}: 'java.lang.Object java.lang.invoke.DelegatingMethodHandle$Holder.reinvoke_L(java.lang.Object, java.lang.Object, java.lang.Object, java.lang.Object, java.lang.Object, java.lang.Object, java.lang.Object, java.lang.Object, java.lang.Object, java.lang.Object, java.lang.Object, java.lang.Object, java.lang.Object, java.lang.Object, java.lang.Object, java.lang.Object, java.lang.Object, java.lang.Object, java.lang.Object, java.lang.Object, java.lang.O
Event: 5.642 Thread 0x000001a276055f30 Exception <a 'java/lang/NoSuchMethodError'{0x00000000eacdf078}: 'java.lang.Object java.lang.invoke.Invokers$Holder.invoker(java.lang.Object, java.lang.Object, java.lang.Object, java.lang.Object, java.lang.Object, java.lang.Object, java.lang.Object, java.lang.Object, java.lang.Object, java.lang.Object, java.lang.Object, java.lang.Object, java.lang.Object, java.lang.Object, java.lang.Object, java.lang.Object, java.lang.Object, java.lang.Object, java.lang.Object, java.lang.Object, java.lang.Object, java.lang.
Event: 5.642 Thread 0x000001a276055f30 Exception <a 'java/lang/NoSuchMethodError'{0x00000000eace5a00}: 'java.lang.Object java.lang.invoke.DelegatingMethodHandle$Holder.delegate(java.lang.Object, java.lang.Object, java.lang.Object, java.lang.Object, java.lang.Object, java.lang.Object, java.lang.Object, java.lang.Object, java.lang.Object, java.lang.Object, java.lang.Object, java.lang.Object, java.lang.Object, java.lang.Object, java.lang.Object, java.lang.Object, java.lang.Object, java.lang.Object, java.lang.Object, java.lang.Object, java.lang.Obj
Event: 5.645 Thread 0x000001a276055f30 Exception <a 'java/lang/NoSuchMethodError'{0x00000000eabba5e0}: 'java.lang.Object java.lang.invoke.DirectMethodHandle$Holder.invokeStatic(java.lang.Object, java.lang.Object, java.lang.Object, java.lang.Object, java.lang.Object, java.lang.Object, java.lang.Object, java.lang.Object, java.lang.Object, java.lang.Object, java.lang.Object, java.lang.Object, java.lang.Object, java.lang.Object, java.lang.Object, java.lang.Object, java.lang.Object, java.lang.Object, java.lang.Object, java.lang.Object, java.lang.Obj
Event: 5.646 Thread 0x000001a276055f30 Exception <a 'java/lang/NoSuchMethodError'{0x00000000eabefac0}: 'java.lang.Object java.lang.invoke.DirectMethodHandle$Holder.invokeStatic(java.lang.Object, java.lang.Object, java.lang.Object, java.lang.Object, java.lang.Object, java.lang.Object, java.lang.Object, java.lang.Object, java.lang.Object, java.lang.Object, java.lang.Object, java.lang.Object, java.lang.Object, java.lang.Object, java.lang.Object, java.lang.Object, java.lang.Object, java.lang.Object, java.lang.Object, java.lang.Object, java.lang.Obj

ZGC Phase Switch (0 events):
No events

VM Operations (20 events):
Event: 5.293 Executing VM operation: HandshakeAllThreads (Deoptimize) done
Event: 5.296 Executing VM operation: ICBufferFull
Event: 5.296 Executing VM operation: ICBufferFull done
Event: 5.384 Executing VM operation: HandshakeAllThreads (Deoptimize)
Event: 5.384 Executing VM operation: HandshakeAllThreads (Deoptimize) done
Event: 5.428 Executing VM operation: HandshakeAllThreads (Deoptimize)
Event: 5.429 Executing VM operation: HandshakeAllThreads (Deoptimize) done
Event: 5.496 Executing VM operation: HandshakeAllThreads (Deoptimize)
Event: 5.496 Executing VM operation: HandshakeAllThreads (Deoptimize) done
Event: 5.496 Executing VM operation: HandshakeAllThreads (Deoptimize)
Event: 5.496 Executing VM operation: HandshakeAllThreads (Deoptimize) done
Event: 5.500 Executing VM operation: HandshakeAllThreads (Deoptimize)
Event: 5.500 Executing VM operation: HandshakeAllThreads (Deoptimize) done
Event: 5.543 Executing VM operation: HandshakeAllThreads (Deoptimize)
Event: 5.543 Executing VM operation: HandshakeAllThreads (Deoptimize) done
Event: 5.554 Executing VM operation: ICBufferFull
Event: 5.554 Executing VM operation: ICBufferFull done
Event: 5.661 Executing VM operation: HandshakeAllThreads (Deoptimize)
Event: 5.661 Executing VM operation: HandshakeAllThreads (Deoptimize) done
Event: 6.673 Executing VM operation: Cleanup

Memory protections (0 events):
No events

Nmethod flushes (0 events):
No events

Events (20 events):
Event: 0.220 Thread 0x000001a2702d88b0 Thread added: 0x000001a270659110
Event: 1.332 Thread 0x000001a252beea20 Thread added: 0x000001a275ecb450
Event: 1.500 Thread 0x000001a252beea20 Thread added: 0x000001a275e374b0
Event: 1.541 Thread 0x000001a252beea20 Thread added: 0x000001a275d720a0
Event: 1.602 Thread 0x000001a275e374b0 Thread added: 0x000001a275f5db30
Event: 1.605 Thread 0x000001a275f5db30 Thread added: 0x000001a275f5e190
Event: 2.332 Thread 0x000001a270659110 Thread exited: 0x000001a270659110
Event: 2.632 Thread 0x000001a275f5db30 Thread added: 0x000001a2760549e0
Event: 2.637 Thread 0x000001a275f5db30 Thread added: 0x000001a276055f30
Event: 2.644 Thread 0x000001a276055f30 Thread added: 0x000001a27606d520
Event: 2.648 Thread 0x000001a276055f30 Thread added: 0x000001a276087c50
Event: 2.650 Thread 0x000001a276055f30 Thread added: 0x000001a2760882e0
Event: 2.968 Thread 0x000001a276055f30 Thread added: 0x000001a276088970
Event: 2.974 Thread 0x000001a276055f30 Thread added: 0x000001a276089000
Event: 3.241 Thread 0x000001a276055f30 Thread added: 0x000001a27608a3b0
Event: 3.371 Thread 0x000001a2702d88b0 Thread added: 0x000001a276386f30
Event: 4.907 Thread 0x000001a276055f30 Thread added: 0x000001a2760875c0
Event: 4.931 Thread 0x000001a276055f30 Thread added: 0x000001a276089690
Event: 5.083 Thread 0x000001a276055f30 Thread added: 0x000001a276089d20
Event: 5.086 Thread 0x000001a276055f30 Thread added: 0x000001a276086f30


Dynamic libraries:
0x00007ff7d6ac0000 - 0x00007ff7d6ace000 	C:\Users\cesarr\AppData\Local\Programs\Eclipse Adoptium\jdk-21.0.7.6-hotspot\bin\java.exe
0x00007ffeb2f80000 - 0x00007ffeb31e9000 	C:\WINDOWS\SYSTEM32\ntdll.dll
0x00007ffeb1860000 - 0x00007ffeb1929000 	C:\WINDOWS\System32\KERNEL32.DLL
0x00007ffeb0770000 - 0x00007ffeb0b63000 	C:\WINDOWS\System32\KERNELBASE.dll
0x00007ffeb04a0000 - 0x00007ffeb05eb000 	C:\WINDOWS\System32\ucrtbase.dll
0x00007ffe8fc90000 - 0x00007ffe8fcae000 	C:\Users\cesarr\AppData\Local\Programs\Eclipse Adoptium\jdk-21.0.7.6-hotspot\bin\VCRUNTIME140.dll
0x00007ffe92a40000 - 0x00007ffe92a58000 	C:\Users\cesarr\AppData\Local\Programs\Eclipse Adoptium\jdk-21.0.7.6-hotspot\bin\jli.dll
0x00007ffeb23b0000 - 0x00007ffeb2574000 	C:\WINDOWS\System32\USER32.dll
0x00007ffeaf370000 - 0x00007ffeaf603000 	C:\WINDOWS\WinSxS\amd64_microsoft.windows.common-controls_6595b64144ccf1df_6.0.26100.5074_none_3e0d6f78e32fd63f\COMCTL32.dll
0x00007ffeb0470000 - 0x00007ffeb0497000 	C:\WINDOWS\System32\win32u.dll
0x00007ffeb2e10000 - 0x00007ffeb2eb9000 	C:\WINDOWS\System32\msvcrt.dll
0x00007ffeb2dd0000 - 0x00007ffeb2dfb000 	C:\WINDOWS\System32\GDI32.dll
0x00007ffeb0c20000 - 0x00007ffeb0d4d000 	C:\WINDOWS\System32\gdi32full.dll
0x00007ffeb0b70000 - 0x00007ffeb0c13000 	C:\WINDOWS\System32\msvcp_win.dll
0x00007ffeb1090000 - 0x00007ffeb10bf000 	C:\WINDOWS\System32\IMM32.DLL
0x00007ffe85fd0000 - 0x00007ffe860c2000 	C:\Program Files\Windhawk\Engine\1.6.1\64\windhawk.dll
0x00007ffeb2680000 - 0x00007ffeb2734000 	C:\WINDOWS\System32\ADVAPI32.dll
0x00007ffeb0fe0000 - 0x00007ffeb1086000 	C:\WINDOWS\System32\sechost.dll
0x00007ffeb2cb0000 - 0x00007ffeb2dc8000 	C:\WINDOWS\System32\RPCRT4.dll
0x00007ffe938e0000 - 0x00007ffe938ec000 	C:\Users\cesarr\AppData\Local\Programs\Eclipse Adoptium\jdk-21.0.7.6-hotspot\bin\vcruntime140_1.dll
0x00007ffe747d0000 - 0x00007ffe7485d000 	C:\Users\cesarr\AppData\Local\Programs\Eclipse Adoptium\jdk-21.0.7.6-hotspot\bin\msvcp140.dll
0x00007ffdc3870000 - 0x00007ffdc4600000 	C:\Users\cesarr\AppData\Local\Programs\Eclipse Adoptium\jdk-21.0.7.6-hotspot\bin\server\jvm.dll
0x00007ffeb1a60000 - 0x00007ffeb1ad4000 	C:\WINDOWS\System32\WS2_32.dll
0x00007ffeaff70000 - 0x00007ffeaffce000 	C:\WINDOWS\SYSTEM32\POWRPROF.dll
0x00007ffea6370000 - 0x00007ffea637b000 	C:\WINDOWS\SYSTEM32\VERSION.dll
0x00007ffea1bf0000 - 0x00007ffea1c25000 	C:\WINDOWS\SYSTEM32\WINMM.dll
0x00007ffeaff50000 - 0x00007ffeaff64000 	C:\WINDOWS\SYSTEM32\UMPDC.dll
0x00007ffeae5c0000 - 0x00007ffeae5db000 	C:\WINDOWS\SYSTEM32\kernel.appcore.dll
0x00007ffe93a70000 - 0x00007ffe93a7a000 	C:\Users\cesarr\AppData\Local\Programs\Eclipse Adoptium\jdk-21.0.7.6-hotspot\bin\jimage.dll
0x00007ffeaf8e0000 - 0x00007ffeafb22000 	C:\WINDOWS\SYSTEM32\DBGHELP.DLL
0x00007ffeb1af0000 - 0x00007ffeb1e6b000 	C:\WINDOWS\System32\combase.dll
0x00007ffeb2bd0000 - 0x00007ffeb2ca7000 	C:\WINDOWS\System32\OLEAUT32.dll
0x00007ffeaf7d0000 - 0x00007ffeaf80d000 	C:\WINDOWS\SYSTEM32\dbgcore.DLL
0x00007ffeb03d0000 - 0x00007ffeb0469000 	C:\WINDOWS\System32\bcryptPrimitives.dll
0x00007ffea8740000 - 0x00007ffea874f000 	C:\Users\cesarr\AppData\Local\Programs\Eclipse Adoptium\jdk-21.0.7.6-hotspot\bin\instrument.dll
0x00007ffe8f970000 - 0x00007ffe8f98f000 	C:\Users\cesarr\AppData\Local\Programs\Eclipse Adoptium\jdk-21.0.7.6-hotspot\bin\java.dll
0x00007ffeb1100000 - 0x00007ffeb184d000 	C:\WINDOWS\System32\SHELL32.dll
0x00007ffeb0260000 - 0x00007ffeb03cc000 	C:\WINDOWS\System32\wintypes.dll
0x00007ffead310000 - 0x00007ffeadb69000 	C:\WINDOWS\SYSTEM32\windows.storage.dll
0x00007ffeb2580000 - 0x00007ffeb2670000 	C:\WINDOWS\System32\SHCORE.dll
0x00007ffeb0d50000 - 0x00007ffeb0db2000 	C:\WINDOWS\System32\shlwapi.dll
0x00007ffeb0030000 - 0x00007ffeb0059000 	C:\WINDOWS\SYSTEM32\profapi.dll
0x00007ffe3ae80000 - 0x00007ffe3af57000 	C:\Users\cesarr\AppData\Local\Programs\Eclipse Adoptium\jdk-21.0.7.6-hotspot\bin\jsvml.dll
0x00007ffe87b00000 - 0x00007ffe87b18000 	C:\Users\cesarr\AppData\Local\Programs\Eclipse Adoptium\jdk-21.0.7.6-hotspot\bin\zip.dll
0x00007ffe90c80000 - 0x00007ffe90c90000 	C:\Users\cesarr\AppData\Local\Programs\Eclipse Adoptium\jdk-21.0.7.6-hotspot\bin\net.dll
0x00007ffea7580000 - 0x00007ffea769f000 	C:\WINDOWS\SYSTEM32\WINHTTP.dll
0x00007ffeaeb00000 - 0x00007ffeaeb6b000 	C:\WINDOWS\system32\mswsock.dll
0x00007ffe8c920000 - 0x00007ffe8c936000 	C:\Users\cesarr\AppData\Local\Programs\Eclipse Adoptium\jdk-21.0.7.6-hotspot\bin\nio.dll
0x00007ffe8fa90000 - 0x00007ffe8faa0000 	C:\Users\cesarr\AppData\Local\Programs\Eclipse Adoptium\jdk-21.0.7.6-hotspot\bin\verify.dll
0x00007ffe754c0000 - 0x00007ffe754e7000 	C:\Users\cesarr\.gradle\native\1def1411415f61bf3af743bc5b6707747c0891f09f0c88961ee8f79bc544acac\windows-amd64\native-platform.dll
0x00007ffe5c6e0000 - 0x00007ffe5c758000 	C:\Users\cesarr\.gradle\native\0.2.7\x86_64-windows-gnu\gradle-fileevents.dll
0x00007ffeaf820000 - 0x00007ffeaf82a000 	C:\Users\cesarr\AppData\Local\Programs\Eclipse Adoptium\jdk-21.0.7.6-hotspot\bin\management.dll
0x00007ffeaf810000 - 0x00007ffeaf81b000 	C:\Users\cesarr\AppData\Local\Programs\Eclipse Adoptium\jdk-21.0.7.6-hotspot\bin\management_ext.dll
0x00007ffeb1850000 - 0x00007ffeb1858000 	C:\WINDOWS\System32\PSAPI.DLL
0x00007ffeae0b0000 - 0x00007ffeae0e4000 	C:\WINDOWS\SYSTEM32\IPHLPAPI.DLL
0x00007ffeb2e00000 - 0x00007ffeb2e0a000 	C:\WINDOWS\System32\NSI.dll
0x00007ffea8750000 - 0x00007ffea8759000 	C:\Users\cesarr\AppData\Local\Programs\Eclipse Adoptium\jdk-21.0.7.6-hotspot\bin\extnet.dll
0x00007ffeafc50000 - 0x00007ffeafc6b000 	C:\WINDOWS\SYSTEM32\CRYPTSP.dll
0x00007ffeaeb70000 - 0x00007ffeaebab000 	C:\WINDOWS\system32\rsaenh.dll
0x00007ffeaebe0000 - 0x00007ffeaec0b000 	C:\WINDOWS\SYSTEM32\USERENV.dll
0x00007ffeb0000000 - 0x00007ffeb0026000 	C:\WINDOWS\SYSTEM32\bcrypt.dll
0x00007ffeaee10000 - 0x00007ffeaee1c000 	C:\WINDOWS\SYSTEM32\CRYPTBASE.dll
0x00007ffea8040000 - 0x00007ffea804e000 	C:\Users\cesarr\AppData\Local\Programs\Eclipse Adoptium\jdk-21.0.7.6-hotspot\bin\sunmscapi.dll
0x00007ffeaf1f0000 - 0x00007ffeaf220000 	C:\WINDOWS\SYSTEM32\ncrypt.dll
0x000001a277560000 - 0x000001a2776d7000 	C:\WINDOWS\System32\CRYPT32.dll
0x00007ffeaf0e0000 - 0x00007ffeaf11f000 	C:\WINDOWS\SYSTEM32\NTASN1.dll
0x00007ffe93a10000 - 0x00007ffe93a18000 	C:\WINDOWS\system32\wshunix.dll

dbghelp: loaded successfully - version: 4.0.5 - missing functions: none
symbol engine: initialized successfully - sym options: 0x614 - pdb path: .;C:\Users\cesarr\AppData\Local\Programs\Eclipse Adoptium\jdk-21.0.7.6-hotspot\bin;C:\WINDOWS\SYSTEM32;C:\WINDOWS\WinSxS\amd64_microsoft.windows.common-controls_6595b64144ccf1df_6.0.26100.5074_none_3e0d6f78e32fd63f;C:\Program Files\Windhawk\Engine\1.6.1\64;C:\Users\cesarr\AppData\Local\Programs\Eclipse Adoptium\jdk-21.0.7.6-hotspot\bin\server;C:\Users\cesarr\.gradle\native\1def1411415f61bf3af743bc5b6707747c0891f09f0c88961ee8f79bc544acac\windows-amd64;C:\Users\cesarr\.gradle\native\0.2.7\x86_64-windows-gnu

VM Arguments:
jvm_args: --add-opens=java.base/java.lang=ALL-UNNAMED --add-opens=java.base/java.lang.invoke=ALL-UNNAMED --add-opens=java.base/java.util=ALL-UNNAMED --add-opens=java.prefs/java.util.prefs=ALL-UNNAMED --add-exports=jdk.compiler/com.sun.tools.javac.api=ALL-UNNAMED --add-exports=jdk.compiler/com.sun.tools.javac.util=ALL-UNNAMED --add-opens=java.base/java.util=ALL-UNNAMED --add-opens=java.prefs/java.util.prefs=ALL-UNNAMED --add-opens=java.base/java.nio.charset=ALL-UNNAMED --add-opens=java.base/java.net=ALL-UNNAMED --add-opens=java.base/java.util.concurrent.atomic=ALL-UNNAMED --add-opens=java.xml/javax.xml.namespace=ALL-UNNAMED -XX:MaxMetaspaceSize=384m -XX:+HeapDumpOnOutOfMemoryError -Xms256m -Xmx512m -Dfile.encoding=UTF-8 -Duser.country=419 -Duser.language=es -Duser.variant -javaagent:C:\Users\cesarr\.gradle\wrapper\dists\gradle-8.14.3-bin\cv11ve7ro1n3o1j4so8xd9n66\gradle-8.14.3\lib\agents\gradle-instrumentation-agent-8.14.3.jar 
java_command: org.gradle.launcher.daemon.bootstrap.GradleDaemon 8.14.3
java_class_path (initial): C:\Users\cesarr\.gradle\wrapper\dists\gradle-8.14.3-bin\cv11ve7ro1n3o1j4so8xd9n66\gradle-8.14.3\lib\gradle-daemon-main-8.14.3.jar
Launcher Type: SUN_STANDARD

[Global flags]
     intx CICompilerCount                          = 4                                         {product} {ergonomic}
   size_t CompressedClassSpaceSize                 = 335544320                                 {product} {ergonomic}
     uint ConcGCThreads                            = 3                                         {product} {ergonomic}
     uint G1ConcRefinementThreads                  = 10                                        {product} {ergonomic}
   size_t G1HeapRegionSize                         = 1048576                                   {product} {ergonomic}
    uintx GCDrainStackTargetSize                   = 64                                        {product} {ergonomic}
     bool HeapDumpOnOutOfMemoryError               = true                                   {manageable} {command line}
   size_t InitialHeapSize                          = 268435456                                 {product} {command line}
   size_t MarkStackSize                            = 4194304                                   {product} {ergonomic}
   size_t MaxHeapSize                              = 536870912                                 {product} {command line}
   size_t MaxMetaspaceSize                         = 402653184                                 {product} {command line}
   size_t MaxNewSize                               = 321912832                                 {product} {ergonomic}
   size_t MinHeapDeltaBytes                        = 1048576                                   {product} {ergonomic}
   size_t MinHeapSize                              = 268435456                                 {product} {command line}
    uintx NonNMethodCodeHeapSize                   = 5839372                                {pd product} {ergonomic}
    uintx NonProfiledCodeHeapSize                  = 122909434                              {pd product} {ergonomic}
    uintx ProfiledCodeHeapSize                     = 122909434                              {pd product} {ergonomic}
    uintx ReservedCodeCacheSize                    = 251658240                              {pd product} {ergonomic}
     bool SegmentedCodeCache                       = true                                      {product} {ergonomic}
   size_t SoftMaxHeapSize                          = 536870912                              {manageable} {ergonomic}
     bool UseCompressedOops                        = true                           {product lp64_product} {ergonomic}
     bool UseG1GC                                  = true                                      {product} {ergonomic}
     bool UseLargePagesIndividualAllocation        = false                                  {pd product} {ergonomic}

Logging:
Log output configuration:
 #0: stdout all=warning uptime,level,tags foldmultilines=false
 #1: stderr all=off uptime,level,tags foldmultilines=false

Environment Variables:
PATH=c:\\Users\\cesarr\\.trae\\sdks\\workspaces\\238fd3bf\\versions\\node\\current;c:\\Users\\cesarr\\.trae\\sdks\\versions\\node\\current;c:\Users\cesarr\.trae\sdks\workspaces\238fd3bf\versions\node\current;c:\Users\cesarr\.trae\sdks\versions\node\current;C:\Users\cesarr\AppData\Local\Programs\Python\Python313\Scripts\;C:\Users\cesarr\AppData\Local\Programs\Python\Python313\;C:\windows\system32;C:\windows;C:\windows\System32\Wbem;C:\windows\System32\WindowsPowerShell\v1.0\;C:\windows\System32\OpenSSH\;C:\Program Files (x86)\NVIDIA Corporation\PhysX\Common;C:\Program Files\NVIDIA Corporation\NVIDIA NvDLISR;C:\Users\Administrator\AppData\Local\Microsoft\WindowsApps;C:\Program Files\HP\OMEN-Broadcast\Common;C:\Program Files\PuTTY\;C:\WINDOWS\system32;C:\WINDOWS;C:\WINDOWS\System32\Wbem;C:\WINDOWS\System32\WindowsPowerShell\v1.0\;C:\WINDOWS\System32\OpenSSH\;C:\Program Files\Git\cmd;C:\Program Files\nodejs\;C:\ProgramData\chocolatey\bin;C:\Users\cesarr\AppData\Local\Programs\Eclipse Adoptium\jdk-21.0.7.6-hotspot\bin;C:\Users\cesarr\AppData\Local\Microsoft\WindowsApps;C:\Users\cesarr\AppData\Local\Programs\Microsoft VS Code\bin;C:\ruta\completa\hasta\bin;C:\Users\cesarr\Downloads\x86_64-8.1.0-release-posix-seh-rt_v6-rev0\mingw64\bin;C:\Users\cesarr\AppData\Roaming\npm;c:\Users\cesarr\.trae\extensions\vscjava.vscode-java-debug-0.58.3-universal\bundled\scripts\noConfigScripts
USERNAME=cesarr
LANG=en_US.UTF-8
OS=Windows_NT
PROCESSOR_IDENTIFIER=AMD64 Family 25 Model 117 Stepping 2, AuthenticAMD
TMP=C:\Users\cesarr\AppData\Local\Temp
TEMP=C:\Users\cesarr\AppData\Local\Temp




Periodic native trim disabled

---------------  S Y S T E M  ---------------

OS:
 Windows 11 , 64 bit Build 26100 (10.0.26100.5074)
OS uptime: 0 days 3:18 hours
Hyper-V role detected

CPU: total 12 (initial active 12) (12 cores per cpu, 2 threads per core) family 25 model 117 stepping 2 microcode 0xa70520a, cx8, cmov, fxsr, ht, mmx, 3dnowpref, sse, sse2, sse3, ssse3, sse4a, sse4.1, sse4.2, popcnt, lzcnt, tsc, tscinvbit, avx, avx2, aes, erms, clmul, bmi1, bmi2, adx, avx512f, avx512dq, avx512cd, avx512bw, avx512vl, sha, fma, vzeroupper, avx512_vpopcntdq, avx512_vpclmulqdq, avx512_vaes, avx512_vnni, clflush, clflushopt, avx512_vbmi2, avx512_vbmi, hv, rdtscp, rdpid, fsrm, gfni, avx512_bitalg, f16c, cet_ss, avx512_ifma
Processor Information for processor 0
  Max Mhz: 4301, Current Mhz: 3430, Mhz Limit: 4301
Processor Information for processor 1
  Max Mhz: 4301, Current Mhz: 3430, Mhz Limit: 4301
Processor Information for processor 2
  Max Mhz: 4301, Current Mhz: 3430, Mhz Limit: 4301
Processor Information for processor 3
  Max Mhz: 4301, Current Mhz: 3430, Mhz Limit: 4301
Processor Information for processor 4
  Max Mhz: 4301, Current Mhz: 3430, Mhz Limit: 4301
Processor Information for processor 5
  Max Mhz: 4301, Current Mhz: 3430, Mhz Limit: 4301
Processor Information for processor 6
  Max Mhz: 4301, Current Mhz: 3430, Mhz Limit: 4301
Processor Information for processor 7
  Max Mhz: 4301, Current Mhz: 3430, Mhz Limit: 4301
Processor Information for processor 8
  Max Mhz: 4301, Current Mhz: 3430, Mhz Limit: 4301
Processor Information for processor 9
  Max Mhz: 4301, Current Mhz: 4301, Mhz Limit: 4301
Processor Information for processor 10
  Max Mhz: 4301, Current Mhz: 4301, Mhz Limit: 4301
Processor Information for processor 11
  Max Mhz: 4301, Current Mhz: 3430, Mhz Limit: 4301

Memory: 4k page, system-wide physical 7439M (539M free)
TotalPageFile size 29967M (AvailPageFile size 12M)
current process WorkingSet (physical memory assigned to process): 282M, peak: 282M
current process commit charge ("private bytes"): 464M, peak: 466M

vm_info: OpenJDK 64-Bit Server VM (21.0.7+6-LTS) for windows-amd64 JRE (21.0.7+6-LTS), built on 2025-04-15T00:00:00Z by "admin" with MS VC++ 17.7 (VS2022)

END.
