#
# There is insufficient memory for the Java Runtime Environment to continue.
# Native memory allocation (malloc) failed to allocate 2018256 bytes. Error detail: Chunk::new
# Possible reasons:
#   The system is out of physical RAM or swap space
#   This process is running with CompressedOops enabled, and the Java Heap may be blocking the growth of the native heap
# Possible solutions:
#   Reduce memory load on the system
#   Increase physical memory or swap space
#   Check if swap backing store is full
#   Decrease Java heap size (-Xmx/-Xms)
#   Decrease number of Java threads
#   Decrease Java thread stack sizes (-Xss)
#   Set larger code cache with -XX:ReservedCodeCacheSize=
#   JVM is running with Unscaled Compressed Oops mode in which the Java heap is
#     placed in the first 4GB address space. The Java Heap base address is the
#     maximum limit for the native heap growth. Please use -XX:HeapBaseMinAddress
#     to set the Java Heap base and to place the Java Heap above 4GB virtual address.
# This output file may be truncated or incomplete.
#
#  Out of Memory Error (arena.cpp:162), pid=5072, tid=9712
#
# JRE version: OpenJDK Runtime Environment (24.0.2+12) (build 24.0.2+12-54)
# Java VM: OpenJDK 64-Bit Server VM (24.0.2+12-54, mixed mode, sharing, tiered, compressed oops, compressed class ptrs, parallel gc, windows-amd64)
# No core dump will be written. Minidumps are not enabled by default on client versions of Windows
#

---------------  S U M M A R Y ------------

Command Line: --add-opens=java.base/java.lang=ALL-UNNAMED --add-opens=java.base/java.lang.invoke=ALL-UNNAMED --add-opens=java.base/java.util=ALL-UNNAMED --add-opens=java.prefs/java.util.prefs=ALL-UNNAMED --add-exports=jdk.compiler/com.sun.tools.javac.api=ALL-UNNAMED --add-exports=jdk.compiler/com.sun.tools.javac.util=ALL-UNNAMED --add-opens=java.base/java.util=ALL-UNNAMED --add-opens=java.prefs/java.util.prefs=ALL-UNNAMED --add-opens=java.base/java.nio.charset=ALL-UNNAMED --add-opens=java.base/java.net=ALL-UNNAMED --add-opens=java.base/java.util.concurrent.atomic=ALL-UNNAMED --add-opens=java.xml/javax.xml.namespace=ALL-UNNAMED --enable-native-access=ALL-UNNAMED -XX:+UseParallelGC -Xms128m -Xmx1024m -Dfile.encoding=UTF-8 -Duser.country=419 -Duser.language=es -Duser.variant -javaagent:C:\Users\cesarr\.gradle\wrapper\dists\gradle-8.14.3-bin\cv11ve7ro1n3o1j4so8xd9n66\gradle-8.14.3\lib\agents\gradle-instrumentation-agent-8.14.3.jar org.gradle.launcher.daemon.bootstrap.GradleDaemon 8.14.3

Host: AMD Ryzen 5 8645HS w/ Radeon 760M Graphics, 12 cores, 7G,  Windows 11 , 64 bit Build 26100 (10.0.26100.5074)
Time: Tue Dec  2 03:52:44 2025 Hora estándar central (México) elapsed time: 4.481175 seconds (0d 0h 0m 4s)

---------------  T H R E A D  ---------------

Current thread (0x000001b40d61de40):  JavaThread "C2 CompilerThread1" daemon [_thread_in_native, id=9712, stack(0x0000005f77d00000,0x0000005f77e00000) (1024K)]


Current CompileTask:
C2:4481 3795   !   4       java.lang.ClassLoader::loadClass (121 bytes)

Stack: [0x0000005f77d00000,0x0000005f77e00000]
Native frames: (J=compiled Java code, j=interpreted, Vv=VM code, C=native code)
V  [jvm.dll+0x730829]  (no source info available)
V  [jvm.dll+0x8d9da3]  (no source info available)
V  [jvm.dll+0x8dc28d]  (no source info available)
V  [jvm.dll+0x8dc903]  (no source info available)
V  [jvm.dll+0x2a9f56]  (no source info available)
V  [jvm.dll+0xced7f]  (no source info available)
V  [jvm.dll+0xcefdf]  (no source info available)
V  [jvm.dll+0x3f3642]  (no source info available)
V  [jvm.dll+0x205d7f]  (no source info available)
V  [jvm.dll+0x26f6b0]  (no source info available)
V  [jvm.dll+0x26e8ff]  (no source info available)
V  [jvm.dll+0x1e9c90]  (no source info available)
V  [jvm.dll+0x27e0cb]  (no source info available)
V  [jvm.dll+0x27c36a]  (no source info available)
V  [jvm.dll+0x42f396]  (no source info available)
V  [jvm.dll+0x87d9eb]  (no source info available)
V  [jvm.dll+0x72ef45]  (no source info available)
C  [ucrtbase.dll+0x37b0]  (no source info available)
C  [KERNEL32.DLL+0x2e8d7]  (no source info available)
C  [ntdll.dll+0x8d9c]  (no source info available)

Lock stack of current Java thread (top to bottom):


---------------  P R O C E S S  ---------------

Threads class SMR info:
_java_thread_list=0x000001b40ed4e390, length=31, elements={
0x000001b3a8efd3e0, 0x000001b3c3bf6640, 0x000001b3c3bf7630, 0x000001b3aab01f70,
0x000001b3aab046c0, 0x000001b3aab07980, 0x000001b3aab097a0, 0x000001b3aab150a0,
0x000001b3aab1c5d0, 0x000001b4063aa700, 0x000001b406408d10, 0x000001b40cf3dae0,
0x000001b40cfbb7d0, 0x000001b40cfeab90, 0x000001b40cf8c510, 0x000001b40cc23ec0,
0x000001b40cc24610, 0x000001b40cc23770, 0x000001b40d2cd5d0, 0x000001b40d2cf310,
0x000001b40d2d01b0, 0x000001b40d2d0900, 0x000001b40d2cfa60, 0x000001b40d2d1050,
0x000001b40d2d17a0, 0x000001b40d2ce470, 0x000001b40d2d4380, 0x000001b40d2d2640,
0x000001b40d61de40, 0x000001b40d2d2d90, 0x000001b40d2d3c30
}

Java Threads: ( => current thread )
  0x000001b3a8efd3e0 JavaThread "main"                              [_thread_blocked, id=24104, stack(0x0000005f75500000,0x0000005f75600000) (1024K)]
  0x000001b3c3bf6640 JavaThread "Reference Handler"          daemon [_thread_blocked, id=27472, stack(0x0000005f75900000,0x0000005f75a00000) (1024K)]
  0x000001b3c3bf7630 JavaThread "Finalizer"                  daemon [_thread_blocked, id=13196, stack(0x0000005f75a00000,0x0000005f75b00000) (1024K)]
  0x000001b3aab01f70 JavaThread "Signal Dispatcher"          daemon [_thread_blocked, id=23432, stack(0x0000005f75b00000,0x0000005f75c00000) (1024K)]
  0x000001b3aab046c0 JavaThread "Attach Listener"            daemon [_thread_blocked, id=10612, stack(0x0000005f75c00000,0x0000005f75d00000) (1024K)]
  0x000001b3aab07980 JavaThread "Service Thread"             daemon [_thread_blocked, id=13396, stack(0x0000005f75d00000,0x0000005f75e00000) (1024K)]
  0x000001b3aab097a0 JavaThread "Monitor Deflation Thread"   daemon [_thread_blocked, id=28124, stack(0x0000005f75e00000,0x0000005f75f00000) (1024K)]
  0x000001b3aab150a0 JavaThread "C2 CompilerThread0"         daemon [_thread_in_native, id=20932, stack(0x0000005f75f00000,0x0000005f76000000) (1024K)]
  0x000001b3aab1c5d0 JavaThread "C1 CompilerThread0"         daemon [_thread_blocked, id=24880, stack(0x0000005f76000000,0x0000005f76100000) (1024K)]
  0x000001b4063aa700 JavaThread "Common-Cleaner"             daemon [_thread_blocked, id=19764, stack(0x0000005f76200000,0x0000005f76300000) (1024K)]
  0x000001b406408d10 JavaThread "Notification Thread"        daemon [_thread_blocked, id=25096, stack(0x0000005f76300000,0x0000005f76400000) (1024K)]
  0x000001b40cf3dae0 JavaThread "Daemon health stats"               [_thread_blocked, id=25200, stack(0x0000005f76500000,0x0000005f76600000) (1024K)]
  0x000001b40cfbb7d0 JavaThread "Incoming local TCP Connector on port 54322"        [_thread_in_native, id=19564, stack(0x0000005f76600000,0x0000005f76700000) (1024K)]
  0x000001b40cfeab90 JavaThread "Daemon periodic checks"            [_thread_blocked, id=29128, stack(0x0000005f76700000,0x0000005f76800000) (1024K)]
  0x000001b40cf8c510 JavaThread "Daemon"                            [_thread_blocked, id=17892, stack(0x0000005f76800000,0x0000005f76900000) (1024K)]
  0x000001b40cc23ec0 JavaThread "Handler for socket connection from /127.0.0.1:54322 to /127.0.0.1:54323"        [_thread_in_native, id=27504, stack(0x0000005f76900000,0x0000005f76a00000) (1024K)]
  0x000001b40cc24610 JavaThread "Cancel handler"                    [_thread_blocked, id=17196, stack(0x0000005f76a00000,0x0000005f76b00000) (1024K)]
  0x000001b40cc23770 JavaThread "Daemon worker"                     [_thread_in_Java, id=26824, stack(0x0000005f76b00000,0x0000005f76c00000) (1024K)]
  0x000001b40d2cd5d0 JavaThread "Asynchronous log dispatcher for DefaultDaemonConnection: socket connection from /127.0.0.1:54322 to /127.0.0.1:54323"        [_thread_blocked, id=19460, stack(0x0000005f77400000,0x0000005f77500000) (1024K)]
  0x000001b40d2cf310 JavaThread "Stdin handler"                     [_thread_blocked, id=392, stack(0x0000005f77500000,0x0000005f77600000) (1024K)]
  0x000001b40d2d01b0 JavaThread "Daemon client event forwarder"        [_thread_blocked, id=18472, stack(0x0000005f77600000,0x0000005f77700000) (1024K)]
  0x000001b40d2d0900 JavaThread "Cache worker for journal cache (C:\Users\cesarr\.gradle\caches\journal-1)"        [_thread_blocked, id=17280, stack(0x0000005f77700000,0x0000005f77800000) (1024K)]
  0x000001b40d2cfa60 JavaThread "File lock request listener"        [_thread_in_native, id=27364, stack(0x0000005f77800000,0x0000005f77900000) (1024K)]
  0x000001b40d2d1050 JavaThread "Cache worker for file hash cache (C:\Users\cesarr\.gradle\caches\8.14.3\fileHashes)"        [_thread_blocked, id=25080, stack(0x0000005f77900000,0x0000005f77a00000) (1024K)]
  0x000001b40d2d17a0 JavaThread "Cache worker for file hash cache (C:\Users\cesarr\Downloads\biodex final\API-Biodex\.gradle\8.14.3\fileHashes)"        [_thread_blocked, id=7968, stack(0x0000005f77a00000,0x0000005f77b00000) (1024K)]
  0x000001b40d2ce470 JavaThread "Cache worker for Build Output Cleanup Cache (C:\Users\cesarr\Downloads\biodex final\API-Biodex\.gradle\buildOutputCleanup)"        [_thread_blocked, id=20548, stack(0x0000005f76100000,0x0000005f76200000) (1024K)]
  0x000001b40d2d4380 JavaThread "File watcher server"        daemon [_thread_in_native, id=23280, stack(0x0000005f77b00000,0x0000005f77c00000) (1024K)]
  0x000001b40d2d2640 JavaThread "File watcher consumer"      daemon [_thread_blocked, id=20768, stack(0x0000005f77c00000,0x0000005f77d00000) (1024K)]
=>0x000001b40d61de40 JavaThread "C2 CompilerThread1"         daemon [_thread_in_native, id=9712, stack(0x0000005f77d00000,0x0000005f77e00000) (1024K)]
  0x000001b40d2d2d90 JavaThread "jar transforms"                    [_thread_blocked, id=8780, stack(0x0000005f77e00000,0x0000005f77f00000) (1024K)]
  0x000001b40d2d3c30 JavaThread "jar transforms Thread 2"           [_thread_blocked, id=9876, stack(0x0000005f77f00000,0x0000005f78000000) (1024K)]
Total: 31

Other Threads:
  0x000001b406121ab0 VMThread "VM Thread"                           [id=29660, stack(0x0000005f75800000,0x0000005f75900000) (1024K)]
  0x000001b3c3adc2c0 WatcherThread "VM Periodic Task Thread"        [id=29228, stack(0x0000005f75700000,0x0000005f75800000) (1024K)]
  0x000001b3aaa86250 WorkerThread "GC Thread#0"                     [id=27644, stack(0x0000005f75600000,0x0000005f75700000) (1024K)]
  0x000001b40c20ace0 WorkerThread "GC Thread#1"                     [id=24848, stack(0x0000005f76400000,0x0000005f76500000) (1024K)]
  0x000001b40cf76b50 WorkerThread "GC Thread#2"                     [id=15864, stack(0x0000005f76c00000,0x0000005f76d00000) (1024K)]
  0x000001b40d5175c0 WorkerThread "GC Thread#3"                     [id=25312, stack(0x0000005f76d00000,0x0000005f76e00000) (1024K)]
  0x000001b40d52ec70 WorkerThread "GC Thread#4"                     [id=22028, stack(0x0000005f76e00000,0x0000005f76f00000) (1024K)]
  0x000001b40d533440 WorkerThread "GC Thread#5"                     [id=7408, stack(0x0000005f76f00000,0x0000005f77000000) (1024K)]
  0x000001b40d5337f0 WorkerThread "GC Thread#6"                     [id=15712, stack(0x0000005f77000000,0x0000005f77100000) (1024K)]
  0x000001b40d5347c0 WorkerThread "GC Thread#7"                     [id=25884, stack(0x0000005f77100000,0x0000005f77200000) (1024K)]
  0x000001b40d535320 WorkerThread "GC Thread#8"                     [id=25896, stack(0x0000005f77200000,0x0000005f77300000) (1024K)]
  0x000001b40d534f70 WorkerThread "GC Thread#9"                     [id=28820, stack(0x0000005f77300000,0x0000005f77400000) (1024K)]
Total: 12

Threads with active compile tasks:
C2 CompilerThread0  4550 3818   !   4       java.net.URLClassLoader::findClass (77 bytes)
C2 CompilerThread1  4550 3795   !   4       java.lang.ClassLoader::loadClass (121 bytes)
Total: 2

VM state: not at safepoint (normal execution)

VM Mutex/Monitor currently owned by a thread: None

Heap address: 0x00000000c0000000, size: 1024 MB, Compressed Oops mode: 32-bit

CDS archive(s) mapped at: [0x000001b3c4000000-0x000001b3c4d40000-0x000001b3c4d40000), size 13893632, SharedBaseAddress: 0x000001b3c4000000, ArchiveRelocationMode: 1.
Compressed class space mapped at: 0x000001b3c5000000-0x000001b405000000, reserved size: 1073741824
UseCompressedClassPointers 1, UseCompactObjectHeaders 0
Narrow klass pointer bits 32, Max shift 3
Narrow klass base: 0x000001b3c4000000, Narrow klass shift: 0
Encoding Range: [0x000001b3c4000000 - 0x000001b4c4000000), (4294967296 bytes)
Klass Range:    [0x000001b3c4000000 - 0x000001b405000000), (1090519040 bytes)
Klass ID Range:  [8 - 1090519033) (1090519025)

GC Precious Log:
 CardTable entry size: 512
 CPUs: 12 total, 12 available
 Memory: 7439M
 Large Page Support: Disabled
 NUMA Support: Disabled
 Compressed Oops: Enabled (32-bit)
 Alignments: Space 512K, Generation 512K, Heap 2M
 Heap Min Capacity: 128M
 Heap Initial Capacity: 128M
 Heap Max Capacity: 1G
 Pre-touch: Disabled
 Parallel Workers: 10

Heap:
 PSYoungGen      total 71680K, used 65176K [0x00000000eab00000, 0x00000000ef600000, 0x0000000100000000)
  eden space 66560K, 97% used [0x00000000eab00000,0x00000000eeaa62b0,0x00000000eec00000)
  from space 5120K, 0% used [0x00000000ef100000,0x00000000ef100000,0x00000000ef600000)
  to   space 5120K, 0% used [0x00000000eec00000,0x00000000eec00000,0x00000000ef100000)
 ParOldGen       total 87552K, used 23509K [0x00000000c0000000, 0x00000000c5580000, 0x00000000eab00000)
  object space 87552K, 26% used [0x00000000c0000000,0x00000000c16f55d0,0x00000000c5580000)
 Metaspace       used 30462K, committed 31424K, reserved 1114112K
  class space    used 3390K, committed 3840K, reserved 1048576K

Card table byte_map: [0x000001b3c26a0000,0x000001b3c28a0000] _byte_map_base: 0x000001b3c20a0000

Marking Bits: (ParMarkBitMap*) 0x00007ffda5fd98d0
 Begin Bits: [0x000001b3c2a00000, 0x000001b3c3a00000)

Polling page: 0x000001b3a90b0000

Metaspace:

Usage:
  Non-class:     26.44 MB used.
      Class:      3.31 MB used.
       Both:     29.75 MB used.

Virtual space:
  Non-class space:       64.00 MB reserved,      26.94 MB ( 42%) committed,  1 nodes.
      Class space:        1.00 GB reserved,       3.75 MB ( <1%) committed,  1 nodes.
             Both:        1.06 GB reserved,      30.69 MB (  3%) committed. 

Chunk freelists:
   Non-Class:  4.72 MB
       Class:  12.30 MB
        Both:  17.02 MB

MaxMetaspaceSize: unlimited
CompressedClassSpaceSize: 1.00 GB
Initial GC threshold: 21.00 MB
Current GC threshold: 35.00 MB
CDS: on
 - commit_granule_bytes: 65536.
 - commit_granule_words: 8192.
 - virtual_space_node_default_size: 8388608.
 - enlarge_chunks_in_place: 1.
UseCompressedClassPointers 1, UseCompactObjectHeaders 0
Narrow klass pointer bits 32, Max shift 3
Narrow klass base: 0x000001b3c4000000, Narrow klass shift: 0
Encoding Range: [0x000001b3c4000000 - 0x000001b4c4000000), (4294967296 bytes)
Klass Range:    [0x000001b3c4000000 - 0x000001b405000000), (1090519040 bytes)
Klass ID Range:  [8 - 1090519033) (1090519025)


Internal statistics:

num_allocs_failed_limit: 3.
num_arena_births: 1520.
num_arena_deaths: 0.
num_vsnodes_births: 2.
num_vsnodes_deaths: 0.
num_space_committed: 491.
num_space_uncommitted: 0.
num_chunks_returned_to_freelist: 3.
num_chunks_taken_from_freelist: 2713.
num_chunk_merges: 3.
num_chunk_splits: 1797.
num_chunks_enlarged: 1194.
num_inconsistent_stats: 0.

CodeHeap 'non-profiled nmethods': size=120064Kb used=1599Kb max_used=1599Kb free=118464Kb
 bounds [0x000001b3baf80000, 0x000001b3bb1f0000, 0x000001b3c24c0000]
CodeHeap 'profiled nmethods': size=120000Kb used=6748Kb max_used=6748Kb free=113251Kb
 bounds [0x000001b3b34c0000, 0x000001b3b3b60000, 0x000001b3ba9f0000]
CodeHeap 'non-nmethods': size=5696Kb used=1355Kb max_used=1399Kb free=4340Kb
 bounds [0x000001b3ba9f0000, 0x000001b3bac60000, 0x000001b3baf80000]
CodeCache: size=245760Kb, used=9702Kb, max_used=9746Kb, free=236055Kb
 total_blobs=4588, nmethods=3981, adapters=514, full_count=0
Compilation: enabled, stopped_count=0, restarted_count=0

Compilation events (20 events):
Event: 3.450 Thread 0x000001b3aab1c5d0 nmethod 3936 0x000001b3b3b4b288 code [0x000001b3b3b4b3c0, 0x000001b3b3b4b768]
Event: 3.450 Thread 0x000001b3aab1c5d0 3937       3       org.codehaus.groovy.reflection.ReflectionCache::isAssignableFrom (13 bytes)
Event: 3.450 Thread 0x000001b3aab1c5d0 nmethod 3937 0x000001b3b3b4b808 code [0x000001b3b3b4b920, 0x000001b3b3b4bb18]
Event: 3.450 Thread 0x000001b3aab1c5d0 3938       1       java.lang.System::getSecurityManager (2 bytes)
Event: 3.450 Thread 0x000001b3aab1c5d0 nmethod 3938 0x000001b3bb10d388 code [0x000001b3bb10d480, 0x000001b3bb10d530]
Event: 3.451 Thread 0x000001b3aab1c5d0 3939       1       java.util.LinkedList::size (5 bytes)
Event: 3.451 Thread 0x000001b3aab1c5d0 nmethod 3939 0x000001b3bb10d688 code [0x000001b3bb10d780, 0x000001b3bb10d848]
Event: 3.451 Thread 0x000001b3aab1c5d0 3941       3       java.lang.ClassValue$Entry::isPromise (14 bytes)
Event: 3.451 Thread 0x000001b3aab1c5d0 nmethod 3941 0x000001b3b3b4bb88 code [0x000001b3b3b4bca0, 0x000001b3b3b4bdf8]
Event: 3.451 Thread 0x000001b3aab1c5d0 3940       1       java.lang.ClassValue$Version::promise (5 bytes)
Event: 3.451 Thread 0x000001b3aab1c5d0 nmethod 3940 0x000001b3bb10d988 code [0x000001b3bb10da80, 0x000001b3bb10db48]
Event: 3.452 Thread 0x000001b3aab1c5d0 3942       1       org.codehaus.groovy.util.ManagedConcurrentLinkedQueue::access$000 (5 bytes)
Event: 3.452 Thread 0x000001b3aab1c5d0 nmethod 3942 0x000001b3bb10dc88 code [0x000001b3bb10dd80, 0x000001b3bb10de28]
Event: 3.452 Thread 0x000001b3aab1c5d0 3943       1       org.codehaus.groovy.reflection.ClassInfo::access$200 (5 bytes)
Event: 3.452 Thread 0x000001b3aab1c5d0 nmethod 3943 0x000001b3bb10df88 code [0x000001b3bb10e080, 0x000001b3bb10e128]
Event: 3.453 Thread 0x000001b3aab1c5d0 3944       1       java.util.Collections$EmptySet::contains (2 bytes)
Event: 3.453 Thread 0x000001b3aab1c5d0 nmethod 3944 0x000001b3bb10e288 code [0x000001b3bb10e380, 0x000001b3bb10e448]
Event: 3.453 Thread 0x000001b3aab1c5d0 3945       3       org.codehaus.groovy.reflection.ParameterTypes::getParameterTypes (16 bytes)
Event: 3.453 Thread 0x000001b3aab1c5d0 nmethod 3945 0x000001b3b3b4be88 code [0x000001b3b3b4bfa0, 0x000001b3b3b4c120]
Event: 3.905 Thread 0x000001b3aab1c5d0 3948       2       java.util.concurrent.locks.AbstractQueuedSynchronizer$Node::<init> (5 bytes)

GC Heap History (10 events):
Event: 0.413 GC heap before
{Heap before GC invocations=1 (full 0):
 PSYoungGen      total 38400K, used 33280K [0x00000000eab00000, 0x00000000ed580000, 0x0000000100000000)
  eden space 33280K, 100% used [0x00000000eab00000,0x00000000ecb80000,0x00000000ecb80000)
  from space 5120K, 0% used [0x00000000ed080000,0x00000000ed080000,0x00000000ed580000)
  to   space 5120K, 0% used [0x00000000ecb80000,0x00000000ecb80000,0x00000000ed080000)
 ParOldGen       total 87552K, used 1136K [0x00000000c0000000, 0x00000000c5580000, 0x00000000eab00000)
  object space 87552K, 1% used [0x00000000c0000000,0x00000000c011c330,0x00000000c5580000)
 Metaspace       used 1067K, committed 1216K, reserved 1114112K
  class space    used 56K, committed 128K, reserved 1048576K
}
Event: 0.419 GC heap after
{Heap after GC invocations=1 (full 0):
 PSYoungGen      total 38400K, used 5102K [0x00000000eab00000, 0x00000000ef600000, 0x0000000100000000)
  eden space 33280K, 0% used [0x00000000eab00000,0x00000000eab00000,0x00000000ecb80000)
  from space 5120K, 99% used [0x00000000ecb80000,0x00000000ed07bb30,0x00000000ed080000)
  to   space 5120K, 0% used [0x00000000ef100000,0x00000000ef100000,0x00000000ef600000)
 ParOldGen       total 87552K, used 5189K [0x00000000c0000000, 0x00000000c5580000, 0x00000000eab00000)
  object space 87552K, 5% used [0x00000000c0000000,0x00000000c0511688,0x00000000c5580000)
 Metaspace       used 1067K, committed 1216K, reserved 1114112K
  class space    used 56K, committed 128K, reserved 1048576K
}
Event: 0.823 GC heap before
{Heap before GC invocations=2 (full 0):
 PSYoungGen      total 38400K, used 38382K [0x00000000eab00000, 0x00000000ef600000, 0x0000000100000000)
  eden space 33280K, 100% used [0x00000000eab00000,0x00000000ecb80000,0x00000000ecb80000)
  from space 5120K, 99% used [0x00000000ecb80000,0x00000000ed07bb30,0x00000000ed080000)
  to   space 5120K, 0% used [0x00000000ef100000,0x00000000ef100000,0x00000000ef600000)
 ParOldGen       total 87552K, used 5189K [0x00000000c0000000, 0x00000000c5580000, 0x00000000eab00000)
  object space 87552K, 5% used [0x00000000c0000000,0x00000000c0511688,0x00000000c5580000)
 Metaspace       used 4471K, committed 4672K, reserved 1114112K
  class space    used 386K, committed 512K, reserved 1048576K
}
Event: 0.828 GC heap after
{Heap after GC invocations=2 (full 0):
 PSYoungGen      total 71680K, used 5113K [0x00000000eab00000, 0x00000000ef600000, 0x0000000100000000)
  eden space 66560K, 0% used [0x00000000eab00000,0x00000000eab00000,0x00000000eec00000)
  from space 5120K, 99% used [0x00000000ef100000,0x00000000ef5fe758,0x00000000ef600000)
  to   space 5120K, 0% used [0x00000000eec00000,0x00000000eec00000,0x00000000ef100000)
 ParOldGen       total 87552K, used 7016K [0x00000000c0000000, 0x00000000c5580000, 0x00000000eab00000)
  object space 87552K, 8% used [0x00000000c0000000,0x00000000c06da048,0x00000000c5580000)
 Metaspace       used 4471K, committed 4672K, reserved 1114112K
  class space    used 386K, committed 512K, reserved 1048576K
}
Event: 1.613 GC heap before
{Heap before GC invocations=3 (full 0):
 PSYoungGen      total 71680K, used 71673K [0x00000000eab00000, 0x00000000ef600000, 0x0000000100000000)
  eden space 66560K, 100% used [0x00000000eab00000,0x00000000eec00000,0x00000000eec00000)
  from space 5120K, 99% used [0x00000000ef100000,0x00000000ef5fe758,0x00000000ef600000)
  to   space 5120K, 0% used [0x00000000eec00000,0x00000000eec00000,0x00000000ef100000)
 ParOldGen       total 87552K, used 7016K [0x00000000c0000000, 0x00000000c5580000, 0x00000000eab00000)
  object space 87552K, 8% used [0x00000000c0000000,0x00000000c06da048,0x00000000c5580000)
 Metaspace       used 10410K, committed 10688K, reserved 1114112K
  class space    used 1072K, committed 1216K, reserved 1048576K
}
Event: 1.618 GC heap after
{Heap after GC invocations=3 (full 0):
 PSYoungGen      total 71680K, used 5116K [0x00000000eab00000, 0x00000000ef600000, 0x0000000100000000)
  eden space 66560K, 0% used [0x00000000eab00000,0x00000000eab00000,0x00000000eec00000)
  from space 5120K, 99% used [0x00000000eec00000,0x00000000ef0ff158,0x00000000ef100000)
  to   space 5120K, 0% used [0x00000000ef100000,0x00000000ef100000,0x00000000ef600000)
 ParOldGen       total 87552K, used 14374K [0x00000000c0000000, 0x00000000c5580000, 0x00000000eab00000)
  object space 87552K, 16% used [0x00000000c0000000,0x00000000c0e09a38,0x00000000c5580000)
 Metaspace       used 10410K, committed 10688K, reserved 1114112K
  class space    used 1072K, committed 1216K, reserved 1048576K
}
Event: 2.449 GC heap before
{Heap before GC invocations=4 (full 0):
 PSYoungGen      total 71680K, used 71676K [0x00000000eab00000, 0x00000000ef600000, 0x0000000100000000)
  eden space 66560K, 100% used [0x00000000eab00000,0x00000000eec00000,0x00000000eec00000)
  from space 5120K, 99% used [0x00000000eec00000,0x00000000ef0ff158,0x00000000ef100000)
  to   space 5120K, 0% used [0x00000000ef100000,0x00000000ef100000,0x00000000ef600000)
 ParOldGen       total 87552K, used 14374K [0x00000000c0000000, 0x00000000c5580000, 0x00000000eab00000)
  object space 87552K, 16% used [0x00000000c0000000,0x00000000c0e09a38,0x00000000c5580000)
 Metaspace       used 19866K, committed 20480K, reserved 1114112K
  class space    used 2155K, committed 2432K, reserved 1048576K
}
Event: 2.452 GC heap after
{Heap after GC invocations=4 (full 0):
 PSYoungGen      total 71680K, used 5115K [0x00000000eab00000, 0x00000000ef600000, 0x0000000100000000)
  eden space 66560K, 0% used [0x00000000eab00000,0x00000000eab00000,0x00000000eec00000)
  from space 5120K, 99% used [0x00000000ef100000,0x00000000ef5fedc0,0x00000000ef600000)
  to   space 5120K, 0% used [0x00000000eec00000,0x00000000eec00000,0x00000000ef100000)
 ParOldGen       total 87552K, used 17950K [0x00000000c0000000, 0x00000000c5580000, 0x00000000eab00000)
  object space 87552K, 20% used [0x00000000c0000000,0x00000000c11878c0,0x00000000c5580000)
 Metaspace       used 19866K, committed 20480K, reserved 1114112K
  class space    used 2155K, committed 2432K, reserved 1048576K
}
Event: 2.541 GC heap before
{Heap before GC invocations=5 (full 1):
 PSYoungGen      total 71680K, used 13548K [0x00000000eab00000, 0x00000000ef600000, 0x0000000100000000)
  eden space 66560K, 12% used [0x00000000eab00000,0x00000000eb33c4a8,0x00000000eec00000)
  from space 5120K, 99% used [0x00000000ef100000,0x00000000ef5fedc0,0x00000000ef600000)
  to   space 5120K, 0% used [0x00000000eec00000,0x00000000eec00000,0x00000000ef100000)
 ParOldGen       total 87552K, used 17950K [0x00000000c0000000, 0x00000000c5580000, 0x00000000eab00000)
  object space 87552K, 20% used [0x00000000c0000000,0x00000000c11878c0,0x00000000c5580000)
 Metaspace       used 20839K, committed 21504K, reserved 1114112K
  class space    used 2259K, committed 2560K, reserved 1048576K
}
Event: 2.556 GC heap after
{Heap after GC invocations=5 (full 1):
 PSYoungGen      total 71680K, used 0K [0x00000000eab00000, 0x00000000ef600000, 0x0000000100000000)
  eden space 66560K, 0% used [0x00000000eab00000,0x00000000eab00000,0x00000000eec00000)
  from space 5120K, 0% used [0x00000000ef100000,0x00000000ef100000,0x00000000ef600000)
  to   space 5120K, 0% used [0x00000000eec00000,0x00000000eec00000,0x00000000ef100000)
 ParOldGen       total 87552K, used 23509K [0x00000000c0000000, 0x00000000c5580000, 0x00000000eab00000)
  object space 87552K, 26% used [0x00000000c0000000,0x00000000c16f55d0,0x00000000c5580000)
 Metaspace       used 20839K, committed 21504K, reserved 1114112K
  class space    used 2259K, committed 2560K, reserved 1048576K
}

Dll operation events (15 events):
Event: 0.015 Loaded shared library C:\Users\cesarr\.jdks\openjdk-24.0.2\bin\java.dll
Event: 0.039 Loaded shared library C:\Users\cesarr\.jdks\openjdk-24.0.2\bin\jsvml.dll
Event: 0.072 Loaded shared library C:\Users\cesarr\.jdks\openjdk-24.0.2\bin\zip.dll
Event: 0.075 Loaded shared library C:\Users\cesarr\.jdks\openjdk-24.0.2\bin\instrument.dll
Event: 0.080 Loaded shared library C:\Users\cesarr\.jdks\openjdk-24.0.2\bin\net.dll
Event: 0.083 Loaded shared library C:\Users\cesarr\.jdks\openjdk-24.0.2\bin\nio.dll
Event: 0.086 Loaded shared library C:\Users\cesarr\.jdks\openjdk-24.0.2\bin\zip.dll
Event: 0.290 Loaded shared library C:\Users\cesarr\.jdks\openjdk-24.0.2\bin\jimage.dll
Event: 0.427 Loaded shared library C:\Users\cesarr\.jdks\openjdk-24.0.2\bin\verify.dll
Event: 0.497 Loaded shared library C:\Users\cesarr\.gradle\native\1def1411415f61bf3af743bc5b6707747c0891f09f0c88961ee8f79bc544acac\windows-amd64\native-platform.dll
Event: 0.506 Loaded shared library C:\Users\cesarr\.gradle\native\0.2.7\x86_64-windows-gnu\gradle-fileevents.dll
Event: 1.240 Loaded shared library C:\Users\cesarr\.jdks\openjdk-24.0.2\bin\management.dll
Event: 1.243 Loaded shared library C:\Users\cesarr\.jdks\openjdk-24.0.2\bin\management_ext.dll
Event: 1.359 Loaded shared library C:\Users\cesarr\.jdks\openjdk-24.0.2\bin\extnet.dll
Event: 1.556 Loaded shared library C:\Users\cesarr\.jdks\openjdk-24.0.2\bin\sunmscapi.dll

Deoptimization events (20 events):
Event: 3.340 Thread 0x000001b40cc23770 Uncommon trap: trap_request=0xffffffc6 fr.pc=0x000001b3bb0ed874 relative=0x0000000000000794
Event: 3.340 Thread 0x000001b40cc23770 Uncommon trap: reason=bimorphic_or_optimized_type_check action=maybe_recompile pc=0x000001b3bb0ed874 method=java.io.BufferedInputStream.read([BII)I @ 100 c2
Event: 3.340 Thread 0x000001b40cc23770 DEOPT PACKING pc=0x000001b3bb0ed874 sp=0x0000005f76bf85c0
Event: 3.340 Thread 0x000001b40cc23770 DEOPT UNPACKING pc=0x000001b3baaff682 sp=0x0000005f76bf8578 mode 2
Event: 3.340 Thread 0x000001b40cc23770 Uncommon trap: trap_request=0xffffffc6 fr.pc=0x000001b3bb0ed874 relative=0x0000000000000794
Event: 3.340 Thread 0x000001b40cc23770 Uncommon trap: reason=bimorphic_or_optimized_type_check action=maybe_recompile pc=0x000001b3bb0ed874 method=java.io.BufferedInputStream.read([BII)I @ 100 c2
Event: 3.340 Thread 0x000001b40cc23770 DEOPT PACKING pc=0x000001b3bb0ed874 sp=0x0000005f76bf85c0
Event: 3.340 Thread 0x000001b40cc23770 DEOPT UNPACKING pc=0x000001b3baaff682 sp=0x0000005f76bf8578 mode 2
Event: 3.340 Thread 0x000001b40cc23770 Uncommon trap: trap_request=0xffffffc6 fr.pc=0x000001b3bb0ed874 relative=0x0000000000000794
Event: 3.340 Thread 0x000001b40cc23770 Uncommon trap: reason=bimorphic_or_optimized_type_check action=maybe_recompile pc=0x000001b3bb0ed874 method=java.io.BufferedInputStream.read([BII)I @ 100 c2
Event: 3.340 Thread 0x000001b40cc23770 DEOPT PACKING pc=0x000001b3bb0ed874 sp=0x0000005f76bf85c0
Event: 3.340 Thread 0x000001b40cc23770 DEOPT UNPACKING pc=0x000001b3baaff682 sp=0x0000005f76bf8578 mode 2
Event: 3.340 Thread 0x000001b40cc23770 Uncommon trap: trap_request=0xffffffc6 fr.pc=0x000001b3bb0ed874 relative=0x0000000000000794
Event: 3.340 Thread 0x000001b40cc23770 Uncommon trap: reason=bimorphic_or_optimized_type_check action=maybe_recompile pc=0x000001b3bb0ed874 method=java.io.BufferedInputStream.read([BII)I @ 100 c2
Event: 3.340 Thread 0x000001b40cc23770 DEOPT PACKING pc=0x000001b3bb0ed874 sp=0x0000005f76bf8640
Event: 3.340 Thread 0x000001b40cc23770 DEOPT UNPACKING pc=0x000001b3baaff682 sp=0x0000005f76bf85f8 mode 2
Event: 3.460 Thread 0x000001b40cc23770 Uncommon trap: trap_request=0xffffffc6 fr.pc=0x000001b3bb053608 relative=0x0000000000000a28
Event: 3.460 Thread 0x000001b40cc23770 Uncommon trap: reason=bimorphic_or_optimized_type_check action=maybe_recompile pc=0x000001b3bb053608 method=java.util.regex.Pattern$BmpCharProperty.match(Ljava/util/regex/Matcher;ILjava/lang/CharSequence;)Z @ 19 c2
Event: 3.460 Thread 0x000001b40cc23770 DEOPT PACKING pc=0x000001b3bb053608 sp=0x0000005f76bf8370
Event: 3.460 Thread 0x000001b40cc23770 DEOPT UNPACKING pc=0x000001b3baaff682 sp=0x0000005f76bf82b8 mode 2

Classes loaded (20 events):
Event: 3.462 Loading class javax/swing/tree/MutableTreeNode
Event: 3.469 Loading class javax/swing/tree/TreeNode
Event: 3.469 Loading class javax/swing/tree/TreeNode done
Event: 3.469 Loading class javax/swing/tree/MutableTreeNode done
Event: 3.469 Loading class javax/swing/tree/TreePath
Event: 3.470 Loading class javax/swing/tree/TreePath done
Event: 3.470 Loading class javax/swing/JTabbedPane
Event: 3.470 Loading class javax/accessibility/Accessible
Event: 3.471 Loading class javax/accessibility/Accessible done
Event: 3.471 Loading class javax/swing/SwingConstants
Event: 3.472 Loading class javax/swing/SwingConstants done
Event: 3.472 Loading class javax/swing/JComponent
Event: 3.474 Loading class javax/swing/TransferHandler$HasGetTransferHandler
Event: 3.474 Loading class javax/swing/TransferHandler$HasGetTransferHandler done
Event: 3.474 Loading class java/awt/Container
Event: 3.475 Loading class java/awt/Component
Event: 3.476 Loading class java/awt/image/ImageObserver
Event: 3.478 Loading class java/awt/image/ImageObserver done
Event: 3.478 Loading class java/awt/MenuContainer
Event: 3.479 Loading class java/awt/MenuContainer done

Classes unloaded (0 events):
No events

Classes redefined (0 events):
No events

Internal exceptions (20 events):
Event: 2.847 Thread 0x000001b40cc23770 Exception <a 'java/lang/NoSuchMethodError'{0x00000000ebaadb60}: 'java.lang.Object java.lang.invoke.DirectMethodHandle$Holder.invokeSpecial(java.lang.Object, java.lang.Object, java.lang.Object, java.lang.Object, java.lang.Object, java.lang.Object, java.lang.Object, java.lang.Object, java.lang.Object, java.lang.Object, java.lang.Object, java.lang.Object, java.lang.Object, java.lang.Object)'> (0x00000000ebaadb60) 
thrown [s\open\src\hotspot\share\interpreter\linkResolver.cpp, line 805]
Event: 2.866 Thread 0x000001b40cc23770 Exception <a 'java/lang/NoSuchMethodError'{0x00000000ebcb5ae8}: 'void java.lang.invoke.DirectMethodHandle$Holder.invokeStaticInit(java.lang.Object, java.lang.Object)'> (0x00000000ebcb5ae8) 
thrown [s\open\src\hotspot\share\interpreter\linkResolver.cpp, line 805]
Event: 2.926 Thread 0x000001b40cc23770 Exception <a 'java/lang/NoSuchMethodError'{0x00000000ec1cb4a0}: 'java.lang.Object java.lang.invoke.DirectMethodHandle$Holder.newInvokeSpecial(java.lang.Object, java.lang.Object, java.lang.Object, java.lang.Object, java.lang.Object, java.lang.Object, java.lang.Object, java.lang.Object, java.lang.Object)'> (0x00000000ec1cb4a0) 
thrown [s\open\src\hotspot\share\interpreter\linkResolver.cpp, line 805]
Event: 2.969 Thread 0x000001b40cc23770 Exception <a 'java/lang/NoSuchMethodError'{0x00000000ec544378}: 'int java.lang.invoke.DirectMethodHandle$Holder.invokeVirtual(java.lang.Object, java.lang.Object)'> (0x00000000ec544378) 
thrown [s\open\src\hotspot\share\interpreter\linkResolver.cpp, line 805]
Event: 3.011 Thread 0x000001b40cc23770 Exception <a 'java/lang/NoSuchMethodError'{0x00000000ec845000}: 'void java.lang.invoke.DirectMethodHandle$Holder.invokeInterface(java.lang.Object, java.lang.Object, java.lang.Object, java.lang.Object, java.lang.Object)'> (0x00000000ec845000) 
thrown [s\open\src\hotspot\share\interpreter\linkResolver.cpp, line 805]
Event: 3.015 Thread 0x000001b40cc23770 Exception <a 'java/lang/NoSuchMethodError'{0x00000000ec896dd8}: 'void java.lang.invoke.DirectMethodHandle$Holder.invokeStatic(java.lang.Object, java.lang.Object, java.lang.Object, java.lang.Object, java.lang.Object, java.lang.Object)'> (0x00000000ec896dd8) 
thrown [s\open\src\hotspot\share\interpreter\linkResolver.cpp, line 805]
Event: 3.128 Thread 0x000001b40cc23770 Exception <a 'java/lang/IncompatibleClassChangeError'{0x00000000ed009e00}: Found class java.lang.Object, but interface was expected> (0x00000000ed009e00) 
thrown [s\open\src\hotspot\share\interpreter\linkResolver.cpp, line 872]
Event: 3.142 Thread 0x000001b40cc23770 Exception <a 'java/lang/NoSuchMethodError'{0x00000000ed193f30}: 'java.lang.Object java.lang.invoke.DirectMethodHandle$Holder.newInvokeSpecial(java.lang.Object, java.lang.Object, long)'> (0x00000000ed193f30) 
thrown [s\open\src\hotspot\share\interpreter\linkResolver.cpp, line 805]
Event: 3.142 Thread 0x000001b40cc23770 Exception <a 'java/lang/NoSuchMethodError'{0x00000000ed19d400}: 'java.lang.Object java.lang.invoke.Invokers$Holder.linkToTargetMethod(java.lang.Object, long, java.lang.Object)'> (0x00000000ed19d400) 
thrown [s\open\src\hotspot\share\interpreter\linkResolver.cpp, line 805]
Event: 3.171 Thread 0x000001b40cc23770 Exception <a 'java/lang/NoSuchMethodError'{0x00000000ed3f6510}: 'int java.lang.invoke.DirectMethodHandle$Holder.invokeInterface(java.lang.Object, java.lang.Object)'> (0x00000000ed3f6510) 
thrown [s\open\src\hotspot\share\interpreter\linkResolver.cpp, line 805]
Event: 3.180 Thread 0x000001b40cc23770 Exception <a 'java/lang/NoSuchMethodError'{0x00000000ed48c420}: 'java.lang.Object java.lang.invoke.DirectMethodHandle$Holder.invokeVirtual(java.lang.Object, java.lang.Object, int)'> (0x00000000ed48c420) 
thrown [s\open\src\hotspot\share\interpreter\linkResolver.cpp, line 805]
Event: 3.195 Thread 0x000001b40cc23770 Exception <a 'java/lang/NoSuchMethodError'{0x00000000ed5a7f68}: 'java.lang.Object java.lang.invoke.DirectMethodHandle$Holder.invokeStatic(java.lang.Object, java.lang.Object, int, java.lang.Object)'> (0x00000000ed5a7f68) 
thrown [s\open\src\hotspot\share\interpreter\linkResolver.cpp, line 805]
Event: 3.196 Thread 0x000001b40cc23770 Exception <a 'java/lang/NoSuchMethodError'{0x00000000ed5b8938}: 'java.lang.Object java.lang.invoke.DirectMethodHandle$Holder.newInvokeSpecial(java.lang.Object, java.lang.Object, int, java.lang.Object)'> (0x00000000ed5b8938) 
thrown [s\open\src\hotspot\share\interpreter\linkResolver.cpp, line 805]
Event: 3.246 Thread 0x000001b40cc23770 Exception <a 'java/lang/NoSuchMethodError'{0x00000000ed8d4b68}: 'void java.lang.invoke.DirectMethodHandle$Holder.invokeInterface(java.lang.Object, java.lang.Object, java.lang.Object, java.lang.Object, java.lang.Object, java.lang.Object, java.lang.Object)'> (0x00000000ed8d4b68) 
thrown [s\open\src\hotspot\share\interpreter\linkResolver.cpp, line 805]
Event: 3.246 Thread 0x000001b40cc23770 Exception <a 'java/lang/NoSuchMethodError'{0x00000000ed8de158}: 'void java.lang.invoke.DelegatingMethodHandle$Holder.reinvoke_L(java.lang.Object, java.lang.Object, java.lang.Object, java.lang.Object, java.lang.Object, java.lang.Object, java.lang.Object)'> (0x00000000ed8de158) 
thrown [s\open\src\hotspot\share\interpreter\linkResolver.cpp, line 805]
Event: 3.279 Thread 0x000001b40cc23770 Exception <a 'java/lang/NoSuchMethodError'{0x00000000edba5e20}: 'java.lang.Object java.lang.invoke.DirectMethodHandle$Holder.invokeStaticInit(java.lang.Object, java.lang.Object, java.lang.Object, java.lang.Object, java.lang.Object, java.lang.Object, java.lang.Object)'> (0x00000000edba5e20) 
thrown [s\open\src\hotspot\share\interpreter\linkResolver.cpp, line 805]
Event: 3.281 Thread 0x000001b40cc23770 Exception <a 'java/lang/NoSuchMethodError'{0x00000000edbcd6b8}: 'java.lang.Object java.lang.invoke.DirectMethodHandle$Holder.invokeSpecial(java.lang.Object, java.lang.Object, java.lang.Object, int, java.lang.Object, java.lang.Object)'> (0x00000000edbcd6b8) 
thrown [s\open\src\hotspot\share\interpreter\linkResolver.cpp, line 805]
Event: 3.365 Thread 0x000001b40cc23770 Exception <a 'java/lang/NoSuchMethodError'{0x00000000ee164580}: 'java.lang.Object java.lang.invoke.DirectMethodHandle$Holder.invokeStaticInit(java.lang.Object, java.lang.Object, java.lang.Object)'> (0x00000000ee164580) 
thrown [s\open\src\hotspot\share\interpreter\linkResolver.cpp, line 805]
Event: 3.384 Thread 0x000001b40cc23770 Exception <a 'java/lang/NoSuchMethodError'{0x00000000ee27d6d0}: 'void java.lang.invoke.DirectMethodHandle$Holder.invokeStaticInit(java.lang.Object, java.lang.Object, java.lang.Object)'> (0x00000000ee27d6d0) 
thrown [s\open\src\hotspot\share\interpreter\linkResolver.cpp, line 805]
Event: 3.387 Thread 0x000001b40cc23770 Exception <a 'java/lang/NoSuchMethodError'{0x00000000ee2b0b60}: 'void java.lang.invoke.DirectMethodHandle$Holder.invokeStaticInit(java.lang.Object, java.lang.Object, java.lang.Object, java.lang.Object, java.lang.Object)'> (0x00000000ee2b0b60) 
thrown [s\open\src\hotspot\share\interpreter\linkResolver.cpp, line 805]

VM Operations (20 events):
Event: 2.124 Executing VM operation: HandshakeAllThreads (Deoptimize)
Event: 2.124 Executing VM operation: HandshakeAllThreads (Deoptimize) done
Event: 2.449 Executing VM operation: ParallelCollectForAllocation (Allocation Failure)
Event: 2.452 Executing VM operation: ParallelCollectForAllocation (Allocation Failure) done
Event: 2.541 Executing VM operation: CollectForMetadataAllocation (Metadata GC Threshold)
Event: 2.556 Executing VM operation: CollectForMetadataAllocation (Metadata GC Threshold) done
Event: 2.997 Executing VM operation: HandshakeAllThreads (Deoptimize)
Event: 2.997 Executing VM operation: HandshakeAllThreads (Deoptimize) done
Event: 3.127 Executing VM operation: HandshakeAllThreads (Deoptimize)
Event: 3.127 Executing VM operation: HandshakeAllThreads (Deoptimize) done
Event: 3.129 Executing VM operation: HandshakeAllThreads (Deoptimize)
Event: 3.130 Executing VM operation: HandshakeAllThreads (Deoptimize) done
Event: 3.143 Executing VM operation: HandshakeAllThreads (Deoptimize)
Event: 3.143 Executing VM operation: HandshakeAllThreads (Deoptimize) done
Event: 3.143 Executing VM operation: HandshakeAllThreads (Deoptimize)
Event: 3.144 Executing VM operation: HandshakeAllThreads (Deoptimize) done
Event: 3.249 Executing VM operation: HandshakeAllThreads (Deoptimize)
Event: 3.249 Executing VM operation: HandshakeAllThreads (Deoptimize) done
Event: 3.250 Executing VM operation: HandshakeAllThreads (Deoptimize)
Event: 3.250 Executing VM operation: HandshakeAllThreads (Deoptimize) done

Memory protections (0 events):
No events

Nmethod flushes (0 events):
No events

Events (20 events):
Event: 1.480 Thread 0x000001b3a8efd3e0 Thread added: 0x000001b40cfbb7d0
Event: 1.525 Thread 0x000001b3a8efd3e0 Thread added: 0x000001b40cfeab90
Event: 1.571 Thread 0x000001b40cfbb7d0 Thread added: 0x000001b40cf8c510
Event: 1.573 Thread 0x000001b40cf8c510 Thread added: 0x000001b40cc23ec0
Event: 1.607 Thread 0x000001b40cf8c510 Thread added: 0x000001b40cc24610
Event: 1.613 Thread 0x000001b40cf8c510 Thread added: 0x000001b40cc23770
Event: 1.626 Thread 0x000001b40cc23770 Thread added: 0x000001b40d2cd5d0
Event: 1.641 Thread 0x000001b40cc23770 Thread added: 0x000001b40d2cf310
Event: 1.642 Thread 0x000001b40cc23770 Thread added: 0x000001b40d2d01b0
Event: 1.939 Thread 0x000001b40cc23770 Thread added: 0x000001b40d2d0900
Event: 1.944 Thread 0x000001b40cc23770 Thread added: 0x000001b40d2cfa60
Event: 1.965 Thread 0x000001b40cc23770 Thread added: 0x000001b40d2d1050
Event: 2.647 Thread 0x000001b40cc23770 Thread added: 0x000001b40d2d17a0
Event: 2.780 Thread 0x000001b406275190 Thread exited: 0x000001b406275190
Event: 2.786 Thread 0x000001b40cc23770 Thread added: 0x000001b40d2ce470
Event: 2.964 Thread 0x000001b40cc23770 Thread added: 0x000001b40d2d4380
Event: 2.968 Thread 0x000001b40cc23770 Thread added: 0x000001b40d2d2640
Event: 2.971 Thread 0x000001b3aab1c5d0 Thread added: 0x000001b40d61de40
Event: 3.196 Thread 0x000001b40cc23770 Thread added: 0x000001b40d2d2d90
Event: 3.236 Thread 0x000001b40cc23770 Thread added: 0x000001b40d2d3c30


Dynamic libraries:
0x00007ff709ae0000 - 0x00007ff709aee000 	C:\Users\cesarr\.jdks\openjdk-24.0.2\bin\java.exe
0x00007ffe9d200000 - 0x00007ffe9d469000 	C:\WINDOWS\SYSTEM32\ntdll.dll
0x00007ffe9d0e0000 - 0x00007ffe9d1a9000 	C:\WINDOWS\System32\KERNEL32.DLL
0x00007ffe9a9f0000 - 0x00007ffe9ade3000 	C:\WINDOWS\System32\KERNELBASE.dll
0x00007ffe9a4f0000 - 0x00007ffe9a63b000 	C:\WINDOWS\System32\ucrtbase.dll
0x00007ffe571d0000 - 0x00007ffe571eb000 	C:\Users\cesarr\.jdks\openjdk-24.0.2\bin\VCRUNTIME140.dll
0x00007ffe52450000 - 0x00007ffe52466000 	C:\Users\cesarr\.jdks\openjdk-24.0.2\bin\jli.dll
0x00007ffe9cf10000 - 0x00007ffe9d0d4000 	C:\WINDOWS\System32\USER32.dll
0x00007ffe80620000 - 0x00007ffe808b3000 	C:\WINDOWS\WinSxS\amd64_microsoft.windows.common-controls_6595b64144ccf1df_6.0.26100.5074_none_3e0d6f78e32fd63f\COMCTL32.dll
0x00007ffe9a840000 - 0x00007ffe9a867000 	C:\WINDOWS\System32\win32u.dll
0x00007ffe9b050000 - 0x00007ffe9b0f9000 	C:\WINDOWS\System32\msvcrt.dll
0x00007ffe9b1e0000 - 0x00007ffe9b20b000 	C:\WINDOWS\System32\GDI32.dll
0x00007ffe9adf0000 - 0x00007ffe9af1d000 	C:\WINDOWS\System32\gdi32full.dll
0x00007ffe9af20000 - 0x00007ffe9afc3000 	C:\WINDOWS\System32\msvcp_win.dll
0x00007ffe9c170000 - 0x00007ffe9c19f000 	C:\WINDOWS\System32\IMM32.DLL
0x00007ffe71ae0000 - 0x00007ffe71bd2000 	C:\Program Files\Windhawk\Engine\1.6.1\64\windhawk.dll
0x00007ffe9b2a0000 - 0x00007ffe9b354000 	C:\WINDOWS\System32\ADVAPI32.dll
0x00007ffe9c0c0000 - 0x00007ffe9c166000 	C:\WINDOWS\System32\sechost.dll
0x00007ffe9c220000 - 0x00007ffe9c338000 	C:\WINDOWS\System32\RPCRT4.dll
0x00007ffe62aa0000 - 0x00007ffe62aac000 	C:\Users\cesarr\.jdks\openjdk-24.0.2\bin\vcruntime140_1.dll
0x00007ffe27380000 - 0x00007ffe2740e000 	C:\Users\cesarr\.jdks\openjdk-24.0.2\bin\msvcp140.dll
0x00007ffda5310000 - 0x00007ffda60b1000 	C:\Users\cesarr\.jdks\openjdk-24.0.2\bin\server\jvm.dll
0x00007ffe9c440000 - 0x00007ffe9c4b4000 	C:\WINDOWS\System32\WS2_32.dll
0x00007ffe9a1f0000 - 0x00007ffe9a24e000 	C:\WINDOWS\SYSTEM32\POWRPROF.dll
0x00007ffe8c6b0000 - 0x00007ffe8c6e5000 	C:\WINDOWS\SYSTEM32\WINMM.dll
0x00007ffe90f50000 - 0x00007ffe90f5b000 	C:\WINDOWS\SYSTEM32\VERSION.dll
0x00007ffe9a1d0000 - 0x00007ffe9a1e4000 	C:\WINDOWS\SYSTEM32\UMPDC.dll
0x00007ffe99170000 - 0x00007ffe9918b000 	C:\WINDOWS\SYSTEM32\kernel.appcore.dll
0x00007ffe52c30000 - 0x00007ffe52c3a000 	C:\Users\cesarr\.jdks\openjdk-24.0.2\bin\jimage.dll
0x00007ffe8b9d0000 - 0x00007ffe8bc12000 	C:\WINDOWS\SYSTEM32\DBGHELP.DLL
0x00007ffe9b360000 - 0x00007ffe9b6db000 	C:\WINDOWS\System32\combase.dll
0x00007ffe9b100000 - 0x00007ffe9b1d7000 	C:\WINDOWS\System32\OLEAUT32.dll
0x00007ffe758a0000 - 0x00007ffe758dd000 	C:\WINDOWS\SYSTEM32\dbgcore.DLL
0x00007ffe9a390000 - 0x00007ffe9a429000 	C:\WINDOWS\System32\bcryptPrimitives.dll
0x00007ffe7e760000 - 0x00007ffe7e76f000 	C:\Users\cesarr\.jdks\openjdk-24.0.2\bin\instrument.dll
0x00007ffe50320000 - 0x00007ffe5033e000 	C:\Users\cesarr\.jdks\openjdk-24.0.2\bin\java.dll
0x00007ffe9b840000 - 0x00007ffe9b9d8000 	C:\WINDOWS\System32\ole32.dll
0x00007ffe9c4c0000 - 0x00007ffe9cc0d000 	C:\WINDOWS\System32\SHELL32.dll
0x00007ffe9a640000 - 0x00007ffe9a7ac000 	C:\WINDOWS\System32\wintypes.dll
0x00007ffe97ff0000 - 0x00007ffe98849000 	C:\WINDOWS\SYSTEM32\windows.storage.dll
0x00007ffe9c340000 - 0x00007ffe9c430000 	C:\WINDOWS\System32\SHCORE.dll
0x00007ffe9c1b0000 - 0x00007ffe9c212000 	C:\WINDOWS\System32\shlwapi.dll
0x00007ffe9a2b0000 - 0x00007ffe9a2d9000 	C:\WINDOWS\SYSTEM32\profapi.dll
0x00007ffdf3e40000 - 0x00007ffdf3f17000 	C:\Users\cesarr\.jdks\openjdk-24.0.2\bin\jsvml.dll
0x00007ffe445a0000 - 0x00007ffe445b7000 	C:\Users\cesarr\.jdks\openjdk-24.0.2\bin\zip.dll
0x00007ffe4af40000 - 0x00007ffe4af50000 	C:\Users\cesarr\.jdks\openjdk-24.0.2\bin\net.dll
0x00007ffe996f0000 - 0x00007ffe9975b000 	C:\WINDOWS\system32\mswsock.dll
0x00007ffe44560000 - 0x00007ffe44576000 	C:\Users\cesarr\.jdks\openjdk-24.0.2\bin\nio.dll
0x00007ffe44590000 - 0x00007ffe445a0000 	C:\Users\cesarr\.jdks\openjdk-24.0.2\bin\verify.dll
0x00007ffe95170000 - 0x00007ffe95197000 	C:\Users\cesarr\.gradle\native\1def1411415f61bf3af743bc5b6707747c0891f09f0c88961ee8f79bc544acac\windows-amd64\native-platform.dll
0x00007ffe508a0000 - 0x00007ffe50918000 	C:\Users\cesarr\.gradle\native\0.2.7\x86_64-windows-gnu\gradle-fileevents.dll
0x00007ffe44550000 - 0x00007ffe4455a000 	C:\Users\cesarr\.jdks\openjdk-24.0.2\bin\management.dll
0x00007ffe442c0000 - 0x00007ffe442cb000 	C:\Users\cesarr\.jdks\openjdk-24.0.2\bin\management_ext.dll
0x00007ffe9aff0000 - 0x00007ffe9aff8000 	C:\WINDOWS\System32\PSAPI.DLL
0x00007ffe98c20000 - 0x00007ffe98c54000 	C:\WINDOWS\SYSTEM32\IPHLPAPI.DLL
0x00007ffe9ce80000 - 0x00007ffe9ce8a000 	C:\WINDOWS\System32\NSI.dll
0x00007ffe442b0000 - 0x00007ffe442b9000 	C:\Users\cesarr\.jdks\openjdk-24.0.2\bin\extnet.dll
0x00007ffe99990000 - 0x00007ffe999ab000 	C:\WINDOWS\SYSTEM32\CRYPTSP.dll
0x00007ffe990d0000 - 0x00007ffe9910b000 	C:\WINDOWS\system32\rsaenh.dll
0x00007ffe99790000 - 0x00007ffe997bb000 	C:\WINDOWS\SYSTEM32\USERENV.dll
0x00007ffe9a280000 - 0x00007ffe9a2a6000 	C:\WINDOWS\SYSTEM32\bcrypt.dll
0x00007ffe999b0000 - 0x00007ffe999bc000 	C:\WINDOWS\SYSTEM32\CRYPTBASE.dll
0x00007ffe78700000 - 0x00007ffe7870e000 	C:\Users\cesarr\.jdks\openjdk-24.0.2\bin\sunmscapi.dll
0x00007ffe99bb0000 - 0x00007ffe99be0000 	C:\WINDOWS\SYSTEM32\ncrypt.dll
0x000001b407c00000 - 0x000001b407d77000 	C:\WINDOWS\System32\CRYPT32.dll
0x00007ffe99b60000 - 0x00007ffe99b9f000 	C:\WINDOWS\SYSTEM32\NTASN1.dll
0x00007ffe57040000 - 0x00007ffe57048000 	C:\WINDOWS\system32\wshunix.dll

JVMTI agents:
C:\Users\cesarr\.gradle\wrapper\dists\gradle-8.14.3-bin\cv11ve7ro1n3o1j4so8xd9n66\gradle-8.14.3\lib\agents\gradle-instrumentation-agent-8.14.3.jar path:C:\Users\cesarr\.jdks\openjdk-24.0.2\bin\instrument.dll, loaded, initialized, instrumentlib options:none

dbghelp: loaded successfully - version: 4.0.5 - missing functions: none
symbol engine: initialized successfully - sym options: 0x614 - pdb path: .;C:\Users\cesarr\.jdks\openjdk-24.0.2\bin;C:\WINDOWS\SYSTEM32;C:\WINDOWS\WinSxS\amd64_microsoft.windows.common-controls_6595b64144ccf1df_6.0.26100.5074_none_3e0d6f78e32fd63f;C:\Program Files\Windhawk\Engine\1.6.1\64;C:\Users\cesarr\.jdks\openjdk-24.0.2\bin\server;C:\Users\cesarr\.gradle\native\1def1411415f61bf3af743bc5b6707747c0891f09f0c88961ee8f79bc544acac\windows-amd64;C:\Users\cesarr\.gradle\native\0.2.7\x86_64-windows-gnu

VM Arguments:
jvm_args: --add-opens=java.base/java.lang=ALL-UNNAMED --add-opens=java.base/java.lang.invoke=ALL-UNNAMED --add-opens=java.base/java.util=ALL-UNNAMED --add-opens=java.prefs/java.util.prefs=ALL-UNNAMED --add-exports=jdk.compiler/com.sun.tools.javac.api=ALL-UNNAMED --add-exports=jdk.compiler/com.sun.tools.javac.util=ALL-UNNAMED --add-opens=java.base/java.util=ALL-UNNAMED --add-opens=java.prefs/java.util.prefs=ALL-UNNAMED --add-opens=java.base/java.nio.charset=ALL-UNNAMED --add-opens=java.base/java.net=ALL-UNNAMED --add-opens=java.base/java.util.concurrent.atomic=ALL-UNNAMED --add-opens=java.xml/javax.xml.namespace=ALL-UNNAMED --enable-native-access=ALL-UNNAMED -XX:+UseParallelGC -Xms128m -Xmx1024m -Dfile.encoding=UTF-8 -Duser.country=419 -Duser.language=es -Duser.variant -javaagent:C:\Users\cesarr\.gradle\wrapper\dists\gradle-8.14.3-bin\cv11ve7ro1n3o1j4so8xd9n66\gradle-8.14.3\lib\agents\gradle-instrumentation-agent-8.14.3.jar 
java_command: org.gradle.launcher.daemon.bootstrap.GradleDaemon 8.14.3
java_class_path (initial): C:\Users\cesarr\.gradle\wrapper\dists\gradle-8.14.3-bin\cv11ve7ro1n3o1j4so8xd9n66\gradle-8.14.3\lib\gradle-daemon-main-8.14.3.jar
Launcher Type: SUN_STANDARD

[Global flags]
     intx CICompilerCount                          = 4                                         {product} {ergonomic}
   size_t InitialHeapSize                          = 134217728                                 {product} {command line}
   size_t MaxHeapSize                              = 1073741824                                {product} {command line}
   size_t MaxNewSize                               = 357564416                                 {product} {ergonomic}
   size_t MinHeapDeltaBytes                        = 524288                                    {product} {ergonomic}
   size_t MinHeapSize                              = 134217728                                 {product} {command line}
   size_t NewSize                                  = 44564480                                  {product} {ergonomic}
    uintx NonNMethodCodeHeapSize                   = 5832704                                {pd product} {ergonomic}
    uintx NonProfiledCodeHeapSize                  = 122945536                              {pd product} {ergonomic}
    uintx ProfiledCodeHeapSize                     = 122880000                              {pd product} {ergonomic}
    uintx ReservedCodeCacheSize                    = 251658240                              {pd product} {ergonomic}
     bool SegmentedCodeCache                       = true                                      {product} {ergonomic}
   size_t SoftMaxHeapSize                          = 1073741824                             {manageable} {ergonomic}
     bool UseCompressedOops                        = true                           {product lp64_product} {ergonomic}
     bool UseLargePagesIndividualAllocation        = false                                  {pd product} {ergonomic}
     bool UseParallelGC                            = true                                      {product} {command line}

Logging:
Log output configuration:
 #0: stdout all=warning uptime,level,tags foldmultilines=false
 #1: stderr all=off uptime,level,tags foldmultilines=false

Environment Variables:
PATH=C:\Users\cesarr\AppData\Local\Programs\Python\Python313\Scripts\;C:\Users\cesarr\AppData\Local\Programs\Python\Python313\;C:\windows\system32;C:\windows;C:\windows\System32\Wbem;C:\windows\System32\WindowsPowerShell\v1.0\;C:\windows\System32\OpenSSH\;C:\Program Files (x86)\NVIDIA Corporation\PhysX\Common;C:\Program Files\NVIDIA Corporation\NVIDIA NvDLISR;C:\Users\Administrator\AppData\Local\Microsoft\WindowsApps;C:\Program Files\HP\OMEN-Broadcast\Common;C:\Program Files\PuTTY\;C:\WINDOWS\system32;C:\WINDOWS;C:\WINDOWS\System32\Wbem;C:\WINDOWS\System32\WindowsPowerShell\v1.0\;C:\WINDOWS\System32\OpenSSH\;C:\Program Files\Git\cmd;C:\Program Files\nodejs\;C:\ProgramData\chocolatey\bin;C:\Users\cesarr\AppData\Local\Programs\Eclipse Adoptium\jdk-21.0.7.6-hotspot\bin;C:\Users\cesarr\AppData\Local\Microsoft\WindowsApps;C:\Users\cesarr\AppData\Local\Programs\Microsoft VS Code\bin;C:\ruta\completa\hasta\bin;C:\Users\cesarr\Downloads\x86_64-8.1.0-release-posix-seh-rt_v6-rev0\mingw64\bin;C:\Users\cesarr\AppData\Roaming\npm
USERNAME=cesarr
OS=Windows_NT
PROCESSOR_IDENTIFIER=AMD64 Family 25 Model 117 Stepping 2, AuthenticAMD
TMP=C:\Users\cesarr\AppData\Local\Temp
TEMP=C:\Users\cesarr\AppData\Local\Temp




Periodic native trim disabled

---------------  S Y S T E M  ---------------

OS:
 Windows 11 , 64 bit Build 26100 (10.0.26100.5074)
OS uptime: 0 days 2:35 hours
Hyper-V role detected

CPU: total 12 (initial active 12) (12 cores per cpu, 2 threads per core) family 25 model 117 stepping 2 microcode 0xa70520a, cx8, cmov, fxsr, ht, mmx, 3dnowpref, sse, sse2, sse3, ssse3, sse4a, sse4.1, sse4.2, popcnt, lzcnt, tsc, tscinvbit, avx, avx2, aes, erms, clmul, bmi1, bmi2, adx, avx512f, avx512dq, avx512cd, avx512bw, avx512vl, sha, fma, vzeroupper, avx512_vpopcntdq, avx512_vpclmulqdq, avx512_vaes, avx512_vnni, clflush, clflushopt, avx512_vbmi2, avx512_vbmi, hv, rdtscp, rdpid, fsrm, gfni, avx512_bitalg, f16c, cet_ss, avx512_ifma
Processor Information for processor 0
  Max Mhz: 4301, Current Mhz: 2483, Mhz Limit: 4301
Processor Information for processor 1
  Max Mhz: 4301, Current Mhz: 2483, Mhz Limit: 4301
Processor Information for processor 2
  Max Mhz: 4301, Current Mhz: 2483, Mhz Limit: 4301
Processor Information for processor 3
  Max Mhz: 4301, Current Mhz: 3993, Mhz Limit: 4301
Processor Information for processor 4
  Max Mhz: 4301, Current Mhz: 2483, Mhz Limit: 4301
Processor Information for processor 5
  Max Mhz: 4301, Current Mhz: 3993, Mhz Limit: 4301
Processor Information for processor 6
  Max Mhz: 4301, Current Mhz: 3993, Mhz Limit: 4301
Processor Information for processor 7
  Max Mhz: 4301, Current Mhz: 2483, Mhz Limit: 4301
Processor Information for processor 8
  Max Mhz: 4301, Current Mhz: 2483, Mhz Limit: 4301
Processor Information for processor 9
  Max Mhz: 4301, Current Mhz: 3993, Mhz Limit: 4301
Processor Information for processor 10
  Max Mhz: 4301, Current Mhz: 3993, Mhz Limit: 4301
Processor Information for processor 11
  Max Mhz: 4301, Current Mhz: 2483, Mhz Limit: 4301

Memory: 4k page, system-wide physical 7439M (531M free)
TotalPageFile size 29967M (AvailPageFile size 16M)
current process WorkingSet (physical memory assigned to process): 253M, peak: 257M
current process commit charge ("private bytes"): 351M, peak: 356M

vm_info: OpenJDK 64-Bit Server VM (24.0.2+12-54) for windows-amd64 JRE (24.0.2+12-54), built on 2025-07-08T12:10:27Z with MS VC++ 17.6 (VS2022)

END.
