#
# There is insufficient memory for the Java Runtime Environment to continue.
# Native memory allocation (malloc) failed to allocate 1233040 bytes. Error detail: Chunk::new
# Possible reasons:
#   The system is out of physical RAM or swap space
#   This process is running with CompressedOops enabled, and the Java Heap may be blocking the growth of the native heap
# Possible solutions:
#   Reduce memory load on the system
#   Increase physical memory or swap space
#   Check if swap backing store is full
#   Decrease Java heap size (-Xmx/-Xms)
#   Decrease number of Java threads
#   Decrease Java thread stack sizes (-Xss)
#   Set larger code cache with -XX:ReservedCodeCacheSize=
#   JVM is running with Unscaled Compressed Oops mode in which the Java heap is
#     placed in the first 4GB address space. The Java Heap base address is the
#     maximum limit for the native heap growth. Please use -XX:HeapBaseMinAddress
#     to set the Java Heap base and to place the Java Heap above 4GB virtual address.
# This output file may be truncated or incomplete.
#
#  Out of Memory Error (arena.cpp:162), pid=27916, tid=19136
#
# JRE version: OpenJDK Runtime Environment (24.0.2+12) (build 24.0.2+12-54)
# Java VM: OpenJDK 64-Bit Server VM (24.0.2+12-54, mixed mode, sharing, tiered, compressed oops, compressed class ptrs, g1 gc, windows-amd64)
# No core dump will be written. Minidumps are not enabled by default on client versions of Windows
#

---------------  S U M M A R Y ------------

Command Line: -Dio.ktor.development=true -javaagent:C:\Program Files\JetBrains\IntelliJ IDEA 2025.1.1.1\lib\idea_rt.jar=63363 -Dfile.encoding=UTF-8 -Dsun.stdout.encoding=UTF-8 -Dsun.stderr.encoding=UTF-8 io.ktor.server.netty.EngineMain

Host: AMD Ryzen 5 8645HS w/ Radeon 760M Graphics, 12 cores, 7G,  Windows 11 , 64 bit Build 26100 (10.0.26100.5074)
Time: Sun Nov 30 02:49:41 2025 Hora estándar central (México) elapsed time: 9.898949 seconds (0d 0h 0m 9s)

---------------  T H R E A D  ---------------

Current thread (0x000001a135a12cc0):  JavaThread "C2 CompilerThread0" daemon [_thread_in_native, id=19136, stack(0x000000094bb00000,0x000000094bc00000) (1024K)]


Current CompileTask:
C2:9899 3297       4       jdk.internal.loader.URLClassPath::getResource (71 bytes)

Stack: [0x000000094bb00000,0x000000094bc00000]
Native frames: (J=compiled Java code, j=interpreted, Vv=VM code, C=native code)
V  [jvm.dll+0x730829]  (no source info available)
V  [jvm.dll+0x8d9da3]  (no source info available)
V  [jvm.dll+0x8dc28d]  (no source info available)
V  [jvm.dll+0x8dc903]  (no source info available)
V  [jvm.dll+0x2a9f56]  (no source info available)
V  [jvm.dll+0xced7f]  (no source info available)
V  [jvm.dll+0xcefdf]  (no source info available)
V  [jvm.dll+0x154c83]  (no source info available)
V  [jvm.dll+0x73604f]  (no source info available)
V  [jvm.dll+0x26f8dc]  (no source info available)
V  [jvm.dll+0x26e8ff]  (no source info available)
V  [jvm.dll+0x1e9c90]  (no source info available)
V  [jvm.dll+0x27e0cb]  (no source info available)
V  [jvm.dll+0x27c36a]  (no source info available)
V  [jvm.dll+0x42f396]  (no source info available)
V  [jvm.dll+0x87d9eb]  (no source info available)
V  [jvm.dll+0x72ef45]  (no source info available)
C  [ucrtbase.dll+0x37b0]  (no source info available)
C  [KERNEL32.DLL+0x2e8d7]  (no source info available)
C  [ntdll.dll+0x8d9c]  (no source info available)

Lock stack of current Java thread (top to bottom):


---------------  P R O C E S S  ---------------

Threads class SMR info:
_java_thread_list=0x000001a17c574e50, length=22, elements={
0x000001a1168cc280, 0x000001a1359f6810, 0x000001a1359f6f50, 0x000001a135a01680,
0x000001a135a022a0, 0x000001a135a03a30, 0x000001a135a051c0, 0x000001a135a12cc0,
0x000001a135a144a0, 0x000001a135be4b90, 0x000001a17b0ceac0, 0x000001a17b0cf200,
0x000001a17bc01be0, 0x000001a17bd0eb60, 0x000001a17bc5e040, 0x000001a17bc68310,
0x000001a17bd4a6b0, 0x000001a17bd47ad0, 0x000001a17bd47380, 0x000001a17d25fca0,
0x000001a17d25ee00, 0x000001a17d2603f0
}

Java Threads: ( => current thread )
  0x000001a1168cc280 JavaThread "main"                              [_thread_blocked, id=26732, stack(0x000000094ad00000,0x000000094ae00000) (1024K)]
  0x000001a1359f6810 JavaThread "Reference Handler"          daemon [_thread_blocked, id=22336, stack(0x000000094b500000,0x000000094b600000) (1024K)]
  0x000001a1359f6f50 JavaThread "Finalizer"                  daemon [_thread_blocked, id=28864, stack(0x000000094b600000,0x000000094b700000) (1024K)]
  0x000001a135a01680 JavaThread "Signal Dispatcher"          daemon [_thread_blocked, id=32672, stack(0x000000094b700000,0x000000094b800000) (1024K)]
  0x000001a135a022a0 JavaThread "Attach Listener"            daemon [_thread_blocked, id=2104, stack(0x000000094b800000,0x000000094b900000) (1024K)]
  0x000001a135a03a30 JavaThread "Service Thread"             daemon [_thread_blocked, id=25408, stack(0x000000094b900000,0x000000094ba00000) (1024K)]
  0x000001a135a051c0 JavaThread "Monitor Deflation Thread"   daemon [_thread_blocked, id=27276, stack(0x000000094ba00000,0x000000094bb00000) (1024K)]
=>0x000001a135a12cc0 JavaThread "C2 CompilerThread0"         daemon [_thread_in_native, id=19136, stack(0x000000094bb00000,0x000000094bc00000) (1024K)]
  0x000001a135a144a0 JavaThread "C1 CompilerThread0"         daemon [_thread_blocked, id=15308, stack(0x000000094bc00000,0x000000094bd00000) (1024K)]
  0x000001a135be4b90 JavaThread "Common-Cleaner"             daemon [_thread_blocked, id=6176, stack(0x000000094bd00000,0x000000094be00000) (1024K)]
  0x000001a17b0ceac0 JavaThread "Monitor Ctrl-Break"         daemon [_thread_in_native, id=26436, stack(0x000000094be00000,0x000000094bf00000) (1024K)]
  0x000001a17b0cf200 JavaThread "Notification Thread"        daemon [_thread_blocked, id=29700, stack(0x000000094bf00000,0x000000094c000000) (1024K)]
  0x000001a17bc01be0 JavaThread "RMI TCP Accept-0"           daemon [_thread_in_native, id=28836, stack(0x000000094c000000,0x000000094c100000) (1024K)]
  0x000001a17bd0eb60 JavaThread "RMI TCP Connection(1)-192.168.100.195" daemon [_thread_in_native, id=30268, stack(0x000000094c100000,0x000000094c200000) (1024K)]
  0x000001a17bc5e040 JavaThread "RMI Scheduler(0)"           daemon [_thread_blocked, id=25116, stack(0x000000094c200000,0x000000094c300000) (1024K)]
  0x000001a17bc68310 JavaThread "JMX server connection timeout 31" daemon [_thread_blocked, id=25448, stack(0x000000094c300000,0x000000094c400000) (1024K)]
  0x000001a17bd4a6b0 JavaThread "kotlinx.coroutines.DefaultExecutor" daemon [_thread_blocked, id=29020, stack(0x000000094cb00000,0x000000094cc00000) (1024K)]
  0x000001a17bd47ad0 JavaThread "PostgreSQL-JDBC-Cleaner"    daemon [_thread_blocked, id=31080, stack(0x000000094d100000,0x000000094d200000) (1024K)]
  0x000001a17bd47380 JavaThread "HikariPool-1 housekeeper"   daemon [_thread_blocked, id=32556, stack(0x000000094d200000,0x000000094d300000) (1024K)]
  0x000001a17d25fca0 JavaThread "eventLoopGroupProxy-1-1"    daemon [_thread_in_native, id=22772, stack(0x000000094d400000,0x000000094d500000) (1024K)]
  0x000001a17d25ee00 JavaThread "eventLoopGroupProxy-3-1"    daemon [_thread_in_native, id=29868, stack(0x000000094d300000,0x000000094d400000) (1024K)]
  0x000001a17d2603f0 JavaThread "eventLoopGroupProxy-4-1"    daemon [_thread_in_native, id=24588, stack(0x000000094d500000,0x000000094d600000) (1024K)]
Total: 22

Other Threads:
  0x000001a1359e6c70 VMThread "VM Thread"                           [id=31156, stack(0x000000094b400000,0x000000094b500000) (1024K)]
  0x000001a1359d4cc0 WatcherThread "VM Periodic Task Thread"        [id=24560, stack(0x000000094b300000,0x000000094b400000) (1024K)]
  0x000001a116920d70 WorkerThread "GC Thread#0"                     [id=27316, stack(0x000000094ae00000,0x000000094af00000) (1024K)]
  0x000001a17be320f0 WorkerThread "GC Thread#1"                     [id=11988, stack(0x000000094c400000,0x000000094c500000) (1024K)]
  0x000001a17be324a0 WorkerThread "GC Thread#2"                     [id=19572, stack(0x000000094c500000,0x000000094c600000) (1024K)]
  0x000001a17be32850 WorkerThread "GC Thread#3"                     [id=18352, stack(0x000000094c600000,0x000000094c700000) (1024K)]
  0x000001a17c90fc10 WorkerThread "GC Thread#4"                     [id=16936, stack(0x000000094c700000,0x000000094c800000) (1024K)]
  0x000001a17c910e80 WorkerThread "GC Thread#5"                     [id=32432, stack(0x000000094c800000,0x000000094c900000) (1024K)]
  0x000001a17c90e9a0 WorkerThread "GC Thread#6"                     [id=368, stack(0x000000094c900000,0x000000094ca00000) (1024K)]
  0x000001a17c911230 WorkerThread "GC Thread#7"                     [id=30808, stack(0x000000094ca00000,0x000000094cb00000) (1024K)]
  0x000001a17c910ad0 WorkerThread "GC Thread#8"                     [id=26584, stack(0x000000094cd00000,0x000000094ce00000) (1024K)]
  0x000001a17c90ed50 WorkerThread "GC Thread#9"                     [id=9704, stack(0x000000094ce00000,0x000000094cf00000) (1024K)]
  0x000001a116935ac0 ConcurrentGCThread "G1 Main Marker"            [id=32112, stack(0x000000094af00000,0x000000094b000000) (1024K)]
  0x000001a1169365d0 WorkerThread "G1 Conc#0"                       [id=24548, stack(0x000000094b000000,0x000000094b100000) (1024K)]
  0x000001a17c911990 WorkerThread "G1 Conc#1"                       [id=12016, stack(0x000000094cf00000,0x000000094d000000) (1024K)]
  0x000001a17c90f100 WorkerThread "G1 Conc#2"                       [id=30600, stack(0x000000094d000000,0x000000094d100000) (1024K)]
  0x000001a13589cc90 ConcurrentGCThread "G1 Refine#0"               [id=29808, stack(0x000000094b100000,0x000000094b200000) (1024K)]
  0x000001a13589f4e0 ConcurrentGCThread "G1 Service"                [id=16164, stack(0x000000094b200000,0x000000094b300000) (1024K)]
Total: 18

Threads with active compile tasks:
C2 CompilerThread0  10081 3297       4       jdk.internal.loader.URLClassPath::getResource (71 bytes)
Total: 1

VM state: not at safepoint (normal execution)

VM Mutex/Monitor currently owned by a thread: None

Heap address: 0x000000008bc00000, size: 1860 MB, Compressed Oops mode: 32-bit

CDS archive(s) mapped at: [0x000001a136000000-0x000001a136d40000-0x000001a136d40000), size 13893632, SharedBaseAddress: 0x000001a136000000, ArchiveRelocationMode: 1.
Compressed class space mapped at: 0x000001a137000000-0x000001a177000000, reserved size: 1073741824
UseCompressedClassPointers 1, UseCompactObjectHeaders 0
Narrow klass pointer bits 32, Max shift 3
Narrow klass base: 0x000001a136000000, Narrow klass shift: 0
Encoding Range: [0x000001a136000000 - 0x000001a236000000), (4294967296 bytes)
Klass Range:    [0x000001a136000000 - 0x000001a177000000), (1090519040 bytes)
Klass ID Range:  [8 - 1090519033) (1090519025)

GC Precious Log:
 CardTable entry size: 512
 Card Set container configuration: InlinePtr #cards 5 size 8 Array Of Cards #cards 10 size 36 Howl #buckets 4 coarsen threshold 1843 Howl Bitmap #cards 512 size 80 coarsen threshold 460 Card regions per heap region 1 cards per card region 2048
 CPUs: 12 total, 12 available
 Memory: 7439M
 Large Page Support: Disabled
 NUMA Support: Disabled
 Compressed Oops: Enabled (32-bit)
 Heap Region Size: 1M
 Heap Min Capacity: 8M
 Heap Initial Capacity: 118M
 Heap Max Capacity: 1860M
 Pre-touch: Disabled
 Parallel Workers: 10
 Concurrent Workers: 3
 Concurrent Refinement Workers: 10
 Periodic GC: Disabled

Heap:
 garbage-first heap   total reserved 1904640K, committed 44032K, used 24180K [0x000000008bc00000, 0x0000000100000000)
  region size 1024K, 18 young (18432K), 6 survivors (6144K)
 Metaspace       used 31412K, committed 31744K, reserved 1114112K
  class space    used 2998K, committed 3136K, reserved 1048576K

Heap Regions: E=young(eden), S=young(survivor), O=old, HS=humongous(starts), HC=humongous(continues), CS=collection set, F=free, TAMS=top-at-mark-start, PB=parsable bottom
|   0|0x000000008bc00000, 0x000000008bd00000, 0x000000008bd00000|100%| O|  |TAMS 0x000000008bc00000| PB 0x000000008bc00000| Untracked |  0
|   1|0x000000008bd00000, 0x000000008be00000, 0x000000008be00000|100%| O|  |TAMS 0x000000008bd00000| PB 0x000000008bd00000| Untracked |  0
|   2|0x000000008be00000, 0x000000008bf00000, 0x000000008bf00000|100%| O|  |TAMS 0x000000008be00000| PB 0x000000008be00000| Untracked |  0
|   3|0x000000008bf00000, 0x000000008c000000, 0x000000008c000000|100%| O|  |TAMS 0x000000008bf00000| PB 0x000000008bf00000| Untracked |  0
|   4|0x000000008c000000, 0x000000008c100000, 0x000000008c100000|100%| O|  |TAMS 0x000000008c000000| PB 0x000000008c000000| Untracked |  0
|   5|0x000000008c100000, 0x000000008c181000, 0x000000008c200000| 50%| O|  |TAMS 0x000000008c100000| PB 0x000000008c100000| Untracked |  0
|   6|0x000000008c200000, 0x000000008c200000, 0x000000008c300000|  0%| F|  |TAMS 0x000000008c200000| PB 0x000000008c200000| Untracked |  0
|   7|0x000000008c300000, 0x000000008c300000, 0x000000008c400000|  0%| F|  |TAMS 0x000000008c300000| PB 0x000000008c300000| Untracked |  0
|   8|0x000000008c400000, 0x000000008c400000, 0x000000008c500000|  0%| F|  |TAMS 0x000000008c400000| PB 0x000000008c400000| Untracked |  0
|   9|0x000000008c500000, 0x000000008c500000, 0x000000008c600000|  0%| F|  |TAMS 0x000000008c500000| PB 0x000000008c500000| Untracked |  0
|  10|0x000000008c600000, 0x000000008c600000, 0x000000008c700000|  0%| F|  |TAMS 0x000000008c600000| PB 0x000000008c600000| Untracked |  0
|  11|0x000000008c700000, 0x000000008c700000, 0x000000008c800000|  0%| F|  |TAMS 0x000000008c700000| PB 0x000000008c700000| Untracked |  0
|  12|0x000000008c800000, 0x000000008c800000, 0x000000008c900000|  0%| F|  |TAMS 0x000000008c800000| PB 0x000000008c800000| Untracked |  0
|  13|0x000000008c900000, 0x000000008c900000, 0x000000008ca00000|  0%| F|  |TAMS 0x000000008c900000| PB 0x000000008c900000| Untracked |  0
|  14|0x000000008ca00000, 0x000000008ca00000, 0x000000008cb00000|  0%| F|  |TAMS 0x000000008ca00000| PB 0x000000008ca00000| Untracked |  0
|  15|0x000000008cb00000, 0x000000008cb00000, 0x000000008cc00000|  0%| F|  |TAMS 0x000000008cb00000| PB 0x000000008cb00000| Untracked |  0
|  16|0x000000008cc00000, 0x000000008cc00000, 0x000000008cd00000|  0%| F|  |TAMS 0x000000008cc00000| PB 0x000000008cc00000| Untracked |  0
|  17|0x000000008cd00000, 0x000000008cd00000, 0x000000008ce00000|  0%| F|  |TAMS 0x000000008cd00000| PB 0x000000008cd00000| Untracked |  0
|  18|0x000000008ce00000, 0x000000008ce00000, 0x000000008cf00000|  0%| F|  |TAMS 0x000000008ce00000| PB 0x000000008ce00000| Untracked |  0
|  19|0x000000008cf00000, 0x000000008cf00000, 0x000000008d000000|  0%| F|  |TAMS 0x000000008cf00000| PB 0x000000008cf00000| Untracked |  0
|  20|0x000000008d000000, 0x000000008d000000, 0x000000008d100000|  0%| F|  |TAMS 0x000000008d000000| PB 0x000000008d000000| Untracked |  0
|  21|0x000000008d100000, 0x000000008d100000, 0x000000008d200000|  0%| F|  |TAMS 0x000000008d100000| PB 0x000000008d100000| Untracked |  0
|  22|0x000000008d200000, 0x000000008d200000, 0x000000008d300000|  0%| F|  |TAMS 0x000000008d200000| PB 0x000000008d200000| Untracked |  0
|  23|0x000000008d300000, 0x000000008d323980, 0x000000008d400000| 13%| E|  |TAMS 0x000000008d300000| PB 0x000000008d300000| Complete |  0
|  24|0x000000008d400000, 0x000000008d500000, 0x000000008d500000|100%| E|CS|TAMS 0x000000008d400000| PB 0x000000008d400000| Complete |  0
|  25|0x000000008d500000, 0x000000008d600000, 0x000000008d600000|100%| E|CS|TAMS 0x000000008d500000| PB 0x000000008d500000| Complete |  0
|  26|0x000000008d600000, 0x000000008d700000, 0x000000008d700000|100%| E|CS|TAMS 0x000000008d600000| PB 0x000000008d600000| Complete |  0
|  27|0x000000008d700000, 0x000000008d800000, 0x000000008d800000|100%| E|CS|TAMS 0x000000008d700000| PB 0x000000008d700000| Complete |  0
|  28|0x000000008d800000, 0x000000008d900000, 0x000000008d900000|100%| E|CS|TAMS 0x000000008d800000| PB 0x000000008d800000| Complete |  0
|  29|0x000000008d900000, 0x000000008da00000, 0x000000008da00000|100%| E|CS|TAMS 0x000000008d900000| PB 0x000000008d900000| Complete |  0
|  30|0x000000008da00000, 0x000000008daffff8, 0x000000008db00000| 99%| E|CS|TAMS 0x000000008da00000| PB 0x000000008da00000| Complete |  0
|  31|0x000000008db00000, 0x000000008dc00000, 0x000000008dc00000|100%| S|CS|TAMS 0x000000008db00000| PB 0x000000008db00000| Complete |  0
|  32|0x000000008dc00000, 0x000000008dd00000, 0x000000008dd00000|100%| S|CS|TAMS 0x000000008dc00000| PB 0x000000008dc00000| Complete |  0
|  33|0x000000008dd00000, 0x000000008de00000, 0x000000008de00000|100%| S|CS|TAMS 0x000000008dd00000| PB 0x000000008dd00000| Complete |  0
|  34|0x000000008de00000, 0x000000008df00000, 0x000000008df00000|100%| S|CS|TAMS 0x000000008de00000| PB 0x000000008de00000| Complete |  0
|  35|0x000000008df00000, 0x000000008e000000, 0x000000008e000000|100%| S|CS|TAMS 0x000000008df00000| PB 0x000000008df00000| Complete |  0
|  36|0x000000008e000000, 0x000000008e100000, 0x000000008e100000|100%| S|CS|TAMS 0x000000008e000000| PB 0x000000008e000000| Complete |  0
|  90|0x0000000091600000, 0x0000000091700000, 0x0000000091700000|100%| E|CS|TAMS 0x0000000091600000| PB 0x0000000091600000| Complete |  0
|  91|0x0000000091700000, 0x0000000091800000, 0x0000000091800000|100%| E|CS|TAMS 0x0000000091700000| PB 0x0000000091700000| Complete |  0
|  92|0x0000000091800000, 0x0000000091900000, 0x0000000091900000|100%| E|CS|TAMS 0x0000000091800000| PB 0x0000000091800000| Complete |  0
| 117|0x0000000093100000, 0x0000000093200000, 0x0000000093200000|100%| E|CS|TAMS 0x0000000093100000| PB 0x0000000093100000| Complete |  0
|1858|0x00000000ffe00000, 0x00000000fff00000, 0x00000000fff00000|100%| O|  |TAMS 0x00000000ffe00000| PB 0x00000000ffe00000| Untracked |  0
|1859|0x00000000fff00000, 0x00000000fff1c330, 0x0000000100000000| 11%| O|Cm|TAMS 0x00000000fff00000| PB 0x00000000fff00000| Complete |  0

Card table byte_map: [0x000001a130cd0000,0x000001a131080000] _byte_map_base: 0x000001a130872000

Marking Bits: (CMBitMap*) 0x000001a116921480
 Bits: [0x000001a131080000, 0x000001a132d90000)

Polling page: 0x000001a1165f0000

Metaspace:

Usage:
  Non-class:     27.75 MB used.
      Class:      2.93 MB used.
       Both:     30.68 MB used.

Virtual space:
  Non-class space:       64.00 MB reserved,      27.94 MB ( 44%) committed,  1 nodes.
      Class space:        1.00 GB reserved,       3.06 MB ( <1%) committed,  1 nodes.
             Both:        1.06 GB reserved,      31.00 MB (  3%) committed. 

Chunk freelists:
   Non-Class:  4.03 MB
       Class:  12.98 MB
        Both:  17.02 MB

MaxMetaspaceSize: unlimited
CompressedClassSpaceSize: 1.00 GB
Initial GC threshold: 21.00 MB
Current GC threshold: 35.12 MB
CDS: on
 - commit_granule_bytes: 65536.
 - commit_granule_words: 8192.
 - virtual_space_node_default_size: 8388608.
 - enlarge_chunks_in_place: 1.
UseCompressedClassPointers 1, UseCompactObjectHeaders 0
Narrow klass pointer bits 32, Max shift 3
Narrow klass base: 0x000001a136000000, Narrow klass shift: 0
Encoding Range: [0x000001a136000000 - 0x000001a236000000), (4294967296 bytes)
Klass Range:    [0x000001a136000000 - 0x000001a177000000), (1090519040 bytes)
Klass ID Range:  [8 - 1090519033) (1090519025)


Internal statistics:

num_allocs_failed_limit: 3.
num_arena_births: 284.
num_arena_deaths: 0.
num_vsnodes_births: 2.
num_vsnodes_deaths: 0.
num_space_committed: 496.
num_space_uncommitted: 0.
num_chunks_returned_to_freelist: 3.
num_chunks_taken_from_freelist: 1167.
num_chunk_merges: 3.
num_chunk_splits: 850.
num_chunks_enlarged: 702.
num_inconsistent_stats: 0.

CodeHeap 'non-profiled nmethods': size=120064Kb used=1311Kb max_used=1311Kb free=118752Kb
 bounds [0x000001a128850000, 0x000001a128ac0000, 0x000001a12fd90000]
CodeHeap 'profiled nmethods': size=120000Kb used=5121Kb max_used=5121Kb free=114878Kb
 bounds [0x000001a120d90000, 0x000001a1212a0000, 0x000001a1282c0000]
CodeHeap 'non-nmethods': size=5696Kb used=1649Kb max_used=1694Kb free=4046Kb
 bounds [0x000001a1282c0000, 0x000001a128530000, 0x000001a128850000]
CodeCache: size=245760Kb, used=8081Kb, max_used=8126Kb, free=237676Kb
 total_blobs=3968, nmethods=3315, adapters=557, full_count=0
Compilation: enabled, stopped_count=0, restarted_count=0

Compilation events (20 events):
Event: 8.881 Thread 0x000001a135a144a0 nmethod 3292 0x000001a12127db88 code [0x000001a12127dcc0, 0x000001a12127df80]
Event: 8.881 Thread 0x000001a135a144a0 3287       3       jdk.internal.loader.AbstractClassLoaderValue::sub (10 bytes)
Event: 8.881 Thread 0x000001a135a144a0 nmethod 3287 0x000001a12127e008 code [0x000001a12127e140, 0x000001a12127e478]
Event: 8.881 Thread 0x000001a135a144a0 3290       3       java.lang.invoke.MethodType::leadingReferenceParameter (30 bytes)
Event: 8.881 Thread 0x000001a135a144a0 nmethod 3290 0x000001a12127e508 code [0x000001a12127e640, 0x000001a12127e998]
Event: 8.881 Thread 0x000001a135a144a0 3291       3       java.lang.invoke.MethodHandle::bindArgumentL (10 bytes)
Event: 8.882 Thread 0x000001a135a144a0 nmethod 3291 0x000001a12127ea08 code [0x000001a12127eb80, 0x000001a12127f208]
Event: 8.882 Thread 0x000001a135a12cc0 nmethod 3294 0x000001a128996288 code [0x000001a1289963a0, 0x000001a128996960]
Event: 8.882 Thread 0x000001a135a12cc0 3295       4       jdk.internal.classfile.impl.SplitConstantPool::utf8Entry (6 bytes)
Event: 8.886 Thread 0x000001a135a12cc0 nmethod 3295 0x000001a128996d08 code [0x000001a128996e80, 0x000001a1289976c0]
Event: 8.886 Thread 0x000001a135a12cc0 3297       4       jdk.internal.loader.URLClassPath::getResource (71 bytes)
Event: 8.887 Thread 0x000001a135a144a0 3299       3       java.lang.reflect.Proxy::newProxyInstance (17 bytes)
Event: 8.887 Thread 0x000001a135a144a0 nmethod 3299 0x000001a12127f288 code [0x000001a12127f3e0, 0x000001a12127f690]
Event: 8.888 Thread 0x000001a135a144a0 3301       3       java.lang.WeakPairMap$Pair::hashCode (10 bytes)
Event: 8.888 Thread 0x000001a135a144a0 nmethod 3301 0x000001a12127f708 code [0x000001a12127f820, 0x000001a12127f970]
Event: 8.888 Thread 0x000001a135a144a0 3300       3       java.lang.reflect.Proxy::getProxyConstructor (63 bytes)
Event: 8.888 Thread 0x000001a135a144a0 nmethod 3300 0x000001a12127fa08 code [0x000001a12127fc40, 0x000001a121280e78]
Event: 9.385 Thread 0x000001a135a144a0 3303       1       java.lang.Thread::isInterrupted (5 bytes)
Event: 9.385 Thread 0x000001a135a144a0 nmethod 3303 0x000001a128997788 code [0x000001a128997880, 0x000001a128997948]
Event: 9.724 Thread 0x000001a135a144a0 3304       3       java.nio.channels.spi.AbstractInterruptibleChannel::blockedOn (10 bytes)

GC Heap History (6 events):
Event: 1.061 GC heap before
{Heap before GC invocations=0 (full 0):
 garbage-first heap   total reserved 1904640K, committed 122880K, used 49264K [0x000000008bc00000, 0x0000000100000000)
  region size 1024K, 47 young (48128K), 0 survivors (0K)
 Metaspace       used 15824K, committed 16000K, reserved 1114112K
  class space    used 1508K, committed 1600K, reserved 1048576K
}
Event: 1.070 GC heap after
{Heap after GC invocations=1 (full 0):
 garbage-first heap   total reserved 1904640K, committed 122880K, used 7216K [0x000000008bc00000, 0x0000000100000000)
  region size 1024K, 6 young (6144K), 6 survivors (6144K)
 Metaspace       used 15824K, committed 16000K, reserved 1114112K
  class space    used 1508K, committed 1600K, reserved 1048576K
}
Event: 1.665 GC heap before
{Heap before GC invocations=1 (full 0):
 garbage-first heap   total reserved 1904640K, committed 122880K, used 31792K [0x000000008bc00000, 0x0000000100000000)
  region size 1024K, 31 young (31744K), 6 survivors (6144K)
 Metaspace       used 21218K, committed 21504K, reserved 1114112K
  class space    used 2088K, committed 2240K, reserved 1048576K
}
Event: 1.676 GC heap after
{Heap after GC invocations=2 (full 0):
 garbage-first heap   total reserved 1904640K, committed 122880K, used 9807K [0x000000008bc00000, 0x0000000100000000)
  region size 1024K, 3 young (3072K), 3 survivors (3072K)
 Metaspace       used 21218K, committed 21504K, reserved 1114112K
  class space    used 2088K, committed 2240K, reserved 1048576K
}
Event: 2.742 GC heap before
{Heap before GC invocations=3 (full 0):
 garbage-first heap   total reserved 1904640K, committed 37888K, used 36431K [0x000000008bc00000, 0x0000000100000000)
  region size 1024K, 29 young (29696K), 3 survivors (3072K)
 Metaspace       used 28774K, committed 29056K, reserved 1114112K
  class space    used 2732K, committed 2816K, reserved 1048576K
}
Event: 2.751 GC heap after
{Heap after GC invocations=4 (full 0):
 garbage-first heap   total reserved 1904640K, committed 44032K, used 12916K [0x000000008bc00000, 0x0000000100000000)
  region size 1024K, 6 young (6144K), 6 survivors (6144K)
 Metaspace       used 28774K, committed 29056K, reserved 1114112K
  class space    used 2732K, committed 2816K, reserved 1048576K
}

Dll operation events (12 events):
Event: 0.016 Loaded shared library C:\Users\cesarr\.jdks\openjdk-24.0.2\bin\java.dll
Event: 0.071 Loaded shared library C:\Users\cesarr\.jdks\openjdk-24.0.2\bin\jsvml.dll
Event: 0.157 Loaded shared library C:\Users\cesarr\.jdks\openjdk-24.0.2\bin\zip.dll
Event: 0.161 Loaded shared library C:\Users\cesarr\.jdks\openjdk-24.0.2\bin\instrument.dll
Event: 0.170 Loaded shared library C:\Users\cesarr\.jdks\openjdk-24.0.2\bin\net.dll
Event: 0.173 Loaded shared library C:\Users\cesarr\.jdks\openjdk-24.0.2\bin\nio.dll
Event: 0.178 Loaded shared library C:\Users\cesarr\.jdks\openjdk-24.0.2\bin\zip.dll
Event: 0.295 Loaded shared library C:\Users\cesarr\.jdks\openjdk-24.0.2\bin\extnet.dll
Event: 0.311 Loaded shared library C:\Users\cesarr\.jdks\openjdk-24.0.2\bin\jimage.dll
Event: 0.364 Loaded shared library C:\Users\cesarr\.jdks\openjdk-24.0.2\bin\management.dll
Event: 0.382 Loaded shared library C:\Users\cesarr\.jdks\openjdk-24.0.2\bin\management_ext.dll
Event: 2.477 Loaded shared library C:\Users\cesarr\.jdks\openjdk-24.0.2\bin\sunmscapi.dll

Deoptimization events (20 events):
Event: 2.588 Thread 0x000001a17bd48220 Uncommon trap: trap_request=0xffffff4d fr.pc=0x000001a128937ff8 relative=0x00000000000097f8
Event: 2.588 Thread 0x000001a17bd48220 Uncommon trap: reason=unstable_if action=reinterpret pc=0x000001a128937ff8 method=sun.security.provider.SHA2.implReset()V @ 8 c2
Event: 2.588 Thread 0x000001a17bd48220 DEOPT PACKING pc=0x000001a128937ff8 sp=0x000000094d3fe260
Event: 2.588 Thread 0x000001a17bd48220 DEOPT UNPACKING pc=0x000001a1283e8a82 sp=0x000000094d3fdfa8 mode 2
Event: 2.629 Thread 0x000001a1168cc280 Uncommon trap: trap_request=0xffffff76 fr.pc=0x000001a128965a9c relative=0x00000000000000fc
Event: 2.629 Thread 0x000001a1168cc280 Uncommon trap: reason=predicate action=maybe_recompile pc=0x000001a128965a9c method=java.util.Arrays.fill([Ljava/lang/Object;Ljava/lang/Object;)V @ 7 c2
Event: 2.629 Thread 0x000001a1168cc280 DEOPT PACKING pc=0x000001a128965a9c sp=0x000000094adfa880
Event: 2.629 Thread 0x000001a1168cc280 DEOPT UNPACKING pc=0x000001a1283e8a82 sp=0x000000094adfa7f8 mode 2
Event: 2.648 Thread 0x000001a1168cc280 Uncommon trap: trap_request=0xffffff4d fr.pc=0x000001a128864ab0 relative=0x0000000000000190
Event: 2.648 Thread 0x000001a1168cc280 Uncommon trap: reason=unstable_if action=reinterpret pc=0x000001a128864ab0 method=jdk.internal.util.ArraysSupport.vectorizedHashCode(Ljava/lang/Object;IIII)I @ 2 c2
Event: 2.648 Thread 0x000001a1168cc280 DEOPT PACKING pc=0x000001a128864ab0 sp=0x000000094adfe600
Event: 2.648 Thread 0x000001a1168cc280 DEOPT UNPACKING pc=0x000001a1283e8a82 sp=0x000000094adfe5b0 mode 2
Event: 8.558 Thread 0x000001a17d25ee00 Uncommon trap: trap_request=0xffffff4d fr.pc=0x000001a12893b66c relative=0x00000000000000cc
Event: 8.562 Thread 0x000001a17d25ee00 Uncommon trap: reason=unstable_if action=reinterpret pc=0x000001a12893b66c method=java.lang.CharacterData.of(I)Ljava/lang/CharacterData; @ 15 c2
Event: 8.564 Thread 0x000001a17d25ee00 DEOPT PACKING pc=0x000001a12893b66c sp=0x000000094d3fd360
Event: 8.567 Thread 0x000001a17d25ee00 DEOPT UNPACKING pc=0x000001a1283e8a82 sp=0x000000094d3fd2a0 mode 2
Event: 8.580 Thread 0x000001a17d25ee00 Uncommon trap: trap_request=0xffffff4d fr.pc=0x000001a128923ce0 relative=0x0000000000000060
Event: 8.580 Thread 0x000001a17d25ee00 Uncommon trap: reason=unstable_if action=reinterpret pc=0x000001a128923ce0 method=java.lang.CharacterData.of(I)Ljava/lang/CharacterData; @ 15 c2
Event: 8.580 Thread 0x000001a17d25ee00 DEOPT PACKING pc=0x000001a128923ce0 sp=0x000000094d3fd310
Event: 8.580 Thread 0x000001a17d25ee00 DEOPT UNPACKING pc=0x000001a1283e8a82 sp=0x000000094d3fd2a0 mode 2

Classes loaded (20 events):
Event: 8.872 Loading class jdk/jfr/events/X509ValidationEvent
Event: 8.872 Loading class jdk/jfr/events/X509ValidationEvent done
Event: 8.872 Loading class jdk/jfr/events/ErrorThrownEvent
Event: 8.872 Loading class jdk/jfr/events/ErrorThrownEvent done
Event: 8.872 Loading class jdk/jfr/events/ExceptionStatisticsEvent
Event: 8.872 Loading class jdk/jfr/events/ExceptionStatisticsEvent done
Event: 8.872 Loading class jdk/jfr/events/ExceptionThrownEvent
Event: 8.872 Loading class jdk/jfr/events/ExceptionThrownEvent done
Event: 8.875 Loading class jdk/jfr/internal/util/ImplicitFields
Event: 8.875 Loading class jdk/jfr/internal/util/ImplicitFields done
Event: 8.875 Loading class jdk/jfr/internal/RemoveFields
Event: 8.875 Loading class jdk/jfr/internal/RemoveFields done
Event: 8.875 Loading class jdk/jfr/internal/event/EventConfiguration
Event: 8.875 Loading class jdk/jfr/internal/event/EventConfiguration done
Event: 8.878 Loading class java/lang/annotation/Repeatable
Event: 8.879 Loading class java/lang/annotation/Repeatable done
Event: 8.881 Loading class jdk/jfr/SettingDefinition
Event: 8.881 Loading class jdk/jfr/SettingDefinition done
Event: 8.884 Loading class java/lang/invoke/VarHandleInts$Array
Event: 8.884 Loading class java/lang/invoke/VarHandleInts$Array done

Classes unloaded (0 events):
No events

Classes redefined (0 events):
No events

Internal exceptions (20 events):
Event: 1.927 Thread 0x000001a17bd0eb60 Exception <a 'java/lang/NoSuchMethodError'{0x000000008d416d08}: 'java.lang.Object java.lang.invoke.DirectMethodHandle$Holder.invokeStatic(java.lang.Object, long)'> (0x000000008d416d08) 
thrown [s\open\src\hotspot\share\interpreter\linkResolver.cpp, line 805]
Event: 2.273 Thread 0x000001a1168cc280 Exception <a 'java/lang/NoSuchMethodError'{0x000000008cf4fb18}: 'java.lang.Object java.lang.invoke.DirectMethodHandle$Holder.newInvokeSpecial(java.lang.Object, java.lang.Object, java.lang.Object, java.lang.Object, java.lang.Object, java.lang.Object, java.lang.Object, java.lang.Object)'> (0x000000008cf4fb18) 
thrown [s\open\src\hotspot\share\interpreter\linkResolver.cpp, line 805]
Event: 2.284 Thread 0x000001a1168cc280 Exception <a 'java/lang/NoSuchMethodError'{0x000000008cfbfd78}: 'java.lang.Object java.lang.invoke.DirectMethodHandle$Holder.invokeStatic(java.lang.Object, java.lang.Object, int, java.lang.Object, int)'> (0x000000008cfbfd78) 
thrown [s\open\src\hotspot\share\interpreter\linkResolver.cpp, line 805]
Event: 2.285 Thread 0x000001a1168cc280 Exception <a 'java/lang/NoSuchMethodError'{0x000000008cfcc180}: 'java.lang.Object java.lang.invoke.DirectMethodHandle$Holder.newInvokeSpecial(java.lang.Object, java.lang.Object, int)'> (0x000000008cfcc180) 
thrown [s\open\src\hotspot\share\interpreter\linkResolver.cpp, line 805]
Event: 2.334 Thread 0x000001a17bd48220 Implicit null exception at 0x000001a12893a417 to 0x000001a12893ace0
Event: 2.334 Thread 0x000001a17bd48220 Implicit null exception at 0x000001a12894481a to 0x000001a12894d2a8
Event: 2.394 Thread 0x000001a1168cc280 Exception <a 'java/lang/NoSuchMethodError'{0x000000008cb75078}: 'java.lang.Object java.lang.invoke.DirectMethodHandle$Holder.newInvokeSpecial(java.lang.Object, int, java.lang.Object)'> (0x000000008cb75078) 
thrown [s\open\src\hotspot\share\interpreter\linkResolver.cpp, line 805]
Event: 2.443 Thread 0x000001a1168cc280 Exception <a 'java/lang/NoSuchMethodError'{0x000000008c92e910}: 'void java.lang.invoke.Invokers$Holder.invokeExact_MT(java.lang.Object, java.lang.Object, java.lang.Object)'> (0x000000008c92e910) 
thrown [s\open\src\hotspot\share\interpreter\linkResolver.cpp, line 805]
Event: 2.444 Thread 0x000001a1168cc280 Exception <a 'sun/nio/fs/WindowsException'{0x000000008c93ef68}> (0x000000008c93ef68) 
thrown [s\open\src\hotspot\share\prims\jni.cpp, line 518]
Event: 2.444 Thread 0x000001a1168cc280 Exception <a 'sun/nio/fs/WindowsException'{0x000000008c93f530}> (0x000000008c93f530) 
thrown [s\open\src\hotspot\share\prims\jni.cpp, line 518]
Event: 2.451 Thread 0x000001a1168cc280 Exception <a 'java/lang/UnsatisfiedLinkError'{0x000000008c95dc08}: 'int io.netty.channel.kqueue.Native.sizeofKEvent()'> (0x000000008c95dc08) 
thrown [s\open\src\hotspot\share\prims\nativeLookup.cpp, line 416]
Event: 2.451 Thread 0x000001a1168cc280 Exception <a 'java/lang/ExceptionInInitializerError'{0x000000008c95ed28}> (0x000000008c95ed28) 
thrown [s\open\src\hotspot\share\oops\instanceKlass.cpp, line 1333]
Event: 2.496 Thread 0x000001a1168cc280 Exception <a 'java/lang/UnsatisfiedLinkError'{0x000000008c9bc100}: 'int io.netty.channel.epoll.Native.offsetofEpollData()'> (0x000000008c9bc100) 
thrown [s\open\src\hotspot\share\prims\nativeLookup.cpp, line 416]
Event: 2.497 Thread 0x000001a1168cc280 Exception <a 'java/lang/ExceptionInInitializerError'{0x000000008c9bd880}> (0x000000008c9bd880) 
thrown [s\open\src\hotspot\share\oops\instanceKlass.cpp, line 1333]
Event: 2.588 Thread 0x000001a17bd48220 Implicit null exception at 0x000001a12892edff to 0x000001a128937f64
Event: 2.629 Thread 0x000001a1168cc280 Exception <a 'java/lang/NoSuchMethodError'{0x000000008c507570}: 'java.lang.Object java.lang.invoke.DirectMethodHandle$Holder.invokeStatic(java.lang.Object, long, java.lang.Object)'> (0x000000008c507570) 
thrown [s\open\src\hotspot\share\interpreter\linkResolver.cpp, line 805]
Event: 2.629 Thread 0x000001a1168cc280 Exception <a 'java/lang/NoSuchMethodError'{0x000000008c50f688}: 'java.lang.Object java.lang.invoke.DirectMethodHandle$Holder.invokeStaticInit(java.lang.Object, long, java.lang.Object)'> (0x000000008c50f688) 
thrown [s\open\src\hotspot\share\interpreter\linkResolver.cpp, line 805]
Event: 2.630 Thread 0x000001a1168cc280 Exception <a 'java/lang/NoSuchMethodError'{0x000000008c51eb20}: 'java.lang.Object java.lang.invoke.DirectMethodHandle$Holder.newInvokeSpecial(java.lang.Object, long)'> (0x000000008c51eb20) 
thrown [s\open\src\hotspot\share\interpreter\linkResolver.cpp, line 805]
Event: 2.631 Thread 0x000001a1168cc280 Exception <a 'java/lang/NoSuchMethodError'{0x000000008c5273e8}: 'long java.lang.invoke.DirectMethodHandle$Holder.invokeInterface(java.lang.Object, java.lang.Object)'> (0x000000008c5273e8) 
thrown [s\open\src\hotspot\share\interpreter\linkResolver.cpp, line 805]
Event: 8.777 Thread 0x000001a17d25ee00 Exception <a 'java/lang/NoSuchMethodError'{0x000000008d98c8c8}: 'java.lang.Object java.lang.invoke.DirectMethodHandle$Holder.newInvokeSpecial(java.lang.Object, java.lang.Object, java.lang.Object, java.lang.Object, java.lang.Object)'> (0x000000008d98c8c8) 
thrown [s\open\src\hotspot\share\interpreter\linkResolver.cpp, line 805]

VM Operations (20 events):
Event: 1.682 Executing VM operation: G1PauseCleanup
Event: 1.686 Executing VM operation: G1PauseCleanup done
Event: 1.695 Executing VM operation: HandshakeAllThreads (Deoptimize)
Event: 1.695 Executing VM operation: HandshakeAllThreads (Deoptimize) done
Event: 1.707 Executing VM operation: HandshakeAllThreads (Deoptimize)
Event: 1.707 Executing VM operation: HandshakeAllThreads (Deoptimize) done
Event: 1.715 Executing VM operation: HandshakeAllThreads (Deoptimize)
Event: 1.715 Executing VM operation: HandshakeAllThreads (Deoptimize) done
Event: 2.007 Executing VM operation: HandshakeAllThreads (Deoptimize)
Event: 2.007 Executing VM operation: HandshakeAllThreads (Deoptimize) done
Event: 2.460 Executing VM operation: HandshakeAllThreads (Deoptimize)
Event: 2.460 Executing VM operation: HandshakeAllThreads (Deoptimize) done
Event: 2.636 Executing VM operation: HandshakeAllThreads (Deoptimize)
Event: 2.636 Executing VM operation: HandshakeAllThreads (Deoptimize) done
Event: 2.706 Executing VM operation: HandshakeAllThreads (Deoptimize)
Event: 2.706 Executing VM operation: HandshakeAllThreads (Deoptimize) done
Event: 2.742 Executing VM operation: G1CollectForAllocation (G1 Evacuation Pause)
Event: 2.751 Executing VM operation: G1CollectForAllocation (G1 Evacuation Pause) done
Event: 8.318 Executing VM operation: HandshakeAllThreads (Deoptimize)
Event: 8.318 Executing VM operation: HandshakeAllThreads (Deoptimize) done

Memory protections (0 events):
No events

Nmethod flushes (0 events):
No events

Events (20 events):
Event: 0.066 Thread 0x000001a1168cc280 Thread added: 0x000001a135a022a0
Event: 0.066 Thread 0x000001a1168cc280 Thread added: 0x000001a135a03a30
Event: 0.066 Thread 0x000001a1168cc280 Thread added: 0x000001a135a051c0
Event: 0.067 Thread 0x000001a1168cc280 Thread added: 0x000001a135a12cc0
Event: 0.067 Thread 0x000001a1168cc280 Thread added: 0x000001a135a144a0
Event: 0.167 Thread 0x000001a1168cc280 Thread added: 0x000001a135be4b90
Event: 0.279 Thread 0x000001a1168cc280 Thread added: 0x000001a17b0ceac0
Event: 0.279 Thread 0x000001a1168cc280 Thread added: 0x000001a17b0cf200
Event: 0.629 Thread 0x000001a135a022a0 Thread added: 0x000001a17bc01be0
Event: 0.681 Thread 0x000001a17bc01be0 Thread added: 0x000001a17bd0eb60
Event: 0.708 Thread 0x000001a17bd0eb60 Thread added: 0x000001a17bc5e040
Event: 0.722 Thread 0x000001a17bd0eb60 Thread added: 0x000001a17bc68310
Event: 1.309 Thread 0x000001a1168cc280 Thread added: 0x000001a17bd4a6b0
Event: 1.825 Thread 0x000001a1168cc280 Thread added: 0x000001a17bd47ad0
Event: 1.840 Thread 0x000001a1168cc280 Thread added: 0x000001a17bd47380
Event: 1.943 Thread 0x000001a17bd47380 Thread added: 0x000001a17bd48220
Event: 2.742 Thread 0x000001a1168cc280 Thread added: 0x000001a17d25fca0
Event: 7.738 Thread 0x000001a17bd48220 Thread exited: 0x000001a17bd48220
Event: 8.345 Thread 0x000001a17d25fca0 Thread added: 0x000001a17d25ee00
Event: 8.705 Thread 0x000001a17d25ee00 Thread added: 0x000001a17d2603f0


Dynamic libraries:
0x00007ff62d130000 - 0x00007ff62d13e000 	C:\Users\cesarr\.jdks\openjdk-24.0.2\bin\java.exe
0x00007ffeb2f80000 - 0x00007ffeb31e9000 	C:\WINDOWS\SYSTEM32\ntdll.dll
0x00007ffeb1860000 - 0x00007ffeb1929000 	C:\WINDOWS\System32\KERNEL32.DLL
0x00007ffeb0770000 - 0x00007ffeb0b63000 	C:\WINDOWS\System32\KERNELBASE.dll
0x00007ffeb04a0000 - 0x00007ffeb05eb000 	C:\WINDOWS\System32\ucrtbase.dll
0x00007ffe8f780000 - 0x00007ffe8f79b000 	C:\Users\cesarr\.jdks\openjdk-24.0.2\bin\VCRUNTIME140.dll
0x00007ffe78c90000 - 0x00007ffe78ca6000 	C:\Users\cesarr\.jdks\openjdk-24.0.2\bin\jli.dll
0x00007ffeb23b0000 - 0x00007ffeb2574000 	C:\WINDOWS\System32\USER32.dll
0x00007ffeb0470000 - 0x00007ffeb0497000 	C:\WINDOWS\System32\win32u.dll
0x00007ffeaf370000 - 0x00007ffeaf603000 	C:\WINDOWS\WinSxS\amd64_microsoft.windows.common-controls_6595b64144ccf1df_6.0.26100.5074_none_3e0d6f78e32fd63f\COMCTL32.dll
0x00007ffeb2dd0000 - 0x00007ffeb2dfb000 	C:\WINDOWS\System32\GDI32.dll
0x00007ffeb2e10000 - 0x00007ffeb2eb9000 	C:\WINDOWS\System32\msvcrt.dll
0x00007ffeb0c20000 - 0x00007ffeb0d4d000 	C:\WINDOWS\System32\gdi32full.dll
0x00007ffeb0b70000 - 0x00007ffeb0c13000 	C:\WINDOWS\System32\msvcp_win.dll
0x00007ffeb1090000 - 0x00007ffeb10bf000 	C:\WINDOWS\System32\IMM32.DLL
0x00007ffe85fd0000 - 0x00007ffe860c2000 	C:\Program Files\Windhawk\Engine\1.6.1\64\windhawk.dll
0x00007ffeb2680000 - 0x00007ffeb2734000 	C:\WINDOWS\System32\ADVAPI32.dll
0x00007ffeb0fe0000 - 0x00007ffeb1086000 	C:\WINDOWS\System32\sechost.dll
0x00007ffeb2cb0000 - 0x00007ffeb2dc8000 	C:\WINDOWS\System32\RPCRT4.dll
0x00007ffe903d0000 - 0x00007ffe903dc000 	C:\Users\cesarr\.jdks\openjdk-24.0.2\bin\vcruntime140_1.dll
0x00007ffe74c80000 - 0x00007ffe74d0e000 	C:\Users\cesarr\.jdks\openjdk-24.0.2\bin\msvcp140.dll
0x00007ffd9ca20000 - 0x00007ffd9d7c1000 	C:\Users\cesarr\.jdks\openjdk-24.0.2\bin\server\jvm.dll
0x00007ffeb1a60000 - 0x00007ffeb1ad4000 	C:\WINDOWS\System32\WS2_32.dll
0x00007ffea1bf0000 - 0x00007ffea1c25000 	C:\WINDOWS\SYSTEM32\WINMM.dll
0x00007ffeaff70000 - 0x00007ffeaffce000 	C:\WINDOWS\SYSTEM32\POWRPROF.dll
0x00007ffea6370000 - 0x00007ffea637b000 	C:\WINDOWS\SYSTEM32\VERSION.dll
0x00007ffeaff50000 - 0x00007ffeaff64000 	C:\WINDOWS\SYSTEM32\UMPDC.dll
0x00007ffeae5c0000 - 0x00007ffeae5db000 	C:\WINDOWS\SYSTEM32\kernel.appcore.dll
0x00007ffe8f930000 - 0x00007ffe8f93a000 	C:\Users\cesarr\.jdks\openjdk-24.0.2\bin\jimage.dll
0x00007ffeaf8e0000 - 0x00007ffeafb22000 	C:\WINDOWS\SYSTEM32\DBGHELP.DLL
0x00007ffeb1af0000 - 0x00007ffeb1e6b000 	C:\WINDOWS\System32\combase.dll
0x00007ffeb2bd0000 - 0x00007ffeb2ca7000 	C:\WINDOWS\System32\OLEAUT32.dll
0x00007ffeaf7d0000 - 0x00007ffeaf80d000 	C:\WINDOWS\SYSTEM32\dbgcore.DLL
0x00007ffeb03d0000 - 0x00007ffeb0469000 	C:\WINDOWS\System32\bcryptPrimitives.dll
0x00007ffe8e420000 - 0x00007ffe8e42f000 	C:\Users\cesarr\.jdks\openjdk-24.0.2\bin\instrument.dll
0x00007ffe75ef0000 - 0x00007ffe75f0e000 	C:\Users\cesarr\.jdks\openjdk-24.0.2\bin\java.dll
0x00007ffeb2050000 - 0x00007ffeb21e8000 	C:\WINDOWS\System32\ole32.dll
0x00007ffeb1100000 - 0x00007ffeb184d000 	C:\WINDOWS\System32\SHELL32.dll
0x00007ffeb0260000 - 0x00007ffeb03cc000 	C:\WINDOWS\System32\wintypes.dll
0x00007ffead310000 - 0x00007ffeadb69000 	C:\WINDOWS\SYSTEM32\windows.storage.dll
0x00007ffeb2580000 - 0x00007ffeb2670000 	C:\WINDOWS\System32\SHCORE.dll
0x00007ffeb0d50000 - 0x00007ffeb0db2000 	C:\WINDOWS\System32\shlwapi.dll
0x00007ffeb0030000 - 0x00007ffeb0059000 	C:\WINDOWS\SYSTEM32\profapi.dll
0x00007ffe1d2e0000 - 0x00007ffe1d3b7000 	C:\Users\cesarr\.jdks\openjdk-24.0.2\bin\jsvml.dll
0x00007ffe75890000 - 0x00007ffe758a7000 	C:\Users\cesarr\.jdks\openjdk-24.0.2\bin\zip.dll
0x00007ffe81780000 - 0x00007ffe81790000 	C:\Users\cesarr\.jdks\openjdk-24.0.2\bin\net.dll
0x00007ffeaeb00000 - 0x00007ffeaeb6b000 	C:\WINDOWS\system32\mswsock.dll
0x00007ffe750f0000 - 0x00007ffe75106000 	C:\Users\cesarr\.jdks\openjdk-24.0.2\bin\nio.dll
0x00007ffe755e0000 - 0x00007ffe755e9000 	C:\Users\cesarr\.jdks\openjdk-24.0.2\bin\extnet.dll
0x00007ffeae0f0000 - 0x00007ffeae216000 	C:\WINDOWS\SYSTEM32\DNSAPI.dll
0x00007ffeae0b0000 - 0x00007ffeae0e4000 	C:\WINDOWS\SYSTEM32\IPHLPAPI.DLL
0x00007ffeb2e00000 - 0x00007ffeb2e0a000 	C:\WINDOWS\System32\NSI.dll
0x00007ffea7ff0000 - 0x00007ffea7ffb000 	C:\Windows\System32\rasadhlp.dll
0x00007ffea8d20000 - 0x00007ffea8da6000 	C:\WINDOWS\System32\fwpuclnt.dll
0x00007ffe77780000 - 0x00007ffe7778a000 	C:\Users\cesarr\.jdks\openjdk-24.0.2\bin\management.dll
0x00007ffe75e60000 - 0x00007ffe75e6b000 	C:\Users\cesarr\.jdks\openjdk-24.0.2\bin\management_ext.dll
0x00007ffeb1850000 - 0x00007ffeb1858000 	C:\WINDOWS\System32\PSAPI.DLL
0x00007ffeafc50000 - 0x00007ffeafc6b000 	C:\WINDOWS\SYSTEM32\CRYPTSP.dll
0x00007ffeaeb70000 - 0x00007ffeaebab000 	C:\WINDOWS\system32\rsaenh.dll
0x00007ffeaebe0000 - 0x00007ffeaec0b000 	C:\WINDOWS\SYSTEM32\USERENV.dll
0x00007ffeb0000000 - 0x00007ffeb0026000 	C:\WINDOWS\SYSTEM32\bcrypt.dll
0x00007ffeaee10000 - 0x00007ffeaee1c000 	C:\WINDOWS\SYSTEM32\CRYPTBASE.dll
0x00007ffe832d0000 - 0x00007ffe832e8000 	C:\WINDOWS\system32\napinsp.dll
0x00007ffe7da80000 - 0x00007ffe7da92000 	C:\WINDOWS\System32\winrnr.dll
0x00007ffe7da50000 - 0x00007ffe7da78000 	C:\WINDOWS\system32\nlansp_c.dll
0x00007ffea76b0000 - 0x00007ffea76c6000 	C:\WINDOWS\system32\wshbth.dll
0x00007ffeaa320000 - 0x00007ffeaa376000 	C:\WINDOWS\SYSTEM32\pdh.dll
0x00007ffe7da30000 - 0x00007ffe7da42000 	C:\WINDOWS\System32\perfproc.dll
0x00007ffe7cf10000 - 0x00007ffe7cf21000 	C:\WINDOWS\System32\perfos.dll
0x00007ffeadb90000 - 0x00007ffeadba2000 	C:\WINDOWS\SYSTEM32\pfclient.dll
0x00007ffe74c70000 - 0x00007ffe74c7e000 	C:\Users\cesarr\.jdks\openjdk-24.0.2\bin\sunmscapi.dll
0x00007ffeaf1f0000 - 0x00007ffeaf220000 	C:\WINDOWS\SYSTEM32\ncrypt.dll
0x000001a100000000 - 0x000001a100177000 	C:\WINDOWS\System32\CRYPT32.dll
0x00007ffeaf0e0000 - 0x00007ffeaf11f000 	C:\WINDOWS\SYSTEM32\NTASN1.dll
0x00007ffe93a10000 - 0x00007ffe93a18000 	C:\WINDOWS\system32\wshunix.dll

JVMTI agents:
C:\Program Files\JetBrains\IntelliJ IDEA 2025.1.1.1\lib\idea_rt.jar path:C:\Users\cesarr\.jdks\openjdk-24.0.2\bin\instrument.dll, loaded, initialized, instrumentlib options:63363

dbghelp: loaded successfully - version: 4.0.5 - missing functions: none
symbol engine: initialized successfully - sym options: 0x614 - pdb path: .;C:\Users\cesarr\.jdks\openjdk-24.0.2\bin;C:\WINDOWS\SYSTEM32;C:\WINDOWS\WinSxS\amd64_microsoft.windows.common-controls_6595b64144ccf1df_6.0.26100.5074_none_3e0d6f78e32fd63f;C:\Program Files\Windhawk\Engine\1.6.1\64;C:\Users\cesarr\.jdks\openjdk-24.0.2\bin\server

VM Arguments:
jvm_args: -Dio.ktor.development=true -javaagent:C:\Program Files\JetBrains\IntelliJ IDEA 2025.1.1.1\lib\idea_rt.jar=63363 -Dfile.encoding=UTF-8 -Dsun.stdout.encoding=UTF-8 -Dsun.stderr.encoding=UTF-8 
java_command: io.ktor.server.netty.EngineMain
java_class_path (initial): C:\Users\cesarr\Downloads\BIODEXXX\API poryect\build\classes\kotlin\main;C:\Users\cesarr\Downloads\BIODEXXX\API poryect\build\resources\main;C:\Users\cesarr\.gradle\caches\modules-2\files-2.1\org.jetbrains.exposed\exposed-jdbc\0.51.0\57ed99f3bc66a2c1a478c045425c4040fdfb7783\exposed-jdbc-0.51.0.jar;C:\Users\cesarr\.gradle\caches\modules-2\files-2.1\org.jetbrains.exposed\exposed-kotlin-datetime\0.51.0\38642e168631d026cea4856bba5037ab944b0a5e\exposed-kotlin-datetime-0.51.0.jar;C:\Users\cesarr\.gradle\caches\modules-2\files-2.1\org.jetbrains.exposed\exposed-core\0.51.0\aed8a695d3977756f41c0f0e2b21f789f3cd037c\exposed-core-0.51.0.jar;C:\Users\cesarr\.gradle\caches\modules-2\files-2.1\org.jetbrains.kotlin\kotlin-stdlib\2.2.20\5380b19fa1924399b62ce3a1faffebb2b4f82272\kotlin-stdlib-2.2.20.jar;C:\Users\cesarr\.gradle\caches\modules-2\files-2.1\ch.qos.logback\logback-classic\1.4.14\d98bc162275134cdf1518774da4a2a17ef6fb94d\logback-classic-1.4.14.jar;C:\Users\cesarr\.gradle\caches\modules-2\files-2.1\org.postgresql\postgresql\42.7.3\24f3e9f7231428cd20eb4dde00dd3fce44e05464\postgresql-42.7.3.jar;C:\Users\cesarr\.gradle\caches\modules-2\files-2.1\com.zaxxer\HikariCP\5.1.0\8c96e36c14461fc436bb02b264b96ef3ca5dca8c\HikariCP-5.1.0.jar;C:\Users\cesarr\.gradle\caches\modules-2\files-2.1\org.jetbrains.kotlinx\kotlinx-datetime-jvm\0.6.2\f177b43ce53f69151797206ce762b36199692474\kotlinx-datetime-jvm-0.6.2.jar;C:\Users\cesarr\.gradle\caches\modules-2\files-2.1\org.jetbrains.kotlin\kotlin-reflect\2.2.10\98d0ca9819d98cb3aa5c0a25793830b6659feee2\kotlin-reflect-2.2.10.jar;C:\Users\cesarr\.gradle\caches\modules-2\files-2.1\org.slf4j\slf4j-api\2.0.17\d9e58ac9c7779ba3bf8142aff6c830617a7fe60f\slf4j-api-2.0.17.jar;C:\Users\cesarr\.gradle\caches\modules-2\files-2.1\io.ktor\ktor-server-call-logging-jvm\3.3.0\8e0dbe304cd6b3368cd0d9f8fc0093bfff395e9c\ktor-server-call-logging-jvm-3.3.0.jar;C:\Users\cesarr\.gradle\caches\modules-2\files-2.1\io.ktor\ktor-server-config-yaml-jvm\3.3.0\5cc02bc286904675b7daaec67e2706df1ac737fe\ktor-server-config-yaml-jvm-3.3.0.jar;C:\Users\cesarr\.gradle\caches\modules-2\files-2.1\io.ktor\ktor-server-content-negotiation-jvm\3.3.0\b723d9ce385455716c6c403ed3a93aac6838a1fd\ktor-server-content-negotiation-jvm-3.3.0.jar;C:\Users\cesarr\.gradle\caches\modules-2\files-2.1\io.ktor\ktor-server-cors-jvm\3.3.0\b25bfd761405e43dbe3372db16f494d366588141\ktor-server-cors-jvm-3.3.0.jar;C:\Users\cesarr\.gradle\caches\modules-2\files-2.1\io.ktor\ktor-server-default-headers-jvm\3.3.0\baec91f9eefc3a11964dcc62ae70b1716d7c784f\ktor-server-default-headers-jvm-3.3.0.jar;C:\Users\cesarr\.gradle\caches\modules-2\files-2.1\io.ktor\ktor-server-netty-jvm\3.3.0\3b54f1a0d37fbe1571c2ec8358416d0cc5e7e9b3\ktor-server-netty-jvm-3.3.0.jar;C:\Users\cesarr\.gradle\caches\modules-2\files-2.1\io.ktor\ktor-server-sessions-jvm\3.3.0\ad43fb51bf677d7780dbe9356bad32a4c1f0617f\ktor-server-sessions-jvm-3.3.0.jar;C:\Users\cesarr\.gradle\caches\modules-2\files-2.1\io.ktor\ktor-server-core-jvm\3.3.0\a75887ca2a0b32ddec0351f889517f74fee2143d\ktor-server-core-jvm-3.3.0.jar;C:\Users\cesarr\.gradle\caches\modules-2\files-2.1\io.ktor\ktor-serialization-kotlinx-json-jvm\3.3.0\8d1c7508fef56af92e6f3987e4df926ae322ac5b\ktor-serialization-kotlinx-json-jvm-3.3.0.jar;C:\Users\cesarr\.gradle\caches\modules-2\files-2.1\io.ktor\ktor-io-jvm\3.3.0\46a30b23c1138234d63d4e7e6531dc1dd0055228\ktor-io-jvm-3.3.0.jar;C:\Users\cesarr\.gradle\caches\modules-2\files-2.1\org.jetbrains.kotlinx\kotlinx-io-core-jvm\0.8.0\358a9f2ba2dc81c5dc84c3d1853f6e5efba63be1\kotlinx-io-core-jvm-0.8.0.jar;C:\Users\cesarr\.gradle\caches\modules-2\files-2.1\org.jetbrains\annotations\23.0.0\8cc20c07506ec18e0834947b84a864bfc094484e\annotations-23.0.0.jar;C:\Users\cesarr\.gradle\caches\modules-2\files-2.1\ch.qos.logback\logback-core\1.4.14\4d3c2248219ac0effeb380ed4c5280a80bf395e8\logback-core-1.4.14.jar;C:\Users\cesarr\.gradle\caches\modules-2\files-2.1\org.jetbrains.kotlinx\kotlinx-coroutines-core-jvm\1.10.2\4a9f78ef49483748e2c129f3d124b8fa249dafbf\kotlinx-coroutines-core-jvm-1.10.2.jar;C:\Users\cesarr\.gradle\caches\modules-2\files-2.1\io.netty\netty-codec-http2\4.2.4.Final\b4799709023e809dc85f93c6162b786cf31b4a21\netty-codec-http2-4.2.4.Final.jar;C:\Users\cesarr\.gradle\caches\modules-2\files-2.1\org.eclipse.jetty.alpn\alpn-api\1.1.3.v20160715\a1bf3a937f91b4c953acd13e8c9552347adc2198\alpn-api-1.1.3.v20160715.jar;C:\Users\cesarr\.gradle\caches\modules-2\files-2.1\io.netty\netty-transport-native-kqueue\4.2.4.Final\228625ab1549987b9425158cfd9b2d92d3af20db\netty-transport-native-kqueue-4.2.4.Final.jar;C:\Users\cesarr\.gradle\caches\modules-2\files-2.1\io.netty\netty-transport-native-epoll\4.2.4.Final\42743a42701830a3eb093ea7e84d3d85ed123faf\netty-transport-native-epoll-4.2.4.Final.jar;C:\Users\cesarr\.gradle\caches\modules-2\files-2.1\com.typesafe\config\1.4.4\f19816be89ef80f9106535828ba32fd4cd8e6b77\config-1.4.4.jar;C:\Users\cesarr\.gradle\caches\modules-2\files-2.1\net.mamoe.yamlkt\yamlkt-jvm\0.13.0\9c93e3ef80314d6486f6f9be95db8df6bc728d67\yamlkt-jvm-0.13.0.jar;C:\Users\cesarr\.gradle\caches\modules-2\files-2.1\io.netty\netty-codec-http\4.2.4.Final\4670107b2f6419d21cb7967a680671692f44157\netty-codec-http-4.2.4.Final.jar;C:\Users\cesarr\.gradle\caches\modules-2\files-2.1\io.netty\netty-handler\4.2.4.Final\2743026b7e760647960c40cea3a1e8cadcaca3d3\netty-handler-4.2.4.Final.jar;C:\Users\cesarr\.gradle\caches\modules-2\files-2.1\io.netty\netty-codec-base\4.2.4.Final\1ce749159854c881db5f72f20554b593303d6383\netty-codec-base-4.2.4.Final.jar;C:\Users\cesarr\.gradle\caches\modules-2\files-2.1\io.netty\netty-transport\4.2.4.Final\dcc86deff7735fe678a9159e3ba991cc85a6870b\netty-transport-4.2.4.Final.jar;C:\Users\cesarr\.gradle\caches\modules-2\files-2.1\io.netty\netty-buffer\4.2.4.Final\ddf4e915e4c7bc227dad3166e87e65c7c267489a\netty-buffer-4.2.4.Final.jar;C:\Users\cesarr\.gradle\caches\modules-2\files-2.1\io.netty\netty-common\4.2.4.Final\2ab161f17d7dd66a1c8ac2f180a448c314790abb\netty-common-4.2.4.Final.jar;C:\Users\cesarr\.gradle\caches\modules-2\files-2.1\io.netty\netty-transport-classes-kqueue\4.2.4.Final\b5322502fd275ccda1f57c7f4f0f660ab28818ed\netty-transport-classes-kqueue-4.2.4.Final.jar;C:\Users\cesarr\.gradle\caches\modules-2\files-2.1\io.netty\netty-transport-native-unix-common\4.2.4.Final\8e84d47a372fdc928a50b865380a7198a0946782\netty-transport-native-unix-common-4.2.4.Final.jar;C:\Users\cesarr\.gradle\caches\modules-2\files-2.1\io.netty\netty-transport-classes-epoll\4.2.4.Final\1bcbe4f5b2bec41c5cf04efa9074a0c717882f78\netty-transport-classes-epoll-4.2.4.Final.jar;C:\Users\cesarr\.gradle\caches\modules-2\files-2.1\org.jetbrains.kotlinx\kotlinx-serialization-core-jvm\1.9.0\91448df39c558f7c6147b8bd8db01debe16e0cc1\kotlinx-serialization-core-jvm-1.9.0.jar;C:\Users\cesarr\.gradle\caches\modules-2\files-2.1\org.jetbrains.kotlinx\kotlinx-serialization-json-jvm\1.9.0\aea6f7d49fe5c458f8963ee6d4bdaf4a459ab3e7\kotlinx-serialization-json-jvm-1.9.0.jar;C:\Users\cesarr\.gradle\caches\modules-2\files-2.1\io.ktor\ktor-http-cio-jvm\3.3.0\5107799ea75211704419342661cb4552e3fa74f7\ktor-http-cio-jvm-3.3.0.jar;C:\Users\cesarr\.gradle\caches\modules-2\files-2.1\io.ktor\ktor-serialization-jvm\3.3.0\e56aab7a830a5e1b890aa8dd0a0f7b603552880\ktor-serialization-jvm-3.3.0.jar;C:\Users\cesarr\.gradle\caches\modules-2\files-2.1\io.ktor\ktor-websockets-jvm\3.3.0\10743663e919fe33527367d3e43b940ae434aef1\ktor-websockets-jvm-3.3.0.jar;C:\Users\cesarr\.gradle\caches\modules-2\files-2.1\io.ktor\ktor-http-jvm\3.3.0\8a42afc0f195c1be521ad91aa41055021fa3b94b\ktor-http-jvm-3.3.0.jar;C:\Users\cesarr\.gradle\caches\modules-2\files-2.1\io.ktor\ktor-events-jvm\3.3.0\c8a50b2be72062ba419638034f9159ce8122cad\ktor-events-jvm-3.3.0.jar;C:\Users\cesarr\.gradle\caches\modules-2\files-2.1\io.ktor\ktor-utils-jvm\3.3.0\2e8d26ef0c392e07b63460009776df0e7fea653e\ktor-utils-jvm-3.3.0.jar;C:\Users\cesarr\.gradle\caches\modules-2\files-2.1\io.ktor\ktor-serialization-kotlinx-jvm\3.3.0\f62c2f4f39c3fcddd790dccd3ae11005709e0cee\ktor-serialization-kotlinx-jvm-3.3.0.jar;C:\Users\cesarr\.gradle\caches\modules-2\files-2.1\org.jetbrains.kotlinx\kotlinx-serialization-json-io-jvm\1.9.0\3a371942a591532d0d9245ca6787ee677853bebd\kotlinx-serialization-json-io-jvm-1.9.0.jar;C:\Users\cesarr\.gradle\caches\modules-2\files-2.1\org.jetbrains.kotlinx\kotlinx-io-bytestring-jvm\0.8.0\89c5399596250e71f2bba6d2415972a078a525c7\kotlinx-io-bytestring-jvm-0.8.0.jar;C:\Users\cesarr\.gradle\caches\modules-2\files-2.1\org.jetbrains.kotlin\kotlin-stdlib-jdk8\1.8.0\ed04f49e186a116753ad70d34f0ac2925d1d8020\kotlin-stdlib-jdk8-1.8.0.jar;C:\Users\cesarr\.gradle\caches\modules-2\files-2.1\io.netty\netty-codec-compression\4.2.4.Final\1ee714313d5a4828a9a5e91ef7b286b0ae70432d\netty-codec-compression-4.2.4.Final.jar;C:\Users\cesarr\.gradle\caches\modules-2\files-2.1\io.netty\netty-resolver\4.2.4.Final\d6104fe65ef3411f07f664220e58396cdfc64cc8\netty-resolver-4.2.4.Final.jar;C:\Users\cesarr\.gradle\caches\modules-2\files-2.1\org.jetbrains.kotlin\kotlin-stdlib-jdk7\1.8.0\3c91271347f678c239607abb676d4032a7898427\kotlin-stdlib-jdk7-1.8.0.jar;C:\Users\cesarr\.gradle\caches\modules-2\files-2.1\io.ktor\ktor-network-jvm\3.3.0\eeddf5465e4e0d4265a73b35da4d71bbe3a1d73e\ktor-network-jvm-3.3.0.jar;C:\Users\cesarr\.gradle\caches\modules-2\files-2.1\org.checkerframework\checker-qual\3.42.0\638ec33f363a94d41a4f03c3e7d3dcfba64e402d\checker-qual-3.42.0.jar;C:\Users\cesarr\.gradle\caches\modules-2\files-2.1\org.jetbrains.kotlinx\kotlinx-coroutines-slf4j\1.10.2\1271f9d4a929150bb87ab8d1dc1e86d4bcf039f3\kotlinx-coroutines-slf4j-1.10.2.jar;C:\Users\cesarr\.gradle\caches\modules-2\files-2.1\org.fusesource.jansi\jansi\2.4.2\ba7387c31622c6650b83edba1bbb115f1fe462ba\jansi-2.4.2.jar;C:\Users\cesarr\.gradle\caches\modules-2\files-2.1\com.charleskorn.kaml\kaml-jvm\0.79.0\77fee41e34be3cbf6b096d48b739a6c9fe8d3ee8\kaml-jvm-0.79.0.jar;C:\Users\cesarr\.gradle\caches\modules-2\files-2.1\it.krzeminski\snakeyaml-engine-kmp-jvm\3.1.1\542190d973fb66f3568fbcec1a3a8210e2f705dc\snakeyaml-engine-kmp-jvm-3.1.1.jar;C:\Users\cesarr\.gradle\caches\modules-2\files-2.1\com.squareup.okio\okio-jvm\3.12.0\a03d717896d3058293f60e71a0459d6813fbbae6\okio-jvm-3.12.0.jar;C:\Users\cesarr\.gradle\caches\modules-2\files-2.1\net.thauvin.erik.urlencoder\urlencoder-lib-jvm\1.6.0\6b922dd3ff960b08873c10395545e08355e250c9\urlencoder-lib-jvm-1.6.0.jar
Launcher Type: SUN_STANDARD

[Global flags]
     intx CICompilerCount                          = 4                                         {product} {ergonomic}
     uint ConcGCThreads                            = 3                                         {product} {ergonomic}
     uint G1ConcRefinementThreads                  = 10                                        {product} {ergonomic}
   size_t G1HeapRegionSize                         = 1048576                                   {product} {ergonomic}
   size_t InitialHeapSize                          = 123731968                                 {product} {ergonomic}
   size_t MarkStackSize                            = 4194304                                   {product} {ergonomic}
   size_t MarkStackSizeMax                         = 536870912                                 {product} {ergonomic}
   size_t MaxHeapSize                              = 1950351360                                {product} {ergonomic}
   size_t MaxNewSize                               = 1170210816                                {product} {ergonomic}
   size_t MinHeapDeltaBytes                        = 1048576                                   {product} {ergonomic}
   size_t MinHeapSize                              = 8388608                                   {product} {ergonomic}
    uintx NonNMethodCodeHeapSize                   = 5832704                                {pd product} {ergonomic}
    uintx NonProfiledCodeHeapSize                  = 122945536                              {pd product} {ergonomic}
    uintx ProfiledCodeHeapSize                     = 122880000                              {pd product} {ergonomic}
    uintx ReservedCodeCacheSize                    = 251658240                              {pd product} {ergonomic}
     bool SegmentedCodeCache                       = true                                      {product} {ergonomic}
   size_t SoftMaxHeapSize                          = 1950351360                             {manageable} {ergonomic}
     bool UseCompressedOops                        = true                           {product lp64_product} {ergonomic}
     bool UseG1GC                                  = true                                      {product} {ergonomic}
     bool UseLargePagesIndividualAllocation        = false                                  {pd product} {ergonomic}

Logging:
Log output configuration:
 #0: stdout all=warning uptime,level,tags foldmultilines=false
 #1: stderr all=off uptime,level,tags foldmultilines=false

Environment Variables:
PATH=C:\Users\cesarr\AppData\Local\Programs\Python\Python313\Scripts\;C:\Users\cesarr\AppData\Local\Programs\Python\Python313\;C:\windows\system32;C:\windows;C:\windows\System32\Wbem;C:\windows\System32\WindowsPowerShell\v1.0\;C:\windows\System32\OpenSSH\;C:\Program Files (x86)\NVIDIA Corporation\PhysX\Common;C:\Program Files\NVIDIA Corporation\NVIDIA NvDLISR;C:\Users\Administrator\AppData\Local\Microsoft\WindowsApps;C:\Program Files\HP\OMEN-Broadcast\Common;C:\Program Files\PuTTY\;C:\WINDOWS\system32;C:\WINDOWS;C:\WINDOWS\System32\Wbem;C:\WINDOWS\System32\WindowsPowerShell\v1.0\;C:\WINDOWS\System32\OpenSSH\;C:\Program Files\Git\cmd;C:\Program Files\nodejs\;C:\ProgramData\chocolatey\bin;C:\Users\cesarr\AppData\Local\Programs\Eclipse Adoptium\jdk-21.0.7.6-hotspot\bin;C:\Users\cesarr\AppData\Local\Microsoft\WindowsApps;C:\Users\cesarr\AppData\Local\Programs\Microsoft VS Code\bin;C:\ruta\completa\hasta\bin;C:\Users\cesarr\Downloads\x86_64-8.1.0-release-posix-seh-rt_v6-rev0\mingw64\bin;C:\Users\cesarr\AppData\Roaming\npm
USERNAME=cesarr
OS=Windows_NT
PROCESSOR_IDENTIFIER=AMD64 Family 25 Model 117 Stepping 2, AuthenticAMD
TMP=C:\Users\cesarr\AppData\Local\Temp
TEMP=C:\Users\cesarr\AppData\Local\Temp




Periodic native trim disabled

---------------  S Y S T E M  ---------------

OS:
 Windows 11 , 64 bit Build 26100 (10.0.26100.5074)
OS uptime: 0 days 3:42 hours
Hyper-V role detected

CPU: total 12 (initial active 12) (12 cores per cpu, 2 threads per core) family 25 model 117 stepping 2 microcode 0xa70520a, cx8, cmov, fxsr, ht, mmx, 3dnowpref, sse, sse2, sse3, ssse3, sse4a, sse4.1, sse4.2, popcnt, lzcnt, tsc, tscinvbit, avx, avx2, aes, erms, clmul, bmi1, bmi2, adx, avx512f, avx512dq, avx512cd, avx512bw, avx512vl, sha, fma, vzeroupper, avx512_vpopcntdq, avx512_vpclmulqdq, avx512_vaes, avx512_vnni, clflush, clflushopt, avx512_vbmi2, avx512_vbmi, hv, rdtscp, rdpid, fsrm, gfni, avx512_bitalg, f16c, cet_ss, avx512_ifma
Processor Information for processor 0
  Max Mhz: 4301, Current Mhz: 4301, Mhz Limit: 4301
Processor Information for processor 1
  Max Mhz: 4301, Current Mhz: 4301, Mhz Limit: 4301
Processor Information for processor 2
  Max Mhz: 4301, Current Mhz: 3430, Mhz Limit: 4301
Processor Information for processor 3
  Max Mhz: 4301, Current Mhz: 4301, Mhz Limit: 4301
Processor Information for processor 4
  Max Mhz: 4301, Current Mhz: 3430, Mhz Limit: 4301
Processor Information for processor 5
  Max Mhz: 4301, Current Mhz: 4301, Mhz Limit: 4301
Processor Information for processor 6
  Max Mhz: 4301, Current Mhz: 4301, Mhz Limit: 4301
Processor Information for processor 7
  Max Mhz: 4301, Current Mhz: 3430, Mhz Limit: 4301
Processor Information for processor 8
  Max Mhz: 4301, Current Mhz: 4301, Mhz Limit: 4301
Processor Information for processor 9
  Max Mhz: 4301, Current Mhz: 4301, Mhz Limit: 4301
Processor Information for processor 10
  Max Mhz: 4301, Current Mhz: 4301, Mhz Limit: 4301
Processor Information for processor 11
  Max Mhz: 4301, Current Mhz: 4301, Mhz Limit: 4301

Memory: 4k page, system-wide physical 7439M (14M free)
TotalPageFile size 29967M (AvailPageFile size 48M)
current process WorkingSet (physical memory assigned to process): 78M, peak: 173M
current process commit charge ("private bytes"): 197M, peak: 263M

vm_info: OpenJDK 64-Bit Server VM (24.0.2+12-54) for windows-amd64 JRE (24.0.2+12-54), built on 2025-07-08T12:10:27Z with MS VC++ 17.6 (VS2022)

END.
